Copying file: ./data/ucf101/aligned_data/ucf101_03_D1.npz to /var/tmp/jobfs/data
Dataset copied to JOBFS: ucf101_03_D1.npz
Data path: /var/tmp/jobfs/data/ucf101_03_D1.npz
Run name: ucf101_3_base_D1

### Libraries loaded
feeder: feeders.ucf101.Feeder
feeder_args:
  data_paths: {1: './data/ucf101/aligned_data/ucf101_01.npz', 2: './data/ucf101/aligned_data/ucf101_02.npz', 3: './data/ucf101/aligned_data/ucf101_03.npz'}
  label_path: ./data/ucf101/statistics/ucf101_annotations.yaml
  p_interval: [0.5, 1]
  random_shift: True
  random_choose: True
  window_size: 64
  random_move: True
  random_rot: True
  average_flow: False
  absolute_flow: False
  no_flow: True
extractor:
  data_paths: {'rgb_path': '../Datasets/UCF-101/', 'pose_path': './data/ucf101/pose/', 'flow_path': './data/ucf101/flow/', 'flowpose_path': './data/ucf101/flowpose/'}
  pose: {'weights': 'pretrained_models/yolo11x-pose.pt'}
  flow: {'weights': 'pretrained_models/raft_large.pt', 'imsize': [240, 320], 'minibatch_size': 16}
  flowpose: {'window_size': 5, 'threshold': 0.05, 'loop': False, 'norm': False, 'match_pose': False, 'ntu': False, 'dilation': 3}
model: model.infogcn2.sode.SODE
model_args:
  num_class: 101
  num_point: 17
  num_person: 2
  graph: graph.yolo_pose.Graph
  pose_channels: 3
  flow_channels: 0
  embed_channels: 64
  num_head: 3
  ode_method: euler
  depth: 4
  device: 0
  T: 64
  n_step: 3
  SAGC_proj: True
  num_cls: 10
  n_sample: 1
  backbone: transformer
  cnn: False
ignore_weights: []
phase: train
optim:
  base_lr: 0.1
  nesterov: True
  weight_decay: 0.0003
  step: [50, 60]
  gamma: 0.1
lambda_1: 1
lambda_2: 0.1
lambda_3: 0.001
lambda_4: 0.0
lambda_5: 0.0
num_epoch: 70
device: 0
batch_size: 256
forward_batch_size: 128
test_batch_size: 256
half: False
checkpoint_freq: 10
save_location: ./results/ucf101/
dataset: ucf101
model_type: base
evaluation: 3
run_name: ucf101_3_base_D1
description: train ucf101 3 base evaluation of ntu120 results!
data_path_overwrite: /var/tmp/jobfs/data/ucf101_03_D1.npz
verbose: True
### Arguments loaded
	Output device: cuda:0
	Temporal encoder: transformer
	Model total number of params: 658061
	Loading weights from ./results/ucf101/3/train/ucf101_3_base_D1.pt
	Checkpoint file does not yet exist
		([Errno 2] No such file or directory: './results/ucf101/3/train/ucf101_3_base_D1.pt')
### Model created
	Loaded data using mmap mode
	Self.data assigned
	Self.labels assigned
	Assigned self.data to unique split (train)
	Using memory-mapped data - skipping NaN filtering to preserve memory efficiency
	Finished loading data!
	Loaded data using mmap mode
	Assigned self.data to unique split (test)
	Using memory-mapped data - skipping NaN filtering to preserve memory efficiency
	Finished loading data!
### Dataloaders created
	Tracking:
		epoch
		train_time
		train_loss
		lr
		test_time
		test_loss
		train_ACC
		test_ACC
		train_AUC
		test_AUC
		train_cls_loss
		test_cls_loss
		train_feature_loss
		test_feature_loss
		train_recon_loss
		test_recon_loss
	Created new checkpoint file: ./results/ucf101/3/train/ucf101_3_base_D1.pt
		1 EPOCH BEST TEST AUC: 0.010713180527091026
			Train time: 50.78 seconds
			Test time: 12.68 seconds
		2 EPOCH BEST TEST AUC: 0.015891432762145996
			Train time: 43.89 seconds
			Test time: 11.99 seconds
		3 EPOCH BEST TEST AUC: 0.0229948777705431
			Train time: 43.85 seconds
			Test time: 12.41 seconds
		4 EPOCH BEST TEST AUC: 0.02858567051589489
			Train time: 45.11 seconds
			Test time: 12.69 seconds
		5 EPOCH BEST TEST AUC: 0.035525817424058914
			Train time: 45.85 seconds
			Test time: 12.94 seconds
		6 EPOCH BEST TEST AUC: 0.05310609191656113
			Train time: 44.61 seconds
			Test time: 12.26 seconds
		7 EPOCH BEST TEST AUC: 0.06371183693408966
			Train time: 43.57 seconds
			Test time: 12.59 seconds
		8 EPOCH BEST TEST AUC: 0.07191109657287598
			Train time: 44.60 seconds
			Test time: 13.26 seconds
		9 EPOCH BEST TEST AUC: 0.08167456835508347
			Train time: 45.50 seconds
			Test time: 12.37 seconds
		10 EPOCH BEST TEST AUC: 0.08912180364131927
			Train time: 44.88 seconds
			Test time: 12.60 seconds
		11 EPOCH BEST TEST AUC: 0.10644853860139847
			Train time: 44.44 seconds
			Test time: 12.33 seconds
		12 EPOCH BEST TEST AUC: 0.11512909084558487
			Train time: 45.50 seconds
			Test time: 12.74 seconds
		13 EPOCH BEST TEST AUC: 0.1353006362915039
			Train time: 46.80 seconds
			Test time: 12.63 seconds
		14 EPOCH BEST TEST AUC: 0.1499544382095337
			Train time: 45.18 seconds
			Test time: 12.91 seconds
		15 EPOCH BEST TEST AUC: 0.16334055364131927
			Train time: 46.36 seconds
			Test time: 13.14 seconds
		16 EPOCH BEST TEST AUC: 0.17017754912376404
			Train time: 45.52 seconds
			Test time: 13.04 seconds
		17 EPOCH BEST TEST AUC: 0.18177169561386108
			Train time: 46.23 seconds
			Test time: 12.74 seconds
		18 EPOCH BEST TEST AUC: 0.19172854721546173
			Train time: 45.65 seconds
			Test time: 13.06 seconds
		19 EPOCH BEST TEST AUC: 0.21205909550189972
			Train time: 45.37 seconds
			Test time: 12.89 seconds
		20 EPOCH BEST TEST AUC: 0.21205909550189972
			Train time: 45.88 seconds
			Test time: 12.67 seconds
		21 EPOCH BEST TEST AUC: 0.23002612590789795
			Train time: 44.48 seconds
			Test time: 13.82 seconds
		22 EPOCH BEST TEST AUC: 0.24448654055595398
			Train time: 50.68 seconds
			Test time: 12.76 seconds
		23 EPOCH BEST TEST AUC: 0.2503223121166229
			Train time: 51.56 seconds
			Test time: 12.85 seconds
		24 EPOCH BEST TEST AUC: 0.27601158618927
			Train time: 51.03 seconds
			Test time: 12.85 seconds
		25 EPOCH BEST TEST AUC: 0.2766304016113281
			Train time: 46.57 seconds
			Test time: 12.74 seconds
		26 EPOCH BEST TEST AUC: 0.29559871554374695
			Train time: 47.47 seconds
			Test time: 12.47 seconds
		27 EPOCH BEST TEST AUC: 0.30501410365104675
			Train time: 45.18 seconds
			Test time: 12.52 seconds
		28 EPOCH BEST TEST AUC: 0.3078804016113281
			Train time: 45.77 seconds
			Test time: 12.57 seconds
		29 EPOCH BEST TEST AUC: 0.3078804016113281
			Train time: 45.55 seconds
			Test time: 13.69 seconds
		30 EPOCH BEST TEST AUC: 0.3210988938808441
			Train time: 47.56 seconds
			Test time: 12.78 seconds
		31 EPOCH BEST TEST AUC: 0.353427529335022
			Train time: 48.50 seconds
			Test time: 12.62 seconds
		32 EPOCH BEST TEST AUC: 0.3745788633823395
			Train time: 45.67 seconds
			Test time: 12.60 seconds
		33 EPOCH BEST TEST AUC: 0.3745788633823395
			Train time: 45.54 seconds
			Test time: 12.61 seconds
		34 EPOCH BEST TEST AUC: 0.3784893751144409
			Train time: 46.33 seconds
			Test time: 13.09 seconds
		35 EPOCH BEST TEST AUC: 0.3822108507156372
			Train time: 47.47 seconds
			Test time: 12.94 seconds
		36 EPOCH BEST TEST AUC: 0.39830857515335083
			Train time: 46.21 seconds
			Test time: 12.52 seconds
		37 EPOCH BEST TEST AUC: 0.4107750654220581
			Train time: 46.12 seconds
			Test time: 12.77 seconds
		38 EPOCH BEST TEST AUC: 0.43866026401519775
			Train time: 46.21 seconds
			Test time: 12.90 seconds
		39 EPOCH BEST TEST AUC: 0.43866026401519775
			Train time: 46.03 seconds
			Test time: 13.03 seconds
		40 EPOCH BEST TEST AUC: 0.4483163356781006
			Train time: 45.49 seconds
			Test time: 13.05 seconds
		41 EPOCH BEST TEST AUC: 0.46122968196868896
			Train time: 46.38 seconds
			Test time: 14.12 seconds
		42 EPOCH BEST TEST AUC: 0.46122968196868896
			Train time: 45.73 seconds
			Test time: 12.98 seconds
		43 EPOCH BEST TEST AUC: 0.4661286473274231
			Train time: 46.35 seconds
			Test time: 13.38 seconds
		44 EPOCH BEST TEST AUC: 0.4686683416366577
			Train time: 45.88 seconds
			Test time: 12.75 seconds
		45 EPOCH BEST TEST AUC: 0.4833737313747406
			Train time: 45.55 seconds
			Test time: 12.69 seconds
		46 EPOCH BEST TEST AUC: 0.49445217847824097
			Train time: 46.70 seconds
			Test time: 12.73 seconds
		47 EPOCH BEST TEST AUC: 0.49445217847824097
			Train time: 45.95 seconds
			Test time: 12.52 seconds
		48 EPOCH BEST TEST AUC: 0.49445217847824097
			Train time: 45.63 seconds
			Test time: 13.51 seconds
		49 EPOCH BEST TEST AUC: 0.49445217847824097
			Train time: 45.73 seconds
			Test time: 13.36 seconds
		50 EPOCH BEST TEST AUC: 0.4955909252166748
			Train time: 47.88 seconds
			Test time: 12.96 seconds
		51 EPOCH BEST TEST AUC: 0.5206786394119263
			Train time: 46.43 seconds
			Test time: 12.75 seconds
		52 EPOCH BEST TEST AUC: 0.5219506621360779
			Train time: 46.48 seconds
			Test time: 12.93 seconds
		53 EPOCH BEST TEST AUC: 0.5234761238098145
			Train time: 46.70 seconds
			Test time: 12.74 seconds
		54 EPOCH BEST TEST AUC: 0.5234761238098145
			Train time: 46.33 seconds
			Test time: 12.76 seconds
		55 EPOCH BEST TEST AUC: 0.5252252221107483
			Train time: 46.23 seconds
			Test time: 12.70 seconds
		56 EPOCH BEST TEST AUC: 0.5252252221107483
			Train time: 46.53 seconds
			Test time: 12.88 seconds
		57 EPOCH BEST TEST AUC: 0.5252252221107483
			Train time: 46.08 seconds
			Test time: 12.66 seconds
		58 EPOCH BEST TEST AUC: 0.5252252221107483
			Train time: 46.57 seconds
			Test time: 13.46 seconds
		59 EPOCH BEST TEST AUC: 0.5263167023658752
			Train time: 45.95 seconds
			Test time: 12.71 seconds
		60 EPOCH BEST TEST AUC: 0.5263167023658752
			Train time: 46.00 seconds
			Test time: 13.04 seconds
		61 EPOCH BEST TEST AUC: 0.5263167023658752
			Train time: 46.55 seconds
			Test time: 12.72 seconds
		62 EPOCH BEST TEST AUC: 0.5263209939002991
			Train time: 46.07 seconds
			Test time: 12.98 seconds
		63 EPOCH BEST TEST AUC: 0.5263209939002991
			Train time: 46.40 seconds
			Test time: 12.78 seconds
		64 EPOCH BEST TEST AUC: 0.5268538594245911
			Train time: 46.46 seconds
			Test time: 13.03 seconds
		65 EPOCH BEST TEST AUC: 0.5272018909454346
			Train time: 46.44 seconds
			Test time: 12.87 seconds
		66 EPOCH BEST TEST AUC: 0.5272018909454346
			Train time: 46.23 seconds
			Test time: 12.94 seconds
		67 EPOCH BEST TEST AUC: 0.5277047157287598
			Train time: 46.80 seconds
			Test time: 12.83 seconds
		68 EPOCH BEST TEST AUC: 0.5277047157287598
			Train time: 46.28 seconds
			Test time: 12.94 seconds
		69 EPOCH BEST TEST AUC: 0.527786374092102
			Train time: 46.54 seconds
			Test time: 12.80 seconds
		70 EPOCH BEST TEST AUC: 0.527786374092102
			Train time: 46.64 seconds
			Test time: 13.14 seconds
	Training time:         1:08:58
	Best train AUC: 0.7739660739898682
	Best test AUC: 0.527786374092102

+------------------ Job Report: 4267068 (COMPLETED) -------------------+
| Memory (RAM)  [#####               ] 25.1% (1.3 GB peak / 5 GB)      |
| CPU           [########            ] 42.9% average                   |
| GPU           [########            ] 43.3% average                   |
| Time          [----------->        ] 59.9% (0-01:11:53 / 0-02:00:00) |
|                                                                      |
| Lustre Filesystem:                                                   |
|   Path    Total Read    Total Write    Total IOPS                    |
|   ------  ------------  -------------  ------------                  |
|   /apps   3.1 MB        0 B            345                           |
|   /fred   27.4 GB       38.6 MB        4.9 K                         |
|   /home   0 B           0 B            1                             |
|   OS      13.3 MB       0 B            482                           |
|                                                                      |
| Warnings:                                                            |
|   - Too much memory requested                                        |
|   - CPU usage is low                                                 |
|   - GPU usage is low                                                 |
|   - Too much time requested                                          |
+----------------------------------------------------------------------+
