Tue Nov 25 22:57:42 AEDT 2025
Copying file: ./data/ntu/aligned_data/ntu_CS-pose_aligned.npz to /var/tmp/jobfs/data
Dataset copied to JOBFS: ntu_CS-pose_aligned.npz
Data path: /var/tmp/jobfs/data/ntu_CS-pose_aligned.npz
Run name: stgcn2_ntu_CS_base

Python script run command arguments:
python main.py -m stgcn2 -d ntu -p train -f base -e CS -o 1.0 -r stgcn2_ntu_CS_base --desc stgcn2_train ntu CS base observation ratio 1.0, retraining model with mean and std norm --data_path_overwrite /var/tmp/jobfs/data/ntu_CS-pose_aligned.npz -v
### Libraries loaded
feeder: feeders.ntu_rgb_d.Feeder
feeder_args:
  data_paths: {'CS': './data/ntu/aligned_data/ntu_CS-pose_aligned.npz', 'CV': './data/ntu/aligned_data/ntu_CV-pose_aligned.npz'}
  label_path: ./data/ntu/statistics/ntu_rgbd-annotations.yaml
  p_interval: [0.5, 1]
  random_choose: False
  random_shift: False
  window_size: 100
  pad_method: zero_pad
  random_move: False
  random_rot: False
  average_flow: False
  absolute_flow: False
  no_flow: True
  no_Z: False
extractor:
  preprocessed: True
  pose: {'weights': 'pretrained_models/yolo11x-pose.pt'}
  flow: {'weights': 'pretrained_models/raft_large.pt', 'imsize': [1080, 1920], 'minibatch_size': 3}
  flowpose: {'window_size': 5, 'threshold': 0.05, 'loop': False, 'norm': False, 'match_pose': False, 'ntu': True, 'dilation': 3}
model: models.stgcn2.stgcn2.TEST_MODEL
model_args:
  num_class: 60
  num_point: 25
  num_person: 2
  graph: graph.ntu_rgb_d.Graph
  pose_channels: 3
  flow_channels: 0
  base_channels: 64
  data_bn_type: MVC
  ch_ratio: 2
  num_stages: 10
  inflate_stages: ['5 8']
  down_stages: [5, 8]
  cnn: False
ignore_weights: []
phase: train
optimiser: torch.optim.SGD
optim_params:
  lr: 0.1
  momentum: 0.9
  weight_decay: 0.0005
  nesterov: True
scheduler: torch.optim.lr_scheduler.CosineAnnealingLR
scheduler_params:
  eta_min: 0
training_function: training.train_msg3d.train_network
testing_function: training.eval_msg3d.eval_network
num_epoch: 80
device: 0
batch_size: 128
half: False
checkpoint_freq: 10
save_location: ./results/stgcn2/ntu/
model_type: stgcn2
dataset: ntu
flow_embedding: base
evaluation: CS
obs_ratio: 1.0
run_name: stgcn2_ntu_CS_base
description: stgcn2_train ntu CS base observation ratio 1.0, retraining model with mean and std norm
data_path_overwrite: /var/tmp/jobfs/data/ntu_CS-pose_aligned.npz
verbose: True
debug: False
### Arguments loaded
	Output device: cuda:0
	Model total number of params: 516454
	Loading weights from ./results/stgcn2/ntu/CS/train/stgcn2_ntu_CS_base.pt
	Checkpoint file does not yet exist
		([Errno 2] No such file or directory: './results/stgcn2/ntu/CS/train/stgcn2_ntu_CS_base.pt')
### Model created
	Loaded data using mmap mode
	Self.data assigned
	Self.labels assigned
	Assigned self.data to unique split (train)
	Using memory-mapped data - skipping NaN filtering to preserve memory efficiency
	Finished loading data!
### Dataloaders created
	Tracking:
		epoch
		train_time
		train_loss
		lr
		test_time
		test_loss
		train_ACC
		test_ACC
		train_cls_loss
		test_cls_loss
	Created new checkpoint file: ./results/stgcn2/ntu/CS/train/stgcn2_ntu_CS_base.pt
		1 EPOCH BEST TRAIN ACC: 0.3193484842777252
			Train time: 39.62 seconds
		2 EPOCH BEST TRAIN ACC: 0.5422164797782898
			Train time: 38.05 seconds
		3 EPOCH BEST TRAIN ACC: 0.6182185411453247
			Train time: 38.60 seconds
		4 EPOCH BEST TRAIN ACC: 0.6538375020027161
			Train time: 38.70 seconds
		5 EPOCH BEST TRAIN ACC: 0.6802773475646973
			Train time: 38.50 seconds
		6 EPOCH BEST TRAIN ACC: 0.7004814147949219
			Train time: 38.31 seconds
		7 EPOCH BEST TRAIN ACC: 0.7107580304145813
			Train time: 38.19 seconds
		8 EPOCH BEST TRAIN ACC: 0.7213588953018188
			Train time: 37.86 seconds
		9 EPOCH BEST TRAIN ACC: 0.7346786260604858
			Train time: 37.95 seconds
		10 EPOCH BEST TRAIN ACC: 0.74395751953125
			Train time: 38.27 seconds
		11 EPOCH BEST TRAIN ACC: 0.7462772130966187
			Train time: 38.69 seconds
		12 EPOCH BEST TRAIN ACC: 0.7543588280677795
			Train time: 38.01 seconds
		13 EPOCH BEST TRAIN ACC: 0.7570028305053711
			Train time: 38.35 seconds
		14 EPOCH BEST TRAIN ACC: 0.7603951096534729
			Train time: 38.31 seconds
		15 EPOCH BEST TRAIN ACC: 0.7665810585021973
			Train time: 38.33 seconds
		16 EPOCH BEST TRAIN ACC: 0.7683769464492798
			Train time: 38.15 seconds
		17 EPOCH BEST TRAIN ACC: 0.7722182273864746
			Train time: 38.66 seconds
		18 EPOCH BEST TRAIN ACC: 0.7773066163063049
			Train time: 38.16 seconds
		19 EPOCH BEST TRAIN ACC: 0.7805742025375366
			Train time: 38.12 seconds
		20 EPOCH BEST TRAIN ACC: 0.7824199795722961
			Train time: 38.27 seconds
		21 EPOCH BEST TRAIN ACC: 0.7883065938949585
			Train time: 38.52 seconds
		22 EPOCH BEST TRAIN ACC: 0.790551483631134
			Train time: 38.65 seconds
		23 EPOCH BEST TRAIN ACC: 0.7939437627792358
			Train time: 38.49 seconds
		24 EPOCH BEST TRAIN ACC: 0.7939437627792358
			Train time: 38.33 seconds
		25 EPOCH BEST TRAIN ACC: 0.7995560169219971
			Train time: 38.39 seconds
		26 EPOCH BEST TRAIN ACC: 0.8004789352416992
			Train time: 38.47 seconds
		27 EPOCH BEST TRAIN ACC: 0.8046942949295044
			Train time: 38.25 seconds
		28 EPOCH BEST TRAIN ACC: 0.8092589378356934
			Train time: 38.34 seconds
		29 EPOCH BEST TRAIN ACC: 0.8114789128303528
			Train time: 38.28 seconds
		30 EPOCH BEST TRAIN ACC: 0.8114789128303528
			Train time: 38.30 seconds
		31 EPOCH BEST TRAIN ACC: 0.8179641366004944
			Train time: 38.17 seconds
		32 EPOCH BEST TRAIN ACC: 0.8186625242233276
			Train time: 38.06 seconds
		33 EPOCH BEST TRAIN ACC: 0.8215060830116272
			Train time: 38.28 seconds
		34 EPOCH BEST TRAIN ACC: 0.8274675011634827
			Train time: 38.17 seconds
		35 EPOCH BEST TRAIN ACC: 0.8282407522201538
			Train time: 38.22 seconds
		36 EPOCH BEST TRAIN ACC: 0.8306851983070374
			Train time: 38.72 seconds
		37 EPOCH BEST TRAIN ACC: 0.8339278101921082
			Train time: 38.15 seconds
		38 EPOCH BEST TRAIN ACC: 0.8359232544898987
			Train time: 38.16 seconds
		39 EPOCH BEST TRAIN ACC: 0.8392407298088074
			Train time: 38.61 seconds
		40 EPOCH BEST TRAIN ACC: 0.8411363959312439
			Train time: 38.39 seconds
		41 EPOCH BEST TRAIN ACC: 0.8462996482849121
			Train time: 38.09 seconds
		42 EPOCH BEST TRAIN ACC: 0.8464493155479431
			Train time: 38.02 seconds
		43 EPOCH BEST TRAIN ACC: 0.8532837629318237
			Train time: 38.49 seconds
		44 EPOCH BEST TRAIN ACC: 0.8570502400398254
			Train time: 38.15 seconds
		45 EPOCH BEST TRAIN ACC: 0.8574742674827576
			Train time: 38.51 seconds
		46 EPOCH BEST TRAIN ACC: 0.859345018863678
			Train time: 38.31 seconds
		47 EPOCH BEST TRAIN ACC: 0.863884687423706
			Train time: 38.66 seconds
		48 EPOCH BEST TRAIN ACC: 0.8683245778083801
			Train time: 38.54 seconds
		49 EPOCH BEST TRAIN ACC: 0.8722156882286072
			Train time: 38.27 seconds
		50 EPOCH BEST TRAIN ACC: 0.8756828308105469
			Train time: 38.69 seconds
		51 EPOCH BEST TRAIN ACC: 0.8791998028755188
			Train time: 38.19 seconds
		52 EPOCH BEST TRAIN ACC: 0.8814197778701782
			Train time: 38.52 seconds
		53 EPOCH BEST TRAIN ACC: 0.8851861953735352
			Train time: 38.53 seconds
		54 EPOCH BEST TRAIN ACC: 0.8894764184951782
			Train time: 38.09 seconds
		55 EPOCH BEST TRAIN ACC: 0.892968475818634
			Train time: 38.43 seconds
		56 EPOCH BEST TRAIN ACC: 0.8994287848472595
			Train time: 38.33 seconds
		57 EPOCH BEST TRAIN ACC: 0.9023222327232361
			Train time: 38.23 seconds
		58 EPOCH BEST TRAIN ACC: 0.906487762928009
			Train time: 38.08 seconds
		59 EPOCH BEST TRAIN ACC: 0.9110024571418762
			Train time: 38.19 seconds
		60 EPOCH BEST TRAIN ACC: 0.914494514465332
			Train time: 38.74 seconds
		61 EPOCH BEST TRAIN ACC: 0.9199571013450623
			Train time: 38.63 seconds
		62 EPOCH BEST TRAIN ACC: 0.9243969917297363
			Train time: 38.34 seconds
		63 EPOCH BEST TRAIN ACC: 0.9263924360275269
			Train time: 38.40 seconds
		64 EPOCH BEST TRAIN ACC: 0.9336259961128235
			Train time: 38.34 seconds
		65 EPOCH BEST TRAIN ACC: 0.9378913044929504
			Train time: 38.71 seconds
		66 EPOCH BEST TRAIN ACC: 0.9421566128730774
			Train time: 38.24 seconds
		67 EPOCH BEST TRAIN ACC: 0.9438776969909668
			Train time: 38.55 seconds
		68 EPOCH BEST TRAIN ACC: 0.9521089792251587
			Train time: 38.34 seconds
		69 EPOCH BEST TRAIN ACC: 0.9538799524307251
			Train time: 38.43 seconds
		70 EPOCH BEST TRAIN ACC: 0.9567983150482178
			Train time: 38.35 seconds
		71 EPOCH BEST TRAIN ACC: 0.9593674540519714
			Train time: 38.30 seconds
		72 EPOCH BEST TRAIN ACC: 0.9630091786384583
			Train time: 38.47 seconds
		73 EPOCH BEST TRAIN ACC: 0.9654286503791809
			Train time: 38.98 seconds
		74 EPOCH BEST TRAIN ACC: 0.9676236510276794
			Train time: 38.22 seconds
		75 EPOCH BEST TRAIN ACC: 0.9704422354698181
			Train time: 38.23 seconds
		76 EPOCH BEST TRAIN ACC: 0.9704921245574951
			Train time: 38.46 seconds
		77 EPOCH BEST TRAIN ACC: 0.9737098217010498
			Train time: 38.38 seconds
		78 EPOCH BEST TRAIN ACC: 0.9737098217010498
			Train time: 38.27 seconds
		79 EPOCH BEST TRAIN ACC: 0.9737098217010498
			Train time: 38.29 seconds
		80 EPOCH BEST TEST ACC: 0.9830635190010071
			Train time: 38.63 seconds
			Test time: 29.01 seconds
	Best train ACC: 0.9747075438499451
	Best test ACC: 0.9830635190010071
	Training time:         0:51:38

+------------------ Job Report: 7193460 (COMPLETED) -------------------+
| Memory (RAM)  [#######             ] 39.4% (5.9 GB peak / 15 GB)     |
| CPU           [#################   ] 90.0% average                   |
| GPU           [##################  ] 93.4% average                   |
| Time          [---->               ] 21.8% (0-00:52:17 / 0-04:00:00) |
|                                                                      |
| Lustre Filesystem:                                                   |
|   Path    Total Read    Total Write    Total IOPS                    |
|   ------  ------------  -------------  ------------                  |
|   /apps   812 KB        0 B            26                            |
|   /fred   9.5 GB        29.1 MB        1.6 K                         |
|   /home   0 B           0 B            1                             |
|   OS      19.8 MB       0 B            224                           |
|                                                                      |
| Warnings:                                                            |
|   - Too much memory requested                                        |
|   - Too much time requested                                          |
+----------------------------------------------------------------------+
