Mon Jan  5 10:47:16 AM AEDT 2026
Copying file: ./data/ntu/aligned_data/ntu_CS-flowpose_D1_aligned.npz to /var/tmp/jobfs/data
Dataset copied to JOBFS: ntu_CS-flowpose_D1_aligned.npz
Data path: /var/tmp/jobfs/data/ntu_CS-flowpose_D1_aligned.npz
Run name: stgcn2_ntu_CS_cnn_D1

Python script run command arguments:
python main.py -m stgcn2 -d ntu -p train -f cnn -e CS -o 1.0 -r stgcn2_ntu_CS_cnn_D1 --desc stgcn2_train ntu CS cnn observation ratio 1.0 --data_path_overwrite /var/tmp/jobfs/data/ntu_CS-flowpose_D1_aligned.npz -v
### Libraries loaded
feeder: feeders.ntu_rgb_d.Feeder
feeder_args:
  data_paths: {'CS': './data/ntu/aligned_data/ntu_CS-flowpose_D3_aligned.npz', 'CV': './data/ntu/aligned_data/ntu_CV-flowpose_D3_aligned.npz'}
  label_path: ./data/ntu/statistics/ntu_rgbd-annotations.yaml
  p_interval: [0.5, 1]
  random_choose: False
  random_shift: False
  window_size: 100
  pad_method: zero_pad
  random_move: False
  random_rot: False
  average_flow: False
  absolute_flow: False
  no_flow: False
  no_Z: False
extractor:
  preprocessed: True
  pose: {'weights': 'pretrained_models/yolo11x-pose.pt'}
  flow: {'weights': 'pretrained_models/raft_large.pt', 'imsize': [1080, 1920], 'minibatch_size': 3}
  flowpose: {'window_size': 5, 'threshold': 0.05, 'loop': False, 'norm': False, 'match_pose': False, 'ntu': True, 'dilation': 3}
model: models.stgcn2.stgcn2.TEST_MODEL
model_args:
  num_class: 60
  num_point: 25
  num_person: 2
  graph: graph.ntu_rgb_d.Graph
  pose_channels: 3
  flow_channels: 50
  base_channels: 64
  data_bn_type: MVC
  ch_ratio: 2
  num_stages: 10
  inflate_stages: ['5 8']
  down_stages: [5, 8]
  cnn: True
ignore_weights: []
phase: train
optimiser: torch.optim.SGD
optim_params:
  lr: 0.1
  momentum: 0.9
  weight_decay: 0.0005
  nesterov: True
scheduler: torch.optim.lr_scheduler.CosineAnnealingLR
scheduler_params:
  eta_min: 0
training_function: training.train_msg3d.train_network
testing_function: training.eval_msg3d.eval_network
num_epoch: 80
device: 0
batch_size: 128
half: False
checkpoint_freq: 10
save_location: ./results/stgcn2/ntu/
model_type: stgcn2
dataset: ntu
flow_embedding: cnn
evaluation: CS
obs_ratio: 1.0
run_name: stgcn2_ntu_CS_cnn_D1
description: stgcn2_train ntu CS cnn observation ratio 1.0
data_path_overwrite: /var/tmp/jobfs/data/ntu_CS-flowpose_D1_aligned.npz
verbose: True
debug: False
### Arguments loaded
	Output device: cuda:0
	Model total number of params: 537648
	Loading weights from ./results/stgcn2/ntu/CS/train/stgcn2_ntu_CS_cnn_D1.pt
	Checkpoint file does not yet exist
		([Errno 2] No such file or directory: './results/stgcn2/ntu/CS/train/stgcn2_ntu_CS_cnn_D1.pt')
### Model created
	Loaded data using mmap mode
	Self.data assigned
	Self.labels assigned
	Assigned self.data to unique split (train)
	Using memory-mapped data - skipping NaN filtering to preserve memory efficiency
	Finished loading data!
### Dataloaders created
	Tracking:
		epoch
		train_time
		train_loss
		lr
		test_time
		test_loss
		train_ACC
		test_ACC
		train_cls_loss
		test_cls_loss
	Created new checkpoint file: ./results/stgcn2/ntu/CS/train/stgcn2_ntu_CS_cnn_D1.pt
		1 EPOCH BEST TRAIN ACC: 0.3670898675918579
			Train time: 275.61 seconds
		2 EPOCH BEST TRAIN ACC: 0.6124317049980164
			Train time: 275.75 seconds
		3 EPOCH BEST TRAIN ACC: 0.6896311044692993
			Train time: 279.03 seconds
		4 EPOCH BEST TRAIN ACC: 0.7325834035873413
			Train time: 279.11 seconds
		5 EPOCH BEST TRAIN ACC: 0.75201416015625
			Train time: 282.54 seconds
		6 EPOCH BEST TRAIN ACC: 0.7716445326805115
			Train time: 281.43 seconds
		7 EPOCH BEST TRAIN ACC: 0.782195508480072
			Train time: 280.48 seconds
		8 EPOCH BEST TRAIN ACC: 0.7916739583015442
			Train time: 280.99 seconds
		9 EPOCH BEST TRAIN ACC: 0.8007782101631165
			Train time: 280.00 seconds
		10 EPOCH BEST TRAIN ACC: 0.8040457963943481
			Train time: 281.32 seconds
		11 EPOCH BEST TRAIN ACC: 0.8099822998046875
			Train time: 279.90 seconds
		12 EPOCH BEST TRAIN ACC: 0.8181138038635254
			Train time: 276.37 seconds
		13 EPOCH BEST TRAIN ACC: 0.8189369440078735
			Train time: 276.55 seconds
		14 EPOCH BEST TRAIN ACC: 0.8247237801551819
			Train time: 280.38 seconds
		15 EPOCH BEST TRAIN ACC: 0.8257464170455933
			Train time: 278.43 seconds
		16 EPOCH BEST TRAIN ACC: 0.8301364183425903
			Train time: 275.10 seconds
		17 EPOCH BEST TRAIN ACC: 0.8349255323410034
			Train time: 276.04 seconds
		18 EPOCH BEST TRAIN ACC: 0.8356239795684814
			Train time: 277.72 seconds
		19 EPOCH BEST TRAIN ACC: 0.8382928967475891
			Train time: 278.66 seconds
		20 EPOCH BEST TRAIN ACC: 0.8419845104217529
			Train time: 276.99 seconds
		21 EPOCH BEST TRAIN ACC: 0.8448529839515686
			Train time: 274.58 seconds
		22 EPOCH BEST TRAIN ACC: 0.8461500406265259
			Train time: 278.06 seconds
		23 EPOCH BEST TRAIN ACC: 0.8509390950202942
			Train time: 274.36 seconds
		24 EPOCH BEST TRAIN ACC: 0.8518370985984802
			Train time: 275.66 seconds
		25 EPOCH BEST TRAIN ACC: 0.8571499586105347
			Train time: 274.67 seconds
		26 EPOCH BEST TRAIN ACC: 0.8607916831970215
			Train time: 274.63 seconds
		27 EPOCH BEST TRAIN ACC: 0.8628370761871338
			Train time: 277.47 seconds
		28 EPOCH BEST TRAIN ACC: 0.8635104894638062
			Train time: 274.04 seconds
		29 EPOCH BEST TRAIN ACC: 0.8673767447471619
			Train time: 276.88 seconds
		30 EPOCH BEST TRAIN ACC: 0.8673767447471619
			Train time: 278.90 seconds
		31 EPOCH BEST TRAIN ACC: 0.8698959946632385
			Train time: 288.85 seconds
		32 EPOCH BEST TRAIN ACC: 0.8725649118423462
			Train time: 287.35 seconds
		33 EPOCH BEST TRAIN ACC: 0.876406192779541
			Train time: 281.79 seconds
		34 EPOCH BEST TRAIN ACC: 0.8778279423713684
			Train time: 272.58 seconds
		35 EPOCH BEST TRAIN ACC: 0.8804469704627991
			Train time: 276.06 seconds
		36 EPOCH BEST TRAIN ACC: 0.8815444707870483
			Train time: 275.95 seconds
		37 EPOCH BEST TRAIN ACC: 0.8847870826721191
			Train time: 275.90 seconds
		38 EPOCH BEST TRAIN ACC: 0.889376699924469
			Train time: 272.24 seconds
		39 EPOCH BEST TRAIN ACC: 0.889376699924469
			Train time: 273.88 seconds
		40 EPOCH BEST TRAIN ACC: 0.8935671448707581
			Train time: 274.37 seconds
		41 EPOCH BEST TRAIN ACC: 0.8958120346069336
			Train time: 273.47 seconds
		42 EPOCH BEST TRAIN ACC: 0.8997032046318054
			Train time: 304.06 seconds
		43 EPOCH BEST TRAIN ACC: 0.901573896408081
			Train time: 315.10 seconds
		44 EPOCH BEST TRAIN ACC: 0.9035694003105164
			Train time: 317.68 seconds
		45 EPOCH BEST TRAIN ACC: 0.9070364832878113
			Train time: 314.37 seconds
		46 EPOCH BEST TRAIN ACC: 0.9130228757858276
			Train time: 311.23 seconds
		47 EPOCH BEST TRAIN ACC: 0.9137961268424988
			Train time: 326.47 seconds
		48 EPOCH BEST TRAIN ACC: 0.9161906838417053
			Train time: 332.78 seconds
		49 EPOCH BEST TRAIN ACC: 0.9192337393760681
			Train time: 317.00 seconds
		50 EPOCH BEST TRAIN ACC: 0.9222767949104309
			Train time: 313.02 seconds
		51 EPOCH BEST TRAIN ACC: 0.9251951575279236
			Train time: 314.01 seconds
		52 EPOCH BEST TRAIN ACC: 0.9276396036148071
			Train time: 320.36 seconds
		53 EPOCH BEST TRAIN ACC: 0.9308074116706848
			Train time: 316.67 seconds
		54 EPOCH BEST TRAIN ACC: 0.9348232746124268
			Train time: 316.10 seconds
		55 EPOCH BEST TRAIN ACC: 0.9385398030281067
			Train time: 321.45 seconds
		56 EPOCH BEST TRAIN ACC: 0.9417076110839844
			Train time: 316.88 seconds
		57 EPOCH BEST TRAIN ACC: 0.9442019462585449
			Train time: 318.14 seconds
		58 EPOCH BEST TRAIN ACC: 0.948841392993927
			Train time: 310.26 seconds
		59 EPOCH BEST TRAIN ACC: 0.9505624771118164
			Train time: 316.09 seconds
		60 EPOCH BEST TRAIN ACC: 0.9552019238471985
			Train time: 315.57 seconds
		61 EPOCH BEST TRAIN ACC: 0.956947922706604
			Train time: 331.27 seconds
		62 EPOCH BEST TRAIN ACC: 0.9618867039680481
			Train time: 325.87 seconds
		63 EPOCH BEST TRAIN ACC: 0.9634581208229065
			Train time: 337.10 seconds
		64 EPOCH BEST TRAIN ACC: 0.9675987362861633
			Train time: 342.90 seconds
		65 EPOCH BEST TRAIN ACC: 0.9698935151100159
			Train time: 332.41 seconds
		66 EPOCH BEST TRAIN ACC: 0.9728118777275085
			Train time: 327.61 seconds
		67 EPOCH BEST TRAIN ACC: 0.9763538241386414
			Train time: 315.35 seconds
		68 EPOCH BEST TRAIN ACC: 0.9783991575241089
			Train time: 302.84 seconds
		69 EPOCH BEST TRAIN ACC: 0.9804444909095764
			Train time: 313.91 seconds
		70 EPOCH BEST TRAIN ACC: 0.982938826084137
			Train time: 322.49 seconds
		71 EPOCH BEST TRAIN ACC: 0.9841610193252563
			Train time: 329.04 seconds
		72 EPOCH BEST TRAIN ACC: 0.9859319925308228
			Train time: 302.68 seconds
		73 EPOCH BEST TRAIN ACC: 0.9881519675254822
			Train time: 343.73 seconds
		74 EPOCH BEST TRAIN ACC: 0.9895737171173096
			Train time: 360.24 seconds
		75 EPOCH BEST TRAIN ACC: 0.9901224970817566
			Train time: 356.66 seconds
		76 EPOCH BEST TRAIN ACC: 0.9901723861694336
			Train time: 357.26 seconds
		77 EPOCH BEST TRAIN ACC: 0.9914693832397461
			Train time: 359.14 seconds
		78 EPOCH BEST TRAIN ACC: 0.991743803024292
			Train time: 359.54 seconds
		79 EPOCH BEST TRAIN ACC: 0.9924421906471252
			Train time: 351.87 seconds
	Loaded data using mmap mode
	Assigned self.data to unique split (test)
	Using memory-mapped data - skipping NaN filtering to preserve memory efficiency
	Finished loading data!
	Loaded data using mmap mode
	Assigned self.data to unique split (test)
	Using memory-mapped data - skipping NaN filtering to preserve memory efficiency
	Finished loading data!
	Loaded data using mmap mode
	Assigned self.data to unique split (test)
	Using memory-mapped data - skipping NaN filtering to preserve memory efficiency
	Finished loading data!
		80 EPOCH BEST TEST ACC: 0.8872445225715637
			Train time: 359.63 seconds
			Test time: 140.29 seconds
	Best train ACC: 0.9924421906471252
	Best test ACC: 0.8872445225715637
	Training time:         6:44:33

+------------------ Job Report: 8140183 (COMPLETED) -------------------+
| Memory (RAM)  [#######             ] 37.1% (7.4 GB peak / 20 GB)     |
| CPU           [########            ] 43.2% average                   |
| GPU           [##                  ] 13.9% average                   |
| Time          [-------->           ] 42.7% (0-06:50:02 / 0-16:00:00) |
|                                                                      |
| Lustre Filesystem:                                                   |
|   Path    Total Read    Total Write    Total IOPS                    |
|   ------  ------------  -------------  ------------                  |
|   /apps   3.2 MB        0 B            185                           |
|   /fred   168.7 GB      33.2 MB        1.4 K                         |
|   /home   0 B           0 B            2                             |
|   OS      2.4 MB        0 B            163                           |
|                                                                      |
| Warnings:                                                            |
|   - Too much memory requested                                        |
|   - CPU usage is low                                                 |
|   - GPU usage is low                                                 |
|   - Too much time requested                                          |
+----------------------------------------------------------------------+
