Processing raw denoised skeletons for ntu dataset...
Found 56578 available skeleton sequences.
Processed: 1.77% (1000 / 56578), Missing count: 0
Processed: 3.53% (2000 / 56578), Missing count: 0
Processed: 5.30% (3000 / 56578), Missing count: 13
Processed: 7.07% (4000 / 56578), Missing count: 13
Processed: 8.84% (5000 / 56578), Missing count: 16
Processed: 10.60% (6000 / 56578), Missing count: 40
Processed: 12.37% (7000 / 56578), Missing count: 46
Processed: 14.14% (8000 / 56578), Missing count: 47
Processed: 15.91% (9000 / 56578), Missing count: 48
Processed: 17.67% (10000 / 56578), Missing count: 48
Processed: 19.44% (11000 / 56578), Missing count: 48
Processed: 21.21% (12000 / 56578), Missing count: 108
Processed: 22.98% (13000 / 56578), Missing count: 108
Processed: 24.74% (14000 / 56578), Missing count: 108
Processed: 26.51% (15000 / 56578), Missing count: 108
Processed: 28.28% (16000 / 56578), Missing count: 109
Processed: 30.05% (17000 / 56578), Missing count: 109
Processed: 31.81% (18000 / 56578), Missing count: 109
Processed: 33.58% (19000 / 56578), Missing count: 110
Processed: 35.35% (20000 / 56578), Missing count: 114
Processed: 37.12% (21000 / 56578), Missing count: 114
Processed: 38.88% (22000 / 56578), Missing count: 114
Processed: 40.65% (23000 / 56578), Missing count: 115
Processed: 42.42% (24000 / 56578), Missing count: 115
Processed: 44.19% (25000 / 56578), Missing count: 121
Processed: 45.95% (26000 / 56578), Missing count: 121
Processed: 47.72% (27000 / 56578), Missing count: 121
Processed: 49.49% (28000 / 56578), Missing count: 122
Processed: 51.26% (29000 / 56578), Missing count: 123
Processed: 53.02% (30000 / 56578), Missing count: 124
Processed: 54.79% (31000 / 56578), Missing count: 125
Processed: 56.56% (32000 / 56578), Missing count: 125
Processed: 58.33% (33000 / 56578), Missing count: 125
Processed: 60.09% (34000 / 56578), Missing count: 125
Processed: 61.86% (35000 / 56578), Missing count: 125
Processed: 63.63% (36000 / 56578), Missing count: 125
Processed: 65.40% (37000 / 56578), Missing count: 125
Processed: 67.16% (38000 / 56578), Missing count: 125
Processed: 68.93% (39000 / 56578), Missing count: 125
Processed: 70.70% (40000 / 56578), Missing count: 125
Processed: 72.47% (41000 / 56578), Missing count: 125
Processed: 74.23% (42000 / 56578), Missing count: 125
Processed: 76.00% (43000 / 56578), Missing count: 126
Processed: 77.77% (44000 / 56578), Missing count: 126
Processed: 79.54% (45000 / 56578), Missing count: 126
Processed: 81.30% (46000 / 56578), Missing count: 126
Processed: 83.07% (47000 / 56578), Missing count: 128
Processed: 84.84% (48000 / 56578), Missing count: 128
Processed: 86.61% (49000 / 56578), Missing count: 128
Processed: 88.37% (50000 / 56578), Missing count: 128
Processed: 90.14% (51000 / 56578), Missing count: 130
Processed: 91.91% (52000 / 56578), Missing count: 131
Processed: 93.68% (53000 / 56578), Missing count: 132
Processed: 95.44% (54000 / 56578), Missing count: 137
Processed: 97.21% (55000 / 56578), Missing count: 137
Processed: 98.98% (56000 / 56578), Missing count: 138
Saved raw denoised positions of 4772570 frames into ./data/ntu/denoised_data/raw_denoised_joints.pkl
Found 138 files that have missing data

+------------------ Job Report: 9903172 (COMPLETED) -------------------+
| Memory (RAM)  [##########          ] 52.2% (5.2 GB peak / 10 GB)     |
| CPU           [#                   ]  5.3% average                   |
| Time          [----->              ] 26.7% (0-00:05:20 / 0-00:20:00) |
|                                                                      |
| Lustre Filesystem:                                                   |
|   Path    Total Read    Total Write    Total IOPS                    |
|   ------  ------------  -------------  ------------                  |
|   /apps   0 B           0 B            1                             |
|   /fred   2.6 GB        2.9 MB         65.1 K                        |
|   OS      0 B           0 B            87                            |
|                                                                      |
| Warnings:                                                            |
|   - CPU usage is low                                                 |
|   - Too much time requested                                          |
+----------------------------------------------------------------------+
