Concatenating ntu flowpose.
	DILATION: 1


Flow data samples: 2000
Flow data samples: 4000
Flow data samples: 6000
Flow data samples: 8000
Flow data samples: 10000
Flow data samples: 12000
Flow data samples: 14000
Flow data samples: 16000
Flow data samples: 18000
Flow data samples: 20000
Flow data samples: 22000
Flow data samples: 24000
Flow data samples: 26000
Flow data samples: 28000
Flow data samples: 30000
Flow data samples: 32000
Flow data samples: 34000
Flow data samples: 36000
Flow data samples: 38000
Flow data samples: 40000
Flow data samples: 42000
Flow data samples: 44000
Flow data samples: 46000
Flow data samples: 48000
Flow data samples: 50000
Flow data samples: 52000
Flow data samples: 54000
Flow data samples: 56000
Flow data samples: 56578
Saved flowpose file to: ./data/ntu/flow_data/flow_data_D1.pkl

+------------------ Job Report: 4324341 (COMPLETED) -------------------+
| Memory (RAM)  [#################   ] 85.8% (51.5 GB peak / 60 GB)    |
| CPU           [                    ]  3.6% average                   |
| Time          [------->            ] 37.2% (0-00:03:43 / 0-00:10:00) |
|                                                                      |
| Lustre Filesystem:                                                   |
|   Path    Total Read    Total Write      Total IOPS                  |
|   ------  ------------  -------------  ------------                  |
|   /apps   3.1 MB        0 B                    203                   |
|   /fred   41.6 GB       23.6 GB                 75                   |
|   /home   0 B           0 B                      1                   |
|   OS      0 B           0 B                      8                   |
|                                                                      |
| Warnings:                                                            |
|   - CPU usage is low                                                 |
|   - Too much time requested                                          |
+----------------------------------------------------------------------+
