Dilation: 1
Dataset: ntu
Splitting dataset
Processing optical flow data

		Train indices length: 40091
		Test indices length: 16487
	Total skes names: 56578

		Train indices length: 37646
		Test indices length: 18932
	Total skes names: 56578

	Loaded 56578 skeleton         sequences and 56578 flow sequences
	Full flow sequence shape: (56578, 300, 2500)
	Full skeleton sequence shape: (56578, 300, 150)
	Full flowpose sequence shape: (56578, 300, 2650)
	Flowpose approximate size: 0.00 GB
	Saved pose CS
	Saved flowpose CS
	Saved pose CV
	Saved flowpose CV
Dataset: ntu
Processing optical flow data

		Train indices length: 40091
		Test indices length: 16487
	Total skes names: 56578

		Train indices length: 37646
		Test indices length: 18932
	Total skes names: 56578

['./data/ntu/aligned_data/ntu_CS-pose.npz', './data/ntu/aligned_data/ntu_CV-pose.npz', './data/ntu/aligned_data/ntu_CS-flowpose_D1.npz', './data/ntu/aligned_data/ntu_CV-flowpose_D1.npz']
		Aligned ./data/ntu/aligned_data/ntu_CS-pose.npz
		Aligned ./data/ntu/aligned_data/ntu_CV-pose.npz
		Aligned ./data/ntu/aligned_data/ntu_CS-flowpose_D1.npz
		Aligned ./data/ntu/aligned_data/ntu_CV-flowpose_D1.npz
	Aligned datasets created successfully!

+------------------ Job Report: 4324432 (COMPLETED) -------------------+
| Memory (RAM)  [##########          ] 51.0% (407.9 GB peak / 800 GB)  |
| CPU           [                    ]  4.6% average                   |
| Time          [---->               ] 20.4% (0-00:48:56 / 0-04:00:00) |
|                                                                      |
| Lustre Filesystem:                                                   |
|   Path    Total Read    Total Write    Total IOPS                    |
|   ------  ------------  -------------  ------------                  |
|   /apps   1.6 MB        0 B            240                           |
|   /fred   569.4 GB      851.8 GB       2.4 K                         |
|   /home   0 B           0 B            3                             |
|   OS      2 MB          0 B            367                           |
|                                                                      |
| Warnings:                                                            |
|   - CPU usage is low                                                 |
|   - Too much time requested                                          |
+----------------------------------------------------------------------+
