Data path: /var/tmp/jobfs/data/ntu120_CSet-flowpose_D3_aligned.npz
Dataset: ntu120
Evaluation: CSet
Flow embedding: cnn
feeder: feeders.ntu_rgb_d.Feeder
feeder_args:
  data_paths: {'CSet': './data/ntu120/aligned_data/ntu120_CSet-flowpose_D3_aligned_mean.npz', 'CSub': './data/ntu120/aligned_data/ntu120_CSub-flowpose_D3_aligned_mean.npz'}
  label_path: ./data/ntu120/statistics/ntu_rgbd120-annotations.yaml
  p_interval: [0.5, 1]
  random_choose: True
  random_shift: True
  window_size: 300
  random_move: True
  random_rot: True
  average_flow: False
  absolute_flow: False
  no_flow: False
  no_Z: False
extractor:
  preprocessed: True
  pose: {'weights': 'pretrained_models/yolo11x-pose.pt'}
  flow: {'weights': 'pretrained_models/raft_large.pt', 'imsize': [1080, 1920], 'minibatch_size': 3}
  flowpose: {'window_size': 5, 'threshold': 0.05, 'loop': False, 'norm': False, 'match_pose': False, 'ntu': True, 'dilation': 3}
model: models.msg3d.TEST_MODEL
model_args:
  num_class: 120
  num_point: 25
  num_person: 2
  num_gcn_scales: 2
  num_g3d_scales: 3
  graph: graph.ntu_rgb_d.Graph
  pose_channels: 3
  flow_channels: 50
  cnn: True
ignore_weights: []
phase: train
optimiser: torch.optim.SGD
optim_params:
  lr: 0.05
  momentum: 0.9
  weight_decay: 0.0005
  nesterov: True
scheduler: torch.optim.lr_scheduler.MultiStepLR
scheduler_params:
  milestones: [30, 50]
  gamma: 0.1
training_function: training.train_msg3d.train_network
testing_function: training.eval_msg3d.eval_network
num_epoch: 60
device: 0
batch_size: 128
forward_batch_size: 128
test_batch_size: 128
half: False
checkpoint_freq: 10
save_location: ./results/msg3d/ntu120/
	Loaded data using mmap mode
	Self.data assigned
	Self.labels assigned
	Assigned self.data to unique split (train)
	Using memory-mapped data - skipping NaN filtering to preserve memory efficiency
	Finished loading data!
	Loaded data using mmap mode
	Assigned self.data to unique split (test)
	Using memory-mapped data - skipping NaN filtering to preserve memory efficiency
	Finished loading data!
/fred/oz141/ldezoete/environment/lib64/python3.9/site-packages/torch/cuda/__init__.py:619: UserWarning: Can't initialize NVML
  warnings.warn("Can't initialize NVML")
/fred/oz141/ldezoete/environment/lib64/python3.9/site-packages/torch/cuda/__init__.py:619: UserWarning: Can't initialize NVML
  warnings.warn("Can't initialize NVML")
Mean calculated
/fred/oz141/ldezoete/environment/lib64/python3.9/site-packages/torch/cuda/__init__.py:619: UserWarning: Can't initialize NVML
  warnings.warn("Can't initialize NVML")
/fred/oz141/ldezoete/environment/lib64/python3.9/site-packages/torch/cuda/__init__.py:619: UserWarning: Can't initialize NVML
  warnings.warn("Can't initialize NVML")
STD calculated
Traceback (most recent call last):
  File "/fred/oz141/ldezoete/MS-G3D/feeders/ntu_rgb_d.py", line 438, in <module>
    with mmnpz.NpzWriter(
  File "/fred/oz141/ldezoete/environment/lib64/python3.9/site-packages/mmnpz/writing.py", line 50, in __init__
    self.zip = ZipFile(fn, mode=mode)
  File "/usr/lib64/python3.9/zipfile.py", line 1250, in __init__
    self.fp = io.open(file, filemode)
FileExistsError: [Errno 17] File exists: './data/ntu120/aligned_data/ntu120_CSet-flowpose_D3_aligned_mean.npz'

+-------------------- Job Report: 6890618 (FAILED) --------------------+
| Memory (RAM)  [#####               ] 28.9% (5.8 GB peak / 20 GB)     |
| CPU           [##########          ] 51.2% average                   |
| Time          [---->               ] 22.4% (0-01:47:32 / 0-08:00:00) |
|                                                                      |
| Lustre Filesystem:                                                   |
|   Path    Total Read    Total Write    Total IOPS                    |
|   ------  ------------  -------------  ------------                  |
|   /fred   342.1 GB      27.2 KB        9 K                           |
|   /home   0 B           0 B            2                             |
|   OS      70.4 MB       0 B            996                           |
|                                                                      |
| Warnings:                                                            |
|   - Too much memory requested                                        |
|   - CPU usage is low                                                 |
|   - Too much time requested                                          |
+----------------------------------------------------------------------+
