Copying file: ./data/ntu/aligned_data/ntu_CV-flowpose_D3_aligned.npz to /var/tmp/jobfs/data
Dataset copied to JOBFS: ntu_CV-flowpose_D3_aligned.npz
Data path: /var/tmp/jobfs/data/ntu_CV-flowpose_D3_aligned.npz
Run name: stgcn2_ntu_CV_avg_D3

### Libraries loaded
feeder: feeders.ntu_rgb_d.Feeder
feeder_args:
  data_paths: {'CS': './data/ntu/aligned_data/ntu_CS-flowpose_D3_aligned.npz', 'CV': './data/ntu/aligned_data/ntu_CV-flowpose_D3_aligned.npz'}
  label_path: ./data/ntu/statistics/ntu_rgbd-annotations.yaml
  p_interval: [0.5, 1]
  random_choose: True
  random_shift: True
  window_size: 100
  random_move: True
  random_rot: True
  average_flow: True
  absolute_flow: False
  no_flow: False
  no_Z: False
extractor:
  preprocessed: True
  pose: {'weights': 'pretrained_models/yolo11x-pose.pt'}
  flow: {'weights': 'pretrained_models/raft_large.pt', 'imsize': [1080, 1920], 'minibatch_size': 3}
  flowpose: {'window_size': 5, 'threshold': 0.05, 'loop': False, 'norm': False, 'match_pose': False, 'ntu': True, 'dilation': 3}
model: models.stgcn2.stgcn2.TEST_MODEL
model_args:
  num_class: 60
  num_point: 25
  num_person: 2
  graph: graph.ntu_rgb_d.Graph
  pose_channels: 3
  flow_channels: 2
  base_channels: 64
  data_bn_type: MVC
  ch_ratio: 2
  num_stages: 10
  inflate_stages: ['5 8']
  down_stages: [5, 8]
  cnn: False
ignore_weights: []
phase: train
optimiser: torch.optim.SGD
optim_params:
  lr: 0.1
  momentum: 0.9
  weight_decay: 0.0005
  nesterov: True
scheduler: torch.optim.lr_scheduler.CosineAnnealingLR
scheduler_params:
  eta_min: 0
trainer: training.train_msg3d.train_network
num_epoch: 80
device: 0
batch_size: 128
half: False
checkpoint_freq: 10
save_location: ./results/stgcn2/ntu/
model_type: stgcn2
dataset: ntu
flow_embedding: avg
evaluation: CV
obs_ratio: 1.0
run_name: stgcn2_ntu_CV_avg_D3
description: stgcn2_train ntu CV avg testing for ST-GCN++ (64 frames), dilation 3...
data_path_overwrite: /var/tmp/jobfs/data/ntu_CV-flowpose_D3_aligned.npz
verbose: True
### Arguments loaded
	Output device: cuda:0
	Model total number of params: 517038
	Loading weights from ./results/stgcn2/ntu/CV/train/stgcn2_ntu_CV_avg_D3.pt
	Checkpoint file does not yet exist
		([Errno 2] No such file or directory: './results/stgcn2/ntu/CV/train/stgcn2_ntu_CV_avg_D3.pt')
### Model created
	Loaded data using mmap mode
	Self.data assigned
	Self.labels assigned
	Assigned self.data to unique split (train)
	Using memory-mapped data - skipping NaN filtering to preserve memory efficiency
	Finished loading data!
	Loaded data using mmap mode
	Assigned self.data to unique split (test)
	Using memory-mapped data - skipping NaN filtering to preserve memory efficiency
	Finished loading data!
### Dataloaders created
	Tracking:
		epoch
		train_time
		train_loss
		lr
		test_time
		test_loss
		train_ACC
		test_ACC
		train_cls_loss
		test_cls_loss
	Created new checkpoint file: ./results/stgcn2/ntu/CV/train/stgcn2_ntu_CV_avg_D3.pt
		1 EPOCH BEST TEST ACC: 0.3998034596443176
			Train time: 419.56 seconds
			Test time: 415.05 seconds
		2 EPOCH BEST TEST ACC: 0.41154441237449646
			Train time: 420.87 seconds
			Test time: 418.51 seconds
		3 EPOCH BEST TEST ACC: 0.5759177803993225
			Train time: 423.64 seconds
			Test time: 419.42 seconds
		4 EPOCH BEST TEST ACC: 0.6068373918533325
			Train time: 423.39 seconds
			Test time: 420.26 seconds
		5 EPOCH BEST TEST ACC: 0.6826754808425903
			Train time: 425.64 seconds
			Test time: 423.09 seconds
		6 EPOCH BEST TEST ACC: 0.6878287196159363
			Train time: 428.68 seconds
			Test time: 421.47 seconds
		7 EPOCH BEST TEST ACC: 0.6907772421836853
			Train time: 426.91 seconds
			Test time: 423.31 seconds
		8 EPOCH BEST TEST ACC: 0.7035276293754578
			Train time: 427.04 seconds
			Test time: 422.46 seconds
		9 EPOCH BEST TEST ACC: 0.7035276293754578
			Train time: 424.77 seconds
			Test time: 421.47 seconds
		10 EPOCH BEST TEST ACC: 0.7035276293754578
			Train time: 431.87 seconds
			Test time: 432.80 seconds
		11 EPOCH BEST TEST ACC: 0.7267173528671265
			Train time: 444.10 seconds
			Test time: 431.63 seconds
		12 EPOCH BEST TEST ACC: 0.7267173528671265
			Train time: 441.33 seconds
			Test time: 433.26 seconds
		13 EPOCH BEST TEST ACC: 0.7267173528671265
			Train time: 437.48 seconds
			Test time: 430.26 seconds
		14 EPOCH BEST TEST ACC: 0.7267173528671265
			Train time: 433.84 seconds
			Test time: 424.38 seconds
		15 EPOCH BEST TEST ACC: 0.7274876832962036
			Train time: 429.86 seconds
			Test time: 426.64 seconds
		16 EPOCH BEST TEST ACC: 0.7274876832962036
			Train time: 435.63 seconds
			Test time: 427.91 seconds
		17 EPOCH BEST TEST ACC: 0.7274876832962036
			Train time: 433.47 seconds
			Test time: 429.56 seconds
		18 EPOCH BEST TEST ACC: 0.7324815392494202
			Train time: 432.20 seconds
			Test time: 428.51 seconds
		19 EPOCH BEST TEST ACC: 0.7339425683021545
			Train time: 433.20 seconds
			Test time: 427.32 seconds
		20 EPOCH BEST TEST ACC: 0.7500132918357849
			Train time: 435.38 seconds
			Test time: 431.53 seconds
		21 EPOCH BEST TEST ACC: 0.7500132918357849
			Train time: 435.18 seconds
			Test time: 426.17 seconds
		22 EPOCH BEST TEST ACC: 0.7500132918357849
			Train time: 435.61 seconds
			Test time: 429.69 seconds
		23 EPOCH BEST TEST ACC: 0.7500132918357849
			Train time: 437.77 seconds
			Test time: 430.64 seconds
		24 EPOCH BEST TEST ACC: 0.7500132918357849
			Train time: 437.50 seconds
			Test time: 431.54 seconds
		25 EPOCH BEST TEST ACC: 0.7910269498825073
			Train time: 435.53 seconds
			Test time: 429.67 seconds
		26 EPOCH BEST TEST ACC: 0.7910269498825073
			Train time: 437.15 seconds
			Test time: 439.81 seconds
		27 EPOCH BEST TEST ACC: 0.7910269498825073
			Train time: 447.05 seconds
			Test time: 434.55 seconds
		28 EPOCH BEST TEST ACC: 0.7910269498825073
			Train time: 440.00 seconds
			Test time: 438.87 seconds
		29 EPOCH BEST TEST ACC: 0.7958083748817444
			Train time: 443.78 seconds
			Test time: 442.44 seconds
		30 EPOCH BEST TEST ACC: 0.7958083748817444
			Train time: 444.81 seconds
			Test time: 436.43 seconds
		31 EPOCH BEST TEST ACC: 0.7958083748817444
			Train time: 447.23 seconds
			Test time: 440.63 seconds
		32 EPOCH BEST TEST ACC: 0.7958083748817444
			Train time: 443.04 seconds
			Test time: 442.68 seconds
		33 EPOCH BEST TEST ACC: 0.7958083748817444
			Train time: 441.22 seconds
			Test time: 427.86 seconds
		34 EPOCH BEST TEST ACC: 0.8291451930999756
			Train time: 431.49 seconds
			Test time: 429.14 seconds
		35 EPOCH BEST TEST ACC: 0.8291451930999756
			Train time: 436.53 seconds
			Test time: 430.32 seconds
		36 EPOCH BEST TEST ACC: 0.8291451930999756
			Train time: 434.47 seconds
			Test time: 427.07 seconds
		37 EPOCH BEST TEST ACC: 0.8291451930999756
			Train time: 434.44 seconds
			Test time: 432.93 seconds
		38 EPOCH BEST TEST ACC: 0.8291451930999756
			Train time: 437.51 seconds
			Test time: 433.10 seconds
		39 EPOCH BEST TEST ACC: 0.8291451930999756
			Train time: 450.46 seconds
			Test time: 428.31 seconds
		40 EPOCH BEST TEST ACC: 0.8291451930999756
			Train time: 435.88 seconds
			Test time: 434.44 seconds
		41 EPOCH BEST TEST ACC: 0.8386813998222351
			Train time: 434.36 seconds
			Test time: 431.38 seconds
		42 EPOCH BEST TEST ACC: 0.8660150170326233
			Train time: 439.31 seconds
			Test time: 432.22 seconds
		43 EPOCH BEST TEST ACC: 0.8660150170326233
			Train time: 436.13 seconds
			Test time: 432.08 seconds
		44 EPOCH BEST TEST ACC: 0.8729214668273926
			Train time: 437.63 seconds
			Test time: 433.71 seconds
		45 EPOCH BEST TEST ACC: 0.8729214668273926
			Train time: 437.96 seconds
			Test time: 431.48 seconds
		46 EPOCH BEST TEST ACC: 0.8729214668273926
			Train time: 437.33 seconds
			Test time: 433.56 seconds
		47 EPOCH BEST TEST ACC: 0.8758965134620667
			Train time: 438.44 seconds
			Test time: 432.05 seconds
		48 EPOCH BEST TEST ACC: 0.8758965134620667
			Train time: 437.27 seconds
			Test time: 432.58 seconds
		49 EPOCH BEST TEST ACC: 0.8926845192909241
			Train time: 439.15 seconds
			Test time: 430.82 seconds

+-------------------- Job Report: 6499376 (TIMEOUT) --------------------+
| Memory (RAM)  [#####               ] 29.0% (4.4 GB peak / 15 GB)      |
| CPU           [#############       ] 68.7% average                    |
| GPU           [                    ]  4.6% average                    |
| Time          [------------------->] 100.1% (0-12:00:26 / 0-12:00:00) |
|                                                                       |
| Lustre Filesystem:                                                    |
|   Path    Total Read    Total Write      Total IOPS                   |
|   ------  ------------  -------------  ------------                   |
|   /apps   2.5 MB        0 B                    235                    |
|   /fred   168 GB        16.7 MB                261                    |
|   /home   0 B           0 B                      1                    |
|   OS      2.7 MB        0 B                     48                    |
|                                                                       |
| Warnings:                                                             |
|   - Too much memory requested                                         |
|   - CPU usage is low                                                  |
|   - GPU usage is low                                                  |
+-----------------------------------------------------------------------+
