Copying file: ./data/ntu/aligned_data/ntu_CV-flowpose_D3_aligned.npz to /var/tmp/jobfs/data
Dataset copied to JOBFS: ntu_CV-flowpose_D3_aligned.npz
Data path: /var/tmp/jobfs/data/ntu_CV-flowpose_D3_aligned.npz
Run name: stgcn2_ntu_CV_abs_D3

### Libraries loaded
feeder: feeders.ntu_rgb_d.Feeder
feeder_args:
  data_paths: {'CS': './data/ntu/aligned_data/ntu_CS-flowpose_D3_aligned.npz', 'CV': './data/ntu/aligned_data/ntu_CV-flowpose_D3_aligned.npz'}
  label_path: ./data/ntu/statistics/ntu_rgbd-annotations.yaml
  p_interval: [0.5, 1]
  random_choose: True
  random_shift: True
  window_size: 100
  random_move: True
  random_rot: True
  average_flow: False
  absolute_flow: {'window_mean': True}
  no_flow: False
  no_Z: False
extractor:
  preprocessed: True
  pose: {'weights': 'pretrained_models/yolo11x-pose.pt'}
  flow: {'weights': 'pretrained_models/raft_large.pt', 'imsize': [1080, 1920], 'minibatch_size': 3}
  flowpose: {'window_size': 5, 'threshold': 0.05, 'loop': False, 'norm': False, 'match_pose': False, 'ntu': True, 'dilation': 3}
model: models.stgcn2.stgcn2.TEST_MODEL
model_args:
  num_class: 60
  num_point: 25
  num_person: 2
  graph: graph.ntu_rgb_d.Graph
  pose_channels: 3
  flow_channels: 1
  base_channels: 64
  data_bn_type: MVC
  ch_ratio: 2
  num_stages: 10
  inflate_stages: ['5 8']
  down_stages: [5, 8]
  cnn: False
ignore_weights: []
phase: train
optimiser: torch.optim.SGD
optim_params:
  lr: 0.1
  momentum: 0.9
  weight_decay: 0.0005
  nesterov: True
scheduler: torch.optim.lr_scheduler.CosineAnnealingLR
scheduler_params:
  eta_min: 0
trainer: training.train_msg3d.train_network
num_epoch: 80
device: 0
batch_size: 128
half: False
checkpoint_freq: 10
save_location: ./results/stgcn2/ntu/
model_type: stgcn2
dataset: ntu
flow_embedding: abs
evaluation: CV
obs_ratio: 1.0
run_name: stgcn2_ntu_CV_abs_D3
description: stgcn2_train ntu CV abs testing for ST-GCN++ (64 frames), dilation 3...
data_path_overwrite: /var/tmp/jobfs/data/ntu_CV-flowpose_D3_aligned.npz
verbose: True
### Arguments loaded
	Output device: cuda:0
	Model total number of params: 516746
	Loading weights from ./results/stgcn2/ntu/CV/train/stgcn2_ntu_CV_abs_D3.pt
	Checkpoint file does not yet exist
		([Errno 2] No such file or directory: './results/stgcn2/ntu/CV/train/stgcn2_ntu_CV_abs_D3.pt')
### Model created
	Loaded data using mmap mode
	Self.data assigned
	Self.labels assigned
	Assigned self.data to unique split (train)
	Using memory-mapped data - skipping NaN filtering to preserve memory efficiency
	Finished loading data!
	Loaded data using mmap mode
	Assigned self.data to unique split (test)
	Using memory-mapped data - skipping NaN filtering to preserve memory efficiency
	Finished loading data!
### Dataloaders created
	Tracking:
		epoch
		train_time
		train_loss
		lr
		test_time
		test_loss
		train_ACC
		test_ACC
		train_cls_loss
		test_cls_loss
	Created new checkpoint file: ./results/stgcn2/ntu/CV/train/stgcn2_ntu_CV_abs_D3.pt
		1 EPOCH BEST TEST ACC: 0.22010307013988495
			Train time: 434.86 seconds
			Test time: 435.52 seconds
		2 EPOCH BEST TEST ACC: 0.5504436492919922
			Train time: 438.61 seconds
			Test time: 437.17 seconds
		3 EPOCH BEST TEST ACC: 0.6306114792823792
			Train time: 442.69 seconds
			Test time: 438.98 seconds
		4 EPOCH BEST TEST ACC: 0.6306114792823792
			Train time: 447.48 seconds
			Test time: 439.29 seconds
		5 EPOCH BEST TEST ACC: 0.6306114792823792
			Train time: 444.21 seconds
			Test time: 434.91 seconds
		6 EPOCH BEST TEST ACC: 0.6340116262435913
			Train time: 444.64 seconds
			Test time: 440.86 seconds
		7 EPOCH BEST TEST ACC: 0.6689688563346863
			Train time: 445.86 seconds
			Test time: 437.84 seconds
		8 EPOCH BEST TEST ACC: 0.6764065623283386
			Train time: 445.05 seconds
			Test time: 441.80 seconds
		9 EPOCH BEST TEST ACC: 0.6764065623283386
			Train time: 443.06 seconds
			Test time: 440.37 seconds
		10 EPOCH BEST TEST ACC: 0.6764065623283386
			Train time: 438.16 seconds
			Test time: 432.62 seconds
		11 EPOCH BEST TEST ACC: 0.6764065623283386
			Train time: 435.14 seconds
			Test time: 429.55 seconds
		12 EPOCH BEST TEST ACC: 0.6764065623283386
			Train time: 435.27 seconds
			Test time: 435.53 seconds
		13 EPOCH BEST TEST ACC: 0.7463476061820984
			Train time: 436.13 seconds
			Test time: 437.14 seconds
		14 EPOCH BEST TEST ACC: 0.7463476061820984
			Train time: 442.21 seconds
			Test time: 438.64 seconds
		15 EPOCH BEST TEST ACC: 0.7463476061820984
			Train time: 443.38 seconds
			Test time: 441.80 seconds
		16 EPOCH BEST TEST ACC: 0.7463476061820984
			Train time: 443.81 seconds
			Test time: 441.78 seconds
		17 EPOCH BEST TEST ACC: 0.7652340531349182
			Train time: 443.47 seconds
			Test time: 438.12 seconds
		18 EPOCH BEST TEST ACC: 0.7652340531349182
			Train time: 439.73 seconds
			Test time: 430.05 seconds
		19 EPOCH BEST TEST ACC: 0.7652340531349182
			Train time: 435.33 seconds
			Test time: 428.90 seconds
		20 EPOCH BEST TEST ACC: 0.7652340531349182
			Train time: 434.90 seconds
			Test time: 429.20 seconds
		21 EPOCH BEST TEST ACC: 0.7652340531349182
			Train time: 435.28 seconds
			Test time: 428.76 seconds
		22 EPOCH BEST TEST ACC: 0.7660043835639954
			Train time: 447.21 seconds
			Test time: 440.98 seconds
		23 EPOCH BEST TEST ACC: 0.7660043835639954
			Train time: 444.02 seconds
			Test time: 441.47 seconds
		24 EPOCH BEST TEST ACC: 0.7660043835639954
			Train time: 445.92 seconds
			Test time: 438.91 seconds
		25 EPOCH BEST TEST ACC: 0.7660043835639954
			Train time: 445.24 seconds
			Test time: 440.69 seconds
		26 EPOCH BEST TEST ACC: 0.7660043835639954
			Train time: 445.51 seconds
			Test time: 441.26 seconds
		27 EPOCH BEST TEST ACC: 0.7660043835639954
			Train time: 443.46 seconds
			Test time: 441.92 seconds
		28 EPOCH BEST TEST ACC: 0.7660043835639954
			Train time: 446.08 seconds
			Test time: 438.14 seconds
		29 EPOCH BEST TEST ACC: 0.7847049236297607
			Train time: 444.76 seconds
			Test time: 439.17 seconds
		30 EPOCH BEST TEST ACC: 0.7847049236297607
			Train time: 443.08 seconds
			Test time: 440.00 seconds
		31 EPOCH BEST TEST ACC: 0.7847049236297607
			Train time: 440.96 seconds
			Test time: 439.04 seconds
		32 EPOCH BEST TEST ACC: 0.8030070066452026
			Train time: 444.28 seconds
			Test time: 440.17 seconds
		33 EPOCH BEST TEST ACC: 0.8060086369514465
			Train time: 444.58 seconds
			Test time: 439.15 seconds
		34 EPOCH BEST TEST ACC: 0.8328109383583069
			Train time: 445.71 seconds
			Test time: 440.12 seconds
		35 EPOCH BEST TEST ACC: 0.8328109383583069
			Train time: 443.26 seconds
			Test time: 441.17 seconds
		36 EPOCH BEST TEST ACC: 0.8328109383583069
			Train time: 438.51 seconds
			Test time: 437.89 seconds
		37 EPOCH BEST TEST ACC: 0.8328109383583069
			Train time: 445.20 seconds
			Test time: 438.51 seconds
		38 EPOCH BEST TEST ACC: 0.8360251188278198
			Train time: 445.42 seconds
			Test time: 446.08 seconds
		39 EPOCH BEST TEST ACC: 0.8360251188278198
			Train time: 452.94 seconds
			Test time: 451.83 seconds
		40 EPOCH BEST TEST ACC: 0.8519099354743958
			Train time: 451.32 seconds
			Test time: 447.35 seconds
		41 EPOCH BEST TEST ACC: 0.8519099354743958
			Train time: 455.19 seconds
			Test time: 447.24 seconds
		42 EPOCH BEST TEST ACC: 0.8519099354743958
			Train time: 454.18 seconds
			Test time: 450.20 seconds
		43 EPOCH BEST TEST ACC: 0.8519099354743958
			Train time: 450.25 seconds
			Test time: 442.01 seconds
		44 EPOCH BEST TEST ACC: 0.8662806153297424
			Train time: 448.00 seconds
			Test time: 444.36 seconds
		45 EPOCH BEST TEST ACC: 0.8727355003356934
			Train time: 445.96 seconds
			Test time: 444.32 seconds
		46 EPOCH BEST TEST ACC: 0.8727355003356934
			Train time: 452.72 seconds
			Test time: 443.51 seconds
		47 EPOCH BEST TEST ACC: 0.8727355003356934
			Train time: 447.65 seconds
			Test time: 445.24 seconds
		48 EPOCH BEST TEST ACC: 0.872788667678833
			Train time: 448.83 seconds
			Test time: 440.24 seconds

+-------------------- Job Report: 6499374 (TIMEOUT) --------------------+
| Memory (RAM)  [#####               ] 28.3% (4.2 GB peak / 15 GB)      |
| CPU           [##############      ] 70.1% average                    |
| GPU           [                    ]  4.6% average                    |
| Time          [------------------->] 100.0% (0-12:00:20 / 0-12:00:00) |
|                                                                       |
| Lustre Filesystem:                                                    |
|   Path    Total Read    Total Write      Total IOPS                   |
|   ------  ------------  -------------  ------------                   |
|   /apps   25 MB         0 B                    162                    |
|   /fred   168.4 GB      16.7 MB                248                    |
|   /home   0 B           0 B                      3                    |
|   OS      2.7 MB        0 B                     34                    |
|                                                                       |
| Warnings:                                                             |
|   - Too much memory requested                                         |
|   - CPU usage is low                                                  |
|   - GPU usage is low                                                  |
+-----------------------------------------------------------------------+
