Wed Dec  3 13:42:16 AEDT 2025
Copying file: ./data/ucf101/aligned_data/ucf101_03_D1.npz to /var/tmp/jobfs/data
Dataset copied to JOBFS: ucf101_03_D1.npz
Data path: /var/tmp/jobfs/data/ucf101_03_D1.npz
Run name: msg3d_ucf101_3_base

Python script run command arguments:
python main.py -m msg3d -d ucf101 -p train -f base -e 3 -o 1.0 -r msg3d_ucf101_3_base --desc msg3d_train ucf101 3 base observation ratio 1.0 --data_path_overwrite /var/tmp/jobfs/data/ucf101_03_D1.npz -v
### Libraries loaded
feeder: feeders.ucf101.Feeder
feeder_args:
  data_paths: {1: './data/ucf101/aligned_data/ucf101_01_D1.npz', 2: './data/ucf101/aligned_data/ucf101_02_D1.npz', 3: './data/ucf101/aligned_data/ucf101_03_D1.npz'}
  label_path: ./data/ucf101/statistics/ucf101_annotations.yaml
  p_interval: [0.5, 1]
  random_choose: False
  random_shift: False
  window_size: 300
  pad_method: replay
  random_move: False
  random_rot: False
  average_flow: False
  absolute_flow: False
  no_flow: True
extractor:
  data_paths: {'rgb_path': '../Datasets/UCF-101/', 'pose_path': './data/ucf101/pose/', 'flow_path': './data/ucf101/flow/', 'flowpose_path': './data/ucf101/flowpose/'}
  pose: {'weights': 'pretrained_models/yolo11x-pose.pt'}
  flow: {'weights': 'pretrained_models/raft_large.pt', 'imsize': [240, 320], 'minibatch_size': 16}
  flowpose: {'window_size': 5, 'threshold': 0.05, 'loop': False, 'norm': False, 'match_pose': False, 'ntu': False, 'dilation': 3}
model: models.msg3d.TEST_MODEL
model_args:
  num_class: 101
  num_point: 17
  num_person: 2
  num_gcn_scales: 2
  num_g3d_scales: 3
  graph: graph.yolo_pose.Graph
  pose_channels: 3
  flow_channels: 0
  cnn: False
ignore_weights: []
phase: train
optimiser: torch.optim.SGD
optim_params:
  lr: 0.05
  momentum: 0.9
  weight_decay: 0.0005
  nesterov: True
scheduler: torch.optim.lr_scheduler.MultiStepLR
scheduler_params:
  milestones: [30, 40]
  gamma: 0.1
training_function: training.train_msg3d.train_network
testing_function: training.eval_msg3d.eval_network
num_epoch: 50
device: 0
batch_size: 32
half: False
checkpoint_freq: 10
save_location: ./results/msg3d/ucf101/
model_type: msg3d
dataset: ucf101
flow_embedding: base
evaluation: 3
obs_ratio: 1.0
run_name: msg3d_ucf101_3_base
description: msg3d_train ucf101 3 base observation ratio 1.0
data_path_overwrite: /var/tmp/jobfs/data/ucf101_03_D1.npz
verbose: True
debug: False
### Arguments loaded
	Output device: cuda:0
	Model total number of params: 569997
	Loading weights from ./results/msg3d/ucf101/3/train/msg3d_ucf101_3_base.pt
	Total number of weights removed: 0
	Pretrained model loaded
### Model created
	Loaded data using mmap mode
	Self.data assigned
	Self.labels assigned
	Assigned self.data to unique split (train)
	Using memory-mapped data - skipping NaN filtering to preserve memory efficiency
	Finished loading data!
### Dataloaders created
	Tracking:
		epoch
		train_time
		train_loss
		lr
		test_time
		test_loss
		train_ACC
		test_ACC
		train_cls_loss
		test_cls_loss
	Resuming from checkpoint at epoch 30
		1 EPOCH BEST TRAIN ACC: 0.13646934926509857
			Train time: 319.71 seconds
		2 EPOCH BEST TRAIN ACC: 0.2635306715965271
			Train time: 254.94 seconds
		3 EPOCH BEST TRAIN ACC: 0.34915435314178467
			Train time: 252.61 seconds
		4 EPOCH BEST TRAIN ACC: 0.40264272689819336
			Train time: 243.24 seconds
		5 EPOCH BEST TRAIN ACC: 0.453382670879364
			Train time: 249.60 seconds
		6 EPOCH BEST TRAIN ACC: 0.4891120493412018
			Train time: 248.12 seconds
		7 EPOCH BEST TRAIN ACC: 0.5254756808280945
			Train time: 249.35 seconds
		8 EPOCH BEST TRAIN ACC: 0.5431289672851562
			Train time: 248.21 seconds
		9 EPOCH BEST TRAIN ACC: 0.5652220249176025
			Train time: 238.36 seconds
		10 EPOCH BEST TRAIN ACC: 0.5798097252845764
			Train time: 248.95 seconds
		11 EPOCH BEST TRAIN ACC: 0.5974630117416382
			Train time: 266.87 seconds
		12 EPOCH BEST TRAIN ACC: 0.6228330135345459
			Train time: 266.04 seconds
		13 EPOCH BEST TRAIN ACC: 0.6262156367301941
			Train time: 278.72 seconds
		14 EPOCH BEST TRAIN ACC: 0.6360465288162231
			Train time: 283.91 seconds
		15 EPOCH BEST TRAIN ACC: 0.6529598236083984
			Train time: 276.79 seconds
		16 EPOCH BEST TRAIN ACC: 0.6568710803985596
			Train time: 258.41 seconds
		17 EPOCH BEST TRAIN ACC: 0.6627907156944275
			Train time: 266.59 seconds
		18 EPOCH BEST TRAIN ACC: 0.6726216077804565
			Train time: 279.67 seconds
		19 EPOCH BEST TRAIN ACC: 0.6764270663261414
			Train time: 290.78 seconds
		20 EPOCH BEST TRAIN ACC: 0.6840381026268005
			Train time: 274.76 seconds
		21 EPOCH BEST TRAIN ACC: 0.6982029676437378
			Train time: 268.30 seconds
		22 EPOCH BEST TRAIN ACC: 0.7008456587791443
			Train time: 269.10 seconds
		23 EPOCH BEST TRAIN ACC: 0.699048638343811
			Train time: 268.55 seconds
		24 EPOCH BEST TRAIN ACC: 0.707716703414917
			Train time: 265.94 seconds
		25 EPOCH BEST TRAIN ACC: 0.7107822895050049
			Train time: 274.82 seconds
		26 EPOCH BEST TRAIN ACC: 0.7122621536254883
			Train time: 288.93 seconds
		27 EPOCH BEST TRAIN ACC: 0.7267442345619202
			Train time: 282.54 seconds
		28 EPOCH BEST TRAIN ACC: 0.7224101424217224
			Train time: 287.11 seconds
		29 EPOCH BEST TRAIN ACC: 0.7249471545219421
			Train time: 283.51 seconds
		30 EPOCH BEST TRAIN ACC: 0.7341437935829163
			Train time: 263.46 seconds
		31 EPOCH BEST TRAIN ACC: 0.8127906918525696
			Train time: 246.99 seconds
		32 EPOCH BEST TRAIN ACC: 0.8437632322311401
			Train time: 206.19 seconds
		33 EPOCH BEST TRAIN ACC: 0.8474630117416382
			Train time: 225.83 seconds
		34 EPOCH BEST TRAIN ACC: 0.8565539121627808
			Train time: 243.34 seconds
		35 EPOCH BEST TRAIN ACC: 0.8579281568527222
			Train time: 254.63 seconds
		36 EPOCH BEST TRAIN ACC: 0.8643763661384583
			Train time: 259.37 seconds
		37 EPOCH BEST TRAIN ACC: 0.868816077709198
			Train time: 256.46 seconds
		38 EPOCH BEST TRAIN ACC: 0.868816077709198
			Train time: 240.40 seconds
		39 EPOCH BEST TRAIN ACC: 0.8752642869949341
			Train time: 219.47 seconds
		40 EPOCH BEST TRAIN ACC: 0.876849889755249
			Train time: 231.82 seconds
		41 EPOCH BEST TRAIN ACC: 0.8899577260017395
			Train time: 225.00 seconds
		42 EPOCH BEST TRAIN ACC: 0.8899577260017395
			Train time: 222.47 seconds
		43 EPOCH BEST TRAIN ACC: 0.8899577260017395
			Train time: 228.69 seconds
		44 EPOCH BEST TRAIN ACC: 0.890697717666626
			Train time: 236.07 seconds
		45 EPOCH BEST TRAIN ACC: 0.890697717666626
			Train time: 269.06 seconds
		46 EPOCH BEST TRAIN ACC: 0.8914376497268677
			Train time: 251.73 seconds
		47 EPOCH BEST TRAIN ACC: 0.8927061557769775
			Train time: 249.19 seconds
		48 EPOCH BEST TRAIN ACC: 0.8927061557769775
			Train time: 242.37 seconds
		49 EPOCH BEST TRAIN ACC: 0.8927061557769775
			Train time: 237.70 seconds
	Loaded data using mmap mode
	Assigned self.data to unique split (test)
	Using memory-mapped data - skipping NaN filtering to preserve memory efficiency
	Finished loading data!
	Loaded data using mmap mode
	Assigned self.data to unique split (test)
	Using memory-mapped data - skipping NaN filtering to preserve memory efficiency
	Finished loading data!
	Loaded data using mmap mode
	Assigned self.data to unique split (test)
	Using memory-mapped data - skipping NaN filtering to preserve memory efficiency
	Finished loading data!
		50 EPOCH BEST TEST ACC: 0.6344884634017944
			Train time: 222.30 seconds
			Test time: 20.13 seconds
	Best train ACC: 0.894397497177124
	Best test ACC: 0.6344884634017944
	Training time:         3:33:57

+------------------ Job Report: 7373089 (COMPLETED) -------------------+
| Memory (RAM)  [#####               ] 27.8% (2.8 GB peak / 10 GB)     |
| CPU           [##                  ] 13.3% average                   |
| GPU           [####                ] 24.4% average                   |
| Time          [--------->          ] 45.6% (0-01:22:09 / 0-03:00:00) |
|                                                                      |
| Lustre Filesystem:                                                   |
|   Path    Total Read    Total Write    Total IOPS                    |
|   ------  ------------  -------------  ------------                  |
|   /apps   24.8 MB       0 B            194                           |
|   /fred   367.3 GB      4.7 MB         3 K                           |
|   /home   0 B           0 B            4                             |
|   OS      19.2 MB       0 B            291                           |
|                                                                      |
| Warnings:                                                            |
|   - Too much memory requested                                        |
|   - CPU usage is low                                                 |
|   - GPU usage is low                                                 |
|   - Too much time requested                                          |
+----------------------------------------------------------------------+
