Copying file: ./data/ucf101/aligned_data/ucf101_03_D1.npz to /var/tmp/jobfs/data
Dataset copied to JOBFS: ucf101_03_D1.npz
Data path: /var/tmp/jobfs/data/ucf101_03_D1.npz
Run name: msg3d_ucf101_3_abs_D1

### Libraries loaded
feeder: feeders.ucf101.Feeder
feeder_args:
  data_paths: {1: './data/ucf101/aligned_data/ucf101_01_D1.npz', 2: './data/ucf101/aligned_data/ucf101_02_D1.npz', 3: './data/ucf101/aligned_data/ucf101_03_D1.npz'}
  label_path: ./data/ucf101/statistics/ucf101_annotations.yaml
  p_interval: [0.5, 1]
  random_choose: True
  random_shift: True
  window_size: 64
  random_move: True
  random_rot: True
  average_flow: False
  absolute_flow: {'window_mean': True}
  no_flow: False
extractor:
  data_paths: {'rgb_path': '../Datasets/UCF-101/', 'pose_path': './data/ucf101/pose/', 'flow_path': './data/ucf101/flow/', 'flowpose_path': './data/ucf101/flowpose/'}
  pose: {'weights': 'pretrained_models/yolo11x-pose.pt'}
  flow: {'weights': 'pretrained_models/raft_large.pt', 'imsize': [240, 320], 'minibatch_size': 16}
  flowpose: {'window_size': 5, 'threshold': 0.05, 'loop': False, 'norm': False, 'match_pose': False, 'ntu': False, 'dilation': 3}
model: models.msg3d.TEST_MODEL
model_args:
  num_class: 101
  num_point: 17
  num_person: 2
  num_gcn_scales: 2
  num_g3d_scales: 3
  graph: graph.yolo_pose.Graph
  pose_channels: 3
  flow_channels: 1
  cnn: False
ignore_weights: []
phase: train
optim:
  base_lr: 0.05
  nesterov: True
  weight_decay: 0.0003
  step: [30, 40]
  gamma: 0.1
lambda_1: 1
trainer: training.train_msg3d.train_network
num_epoch: 50
device: 0
batch_size: 128
forward_batch_size: 128
test_batch_size: 128
half: False
checkpoint_freq: 10
save_location: ./results/msg3d/ntu/
model_type: msg3d
dataset: ucf101
flow_embedding: abs
evaluation: 3
run_name: msg3d_ucf101_3_abs_D1
description: msg3d_train ucf101 3 abs dilation 1...
data_path_overwrite: /var/tmp/jobfs/data/ucf101_03_D1.npz
verbose: True
### Arguments loaded
	Output device: cuda:0
	Model total number of params: 570068
	Loading weights from ./results/msg3d/ntu/3/train/msg3d_ucf101_3_abs_D1.pt
	Checkpoint file does not yet exist
		([Errno 2] No such file or directory: './results/msg3d/ntu/3/train/msg3d_ucf101_3_abs_D1.pt')
### Model created
	Loaded data using mmap mode
	Self.data assigned
	Self.labels assigned
	Assigned self.data to unique split (train)
	Using memory-mapped data - skipping NaN filtering to preserve memory efficiency
	Finished loading data!
	Loaded data using mmap mode
	Assigned self.data to unique split (test)
	Using memory-mapped data - skipping NaN filtering to preserve memory efficiency
	Finished loading data!
### Dataloaders created
	Tracking:
		epoch
		train_time
		train_loss
		lr
		test_time
		test_loss
		train_ACC
		test_ACC
		train_cls_loss
		test_cls_loss
	Created new checkpoint file: ./results/msg3d/ntu/3/train/msg3d_ucf101_3_abs_D1.pt
		1 EPOCH BEST TEST ACC: 0.1729923039674759
			Train time: 63.39 seconds
			Test time: 12.24 seconds
		2 EPOCH BEST TEST ACC: 0.2535753548145294
			Train time: 54.03 seconds
			Test time: 11.49 seconds
		3 EPOCH BEST TEST ACC: 0.29895490407943726
			Train time: 53.73 seconds
			Test time: 11.40 seconds
		4 EPOCH BEST TEST ACC: 0.30638062953948975
			Train time: 53.62 seconds
			Test time: 11.55 seconds
		5 EPOCH BEST TEST ACC: 0.3547854721546173
			Train time: 53.75 seconds
			Test time: 11.53 seconds
		6 EPOCH BEST TEST ACC: 0.41006600856781006
			Train time: 53.88 seconds
			Test time: 11.56 seconds
		7 EPOCH BEST TEST ACC: 0.4298679828643799
			Train time: 53.77 seconds
			Test time: 11.52 seconds
		8 EPOCH BEST TEST ACC: 0.43096810579299927
			Train time: 53.87 seconds
			Test time: 11.60 seconds
		9 EPOCH BEST TEST ACC: 0.4576457738876343
			Train time: 53.90 seconds
			Test time: 11.48 seconds
		10 EPOCH BEST TEST ACC: 0.4628712832927704
			Train time: 53.90 seconds
			Test time: 11.46 seconds
		11 EPOCH BEST TEST ACC: 0.4988998770713806
			Train time: 54.01 seconds
			Test time: 11.48 seconds
		12 EPOCH BEST TEST ACC: 0.4988998770713806
			Train time: 53.85 seconds
			Test time: 11.61 seconds
		13 EPOCH BEST TEST ACC: 0.4988998770713806
			Train time: 53.86 seconds
			Test time: 11.55 seconds
		14 EPOCH BEST TEST ACC: 0.4988998770713806
			Train time: 54.02 seconds
			Test time: 11.54 seconds
		15 EPOCH BEST TEST ACC: 0.517601728439331
			Train time: 53.78 seconds
			Test time: 11.52 seconds
		16 EPOCH BEST TEST ACC: 0.5255775451660156
			Train time: 53.77 seconds
			Test time: 11.59 seconds
		17 EPOCH BEST TEST ACC: 0.5255775451660156
			Train time: 53.92 seconds
			Test time: 11.55 seconds
		18 EPOCH BEST TEST ACC: 0.5255775451660156
			Train time: 54.07 seconds
			Test time: 11.47 seconds
		19 EPOCH BEST TEST ACC: 0.5321782231330872
			Train time: 54.00 seconds
			Test time: 11.52 seconds
		20 EPOCH BEST TEST ACC: 0.5591309070587158
			Train time: 53.96 seconds
			Test time: 11.54 seconds
		21 EPOCH BEST TEST ACC: 0.5591309070587158
			Train time: 54.05 seconds
			Test time: 11.66 seconds
		22 EPOCH BEST TEST ACC: 0.5591309070587158
			Train time: 53.71 seconds
			Test time: 11.62 seconds
		23 EPOCH BEST TEST ACC: 0.5591309070587158
			Train time: 53.70 seconds
			Test time: 11.56 seconds
		24 EPOCH BEST TEST ACC: 0.5591309070587158
			Train time: 54.09 seconds
			Test time: 11.49 seconds
		25 EPOCH BEST TEST ACC: 0.5591309070587158
			Train time: 53.71 seconds
			Test time: 11.68 seconds
		26 EPOCH BEST TEST ACC: 0.5591309070587158
			Train time: 53.89 seconds
			Test time: 11.54 seconds
		27 EPOCH BEST TEST ACC: 0.5591309070587158
			Train time: 53.74 seconds
			Test time: 11.65 seconds
		28 EPOCH BEST TEST ACC: 0.5693069100379944
			Train time: 53.70 seconds
			Test time: 11.55 seconds
		29 EPOCH BEST TEST ACC: 0.5693069100379944
			Train time: 53.63 seconds
			Test time: 11.51 seconds
		30 EPOCH BEST TEST ACC: 0.5693069100379944
			Train time: 53.73 seconds
			Test time: 11.66 seconds
		31 EPOCH BEST TEST ACC: 0.6135863661766052
			Train time: 53.83 seconds
			Test time: 11.63 seconds
		32 EPOCH BEST TEST ACC: 0.6152365207672119
			Train time: 53.79 seconds
			Test time: 11.59 seconds
		33 EPOCH BEST TEST ACC: 0.6190869212150574
			Train time: 53.73 seconds
			Test time: 11.56 seconds
		34 EPOCH BEST TEST ACC: 0.6190869212150574
			Train time: 53.84 seconds
			Test time: 11.56 seconds
		35 EPOCH BEST TEST ACC: 0.6190869212150574
			Train time: 53.59 seconds
			Test time: 11.62 seconds
		36 EPOCH BEST TEST ACC: 0.6190869212150574
			Train time: 54.04 seconds
			Test time: 11.55 seconds
		37 EPOCH BEST TEST ACC: 0.6190869212150574
			Train time: 53.79 seconds
			Test time: 11.56 seconds
		38 EPOCH BEST TEST ACC: 0.6221122145652771
			Train time: 53.71 seconds
			Test time: 11.55 seconds
		39 EPOCH BEST TEST ACC: 0.6221122145652771
			Train time: 53.96 seconds
			Test time: 11.52 seconds
		40 EPOCH BEST TEST ACC: 0.6221122145652771
			Train time: 53.76 seconds
			Test time: 11.57 seconds
		41 EPOCH BEST TEST ACC: 0.6221122145652771
			Train time: 53.58 seconds
			Test time: 11.59 seconds
		42 EPOCH BEST TEST ACC: 0.6221122145652771
			Train time: 53.68 seconds
			Test time: 11.62 seconds
		43 EPOCH BEST TEST ACC: 0.6221122145652771
			Train time: 53.74 seconds
			Test time: 11.63 seconds
		44 EPOCH BEST TEST ACC: 0.6245874762535095
			Train time: 53.77 seconds
			Test time: 11.53 seconds
		45 EPOCH BEST TEST ACC: 0.6245874762535095
			Train time: 53.66 seconds
			Test time: 11.61 seconds
		46 EPOCH BEST TEST ACC: 0.6245874762535095
			Train time: 53.70 seconds
			Test time: 11.57 seconds
		47 EPOCH BEST TEST ACC: 0.6245874762535095
			Train time: 54.02 seconds
			Test time: 11.59 seconds
		48 EPOCH BEST TEST ACC: 0.6245874762535095
			Train time: 54.26 seconds
			Test time: 11.62 seconds
		49 EPOCH BEST TEST ACC: 0.6245874762535095
			Train time: 54.16 seconds
			Test time: 11.62 seconds
		50 EPOCH BEST TEST ACC: 0.6248624920845032
			Train time: 53.88 seconds
			Test time: 11.66 seconds
	Best train ACC: 0.9184989929199219
	Best test ACC: 0.6248624920845032

+-------------------- Job Report: 5764283 (FAILED) --------------------+
| Memory (RAM)  [#########           ] 50.0% (2.5 GB peak / 5 GB)      |
| CPU           [###############     ] 75.9% average                   |
| GPU           [###                 ] 19.9% average                   |
| Time          [--------->          ] 47.4% (0-00:56:50 / 0-02:00:00) |
|                                                                      |
| Lustre Filesystem:                                                   |
|   Path    Total Read    Total Write    Total IOPS                    |
|   ------  ------------  -------------  ------------                  |
|   /apps   2.3 MB        0 B            204                           |
|   /fred   27.9 GB       18.8 MB        3.5 K                         |
|   /home   0 B           0 B            3                             |
|   OS      172 KB        0 B            76                            |
|                                                                      |
| Warnings:                                                            |
|   - Too much memory requested                                        |
|   - GPU usage is low                                                 |
|   - Too much time requested                                          |
+----------------------------------------------------------------------+
