Copying file: ./data/ucf101/aligned_data/ucf101_01_D1.npz to /var/tmp/jobfs/data
Dataset copied to JOBFS: ucf101_01_D1.npz
Data path: /var/tmp/jobfs/data/ucf101_01_D1.npz
Run name: msg3d_ucf101_1_base_D1

### Libraries loaded
feeder: feeders.ucf101.Feeder
feeder_args:
  data_paths: {1: './data/ucf101/aligned_data/ucf101_01_D1.npz', 2: './data/ucf101/aligned_data/ucf101_02_D1.npz', 3: './data/ucf101/aligned_data/ucf101_03_D1.npz'}
  label_path: ./data/ucf101/statistics/ucf101_annotations.yaml
  p_interval: [0.5, 1]
  random_choose: True
  random_shift: True
  window_size: 64
  random_move: True
  random_rot: True
  average_flow: False
  absolute_flow: False
  no_flow: True
extractor:
  data_paths: {'rgb_path': '../Datasets/UCF-101/', 'pose_path': './data/ucf101/pose/', 'flow_path': './data/ucf101/flow/', 'flowpose_path': './data/ucf101/flowpose/'}
  pose: {'weights': 'pretrained_models/yolo11x-pose.pt'}
  flow: {'weights': 'pretrained_models/raft_large.pt', 'imsize': [240, 320], 'minibatch_size': 16}
  flowpose: {'window_size': 5, 'threshold': 0.05, 'loop': False, 'norm': False, 'match_pose': False, 'ntu': False, 'dilation': 3}
model: models.msg3d.TEST_MODEL
model_args:
  num_class: 101
  num_point: 17
  num_person: 2
  num_gcn_scales: 2
  num_g3d_scales: 3
  graph: graph.yolo_pose.Graph
  pose_channels: 3
  flow_channels: 0
  cnn: False
ignore_weights: []
phase: train
optim:
  base_lr: 0.05
  nesterov: True
  weight_decay: 0.0003
  step: [30, 40]
  gamma: 0.1
lambda_1: 1
trainer: training.train_msg3d.train_network
num_epoch: 50
device: 0
batch_size: 128
forward_batch_size: 128
test_batch_size: 128
half: False
checkpoint_freq: 10
save_location: ./results/msg3d/ntu/
model_type: msg3d
dataset: ucf101
flow_embedding: base
evaluation: 1
run_name: msg3d_ucf101_1_base_D1
description: msg3d_train ucf101 1 base dilation 1...
data_path_overwrite: /var/tmp/jobfs/data/ucf101_01_D1.npz
verbose: True
### Arguments loaded
	Output device: cuda:0
	Model total number of params: 569997
	Loading weights from ./results/msg3d/ntu/1/train/msg3d_ucf101_1_base_D1.pt
	Checkpoint file does not yet exist
		([Errno 2] No such file or directory: './results/msg3d/ntu/1/train/msg3d_ucf101_1_base_D1.pt')
### Model created
	Loaded data using mmap mode
	Self.data assigned
	Self.labels assigned
	Assigned self.data to unique split (train)
	Using memory-mapped data - skipping NaN filtering to preserve memory efficiency
	Finished loading data!
	Loaded data using mmap mode
	Assigned self.data to unique split (test)
	Using memory-mapped data - skipping NaN filtering to preserve memory efficiency
	Finished loading data!
### Dataloaders created
	Tracking:
		epoch
		train_time
		train_loss
		lr
		test_time
		test_loss
		train_ACC
		test_ACC
		train_cls_loss
		test_cls_loss
	Created new checkpoint file: ./results/msg3d/ntu/1/train/msg3d_ucf101_1_base_D1.pt
		1 EPOCH BEST TEST ACC: 0.1489647626876831
			Train time: 31.23 seconds
			Test time: 7.70 seconds
		2 EPOCH BEST TEST ACC: 0.186071515083313
			Train time: 25.82 seconds
			Test time: 7.00 seconds
		3 EPOCH BEST TEST ACC: 0.26324278116226196
			Train time: 26.07 seconds
			Test time: 7.01 seconds
		4 EPOCH BEST TEST ACC: 0.2817961573600769
			Train time: 25.90 seconds
			Test time: 7.03 seconds
		5 EPOCH BEST TEST ACC: 0.3293896019458771
			Train time: 25.89 seconds
			Test time: 7.07 seconds
		6 EPOCH BEST TEST ACC: 0.3293896019458771
			Train time: 25.99 seconds
			Test time: 7.04 seconds
		7 EPOCH BEST TEST ACC: 0.3543963134288788
			Train time: 25.94 seconds
			Test time: 7.03 seconds
		8 EPOCH BEST TEST ACC: 0.38881418108940125
			Train time: 25.95 seconds
			Test time: 6.98 seconds
		9 EPOCH BEST TEST ACC: 0.4485076367855072
			Train time: 25.99 seconds
			Test time: 7.10 seconds
		10 EPOCH BEST TEST ACC: 0.4485076367855072
			Train time: 25.98 seconds
			Test time: 7.04 seconds
		11 EPOCH BEST TEST ACC: 0.4485076367855072
			Train time: 26.00 seconds
			Test time: 7.07 seconds
		12 EPOCH BEST TEST ACC: 0.46275877952575684
			Train time: 25.99 seconds
			Test time: 7.07 seconds
		13 EPOCH BEST TEST ACC: 0.4762032628059387
			Train time: 26.03 seconds
			Test time: 7.03 seconds
		14 EPOCH BEST TEST ACC: 0.486689954996109
			Train time: 25.91 seconds
			Test time: 6.99 seconds
		15 EPOCH BEST TEST ACC: 0.486689954996109
			Train time: 25.95 seconds
			Test time: 7.03 seconds
		16 EPOCH BEST TEST ACC: 0.486689954996109
			Train time: 25.92 seconds
			Test time: 7.03 seconds
		17 EPOCH BEST TEST ACC: 0.486689954996109
			Train time: 26.00 seconds
			Test time: 7.04 seconds
		18 EPOCH BEST TEST ACC: 0.486689954996109
			Train time: 25.88 seconds
			Test time: 7.04 seconds
		19 EPOCH BEST TEST ACC: 0.486689954996109
			Train time: 26.01 seconds
			Test time: 7.02 seconds
		20 EPOCH BEST TEST ACC: 0.486689954996109
			Train time: 26.06 seconds
			Test time: 7.07 seconds
		21 EPOCH BEST TEST ACC: 0.4901854991912842
			Train time: 25.87 seconds
			Test time: 7.11 seconds
		22 EPOCH BEST TEST ACC: 0.5119655728340149
			Train time: 25.95 seconds
			Test time: 7.03 seconds
		23 EPOCH BEST TEST ACC: 0.5119655728340149
			Train time: 25.93 seconds
			Test time: 7.01 seconds
		24 EPOCH BEST TEST ACC: 0.5127722024917603
			Train time: 26.04 seconds
			Test time: 7.05 seconds
		25 EPOCH BEST TEST ACC: 0.5127722024917603
			Train time: 25.93 seconds
			Test time: 7.07 seconds
		26 EPOCH BEST TEST ACC: 0.5133100152015686
			Train time: 26.12 seconds
			Test time: 7.05 seconds
		27 EPOCH BEST TEST ACC: 0.5294433832168579
			Train time: 26.00 seconds
			Test time: 7.01 seconds
		28 EPOCH BEST TEST ACC: 0.5305189490318298
			Train time: 27.28 seconds
			Test time: 7.25 seconds
		29 EPOCH BEST TEST ACC: 0.5305189490318298
			Train time: 26.86 seconds
			Test time: 7.06 seconds
		30 EPOCH BEST TEST ACC: 0.5305189490318298
			Train time: 26.36 seconds
			Test time: 7.11 seconds
		31 EPOCH BEST TEST ACC: 0.5945146083831787
			Train time: 26.43 seconds
			Test time: 7.16 seconds
		32 EPOCH BEST TEST ACC: 0.5955901741981506
			Train time: 26.48 seconds
			Test time: 7.10 seconds
		33 EPOCH BEST TEST ACC: 0.601236879825592
			Train time: 26.23 seconds
			Test time: 7.20 seconds
		34 EPOCH BEST TEST ACC: 0.601236879825592
			Train time: 26.51 seconds
			Test time: 7.32 seconds
		35 EPOCH BEST TEST ACC: 0.601236879825592
			Train time: 26.46 seconds
			Test time: 7.09 seconds
		36 EPOCH BEST TEST ACC: 0.601236879825592
			Train time: 26.25 seconds
			Test time: 7.17 seconds
		37 EPOCH BEST TEST ACC: 0.601236879825592
			Train time: 26.15 seconds
			Test time: 7.18 seconds
		38 EPOCH BEST TEST ACC: 0.6082279682159424
			Train time: 26.31 seconds
			Test time: 7.17 seconds
		39 EPOCH BEST TEST ACC: 0.6082279682159424
			Train time: 26.38 seconds
			Test time: 7.27 seconds
		40 EPOCH BEST TEST ACC: 0.6082279682159424
			Train time: 27.02 seconds
			Test time: 7.36 seconds
		41 EPOCH BEST TEST ACC: 0.6082279682159424
			Train time: 26.08 seconds
			Test time: 7.28 seconds
		42 EPOCH BEST TEST ACC: 0.6082279682159424
			Train time: 26.19 seconds
			Test time: 7.24 seconds
		43 EPOCH BEST TEST ACC: 0.6082279682159424
			Train time: 26.17 seconds
			Test time: 7.25 seconds
		44 EPOCH BEST TEST ACC: 0.6082279682159424
			Train time: 26.15 seconds
			Test time: 7.25 seconds
		45 EPOCH BEST TEST ACC: 0.6082279682159424
			Train time: 26.29 seconds
			Test time: 7.35 seconds
		46 EPOCH BEST TEST ACC: 0.6082279682159424
			Train time: 27.11 seconds
			Test time: 7.11 seconds
		47 EPOCH BEST TEST ACC: 0.6082279682159424
			Train time: 26.10 seconds
			Test time: 7.13 seconds
		48 EPOCH BEST TEST ACC: 0.6082279682159424
			Train time: 26.22 seconds
			Test time: 7.18 seconds
		49 EPOCH BEST TEST ACC: 0.6082279682159424
			Train time: 26.11 seconds
			Test time: 7.08 seconds
		50 EPOCH BEST TEST ACC: 0.6082279682159424
			Train time: 26.19 seconds
			Test time: 7.14 seconds
	Best train ACC: 0.9112722277641296
	Best test ACC: 0.6082279682159424

+-------------------- Job Report: 5764170 (FAILED) --------------------+
| Memory (RAM)  [########            ] 42.6% (2.1 GB peak / 5 GB)      |
| CPU           [############        ] 60.8% average                   |
| GPU           [#########           ] 45.8% average                   |
| Time          [---->               ] 23.9% (0-00:28:38 / 0-02:00:00) |
|                                                                      |
| Lustre Filesystem:                                                   |
|   Path    Total Read    Total Write      Total IOPS                  |
|   ------  ------------  -------------  ------------                  |
|   /apps   436 KB        0 B                    176                   |
|   /fred   26.4 GB       18.8 MB                 44                   |
|   /home   0 B           0 B                      1                   |
|   OS      56 KB         0 B                     45                   |
|                                                                      |
| Warnings:                                                            |
|   - Too much memory requested                                        |
|   - CPU usage is low                                                 |
|   - GPU usage is low                                                 |
|   - Too much time requested                                          |
+----------------------------------------------------------------------+
