SLURM_ARRAY_TASK_ID: 18
Start index: 34000
End index: 36000
Extracting flowpose samples for ntudataset with dilation 5...
Found 56578 available skeleton files.

Processing flowpose samples for ntu dataset...
	Index 34000 to 36000
	Skeleton S011C001P028R002A050 to S011C003P007R002A019
	Frames dropped for S011C001P038R001A059: 9
		Frame 0 in skip list, add blank frame to poses
	Frames dropped for S011C002P001R001A060: 11
	Frames dropped for S011C002P002R002A059: 31
		Frame 0 in skip list, add blank frame to poses
	Frames dropped for S011C002P007R002A059: 12
		Frame 0 in skip list, add blank frame to poses
	Frames dropped for S011C002P007R002A060: 1
Processed 34000-34499 in 8575.95 seconds
	Frames dropped for S011C002P008R002A060: 17
Processed 34500-34999 in 8699.59 seconds
	Frames dropped for S011C002P019R001A014: 7
		Frame 0 in skip list, add blank frame to poses
	Frames dropped for S011C002P019R001A059: 27
		Frame 0 in skip list, add blank frame to poses
	Frames dropped for S011C002P019R001A060: 5
	Frames dropped for S011C002P025R001A060: 51
	Frames dropped for S011C002P027R001A008: 27
Processed 35000-35499 in 9164.86 seconds
	Frames dropped for S011C003P001R001A060: 22
	Frames dropped for S011C003P002R001A008: 6
	Frames dropped for S011C003P007R001A060: 3
Processed 35500-35999 in 8595.46 seconds
Flowpose samples for ntu dataset generated successfully!
Data saved to ./data/ntu/flow_data/export_tmp

+------------------ Job Report: 3593548 (COMPLETED) -------------------+
| Memory (RAM)  [################    ] 83.2% (22.5 GB peak / 27 GB)    |
| CPU           [##################  ] 94.5% average                   |
| GPU           [################    ] 80.8% average                   |
| Time          [------------->      ] 69.8% (0-09:46:39 / 0-14:00:00) |
|                                                                      |
| Lustre Filesystem:                                                   |
|   Path    Total Read    Total Write    Total IOPS                    |
|   ------  ------------  -------------  ------------                  |
|   /apps   22.9 MB       0 B            262                           |
|   /fred   7.5 GB        13.6 KB        11.1 K                        |
|   /home   0 B           0 B            3                             |
|   OS      17.8 MB       0 B            289                           |
|                                                                      |
| Warnings:                                                            |
|   - Too much time requested                                          |
+----------------------------------------------------------------------+
