SLURM_ARRAY_TASK_ID: 22
Start index: 42000
End index: 44000
Extracting flowpose samples for ntudataset with dilation 1...
Found 56578 available skeleton files.

Processing flowpose samples for ntu dataset...
	Index 42000 to 44000
	Skeleton S013C001P019R002A048 to S013C003P008R002A011
Processed 42000-42499 in 7860.14 seconds
Processed 42500-42999 in 7980.84 seconds
	Frames dropped for S013C002P025R002A060: 5
	Frames dropped for S013C002P027R001A037: 54
		Frame 0 in skip list, add blank frame to poses
Processed 43000-43499 in 8394.92 seconds
	Frames dropped for S013C002P037R002A055: 6
	Frames dropped for S013C003P008R001A059: 45
		Frame 0 in skip list, add blank frame to poses
	Frames dropped for S013C003P008R001A060: 11
Processed 43500-43999 in 8158.52 seconds
Flowpose samples for ntu dataset generated successfully!
Data saved to ./data/ntu/flow_data/export_tmp

+------------------ Job Report: 4282273 (COMPLETED) -------------------+
| Memory (RAM)  [#################   ] 89.0% (24 GB peak / 27 GB)      |
| CPU           [##################  ] 93.7% average                   |
| GPU           [###############     ] 76.0% average                   |
| Time          [------------>       ] 64.4% (0-09:00:56 / 0-14:00:00) |
|                                                                      |
| Lustre Filesystem:                                                   |
|   Path    Total Read    Total Write    Total IOPS                    |
|   ------  ------------  -------------  ------------                  |
|   /apps   5.8 MB        0 B            217                           |
|   /fred   7.4 GB        4.3 KB         8 K                           |
|   /home   0 B           0 B            2                             |
|   OS      124 KB        0 B            61                            |
|                                                                      |
| Warnings:                                                            |
|   - Too much time requested                                          |
+----------------------------------------------------------------------+
