SLURM_ARRAY_TASK_ID: 29
Start index: 56000
End index: 58000
Found 56578 available skeleton files.

Processing flowpose samples for ntu dataset...
	Index 56000 to 58000
	Skeleton S017C003P009R001A020 to S017C003P020R002A060
	Frames dropped for S017C003P009R001A059: 39
		Frame 0 in skip list, add blank frame to poses
	Frames dropped for S017C003P009R001A060: 12
Processed 56000-56499 in 7925.89 seconds
	Frames dropped for S017C003P020R001A060: 6
Flowpose samples for ntu dataset generated successfully!
Data saved to ./data/ntu/flow_data/export_tmp

+------------------ Job Report: 1232171 (COMPLETED) -------------------+
| Memory (RAM)  [###########         ] 56.4% (15.2 GB peak / 27 GB)    |
| CPU           [##################  ] 92.2% average                   |
| GPU           [##############      ] 71.3% average                   |
| Time          [---->               ] 21.5% (0-02:35:00 / 0-12:00:00) |
|                                                                      |
| Lustre Filesystem:                                                   |
|   Path    Total Read    Total Write    Total IOPS                    |
|   ------  ------------  -------------  ------------                  |
|   /apps   3.5 MB        0 B            32                            |
|   /fred   975.7 MB      1.3 KB         1.7 K                         |
|   OS      960 KB        0 B            6                             |
|                                                                      |
| Warnings:                                                            |
|   - GPU usage is low                                                 |
|   - Too much time requested                                          |
+----------------------------------------------------------------------+
