SLURM_ARRAY_TASK_ID: 23
Start index: 44000
End index: 46000
Extracting flowpose samples for ntudataset with dilation 1...
Found 56578 available skeleton files.

Processing flowpose samples for ntu dataset...
	Index 44000 to 46000
	Skeleton S013C003P008R002A012 to S014C001P037R001A038
	Frames dropped for S013C003P018R001A055: 6
Processed 44000-44499 in 7426.45 seconds
	Frames dropped for S013C003P025R001A055: 13
	Frames dropped for S013C003P025R001A059: 42
		Frame 0 in skip list, add blank frame to poses
	Frames dropped for S013C003P025R002A059: 34
		Frame 0 in skip list, add blank frame to poses
	Frames dropped for S013C003P025R002A060: 11
Processed 44500-44999 in 7729.73 seconds
	Frames dropped for S013C003P037R002A055: 16
	Frames dropped for S014C001P007R002A059: 51
		Frame 0 in skip list, add blank frame to poses
	Frames dropped for S014C001P007R002A060: 6
	Frames dropped for S014C001P008R002A060: 27
Processed 45000-45499 in 8663.66 seconds
	Frames dropped for S014C001P025R002A060: 7
Processed 45500-45999 in 8156.49 seconds
Flowpose samples for ntu dataset generated successfully!
Data saved to ./data/ntu/flow_data/export_tmp

+------------------ Job Report: 4282425 (COMPLETED) -------------------+
| Memory (RAM)  [##################  ] 90.9% (24.5 GB peak / 27 GB)    |
| CPU           [##################  ] 93.4% average                   |
| GPU           [###############     ] 79.2% average                   |
| Time          [------------>       ] 63.6% (0-08:54:07 / 0-14:00:00) |
|                                                                      |
| Lustre Filesystem:                                                   |
|   Path    Total Read    Total Write    Total IOPS                    |
|   ------  ------------  -------------  ------------                  |
|   /apps   5.3 MB        0 B            214                           |
|   /fred   6.8 GB        8.9 KB         9.3 K                         |
|   /home   0 B           0 B            2                             |
|   OS      13.2 MB       0 B            66                            |
|                                                                      |
| Warnings:                                                            |
|   - Too much time requested                                          |
+----------------------------------------------------------------------+
