SLURM_ARRAY_TASK_ID: 8
Start index: 14000
End index: 16000
Extracting flowpose samples for ntudataset with dilation 1...
Found 56578 available skeleton files.

Processing flowpose samples for ntu dataset...
	Index 14000 to 16000
	Skeleton S006C001P015R001A004 to S006C002P024R002A035
	Frames dropped for S006C001P016R001A008: 6
		Frame 0 in skip list, add blank frame to poses
	Frames dropped for S006C001P017R001A060: 7
Processed 14000-14499 in 8323.79 seconds
	Frames dropped for S006C001P023R001A055: 35
	Frames dropped for S006C002P007R001A007: 19
		Frame 0 in skip list, add blank frame to poses
Processed 14500-14999 in 8738.86 seconds
	Frames dropped for S006C002P007R001A060: 6
	Frames dropped for S006C002P007R002A014: 31
	Frames dropped for S006C002P008R001A060: 14
	Frames dropped for S006C002P008R002A059: 48
		Frame 0 in skip list, add blank frame to poses
	Frames dropped for S006C002P008R002A060: 20
	Frames dropped for S006C002P016R001A008: 9
	Frames dropped for S006C002P016R001A042: 7
Processed 15000-15499 in 8686.06 seconds
	Frames dropped for S006C002P022R002A059: 32
		Frame 0 in skip list, add blank frame to poses
	Frames dropped for S006C002P023R001A014: 68
		Frame 0 in skip list, add blank frame to poses
Processed 15500-15999 in 9072.53 seconds
Flowpose samples for ntu dataset generated successfully!
Data saved to ./data/ntu/flow_data/export_tmp

+------------------ Job Report: 4264257 (COMPLETED) -------------------+
| Memory (RAM)  [#################   ] 86.7% (23.4 GB peak / 27 GB)    |
| CPU           [##################  ] 93.5% average                   |
| GPU           [###############     ] 76.6% average                   |
| Time          [------------->      ] 69.2% (0-09:41:13 / 0-14:00:00) |
|                                                                      |
| Lustre Filesystem:                                                   |
|   Path    Total Read    Total Write    Total IOPS                    |
|   ------  ------------  -------------  ------------                  |
|   /apps   364 KB        0 B            223                           |
|   /fred   4.2 GB        12.3 KB        5.9 K                         |
|   /home   0 B           0 B            1                             |
|   OS      16.6 MB       0 B            42                            |
|                                                                      |
| Warnings:                                                            |
|   - Too much time requested                                          |
+----------------------------------------------------------------------+
