SLURM_ARRAY_TASK_ID: 4
Found 56578 available skeleton files.

Processing flowpose samples for ntu dataset...
	Index 6000 to 8000
	Skeleton S002C003P014R001A014 to S003C002P017R002A036
	Frames dropped for S002C003P014R001A055: 25
	Frames dropped for S002C003P014R002A055: 26
	Frames dropped for S003C001P001R002A059: 26
		Frame 0 in skip list, add blank frame to poses
	Frames dropped for S003C001P002R001A059: 52
		Frame 0 in skip list, add blank frame to poses
Processed 6000-6499 in 8722.22 seconds
	Frames dropped for S003C001P008R001A059: 40
		Frame 0 in skip list, add blank frame to poses
	Frames dropped for S003C001P008R001A060: 6
	Frames dropped for S003C001P008R002A060: 18
Processed 6500-6999 in 8787.96 seconds
	Frames dropped for S003C001P019R001A059: 39
		Frame 0 in skip list, add blank frame to poses
	Frames dropped for S003C002P002R001A059: 38
		Frame 0 in skip list, add blank frame to poses
	Frames dropped for S003C002P002R002A017: 5
	Frames dropped for S003C002P007R001A059: 44
		Frame 0 in skip list, add blank frame to poses
Processed 7000-7499 in 8922.20 seconds
	Frames dropped for S003C002P008R001A008: 24
		Frame 0 in skip list, add blank frame to poses
	Frames dropped for S003C002P008R001A059: 38
		Frame 0 in skip list, add blank frame to poses
	Frames dropped for S003C002P015R002A055: 24
	Frames dropped for S003C002P017R001A055: 29
Processed 7500-7999 in 8757.13 seconds
Flowpose samples for ntu dataset generated successfully!
Data saved to ./data/ntu/flow_data

+------------------ Job Report: 1067354 (COMPLETED) -------------------+
| Memory (RAM)  [################    ] 80.6% (20.1 GB peak / 25 GB)    |
| CPU           [##################  ] 92.9% average                   |
| GPU           [##############      ] 74.5% average                   |
| Time          [---------------->   ] 81.5% (0-09:46:54 / 0-12:00:00) |
|                                                                      |
| Lustre Filesystem:                                                   |
|   Path    Total Read    Total Write    Total IOPS                    |
|   ------  ------------  -------------  ------------                  |
|   /apps   0 B           0 B            21                            |
|   /fred   5 GB          14.2 KB        7.7 K                         |
|   /home   0 B           0 B            1                             |
|   OS      0 B           0 B            217                           |
|                                                                      |
| Warnings:                                                            |
|   - GPU usage is low                                                 |
+----------------------------------------------------------------------+
