SLURM_ARRAY_TASK_ID: 9
Start index: 16000
End index: 18000
Extracting flowpose samples for ntudataset with dilation 1...
Found 56578 available skeleton files.

Processing flowpose samples for ntu dataset...
	Index 16000 to 18000
	Skeleton S006C002P024R002A036 to S007C001P018R002A005
	Frames dropped for S006C003P007R001A014: 28
	Frames dropped for S006C003P008R001A014: 13
	Frames dropped for S006C003P008R001A059: 51
		Frame 0 in skip list, add blank frame to poses
	Frames dropped for S006C003P008R001A060: 5
Processed 16000-16499 in 8455.70 seconds
	Frames dropped for S006C003P019R001A059: 38
		Frame 0 in skip list, add blank frame to poses
	Frames dropped for S006C003P019R001A060: 16
	Frames dropped for S006C003P019R002A050: 18
		Frame 0 in skip list, add blank frame to poses
	Frames dropped for S006C003P022R001A059: 66
		Frame 0 in skip list, add blank frame to poses
Processed 16500-16999 in 9113.09 seconds
	Frames dropped for S006C003P023R001A060: 5
	Frames dropped for S006C003P024R002A055: 24
Processed 17000-17499 in 8417.52 seconds
	Frames dropped for S007C001P015R001A055: 10
	Frames dropped for S007C001P018R001A014: 33
Processed 17500-17999 in 8181.85 seconds
Flowpose samples for ntu dataset generated successfully!
Data saved to ./data/ntu/flow_data/export_tmp

+------------------ Job Report: 4264258 (COMPLETED) -------------------+
| Memory (RAM)  [#################   ] 88.4% (23.9 GB peak / 27 GB)    |
| CPU           [##################  ] 93.9% average                   |
| GPU           [###############     ] 78.1% average                   |
| Time          [------------->      ] 67.8% (0-09:29:50 / 0-14:00:00) |
|                                                                      |
| Lustre Filesystem:                                                   |
|   Path    Total Read    Total Write    Total IOPS                    |
|   ------  ------------  -------------  ------------                  |
|   /apps   0 B           0 B            24                            |
|   /fred   4.9 GB        9.6 KB         7.8 K                         |
|   /home   0 B           0 B            1                             |
|   OS      0 B           0 B            215                           |
|                                                                      |
| Warnings:                                                            |
|   - Too much time requested                                          |
+----------------------------------------------------------------------+
