SLURM_ARRAY_TASK_ID: 15
Start index: 28000
End index: 30000
Extracting flowpose samples for ntudataset with dilation 1...
Found 56578 available skeleton files.

Processing flowpose samples for ntu dataset...
	Index 28000 to 30000
	Skeleton S009C002P019R002A035 to S010C001P021R001A057
	Frames dropped for S009C002P019R002A059: 10
	Frames dropped for S009C002P019R002A060: 32
		Frame 0 in skip list, add blank frame to poses
	Frames dropped for S009C002P025R002A060: 13
	Frames dropped for S009C003P008R001A059: 34
		Frame 0 in skip list, add blank frame to poses
	Frames dropped for S009C003P008R001A060: 23
Processed 28000-28499 in 9521.16 seconds
	Frames dropped for S009C003P019R001A014: 132
	Frames dropped for S009C003P019R001A060: 1
	Frames dropped for S009C003P019R002A055: 27
Processed 28500-28999 in 8713.14 seconds
	Frames dropped for S010C001P007R002A060: 12
	Frames dropped for S010C001P008R001A059: 52
		Frame 0 in skip list, add blank frame to poses
	Frames dropped for S010C001P008R001A060: 6
	Frames dropped for S010C001P008R002A059: 54
		Frame 0 in skip list, add blank frame to poses
	Frames dropped for S010C001P008R002A060: 16
Processed 29000-29499 in 9126.90 seconds
	Frames dropped for S010C001P016R001A060: 18
	Frames dropped for S010C001P018R002A008: 6
Processed 29500-29999 in 9001.78 seconds
Flowpose samples for ntu dataset generated successfully!
Data saved to ./data/ntu/flow_data/export_tmp

+------------------ Job Report: 4281658 (COMPLETED) -------------------+
| Memory (RAM)  [#################   ] 89.8% (24.2 GB peak / 27 GB)    |
| CPU           [##################  ] 93.5% average                   |
| GPU           [###############     ] 78.2% average                   |
| Time          [-------------->     ] 72.3% (0-10:07:05 / 0-14:00:00) |
|                                                                      |
| Lustre Filesystem:                                                   |
|   Path    Total Read    Total Write    Total IOPS                    |
|   ------  ------------  -------------  ------------                  |
|   /apps   4.3 MB        0 B            192                           |
|   /fred   6.7 GB        13.5 KB        7.6 K                         |
|   /home   0 B           0 B            2                             |
|   OS      27 MB         0 B            62                            |
+----------------------------------------------------------------------+
