SLURM_ARRAY_TASK_ID: 24
Found 56578 available skeleton files.

Processing flowpose samples for ntu dataset...
	Index 46000 to 48000
	Skeleton S014C001P037R001A039 to S014C003P027R001A007
	Frames dropped for S014C001P039R001A059: 63
		Frame 0 in skip list, add blank frame to poses
	Frames dropped for S014C002P007R001A002: 10
		Frame 0 in skip list, add blank frame to poses
	Frames dropped for S014C002P007R002A059: 30
	Frames dropped for S014C002P008R002A043: 28
	Frames dropped for S014C002P008R002A059: 52
Processed 46000-46499 in 9250.60 seconds
	Frames dropped for S014C002P019R002A059: 43
		Frame 0 in skip list, add blank frame to poses
Processed 46500-46999 in 8259.75 seconds
	Frames dropped for S014C002P027R002A059: 54
		Frame 0 in skip list, add blank frame to poses
	Frames dropped for S014C002P027R002A060: 33
		Frame 0 in skip list, add blank frame to poses
	Frames dropped for S014C002P037R002A059: 56
		Frame 0 in skip list, add blank frame to poses
	Frames dropped for S014C002P039R002A055: 21
Processed 47000-47499 in 9588.27 seconds
	Frames dropped for S014C003P008R002A059: 33
	Frames dropped for S014C003P008R002A060: 8
	Frames dropped for S014C003P017R002A008: 5
	Frames dropped for S014C003P025R002A059: 54
		Frame 0 in skip list, add blank frame to poses
Processed 47500-47999 in 8321.25 seconds
Flowpose samples for ntu dataset generated successfully!
Data saved to ./data/ntu/flow_data

+------------------ Job Report: 1100760 (COMPLETED) -------------------+
| Memory (RAM)  [################### ] 98.5% (24.6 GB peak / 25 GB)    |
| CPU           [##################  ] 92.7% average                   |
| GPU           [##############      ] 72.6% average                   |
| Time          [---------------->   ] 82.5% (0-09:53:50 / 0-12:00:00) |
|                                                                      |
| Lustre Filesystem:                                                   |
|   Path    Total Read    Total Write    Total IOPS                    |
|   ------  ------------  -------------  ------------                  |
|   /apps   412 KB        0 B            42                            |
|   /fred   5.4 GB        13.2 KB        12.4 K                        |
|   /home   0 B           0 B            1                             |
|   OS      2.6 MB        0 B            435                           |
|                                                                      |
| Warnings:                                                            |
|   - GPU usage is low                                                 |
+----------------------------------------------------------------------+
