SLURM_ARRAY_TASK_ID: 28
Start index: 54000
End index: 56000
Extracting flowpose samples for ntudataset with dilation 5...
Found 56578 available skeleton files.

Processing flowpose samples for ntu dataset...
	Index 54000 to 56000
	Skeleton S017C001P008R001A052 to S017C003P009R001A019
Processed 54000-54499 in 7965.70 seconds
	Frames dropped for S017C002P003R002A059: 50
		Frame 0 in skip list, add blank frame to poses
	Frames dropped for S017C002P003R002A060: 3
	Frames dropped for S017C002P007R002A059: 70
		Frame 0 in skip list, add blank frame to poses
	Frames dropped for S017C002P008R001A008: 13
Processed 54500-54999 in 8711.36 seconds
	Frames dropped for S017C002P008R002A059: 62
		Frame 0 in skip list, add blank frame to poses
	Frames dropped for S017C002P009R001A060: 8
	Frames dropped for S017C002P009R002A059: 36
		Frame 0 in skip list, add blank frame to poses
	Frames dropped for S017C002P009R002A060: 9
	Frames dropped for S017C002P015R002A059: 44
		Frame 0 in skip list, add blank frame to poses
	Frames dropped for S017C002P015R002A060: 3
	Frames dropped for S017C002P016R001A055: 20
	Frames dropped for S017C002P017R001A008: 12
Processed 55000-55499 in 7722.13 seconds
	Frames dropped for S017C002P017R002A059: 31
		Frame 0 in skip list, add blank frame to poses
	Frames dropped for S017C002P017R002A060: 7
	Frames dropped for S017C002P020R001A059: 63
		Frame 0 in skip list, add blank frame to poses
	Frames dropped for S017C002P020R002A059: 49
		Frame 0 in skip list, add blank frame to poses
	Frames dropped for S017C003P003R001A059: 44
		Frame 0 in skip list, add blank frame to poses
	Frames dropped for S017C003P003R001A060: 7
	Frames dropped for S017C003P007R002A059: 30
Processed 55500-55999 in 8927.62 seconds
Flowpose samples for ntu dataset generated successfully!
Data saved to ./data/ntu/flow_data/export_tmp

+------------------ Job Report: 3593656 (COMPLETED) -------------------+
| Memory (RAM)  [#############       ] 67.4% (18.2 GB peak / 27 GB)    |
| CPU           [##################  ] 93.6% average                   |
| GPU           [##############      ] 74.0% average                   |
| Time          [------------->      ] 66.2% (0-09:15:50 / 0-14:00:00) |
|                                                                      |
| Lustre Filesystem:                                                   |
|   Path    Total Read    Total Write    Total IOPS                    |
|   ------  ------------  -------------  ------------                  |
|   /apps   0 B           0 B            19                            |
|   /fred   3.7 GB        22 KB          7.7 K                         |
|   /home   0 B           0 B            1                             |
|   OS      0 B           0 B            219                           |
|                                                                      |
| Warnings:                                                            |
|   - GPU usage is low                                                 |
|   - Too much time requested                                          |
+----------------------------------------------------------------------+
