SLURM_ARRAY_TASK_ID: 12
Start index: 22000
End index: 24000
Extracting flowpose samples for ntudataset with dilation 1...
Found 56578 available skeleton files.

Processing flowpose samples for ntu dataset...
	Index 22000 to 24000
	Skeleton S008C001P019R001A018 to S008C002P029R002A047
	Frames dropped for S008C001P019R001A060: 18
	Frames dropped for S008C001P025R002A055: 12
	Frames dropped for S008C001P030R001A018: 6
Processed 22000-22499 in 8562.38 seconds
Processed 22500-22999 in 8375.21 seconds
	Frames dropped for S008C001P035R001A059: 46
		Frame 0 in skip list, add blank frame to poses
	Frames dropped for S008C001P035R002A055: 13
	Frames dropped for S008C002P001R001A037: 36
		Frame 0 in skip list, add blank frame to poses
Processed 23000-23499 in 8023.25 seconds
	Frames dropped for S008C002P008R002A060: 4
Processed 23500-23999 in 8878.55 seconds
Flowpose samples for ntu dataset generated successfully!
Data saved to ./data/ntu/flow_data/export_tmp

+------------------ Job Report: 4267123 (COMPLETED) -------------------+
| Memory (RAM)  [#################   ] 87.8% (23.7 GB peak / 27 GB)    |
| CPU           [##################  ] 93.1% average                   |
| GPU           [###############     ] 77.7% average                   |
| Time          [------------->      ] 67.4% (0-09:26:07 / 0-14:00:00) |
|                                                                      |
| Lustre Filesystem:                                                   |
|   Path    Total Read    Total Write    Total IOPS                    |
|   ------  ------------  -------------  ------------                  |
|   /apps   21.2 MB       0 B            31                            |
|   /fred   5.1 GB        5.7 KB         10.6 K                        |
|   /home   0 B           0 B            1                             |
|   OS      0 B           0 B            197                           |
|                                                                      |
| Warnings:                                                            |
|   - Too much time requested                                          |
+----------------------------------------------------------------------+
