SLURM_ARRAY_TASK_ID: 11
Start index: 20000
End index: 22000
Extracting flowpose samples for ntudataset with dilation 5...
Found 56578 available skeleton files.

Processing flowpose samples for ntu dataset...
	Index 20000 to 22000
	Skeleton S007C002P028R001A041 to S008C001P019R001A017
	Frames dropped for S007C003P007R002A002: 8
		Frame 0 in skip list, add blank frame to poses
	Frames dropped for S007C003P008R001A060: 9
	Frames dropped for S007C003P015R001A055: 20
Processed 20000-20499 in 8487.40 seconds
Processed 20500-20999 in 8494.80 seconds
	Frames dropped for S007C003P028R001A052: 28
Processed 21000-21499 in 8251.52 seconds
	Frames dropped for S008C001P007R002A059: 33
		Frame 0 in skip list, add blank frame to poses
	Frames dropped for S008C001P008R001A059: 47
		Frame 0 in skip list, add blank frame to poses
	Frames dropped for S008C001P008R002A059: 42
		Frame 0 in skip list, add blank frame to poses
	Frames dropped for S008C001P008R002A060: 5
Processed 21500-21999 in 7901.59 seconds
Flowpose samples for ntu dataset generated successfully!
Data saved to ./data/ntu/flow_data/export_tmp

+------------------ Job Report: 3593541 (COMPLETED) -------------------+
| Memory (RAM)  [################    ] 82.1% (22.2 GB peak / 27 GB)    |
| CPU           [##################  ] 93.3% average                   |
| GPU           [###############     ] 75.3% average                   |
| Time          [------------->      ] 66.1% (0-09:15:30 / 0-14:00:00) |
|                                                                      |
| Lustre Filesystem:                                                   |
|   Path    Total Read    Total Write    Total IOPS                    |
|   ------  ------------  -------------  ------------                  |
|   /apps   12.2 MB       0 B            37                            |
|   /fred   5.9 GB        7 KB           9.6 K                         |
|   /home   0 B           0 B            1                             |
|   OS      4.4 MB        0 B            484                           |
|                                                                      |
| Warnings:                                                            |
|   - Too much time requested                                          |
+----------------------------------------------------------------------+
