SLURM_ARRAY_TASK_ID: 7
Start index: 12000
End index: 14000
Extracting flowpose samples for ntudataset with dilation 1...
Found 56578 available skeleton files.

Processing flowpose samples for ntu dataset...
	Index 12000 to 14000
	Skeleton S005C002P013R001A035 to S006C001P015R001A003
	Frames dropped for S005C002P013R002A055: 1
	Frames dropped for S005C002P016R001A008: 16
Processed 12000-12499 in 8007.25 seconds
	Frames dropped for S005C002P021R001A055: 32
	Frames dropped for S005C003P004R001A059: 61
		Frame 0 in skip list, add blank frame to poses
Processed 12500-12999 in 8730.61 seconds
	Frames dropped for S005C003P015R001A055: 13
	Frames dropped for S005C003P016R002A008: 15
	Frames dropped for S005C003P016R002A020: 44
		Frame 0 in skip list, add blank frame to poses
Processed 13000-13499 in 7695.04 seconds
	Frames dropped for S005C003P021R001A055: 32
	Frames dropped for S005C003P021R002A055: 13
	Frames dropped for S006C001P008R001A059: 39
		Frame 0 in skip list, add blank frame to poses
Processed 13500-13999 in 9392.84 seconds
Flowpose samples for ntu dataset generated successfully!
Data saved to ./data/ntu/flow_data/export_tmp

+------------------ Job Report: 4264256 (COMPLETED) -------------------+
| Memory (RAM)  [############        ] 61.1% (16.5 GB peak / 27 GB)    |
| CPU           [##################  ] 90.9% average                   |
| GPU           [##############      ] 72.7% average                   |
| Time          [------------->      ] 67.2% (0-09:24:51 / 0-14:00:00) |
|                                                                      |
| Lustre Filesystem:                                                   |
|   Path    Total Read    Total Write    Total IOPS                    |
|   ------  ------------  -------------  ------------                  |
|   /apps   5.2 MB        0 B            246                           |
|   /fred   5.4 GB        908 MB         5.9 K                         |
|   /home   0 B           0 B            2                             |
|   OS      960 KB        0 B            42                            |
|                                                                      |
| Warnings:                                                            |
|   - GPU usage is low                                                 |
|   - Too much time requested                                          |
+----------------------------------------------------------------------+
