SLURM_ARRAY_TASK_ID: 17
Start index: 32000
End index: 34000
Extracting flowpose samples for ntudataset with dilation 5...
Found 56578 available skeleton files.

Processing flowpose samples for ntu dataset...
	Index 32000 to 34000
	Skeleton S010C003P017R001A027 to S011C001P028R002A049
	Frames dropped for S010C003P019R002A055: 19
Processed 32000-32499 in 8942.13 seconds
	Frames dropped for S010C003P025R001A060: 5
	Frames dropped for S011C001P007R001A060: 6
	Frames dropped for S011C001P007R002A060: 1
Processed 32500-32999 in 8435.96 seconds
Processed 33000-33499 in 8376.60 seconds
	Frames dropped for S011C001P025R001A060: 10
Processed 33500-33999 in 9138.70 seconds
Flowpose samples for ntu dataset generated successfully!
Data saved to ./data/ntu/flow_data/export_tmp

+------------------ Job Report: 3593547 (COMPLETED) -------------------+
| Memory (RAM)  [################    ] 84.0% (22.7 GB peak / 27 GB)    |
| CPU           [##################  ] 94.2% average                   |
| GPU           [###############     ] 79.6% average                   |
| Time          [------------->      ] 69.6% (0-09:44:17 / 0-14:00:00) |
|                                                                      |
| Lustre Filesystem:                                                   |
|   Path    Total Read    Total Write    Total IOPS                    |
|   ------  ------------  -------------  ------------                  |
|   /apps   15.5 MB       0 B            245                           |
|   /fred   7.6 GB        4 KB           11.1 K                        |
|   /home   0 B           0 B            3                             |
|   OS      17.8 MB       0 B            289                           |
|                                                                      |
| Warnings:                                                            |
|   - Too much time requested                                          |
+----------------------------------------------------------------------+
