SLURM_ARRAY_TASK_ID: 26
Found 56578 available skeleton files.

Processing flowpose samples for ntu dataset...
	Index 50000 to 52000
	Skeleton S015C002P019R002A040 to S016C001P040R002A019
	Frames dropped for S015C002P025R002A055: 7
	Frames dropped for S015C002P025R002A059: 36
		Frame 0 in skip list, add blank frame to poses
	Frames dropped for S015C002P037R001A060: 6
	Frames dropped for S015C003P007R001A059: 32
		Frame 0 in skip list, add blank frame to poses
	Frames dropped for S015C003P008R002A013: 27
		Frame 0 in skip list, add blank frame to poses
Processed 50000-50499 in 9689.53 seconds
	Frames dropped for S015C003P015R002A008: 19
	Frames dropped for S015C003P016R002A008: 2
Processed 50500-50999 in 8963.95 seconds
	Frames dropped for S015C003P037R001A055: 27
	Frames dropped for S016C001P007R002A008: 4
	Frames dropped for S016C001P008R001A060: 13
	Frames dropped for S016C001P008R002A059: 42
		Frame 0 in skip list, add blank frame to poses
	Frames dropped for S016C001P019R001A014: 3
		Frame 0 in skip list, add blank frame to poses
Processed 51000-51499 in 9711.18 seconds
	Frames dropped for S016C001P019R002A011: 29
Processed 51500-51999 in 9594.84 seconds
Flowpose samples for ntu dataset generated successfully!
Data saved to ./data/ntu/flow_data

+------------------ Job Report: 1104354 (COMPLETED) -------------------+
| Memory (RAM)  [################### ] 99.0% (24.8 GB peak / 25 GB)    |
| CPU           [##################  ] 92.0% average                   |
| GPU           [##############      ] 72.7% average                   |
| Time          [----------------->  ] 88.0% (0-10:33:30 / 0-12:00:00) |
|                                                                      |
| Lustre Filesystem:                                                   |
|   Path    Total Read    Total Write    Total IOPS                    |
|   ------  ------------  -------------  ------------                  |
|   /apps   136 KB        0 B            25                            |
|   /fred   5.1 GB        11.1 KB        5.9 K                         |
|   /home   0 B           0 B            1                             |
|   OS      0 B           0 B            3                             |
|                                                                      |
| Warnings:                                                            |
|   - GPU usage is low                                                 |
+----------------------------------------------------------------------+
