SLURM_ARRAY_TASK_ID: 6
Found 56578 available skeleton files.

Processing flowpose samples for ntu dataset...
	Index 10000 to 12000
	Skeleton S004C002P007R002A002 to S005C002P013R001A034
	Frames dropped for S004C002P008R001A010: 31
		Frame 0 in skip list, add blank frame to poses
	Frames dropped for S004C002P020R001A060: 5
	Frames dropped for S004C003P003R001A059: 28
		Frame 0 in skip list, add blank frame to poses
Processed 10000-10499 in 10389.56 seconds
	Frames dropped for S005C001P004R001A059: 55
		Frame 0 in skip list, add blank frame to poses
Processed 10500-10999 in 10011.18 seconds
	Frames dropped for S005C001P015R002A042: 6
	Frames dropped for S005C001P016R002A042: 30
Processed 11000-11499 in 7834.57 seconds
	Frames dropped for S005C002P004R001A059: 51
	Frames dropped for S005C002P010R002A055: 6
Processed 11500-11999 in 9315.72 seconds
Flowpose samples for ntu dataset generated successfully!
Data saved to ./data/ntu/flow_data

+------------------ Job Report: 1067356 (COMPLETED) -------------------+
| Memory (RAM)  [###############     ] 76.5% (19.1 GB peak / 25 GB)    |
| CPU           [##################  ] 90.9% average                   |
| GPU           [##############      ] 71.3% average                   |
| Time          [----------------->  ] 87.0% (0-10:26:27 / 0-12:00:00) |
|                                                                      |
| Lustre Filesystem:                                                   |
|   Path    Total Read    Total Write    Total IOPS                    |
|   ------  ------------  -------------  ------------                  |
|   /apps   1.2 MB        0 B            22                            |
|   /fred   5.2 GB        6.3 KB         5.9 K                         |
|                                                                      |
| Warnings:                                                            |
|   - GPU usage is low                                                 |
+----------------------------------------------------------------------+
