SLURM_ARRAY_TASK_ID: 13
Start index: 24000
End index: 26000
Extracting flowpose samples for ntudataset with dilation 1...
Found 56578 available skeleton files.

Processing flowpose samples for ntu dataset...
	Index 24000 to 26000
	Skeleton S008C002P029R002A048 to S008C003P032R002A050
	Frames dropped for S008C002P031R002A055: 6
	Frames dropped for S008C002P031R002A059: 42
		Frame 0 in skip list, add blank frame to poses
	Frames dropped for S008C002P032R002A059: 41
		Frame 0 in skip list, add blank frame to poses
	Frames dropped for S008C002P033R002A059: 47
		Frame 0 in skip list, add blank frame to poses
Processed 24000-24499 in 8007.48 seconds
	Frames dropped for S008C002P035R002A055: 27
	Frames dropped for S008C002P035R002A059: 53
		Frame 0 in skip list, add blank frame to poses
	Frames dropped for S008C002P036R002A055: 27
	Frames dropped for S008C003P001R002A060: 2
	Frames dropped for S008C003P007R001A008: 21
	Frames dropped for S008C003P007R001A024: 32
		Frame 0 in skip list, add blank frame to poses
Processed 24500-24999 in 7317.80 seconds
	Frames dropped for S008C003P007R002A060: 2
	Frames dropped for S008C003P015R001A060: 14
	Frames dropped for S008C003P025R001A055: 8
	Frames dropped for S008C003P025R001A059: 44
		Frame 0 in skip list, add blank frame to poses
	Frames dropped for S008C003P025R001A060: 3
	Frames dropped for S008C003P025R002A007: 4
		Frame 0 in skip list, add blank frame to poses
Processed 25000-25499 in 8440.10 seconds
	Frames dropped for S008C003P025R002A014: 58
		Frame 0 in skip list, add blank frame to poses
	Frames dropped for S008C003P025R002A024: 30
		Frame 0 in skip list, add blank frame to poses
	Frames dropped for S008C003P031R001A059: 51
		Frame 0 in skip list, add blank frame to poses
	Frames dropped for S008C003P032R001A055: 38
	Frames dropped for S008C003P032R001A059: 43
		Frame 0 in skip list, add blank frame to poses
Processed 25500-25999 in 8724.03 seconds
Flowpose samples for ntu dataset generated successfully!
Data saved to ./data/ntu/flow_data/export_tmp

+------------------ Job Report: 4270092 (COMPLETED) -------------------+
| Memory (RAM)  [#################   ] 89.2% (24.1 GB peak / 27 GB)    |
| CPU           [##################  ] 92.7% average                   |
| GPU           [###############     ] 77.7% average                   |
| Time          [------------>       ] 64.9% (0-09:05:17 / 0-14:00:00) |
|                                                                      |
| Lustre Filesystem:                                                   |
|   Path    Total Read    Total Write    Total IOPS                    |
|   ------  ------------  -------------  ------------                  |
|   /apps   34.2 MB       0 B            228                           |
|   /fred   7.2 GB        580 MB         19.3 K                        |
|   /home   0 B           0 B            2                             |
|   OS      19 MB         0 B            524                           |
|                                                                      |
| Warnings:                                                            |
|   - Too much time requested                                          |
+----------------------------------------------------------------------+
