Copying file: ./data/ucf101/aligned_data/ucf101_03_D1.npz to /var/tmp/jobfs/data
Dataset copied to JOBFS: ucf101_03_D1.npz
Data path: /var/tmp/jobfs/data/ucf101_03_D1.npz
Run name: msg3d_ucf101_3_avg_D1

### Libraries loaded
feeder: feeders.ucf101.Feeder
feeder_args:
  data_paths: {1: './data/ucf101/aligned_data/ucf101_01_D1.npz', 2: './data/ucf101/aligned_data/ucf101_02_D1.npz', 3: './data/ucf101/aligned_data/ucf101_03_D1.npz'}
  label_path: ./data/ucf101/statistics/ucf101_annotations.yaml
  p_interval: [0.5, 1]
  random_choose: True
  random_shift: True
  window_size: 64
  random_move: True
  random_rot: True
  average_flow: True
  absolute_flow: False
  no_flow: False
extractor:
  data_paths: {'rgb_path': '../Datasets/UCF-101/', 'pose_path': './data/ucf101/pose/', 'flow_path': './data/ucf101/flow/', 'flowpose_path': './data/ucf101/flowpose/'}
  pose: {'weights': 'pretrained_models/yolo11x-pose.pt'}
  flow: {'weights': 'pretrained_models/raft_large.pt', 'imsize': [240, 320], 'minibatch_size': 16}
  flowpose: {'window_size': 5, 'threshold': 0.05, 'loop': False, 'norm': False, 'match_pose': False, 'ntu': False, 'dilation': 3}
model: models.msg3d.TEST_MODEL
model_args:
  num_class: 101
  num_point: 17
  num_person: 2
  num_gcn_scales: 2
  num_g3d_scales: 3
  graph: graph.yolo_pose.Graph
  pose_channels: 3
  flow_channels: 2
  cnn: False
ignore_weights: []
phase: train
optim:
  base_lr: 0.05
  nesterov: True
  weight_decay: 0.0003
  step: [30, 40]
  gamma: 0.1
lambda_1: 1
trainer: training.train_msg3d.train_network
num_epoch: 50
device: 0
batch_size: 128
forward_batch_size: 128
test_batch_size: 128
half: False
checkpoint_freq: 10
save_location: ./results/msg3d/ntu/
model_type: msg3d
dataset: ucf101
flow_embedding: avg
evaluation: 3
run_name: msg3d_ucf101_3_avg_D1
description: msg3d_train ucf101 3 avg dilation 1...
data_path_overwrite: /var/tmp/jobfs/data/ucf101_03_D1.npz
verbose: True
### Arguments loaded
	Output device: cuda:0
	Model total number of params: 570139
	Loading weights from ./results/msg3d/ntu/3/train/msg3d_ucf101_3_avg_D1.pt
	Checkpoint file does not yet exist
		([Errno 2] No such file or directory: './results/msg3d/ntu/3/train/msg3d_ucf101_3_avg_D1.pt')
### Model created
	Loaded data using mmap mode
	Self.data assigned
	Self.labels assigned
	Assigned self.data to unique split (train)
	Using memory-mapped data - skipping NaN filtering to preserve memory efficiency
	Finished loading data!
	Loaded data using mmap mode
	Assigned self.data to unique split (test)
	Using memory-mapped data - skipping NaN filtering to preserve memory efficiency
	Finished loading data!
### Dataloaders created
	Tracking:
		epoch
		train_time
		train_loss
		lr
		test_time
		test_loss
		train_ACC
		test_ACC
		train_cls_loss
		test_cls_loss
	Created new checkpoint file: ./results/msg3d/ntu/3/train/msg3d_ucf101_3_avg_D1.pt
		1 EPOCH BEST TEST ACC: 0.17491748929023743
			Train time: 69.10 seconds
			Test time: 12.34 seconds
		2 EPOCH BEST TEST ACC: 0.25962597131729126
			Train time: 55.04 seconds
			Test time: 11.80 seconds
		3 EPOCH BEST TEST ACC: 0.31325632333755493
			Train time: 54.99 seconds
			Test time: 11.62 seconds
		4 EPOCH BEST TEST ACC: 0.3663366436958313
			Train time: 54.85 seconds
			Test time: 11.68 seconds
		5 EPOCH BEST TEST ACC: 0.3663366436958313
			Train time: 54.66 seconds
			Test time: 11.71 seconds
		6 EPOCH BEST TEST ACC: 0.36881187558174133
			Train time: 54.73 seconds
			Test time: 11.65 seconds
		7 EPOCH BEST TEST ACC: 0.44141915440559387
			Train time: 54.79 seconds
			Test time: 11.72 seconds
		8 EPOCH BEST TEST ACC: 0.44141915440559387
			Train time: 54.87 seconds
			Test time: 11.74 seconds
		9 EPOCH BEST TEST ACC: 0.4675467610359192
			Train time: 54.75 seconds
			Test time: 11.82 seconds
		10 EPOCH BEST TEST ACC: 0.4675467610359192
			Train time: 55.07 seconds
			Test time: 11.77 seconds
		11 EPOCH BEST TEST ACC: 0.48707371950149536
			Train time: 54.95 seconds
			Test time: 11.76 seconds
		12 EPOCH BEST TEST ACC: 0.49917492270469666
			Train time: 54.82 seconds
			Test time: 11.81 seconds
		13 EPOCH BEST TEST ACC: 0.49917492270469666
			Train time: 54.93 seconds
			Test time: 11.73 seconds
		14 EPOCH BEST TEST ACC: 0.5049504637718201
			Train time: 54.76 seconds
			Test time: 11.75 seconds
		15 EPOCH BEST TEST ACC: 0.5049504637718201
			Train time: 54.87 seconds
			Test time: 11.74 seconds
		16 EPOCH BEST TEST ACC: 0.5049504637718201
			Train time: 54.92 seconds
			Test time: 11.75 seconds
		17 EPOCH BEST TEST ACC: 0.5343784093856812
			Train time: 54.73 seconds
			Test time: 11.74 seconds
		18 EPOCH BEST TEST ACC: 0.5343784093856812
			Train time: 54.67 seconds
			Test time: 11.78 seconds
		19 EPOCH BEST TEST ACC: 0.5343784093856812
			Train time: 54.79 seconds
			Test time: 11.77 seconds
		20 EPOCH BEST TEST ACC: 0.5343784093856812
			Train time: 54.88 seconds
			Test time: 11.83 seconds
		21 EPOCH BEST TEST ACC: 0.5536303520202637
			Train time: 54.72 seconds
			Test time: 11.73 seconds
		22 EPOCH BEST TEST ACC: 0.5536303520202637
			Train time: 54.66 seconds
			Test time: 11.84 seconds
		23 EPOCH BEST TEST ACC: 0.5536303520202637
			Train time: 55.01 seconds
			Test time: 11.90 seconds
		24 EPOCH BEST TEST ACC: 0.5536303520202637
			Train time: 55.13 seconds
			Test time: 11.85 seconds
		25 EPOCH BEST TEST ACC: 0.5536303520202637
			Train time: 54.90 seconds
			Test time: 11.81 seconds
		26 EPOCH BEST TEST ACC: 0.5536303520202637
			Train time: 55.03 seconds
			Test time: 11.83 seconds
		27 EPOCH BEST TEST ACC: 0.5536303520202637
			Train time: 55.00 seconds
			Test time: 11.83 seconds
		28 EPOCH BEST TEST ACC: 0.5536303520202637
			Train time: 54.97 seconds
			Test time: 11.85 seconds
		29 EPOCH BEST TEST ACC: 0.5536303520202637
			Train time: 55.19 seconds
			Test time: 11.93 seconds
		30 EPOCH BEST TEST ACC: 0.5536303520202637
			Train time: 55.08 seconds
			Test time: 11.76 seconds
		31 EPOCH BEST TEST ACC: 0.6251375079154968
			Train time: 54.94 seconds
			Test time: 11.79 seconds
		32 EPOCH BEST TEST ACC: 0.630638062953949
			Train time: 54.79 seconds
			Test time: 11.76 seconds
		33 EPOCH BEST TEST ACC: 0.630638062953949
			Train time: 54.74 seconds
			Test time: 11.77 seconds
		34 EPOCH BEST TEST ACC: 0.630638062953949
			Train time: 54.88 seconds
			Test time: 11.79 seconds
		35 EPOCH BEST TEST ACC: 0.630638062953949
			Train time: 54.70 seconds
			Test time: 11.74 seconds
		36 EPOCH BEST TEST ACC: 0.630638062953949
			Train time: 54.62 seconds
			Test time: 11.83 seconds
		37 EPOCH BEST TEST ACC: 0.6328383088111877
			Train time: 54.72 seconds
			Test time: 11.86 seconds
		38 EPOCH BEST TEST ACC: 0.6388888955116272
			Train time: 54.76 seconds
			Test time: 11.85 seconds
		39 EPOCH BEST TEST ACC: 0.6388888955116272
			Train time: 55.13 seconds
			Test time: 11.86 seconds
		40 EPOCH BEST TEST ACC: 0.6388888955116272
			Train time: 55.10 seconds
			Test time: 11.81 seconds
		41 EPOCH BEST TEST ACC: 0.6397139430046082
			Train time: 54.93 seconds
			Test time: 11.77 seconds
		42 EPOCH BEST TEST ACC: 0.6430143117904663
			Train time: 55.06 seconds
			Test time: 11.85 seconds
		43 EPOCH BEST TEST ACC: 0.6430143117904663
			Train time: 55.21 seconds
			Test time: 11.87 seconds
		44 EPOCH BEST TEST ACC: 0.6430143117904663
			Train time: 54.83 seconds
			Test time: 11.81 seconds
		45 EPOCH BEST TEST ACC: 0.6435643434524536
			Train time: 54.81 seconds
			Test time: 12.02 seconds
		46 EPOCH BEST TEST ACC: 0.6435643434524536
			Train time: 55.08 seconds
			Test time: 11.88 seconds
		47 EPOCH BEST TEST ACC: 0.6435643434524536
			Train time: 55.29 seconds
			Test time: 11.89 seconds
		48 EPOCH BEST TEST ACC: 0.6443894505500793
			Train time: 55.06 seconds
			Test time: 11.97 seconds
		49 EPOCH BEST TEST ACC: 0.6443894505500793
			Train time: 55.54 seconds
			Test time: 11.94 seconds
		50 EPOCH BEST TEST ACC: 0.644664466381073
			Train time: 55.32 seconds
			Test time: 11.98 seconds
	Best train ACC: 0.9233615398406982
	Best test ACC: 0.644664466381073

+-------------------- Job Report: 5764284 (FAILED) --------------------+
| Memory (RAM)  [##########          ] 50.6% (2.5 GB peak / 5 GB)      |
| CPU           [#############       ] 69.9% average                   |
| GPU           [####                ] 21.8% average                   |
| Time          [---------->         ] 51.4% (0-01:01:41 / 0-02:00:00) |
|                                                                      |
| Lustre Filesystem:                                                   |
|   Path    Total Read    Total Write    Total IOPS                    |
|   ------  ------------  -------------  ------------                  |
|   /apps   3.2 MB        0 B            188                           |
|   /fred   27.7 GB       18.8 MB        6.2 K                         |
|   /home   0 B           0 B            2                             |
|   OS      4.2 MB        0 B            508                           |
|                                                                      |
| Warnings:                                                            |
|   - CPU usage is low                                                 |
|   - GPU usage is low                                                 |
|   - Too much time requested                                          |
+----------------------------------------------------------------------+
