SLURM_ARRAY_TASK_ID: 19
Start index: 36000
End index: 38000
Extracting flowpose samples for ntu120dataset with dilation 4...
Found 57367 available skeleton files.

Processing flowpose samples for ntu120 dataset...
	Index 36000 to 38000
	Skeleton S028C003P070R002A120 to S029C001P090R002A087
	Frames dropped for S028C003P073R002A061: 81
		Frame 0 in skip list, add blank frame to poses
	Frames dropped for S028C003P087R001A119: 9
	Frames dropped for S028C003P087R002A119: 32
Processed 36000-36499 in 7436.77 seconds
	Frames dropped for S029C001P043R001A092: 10
		Frame 0 in skip list, add blank frame to poses
	Frames dropped for S029C001P044R002A073: 11
		Frame 0 in skip list, add blank frame to poses
	Frames dropped for S029C001P048R001A075: 28
		Frame 0 in skip list, add blank frame to poses
	Frames dropped for S029C001P048R001A082: 2
		Frame 0 in skip list, add blank frame to poses
	Frames dropped for S029C001P048R001A084: 18
		Frame 0 in skip list, add blank frame to poses
	Frames dropped for S029C001P048R001A087: 4
		Frame 0 in skip list, add blank frame to poses
	Frames dropped for S029C001P048R002A075: 7
		Frame 0 in skip list, add blank frame to poses
	Frames dropped for S029C001P048R002A082: 3
		Frame 0 in skip list, add blank frame to poses
	Frames dropped for S029C001P048R002A084: 9
		Frame 0 in skip list, add blank frame to poses
	Frames dropped for S029C001P048R002A087: 23
		Frame 0 in skip list, add blank frame to poses
	Frames dropped for S029C001P048R002A091: 9
		Frame 0 in skip list, add blank frame to poses
	Frames dropped for S029C001P049R001A092: 13
		Frame 0 in skip list, add blank frame to poses
Processed 36500-36999 in 5490.52 seconds
	Frames dropped for S029C001P051R001A076: 4
		Frame 0 in skip list, add blank frame to poses
