SLURM_ARRAY_TASK_ID: 6
Start index: 10000
End index: 12000
Extracting flowpose samples for ntu120dataset with dilation 1...
Found 57367 available skeleton files.

Processing flowpose samples for ntu120 dataset...
	Index 10000 to 12000
	Skeleton S021C003P060R002A080 to S022C003P063R001A102
	Frames dropped for S022C001P063R001A108: 1
	Frames dropped for S022C001P063R001A109: 5
		Frame 0 in skip list, add blank frame to poses
	Frames dropped for S022C001P063R002A119: 10
	Frames dropped for S022C001P064R001A119: 10
Processed 10000-10499 in 6025.20 seconds
	Frames dropped for S022C001P064R002A119: 5
Processed 10500-10999 in 5413.23 seconds
Processed 11000-11499 in 5773.18 seconds
	Frames dropped for S022C002P066R001A119: 41
	Frames dropped for S022C003P061R001A108: 40
		Frame 0 in skip list, add blank frame to poses
Processed 11500-11999 in 6681.80 seconds
Flowpose samples for ntu120 dataset generated successfully!
Data saved to ./data/ntu120/flow_data/export_tmp

+------------------ Job Report: 4362548 (COMPLETED) -------------------+
| Memory (RAM)  [##########          ] 52.1% (14.1 GB peak / 27 GB)    |
| CPU           [##################  ] 90.6% average                   |
| GPU           [##############      ] 74.6% average                   |
| Time          [--------->          ] 47.9% (0-06:42:19 / 0-14:00:00) |
|                                                                      |
| Lustre Filesystem:                                                   |
|   Path    Total Read    Total Write    Total IOPS                    |
|   ------  ------------  -------------  ------------                  |
|   /apps   136.1 MB      0 B            33                            |
|   /fred   11.8 GB       5.6 KB         9.5 K                         |
|   /home   0 B           0 B            2                             |
|   OS      1.7 MB        0 B            414                           |
|                                                                      |
| Warnings:                                                            |
|   - GPU usage is low                                                 |
|   - Too much time requested                                          |
+----------------------------------------------------------------------+
