Copying file: ./data/ucf101/aligned_data/ucf101_01_D1.npz to /var/tmp/jobfs/data
Dataset copied to JOBFS: ucf101_01_D1.npz
Data path: /var/tmp/jobfs/data/ucf101_01_D1.npz
Run name: ucf101_1_cnn_D1

### Libraries loaded
feeder: feeders.ucf101.Feeder
feeder_args:
  data_paths: {1: './data/ucf101/aligned_data/ucf101_01.npz', 2: './data/ucf101/aligned_data/ucf101_02.npz', 3: './data/ucf101/aligned_data/ucf101_03.npz'}
  label_path: ./data/ucf101/statistics/ucf101_annotations.yaml
  p_interval: [0.5, 1]
  random_shift: True
  random_choose: True
  window_size: 64
  random_move: True
  random_rot: True
  average_flow: False
  absolute_flow: False
  no_flow: False
extractor:
  data_paths: {'rgb_path': '../Datasets/UCF-101/', 'pose_path': './data/ucf101/pose/', 'flow_path': './data/ucf101/flow/', 'flowpose_path': './data/ucf101/flowpose/'}
  preprocessed: True
  pose: {'weights': 'pretrained_models/yolo11x-pose.pt'}
  flow: {'weights': 'pretrained_models/raft_large.pt', 'imsize': [240, 320], 'minibatch_size': 16}
  flowpose: {'window_size': 5, 'threshold': 0.05, 'loop': False}
model: model.infogcn2.sode.SODE
model_args:
  num_class: 101
  num_point: 17
  num_person: 2
  graph: graph.yolo_pose.Graph
  pose_channels: 3
  flow_channels: 50
  embed_channels: 64
  num_head: 3
  ode_method: euler
  depth: 4
  device: 0
  T: 64
  n_step: 3
  SAGC_proj: True
  num_cls: 1
  n_sample: 1
  backbone: transformer
  cnn: True
ignore_weights: []
phase: train
optim:
  base_lr: 0.1
  nesterov: True
  weight_decay: 0.0003
  step: [50, 60]
  gamma: 0.1
lambda_1: 1
lambda_2: 0.1
lambda_3: 0.001
lambda_4: 0.0
lambda_5: 0.0
num_epoch: 70
device: 0
batch_size: 128
forward_batch_size: 128
test_batch_size: 256
half: False
checkpoint_freq: 10
save_location: ./results/ucf101/
dataset: ucf101
model_type: cnn
evaluation: 1
run_name: ucf101_1_cnn_D1
description: train ucf101 1 cnn evaluation of ntu120 results!
data_path_overwrite: /var/tmp/jobfs/data/ucf101_01_D1.npz
verbose: True
### Arguments loaded
	Output device: cuda:0
	Temporal encoder: transformer
	Model total number of params: 664762
	Loading weights from ./results/ucf101/1/train/ucf101_1_cnn_D1.pt
	Checkpoint file does not yet exist
		([Errno 2] No such file or directory: './results/ucf101/1/train/ucf101_1_cnn_D1.pt')
### Model created
	Loaded data using mmap mode
	Self.data assigned
	Self.labels assigned
	Assigned self.data to unique split (train)
	Using memory-mapped data - skipping NaN filtering to preserve memory efficiency
	Finished loading data!
	Loaded data using mmap mode
	Assigned self.data to unique split (test)
	Using memory-mapped data - skipping NaN filtering to preserve memory efficiency
	Finished loading data!
### Dataloaders created
	Tracking:
		epoch
		train_time
		train_loss
		lr
		test_time
		test_loss
		train_ACC
		test_ACC
		train_AUC
		test_AUC
		train_cls_loss
		test_cls_loss
		train_feature_loss
		test_feature_loss
		train_recon_loss
		test_recon_loss
	Created new checkpoint file: ./results/ucf101/1/train/ucf101_1_cnn_D1.pt
		1 EPOCH BEST TEST AUC: 0.03202725946903229
			Train time: 76.66 seconds
			Test time: 17.42 seconds
		2 EPOCH BEST TEST AUC: 0.09636326879262924
			Train time: 73.42 seconds
			Test time: 17.49 seconds
		3 EPOCH BEST TEST AUC: 0.11947935819625854
			Train time: 73.82 seconds
			Test time: 17.60 seconds
		4 EPOCH BEST TEST AUC: 0.15651047229766846
			Train time: 74.29 seconds
			Test time: 17.68 seconds
		5 EPOCH BEST TEST AUC: 0.19871771335601807
			Train time: 74.22 seconds
			Test time: 17.75 seconds
		6 EPOCH BEST TEST AUC: 0.2283627986907959
			Train time: 74.86 seconds
			Test time: 17.74 seconds
		7 EPOCH BEST TEST AUC: 0.23653870820999146
			Train time: 74.47 seconds
			Test time: 17.76 seconds
		8 EPOCH BEST TEST AUC: 0.315277099609375
			Train time: 74.89 seconds
			Test time: 17.81 seconds
		9 EPOCH BEST TEST AUC: 0.3312550485134125
			Train time: 74.34 seconds
			Test time: 17.85 seconds
		10 EPOCH BEST TEST AUC: 0.3369521200656891
			Train time: 74.88 seconds
			Test time: 17.82 seconds
		11 EPOCH BEST TEST AUC: 0.41350579261779785
			Train time: 74.64 seconds
			Test time: 17.84 seconds
		12 EPOCH BEST TEST AUC: 0.41350579261779785
			Train time: 74.73 seconds
			Test time: 17.85 seconds
		13 EPOCH BEST TEST AUC: 0.41350579261779785
			Train time: 75.55 seconds
			Test time: 17.83 seconds
		14 EPOCH BEST TEST AUC: 0.4373319149017334
			Train time: 75.27 seconds
			Test time: 17.86 seconds
		15 EPOCH BEST TEST AUC: 0.4628722369670868
			Train time: 75.35 seconds
			Test time: 17.93 seconds
		16 EPOCH BEST TEST AUC: 0.4628722369670868
			Train time: 74.93 seconds
			Test time: 17.90 seconds
		17 EPOCH BEST TEST AUC: 0.47637131810188293
			Train time: 74.79 seconds
			Test time: 17.91 seconds
		18 EPOCH BEST TEST AUC: 0.4940885901451111
			Train time: 74.60 seconds
			Test time: 17.85 seconds
		19 EPOCH BEST TEST AUC: 0.4940885901451111
			Train time: 75.56 seconds
			Test time: 17.88 seconds
		20 EPOCH BEST TEST AUC: 0.50010085105896
			Train time: 75.10 seconds
			Test time: 17.88 seconds
		21 EPOCH BEST TEST AUC: 0.50010085105896
			Train time: 75.78 seconds
			Test time: 17.85 seconds
		22 EPOCH BEST TEST AUC: 0.50010085105896
			Train time: 74.76 seconds
			Test time: 17.89 seconds
		23 EPOCH BEST TEST AUC: 0.50010085105896
			Train time: 74.90 seconds
			Test time: 18.15 seconds
		24 EPOCH BEST TEST AUC: 0.5083985924720764
			Train time: 75.37 seconds
			Test time: 18.04 seconds
		25 EPOCH BEST TEST AUC: 0.5083985924720764
			Train time: 74.82 seconds
			Test time: 17.92 seconds
		26 EPOCH BEST TEST AUC: 0.5197087526321411
			Train time: 74.65 seconds
			Test time: 17.99 seconds
		27 EPOCH BEST TEST AUC: 0.5222505331039429
			Train time: 75.30 seconds
			Test time: 17.95 seconds
		28 EPOCH BEST TEST AUC: 0.5222505331039429
			Train time: 75.55 seconds
			Test time: 17.88 seconds
		29 EPOCH BEST TEST AUC: 0.5222505331039429
			Train time: 74.85 seconds
			Test time: 17.94 seconds
		30 EPOCH BEST TEST AUC: 0.5364933013916016
			Train time: 74.95 seconds
			Test time: 17.86 seconds
		31 EPOCH BEST TEST AUC: 0.5364933013916016
			Train time: 74.58 seconds
			Test time: 18.19 seconds
		32 EPOCH BEST TEST AUC: 0.5364933013916016
			Train time: 74.75 seconds
			Test time: 17.98 seconds
		33 EPOCH BEST TEST AUC: 0.5364933013916016
			Train time: 74.32 seconds
			Test time: 17.97 seconds
		34 EPOCH BEST TEST AUC: 0.5367327928543091
			Train time: 74.82 seconds
			Test time: 18.16 seconds
		35 EPOCH BEST TEST AUC: 0.5367327928543091
			Train time: 74.29 seconds
			Test time: 18.06 seconds
		36 EPOCH BEST TEST AUC: 0.5367327928543091
			Train time: 74.87 seconds
			Test time: 18.02 seconds
		37 EPOCH BEST TEST AUC: 0.5478328466415405
			Train time: 75.43 seconds
			Test time: 17.92 seconds
		38 EPOCH BEST TEST AUC: 0.5478328466415405
			Train time: 75.39 seconds
			Test time: 17.91 seconds
		39 EPOCH BEST TEST AUC: 0.5478328466415405
			Train time: 76.16 seconds
			Test time: 18.00 seconds
		40 EPOCH BEST TEST AUC: 0.5478328466415405
			Train time: 76.05 seconds
			Test time: 18.11 seconds
		41 EPOCH BEST TEST AUC: 0.5478328466415405
			Train time: 74.78 seconds
			Test time: 18.00 seconds
		42 EPOCH BEST TEST AUC: 0.5478328466415405
			Train time: 75.18 seconds
			Test time: 18.03 seconds
		43 EPOCH BEST TEST AUC: 0.5530216097831726
			Train time: 75.51 seconds
			Test time: 18.08 seconds
		44 EPOCH BEST TEST AUC: 0.5530216097831726
			Train time: 76.80 seconds
			Test time: 18.04 seconds
		45 EPOCH BEST TEST AUC: 0.5588699579238892
			Train time: 75.16 seconds
			Test time: 17.99 seconds
		46 EPOCH BEST TEST AUC: 0.5588699579238892
			Train time: 75.65 seconds
			Test time: 18.10 seconds
		47 EPOCH BEST TEST AUC: 0.5588699579238892
			Train time: 75.98 seconds
			Test time: 18.06 seconds
		48 EPOCH BEST TEST AUC: 0.5588699579238892
			Train time: 74.89 seconds
			Test time: 18.06 seconds
		49 EPOCH BEST TEST AUC: 0.5588699579238892
			Train time: 75.60 seconds
			Test time: 18.04 seconds
		50 EPOCH BEST TEST AUC: 0.5588699579238892
			Train time: 75.02 seconds
			Test time: 18.67 seconds
		51 EPOCH BEST TEST AUC: 0.587561309337616
			Train time: 75.78 seconds
			Test time: 18.04 seconds
		52 EPOCH BEST TEST AUC: 0.5887796878814697
			Train time: 75.17 seconds
			Test time: 18.02 seconds
		53 EPOCH BEST TEST AUC: 0.588838517665863
			Train time: 76.02 seconds
			Test time: 18.07 seconds
		54 EPOCH BEST TEST AUC: 0.5928340554237366
			Train time: 74.96 seconds
			Test time: 18.15 seconds
		55 EPOCH BEST TEST AUC: 0.5948927402496338
			Train time: 75.67 seconds
			Test time: 18.14 seconds
		56 EPOCH BEST TEST AUC: 0.5949305295944214
			Train time: 75.43 seconds
			Test time: 17.95 seconds
		57 EPOCH BEST TEST AUC: 0.5949684381484985
			Train time: 75.63 seconds
			Test time: 17.94 seconds
		58 EPOCH BEST TEST AUC: 0.5949684381484985
			Train time: 74.82 seconds
			Test time: 17.96 seconds
		59 EPOCH BEST TEST AUC: 0.5949684381484985
			Train time: 75.51 seconds
			Test time: 17.90 seconds
		60 EPOCH BEST TEST AUC: 0.5949684381484985
			Train time: 75.87 seconds
			Test time: 17.89 seconds
		61 EPOCH BEST TEST AUC: 0.5963380336761475
			Train time: 75.35 seconds
			Test time: 17.93 seconds
		62 EPOCH BEST TEST AUC: 0.5967497825622559
			Train time: 75.78 seconds
			Test time: 18.02 seconds
		63 EPOCH BEST TEST AUC: 0.5974388122558594
			Train time: 75.04 seconds
			Test time: 17.95 seconds
		64 EPOCH BEST TEST AUC: 0.5974388122558594
			Train time: 75.14 seconds
			Test time: 17.99 seconds
		65 EPOCH BEST TEST AUC: 0.5980479717254639
			Train time: 75.64 seconds
			Test time: 18.07 seconds
		66 EPOCH BEST TEST AUC: 0.5980479717254639
			Train time: 75.34 seconds
			Test time: 17.95 seconds
		67 EPOCH BEST TEST AUC: 0.5980479717254639
			Train time: 78.48 seconds
			Test time: 20.24 seconds
		68 EPOCH BEST TEST AUC: 0.5980479717254639
			Train time: 87.02 seconds
			Test time: 21.23 seconds
		69 EPOCH BEST TEST AUC: 0.5980479717254639
			Train time: 86.17 seconds
			Test time: 22.08 seconds
		70 EPOCH BEST TEST AUC: 0.5980479717254639
			Train time: 83.28 seconds
			Test time: 20.54 seconds
	Training time:         1:49:23
	Best train AUC: 0.8911281824111938
	Best test AUC: 0.5980479717254639

+------------------ Job Report: 4263712 (COMPLETED) -------------------+
| Memory (RAM)  [###########         ] 59.9% (3 GB peak / 5 GB)        |
| CPU           [##########          ] 54.7% average                   |
| GPU           [######              ] 33.7% average                   |
| Time          [----->              ] 26.2% (0-01:50:10 / 0-07:00:00) |
|                                                                      |
| Lustre Filesystem:                                                   |
|   Path    Total Read    Total Write      Total IOPS                  |
|   ------  ------------  -------------  ------------                  |
|   /apps   6.7 MB        0 B                    211                   |
|   /fred   26.4 GB       36.2 MB                 73                   |
|   /home   0 B           0 B                      1                   |
|   OS      3.5 MB        0 B                     56                   |
|                                                                      |
| Warnings:                                                            |
|   - CPU usage is low                                                 |
|   - GPU usage is low                                                 |
|   - Too much time requested                                          |
+----------------------------------------------------------------------+
