Fri Nov 21 11:02:55 AM AEDT 2025
Copying file: ./data/ntu/aligned_data/ntu_CS-pose_aligned_mean.npz to /var/tmp/jobfs/data
Dataset copied to JOBFS: ntu_CS-pose_aligned_mean.npz
Data path: /var/tmp/jobfs/data/ntu_CS-pose_aligned_mean.npz
Run name: msg3d_ntu_CS_base

Python script run command arguments:
python main.py -m msg3d -d ntu -p train -f base -e CS -o 1.0 -r msg3d_ntu_CS_base --desc msg3d_train ntu CS base Fixed LR Scheduler, STGC layers=2 no data augmentation using the REPLAY padding method --data_path_overwrite /var/tmp/jobfs/data/ntu_CS-pose_aligned_mean.npz -v
### Libraries loaded
feeder: feeders.ntu_rgb_d.Feeder
feeder_args:
  data_paths: {'CS': './data/ntu/aligned_data/ntu_CS-pose_aligned_mean.npz', 'CV': './data/ntu/aligned_data/ntu_CV-pose_aligned_mean.npz'}
  label_path: ./data/ntu/statistics/ntu_rgbd-annotations.yaml
  p_interval: [0.5, 1]
  random_choose: False
  random_shift: False
  window_size: 300
  pad_method: replay
  random_move: False
  random_rot: False
  average_flow: False
  absolute_flow: False
  no_flow: True
  no_Z: False
  normalisation: True
extractor:
  preprocessed: True
  pose: {'weights': 'pretrained_models/yolo11x-pose.pt'}
  flow: {'weights': 'pretrained_models/raft_large.pt', 'imsize': [1080, 1920], 'minibatch_size': 3}
  flowpose: {'window_size': 5, 'threshold': 0.05, 'loop': False, 'norm': False, 'match_pose': False, 'ntu': True, 'dilation': 3}
model: models.msg3d.Model
model_args:
  num_class: 60
  num_point: 25
  num_person: 2
  num_gcn_scales: 2
  num_g3d_scales: 3
  graph: graph.ntu_rgb_d.Graph
  in_channels: 3
ignore_weights: []
phase: train
optimiser: torch.optim.SGD
optim_params:
  lr: 0.05
  momentum: 0.9
  weight_decay: 0.0005
  nesterov: True
scheduler: torch.optim.lr_scheduler.MultiStepLR
scheduler_params:
  milestones: [30, 40]
  gamma: 0.1
training_function: training.train_msg3d.train_network
testing_function: training.eval_msg3d.eval_network
num_epoch: 50
device: 0
batch_size: 32
half: False
checkpoint_freq: 10
save_location: ./results/msg3d/ntu/
model_type: msg3d
dataset: ntu
flow_embedding: base
evaluation: CS
obs_ratio: 1.0
run_name: msg3d_ntu_CS_base
description: msg3d_train ntu CS base Fixed LR Scheduler, STGC layers=2 no data augmentation using the REPLAY padding method
data_path_overwrite: /var/tmp/jobfs/data/ntu_CS-pose_aligned_mean.npz
verbose: True
debug: False
### Arguments loaded
	Output device: cuda:0
	Model total number of params: 2194464
	Loading weights from ./results/msg3d/ntu/CS/train/msg3d_ntu_CS_base.pt
	Checkpoint file does not yet exist
		([Errno 2] No such file or directory: './results/msg3d/ntu/CS/train/msg3d_ntu_CS_base.pt')
### Model created
	Loaded data using mmap mode
	Self.data assigned
	Self.labels assigned
	Assigned self.data to unique split (train)
	Using memory-mapped data - skipping NaN filtering to preserve memory efficiency
	Finished loading data!
### Dataloaders created
	Tracking:
		epoch
		train_time
		train_loss
		lr
		test_time
		test_loss
		train_ACC
		test_ACC
		train_cls_loss
		test_cls_loss
	Created new checkpoint file: ./results/msg3d/ntu/CS/train/msg3d_ntu_CS_base.pt

+-------------------- Job Report: 7055143 (FAILED) --------------------+
| Memory (RAM)  [####################] 109.8% (38.4 GB peak / 35 GB)   |
| CPU           [################    ] 85.0% average                   |
| GPU           [################### ] 98.8% average                   |
| Time          [--------------->    ] 76.0% (0-07:36:04 / 0-10:00:00) |
|                                                                      |
| Lustre Filesystem:                                                   |
|   Path    Total Read    Total Write    Total IOPS                    |
|   ------  ------------  -------------  ------------                  |
|   /apps   6.5 MB        0 B            203                           |
|   /fred   9.9 GB        68.9 MB        4.4 K                         |
|   /home   0 B           0 B            2                             |
|   OS      3.3 MB        0 B            254                           |
+----------------------------------------------------------------------+
