Tue Nov 25 16:24:44 AEDT 2025
Copying file: ./data/ntu/aligned_data/ntu_CV-flowpose_D3_aligned_mean.npz to /var/tmp/jobfs/data
Dataset copied to JOBFS: ntu_CV-flowpose_D3_aligned_mean.npz
Data path: /var/tmp/jobfs/data/ntu_CV-flowpose_D3_aligned_mean.npz
Run name: infogcn2_ntu_CV_cnn_D3

Python script run command arguments:
python main.py -m infogcn2 -d ntu -p train -f cnn -e CV -o 1.0 -r infogcn2_ntu_CV_cnn_D3 --desc infogcn2_train ntu CV cnn observation ratio 1.0, retraining model with mean and std norm --data_path_overwrite /var/tmp/jobfs/data/ntu_CV-flowpose_D3_aligned_mean.npz -v
### Libraries loaded
feeder: feeders.ntu_rgb_d.Feeder
feeder_args:
  data_paths: {'CS': './data/ntu/aligned_data/ntu_CS-flowpose_D3_aligned_mean.npz', 'CV': './data/ntu/aligned_data/ntu_CV-flowpose_D3_aligned_mean.npz'}
  label_path: ./data/ntu/statistics/ntu_rgbd-annotations.yaml
  p_interval: [0.5, 1]
  random_choose: True
  random_shift: True
  window_size: 64
  random_move: True
  random_rot: True
  average_flow: False
  absolute_flow: False
  no_flow: False
  no_Z: False
  normalisation: False
extractor:
  preprocessed: True
  pose: {'weights': 'pretrained_models/yolo11x-pose.pt'}
  flow: {'weights': 'pretrained_models/raft_large.pt', 'imsize': [1080, 1920], 'minibatch_size': 3}
  flowpose: {'window_size': 5, 'threshold': 0.05, 'loop': False, 'norm': False, 'match_pose': False, 'ntu': True, 'dilation': 3}
model: models.infogcn2.sode.SODE
model_args:
  num_class: 60
  num_point: 25
  num_person: 2
  graph: graph.ntu_rgb_d.Graph
  pose_channels: 3
  flow_channels: 50
  embed_channels: 64
  num_head: 3
  ode_method: euler
  depth: 4
  device: 0
  T: 64
  n_step: 3
  SAGC_proj: True
  num_cls: 10
  n_sample: 1
  backbone: transformer
  cnn: True
  use_mask: True
ignore_weights: []
phase: train
optimiser: torch.optim.SGD
optim_params:
  lr: 0.1
  momentum: 0.9
  weight_decay: 0.0003
  nesterov: True
lambda_1: 1
lambda_2: 0.1
lambda_3: 0.001
lambda_4: 0.0
lambda_5: 0.0
scheduler: torch.optim.lr_scheduler.MultiStepLR
scheduler_params:
  milestones: [50, 60]
  gamma: 0.1
training_function: training.train_infogcn.train_network
testing_function: training.eval_infogcn.eval_network
num_epoch: 70
device: 0
batch_size: 256
forward_batch_size: 128
test_batch_size: 256
half: False
checkpoint_freq: 10
save_location: ./results/infogcn2/ntu/
model_type: infogcn2
dataset: ntu
flow_embedding: cnn
evaluation: CV
obs_ratio: 1.0
run_name: infogcn2_ntu_CV_cnn_D3
description: infogcn2_train ntu CV cnn observation ratio 1.0, retraining model with mean and std norm
data_path_overwrite: /var/tmp/jobfs/data/ntu_CV-flowpose_D3_aligned_mean.npz
verbose: True
debug: False
### Arguments loaded
	Output device: cuda:0
	Temporal encoder: transformer
	Model total number of params: 620448
	Loading weights from ./results/infogcn2/ntu/CV/train/infogcn2_ntu_CV_cnn_D3.pt
	Checkpoint file does not yet exist
		([Errno 2] No such file or directory: './results/infogcn2/ntu/CV/train/infogcn2_ntu_CV_cnn_D3.pt')
### Model created
	Loaded data using mmap mode
	Self.data assigned
	Self.labels assigned
	Assigned self.data to unique split (train)
	Using memory-mapped data - skipping NaN filtering to preserve memory efficiency
	Finished loading data!
### Dataloaders created
	Tracking:
		epoch
		train_time
		train_loss
		lr
		test_time
		test_loss
		train_ACC
		test_ACC
		train_AUC
		test_AUC
		train_cls_loss
		test_cls_loss
		train_feature_loss
		test_feature_loss
		train_recon_loss
		test_recon_loss
	Created new checkpoint file: ./results/infogcn2/ntu/CV/train/infogcn2_ntu_CV_cnn_D3.pt
		1 EPOCH BEST TRAIN AUC: 0.01837056130170822
			Train time: 407.27 seconds
		2 EPOCH BEST TRAIN AUC: 0.04713025689125061
			Train time: 398.47 seconds
		3 EPOCH BEST TRAIN AUC: 0.13965877890586853
			Train time: 413.41 seconds
		4 EPOCH BEST TRAIN AUC: 0.23689892888069153
			Train time: 412.91 seconds
		5 EPOCH BEST TRAIN AUC: 0.3491058349609375
			Train time: 414.95 seconds
		6 EPOCH BEST TRAIN AUC: 0.4343971014022827
			Train time: 418.85 seconds
		7 EPOCH BEST TRAIN AUC: 0.4930860996246338
			Train time: 414.83 seconds
		8 EPOCH BEST TRAIN AUC: 0.5347169041633606
			Train time: 430.42 seconds
		9 EPOCH BEST TRAIN AUC: 0.5658872127532959
			Train time: 420.99 seconds
		10 EPOCH BEST TRAIN AUC: 0.5925779342651367
			Train time: 418.60 seconds
		11 EPOCH BEST TRAIN AUC: 0.6113319993019104
			Train time: 426.83 seconds
		12 EPOCH BEST TRAIN AUC: 0.6274633407592773
			Train time: 420.55 seconds
		13 EPOCH BEST TRAIN AUC: 0.6418423652648926
			Train time: 423.67 seconds
		14 EPOCH BEST TRAIN AUC: 0.6538684368133545
			Train time: 423.54 seconds
		15 EPOCH BEST TRAIN AUC: 0.664529025554657
			Train time: 423.05 seconds
		16 EPOCH BEST TRAIN AUC: 0.6750655174255371
			Train time: 423.59 seconds
		17 EPOCH BEST TRAIN AUC: 0.6836176514625549
			Train time: 422.30 seconds
		18 EPOCH BEST TRAIN AUC: 0.689204216003418
			Train time: 419.81 seconds
		19 EPOCH BEST TRAIN AUC: 0.6963903903961182
			Train time: 423.21 seconds
		20 EPOCH BEST TRAIN AUC: 0.7035077214241028
			Train time: 421.30 seconds
		21 EPOCH BEST TRAIN AUC: 0.7096446752548218
			Train time: 422.42 seconds
		22 EPOCH BEST TRAIN AUC: 0.7137972116470337
			Train time: 421.48 seconds
		23 EPOCH BEST TRAIN AUC: 0.7174060940742493
			Train time: 420.26 seconds
		24 EPOCH BEST TRAIN AUC: 0.7223738431930542
			Train time: 422.74 seconds
		25 EPOCH BEST TRAIN AUC: 0.7275947332382202
			Train time: 426.02 seconds
		26 EPOCH BEST TRAIN AUC: 0.7290719747543335
			Train time: 425.84 seconds
		27 EPOCH BEST TRAIN AUC: 0.7315941452980042
			Train time: 420.70 seconds
		28 EPOCH BEST TRAIN AUC: 0.7362377643585205
			Train time: 425.27 seconds
		29 EPOCH BEST TRAIN AUC: 0.7392938137054443
			Train time: 421.94 seconds
		30 EPOCH BEST TRAIN AUC: 0.7413354516029358
			Train time: 427.46 seconds
		31 EPOCH BEST TRAIN AUC: 0.7439132928848267
			Train time: 423.72 seconds
		32 EPOCH BEST TRAIN AUC: 0.7458798289299011
			Train time: 430.89 seconds
		33 EPOCH BEST TRAIN AUC: 0.7501494884490967
			Train time: 429.25 seconds
		34 EPOCH BEST TRAIN AUC: 0.7501494884490967
			Train time: 428.22 seconds
		35 EPOCH BEST TRAIN AUC: 0.7538458704948425
			Train time: 426.68 seconds
		36 EPOCH BEST TRAIN AUC: 0.7541351914405823
			Train time: 427.94 seconds
		37 EPOCH BEST TRAIN AUC: 0.756696879863739
			Train time: 423.78 seconds
		38 EPOCH BEST TRAIN AUC: 0.7595179677009583
			Train time: 424.52 seconds
		39 EPOCH BEST TRAIN AUC: 0.7623822093009949
			Train time: 426.44 seconds
		40 EPOCH BEST TRAIN AUC: 0.7628097534179688
			Train time: 424.59 seconds
		41 EPOCH BEST TRAIN AUC: 0.7643977403640747
			Train time: 425.09 seconds
		42 EPOCH BEST TRAIN AUC: 0.7654768228530884
			Train time: 422.43 seconds
		43 EPOCH BEST TRAIN AUC: 0.7672420740127563
			Train time: 424.42 seconds
		44 EPOCH BEST TRAIN AUC: 0.76927250623703
			Train time: 426.81 seconds
		45 EPOCH BEST TRAIN AUC: 0.7695015668869019
			Train time: 421.32 seconds
		46 EPOCH BEST TRAIN AUC: 0.7709575891494751
			Train time: 425.54 seconds
		47 EPOCH BEST TRAIN AUC: 0.7726335525512695
			Train time: 424.49 seconds
		48 EPOCH BEST TRAIN AUC: 0.7729523181915283
			Train time: 428.00 seconds
		49 EPOCH BEST TRAIN AUC: 0.7742161750793457
			Train time: 425.11 seconds
		50 EPOCH BEST TRAIN AUC: 0.7750242948532104
			Train time: 432.11 seconds
		51 EPOCH BEST TRAIN AUC: 0.8085662126541138
			Train time: 430.73 seconds
		52 EPOCH BEST TRAIN AUC: 0.8197638392448425
			Train time: 428.80 seconds
		53 EPOCH BEST TRAIN AUC: 0.8201929926872253
			Train time: 442.15 seconds
		54 EPOCH BEST TRAIN AUC: 0.8226861953735352
			Train time: 434.63 seconds
		55 EPOCH BEST TRAIN AUC: 0.8253786563873291
			Train time: 436.61 seconds
		56 EPOCH BEST TRAIN AUC: 0.8266158699989319
			Train time: 438.06 seconds
		57 EPOCH BEST TRAIN AUC: 0.8275460004806519
			Train time: 437.98 seconds
		58 EPOCH BEST TRAIN AUC: 0.8291531205177307
			Train time: 442.43 seconds
		59 EPOCH BEST TRAIN AUC: 0.8294930458068848
			Train time: 422.78 seconds
		60 EPOCH BEST TRAIN AUC: 0.8303708434104919
			Train time: 432.05 seconds
		61 EPOCH BEST TRAIN AUC: 0.8355278372764587
			Train time: 439.14 seconds
		62 EPOCH BEST TRAIN AUC: 0.8365215063095093
			Train time: 436.11 seconds
		63 EPOCH BEST TRAIN AUC: 0.8365215063095093
			Train time: 435.98 seconds
		64 EPOCH BEST TRAIN AUC: 0.8380592465400696
			Train time: 435.09 seconds
		65 EPOCH BEST TRAIN AUC: 0.8380592465400696
			Train time: 432.36 seconds
		66 EPOCH BEST TRAIN AUC: 0.838097095489502
			Train time: 436.96 seconds
		67 EPOCH BEST TRAIN AUC: 0.838097095489502
			Train time: 436.33 seconds
		68 EPOCH BEST TRAIN AUC: 0.8381282091140747
			Train time: 431.69 seconds
		69 EPOCH BEST TRAIN AUC: 0.8381282091140747
			Train time: 425.94 seconds
	Loaded data using mmap mode
	Assigned self.data to unique split (test)
	Using memory-mapped data - skipping NaN filtering to preserve memory efficiency
	Finished loading data!
	Loaded data using mmap mode	Loaded data using mmap mode
	Assigned self.data to unique split (test)
	Assigned self.data to unique split (test)
	Using memory-mapped data - skipping NaN filtering to preserve memory efficiency
	Finished loading data!

	Using memory-mapped data - skipping NaN filtering to preserve memory efficiency
	Finished loading data!
		70 EPOCH BEST TEST AUC: 0.7756931185722351
			Train time: 438.45 seconds
			Test time: 120.81 seconds
	Best train AUC: 0.8381282091140747
	Best test AUC: 0.7756931185722351
	Training time:         8:19:09

+------------------ Job Report: 7193183 (COMPLETED) -------------------+
| Memory (RAM)  [###                 ] 19.5% (3.9 GB peak / 20 GB)     |
| CPU           [###########         ] 58.9% average                   |
| GPU           [######              ] 32.7% average                   |
| Time          [---------->         ] 52.4% (0-08:23:17 / 0-16:00:00) |
|                                                                      |
| Lustre Filesystem:                                                   |
|   Path    Total Read    Total Write      Total IOPS                  |
|   ------  ------------  -------------  ------------                  |
|   /apps   5 MB          0 B                    233                   |
|   /fred   167.7 GB      33.6 MB                438                   |
|   /home   0 B           0 B                      1                   |
|   OS      1.8 MB        0 B                    249                   |
|                                                                      |
| Warnings:                                                            |
|   - Too much memory requested                                        |
|   - CPU usage is low                                                 |
|   - GPU usage is low                                                 |
|   - Too much time requested                                          |
+----------------------------------------------------------------------+
