Copying file: ./data/ntu/aligned_data/ntu_CV-flowpose_dilation3_aligned.npz to /var/tmp/jobfs/data
Dataset copied to JOBFS: ntu_CV-flowpose_dilation3_aligned.npz
Data path: /var/tmp/jobfs/data/ntu_CV-flowpose_dilation3_aligned.npz

### Libraries loaded
feeder: feeders.ntu_rgb_d.Feeder
feeder_args:
  data_paths: {'CS': './data/ntu/aligned_data/ntu_CS-flowpose_dilation3_aligned.npz', 'CV': './data/ntu/aligned_data/ntu_CV-flowpose_dilation3_aligned.npz'}
  label_path: ./data/ntu/statistics/ntu_rgbd-annotations.yaml
  p_interval: [0.5, 1]
  random_choose: True
  random_shift: True
  window_size: 64
  random_move: True
  random_rot: True
  average_flow: False
  absolute_flow: {'window_mean': True}
  no_flow: False
extractor:
  preprocessed: True
  pose: {'weights': 'pretrained_models/yolo11x-pose.pt'}
  flow: {'weights': 'pretrained_models/raft_large.pt', 'imsize': [1080, 1920], 'minibatch_size': 3}
  flowpose: {'window_size': 5, 'threshold': 0.05, 'loop': False, 'norm': False, 'match_pose': False, 'ntu': True, 'dilation': 1}
model: model.infogcn2.sode.SODE
model_args:
  num_class: 60
  num_point: 25
  num_person: 2
  graph: graph.ntu_rgb_d.Graph
  pose_channels: 3
  flow_channels: 1
  embed_channels: 64
  num_head: 3
  ode_method: euler
  depth: 4
  device: 0
  T: 64
  n_step: 3
  SAGC_proj: True
  num_cls: 10
  n_sample: 1
  backbone: transformer
  cnn: False
  use_mask: True
ignore_weights: []
phase: train
optim:
  base_lr: 0.1
  nesterov: True
  weight_decay: 0.0003
  step: [50, 60]
  gamma: 0.1
lambda_1: 1
lambda_2: 0.1
lambda_3: 0.001
lambda_4: 0.0
lambda_5: 0.0
num_epoch: 70
device: 0
batch_size: 256
forward_batch_size: 128
test_batch_size: 256
half: False
checkpoint_freq: 10
save_location: ./results/ntu/
dataset: ntu
model_type: abs
evaluation: CV
run_name: ntu_CV_abs_D3
description: train ntu CV abs_D3 re-running to check that base model still performs as expected after the dilation3 extraction
data_path_overwrite: /var/tmp/jobfs/data/ntu_CV-flowpose_dilation3_aligned.npz
verbose: True
### Arguments loaded
	Output device: cuda:0
	Temporal encoder: transformer
	Model total number of params: 613811
	Loading weights from ./results/ntu/CV/train/ntu_CV_abs_D3.pt
	Checkpoint file does not yet exist
	([Errno 2] No such file or directory: './results/ntu/CV/train/ntu_CV_abs_D3.pt')
### Model created
	Loaded data using mmap mode
	Self.data assigned
	Self.labels assigned
	Assigned self.data to unique split (train)
	Using memory-mapped data - skipping NaN filtering to preserve memory efficiency
	Finished loading data!
	Loaded data using mmap mode
	Assigned self.data to unique split (test)
	Using memory-mapped data - skipping NaN filtering to preserve memory efficiency
	Finished loading data!
### Dataloaders created
	Tracking:
		epoch
		train_time
		train_loss
		lr
		test_time
		test_loss
		train_ACC
		test_ACC
		train_AUC
		test_AUC
		train_cls_loss
		test_cls_loss
		train_feature_loss
		test_feature_loss
		train_recon_loss
		test_recon_loss
	Created new checkpoint file: ./results/ntu/CV/train/ntu_CV_abs_D3.pt
		1 EPOCH BEST TEST AUC: 0.04115964472293854
			Train time: 361.70 seconds
			Test time: 121.19 seconds
		2 EPOCH BEST TEST AUC: 0.08707396686077118
			Train time: 356.99 seconds
			Test time: 121.17 seconds
		3 EPOCH BEST TEST AUC: 0.1637827306985855
			Train time: 356.76 seconds
			Test time: 121.15 seconds
		4 EPOCH BEST TEST AUC: 0.24345767498016357
			Train time: 358.83 seconds
			Test time: 121.35 seconds
		5 EPOCH BEST TEST AUC: 0.3225986659526825
			Train time: 384.39 seconds
			Test time: 160.00 seconds
		6 EPOCH BEST TEST AUC: 0.418110728263855
			Train time: 423.76 seconds
			Test time: 146.61 seconds
		7 EPOCH BEST TEST AUC: 0.4438302218914032
			Train time: 411.62 seconds
			Test time: 124.97 seconds
		8 EPOCH BEST TEST AUC: 0.5026212334632874
			Train time: 359.90 seconds
			Test time: 121.73 seconds
		9 EPOCH BEST TEST AUC: 0.5418487787246704
			Train time: 357.89 seconds
			Test time: 121.63 seconds
		10 EPOCH BEST TEST AUC: 0.5580647587776184
			Train time: 358.85 seconds
			Test time: 121.31 seconds
		11 EPOCH BEST TEST AUC: 0.5853391885757446
			Train time: 358.28 seconds
			Test time: 121.52 seconds
		12 EPOCH BEST TEST AUC: 0.5853391885757446
			Train time: 356.33 seconds
			Test time: 121.48 seconds
		13 EPOCH BEST TEST AUC: 0.6021715998649597
			Train time: 358.61 seconds
			Test time: 121.47 seconds
		14 EPOCH BEST TEST AUC: 0.6242184638977051
			Train time: 354.04 seconds
			Test time: 121.64 seconds
		15 EPOCH BEST TEST AUC: 0.6258559226989746
			Train time: 354.96 seconds
			Test time: 121.59 seconds
		16 EPOCH BEST TEST AUC: 0.6373872756958008
			Train time: 356.67 seconds
			Test time: 121.34 seconds
		17 EPOCH BEST TEST AUC: 0.6503291130065918
			Train time: 356.84 seconds
			Test time: 121.22 seconds
		18 EPOCH BEST TEST AUC: 0.6518782377243042
			Train time: 357.17 seconds
			Test time: 121.21 seconds
		19 EPOCH BEST TEST AUC: 0.6518782377243042
			Train time: 357.98 seconds
			Test time: 121.52 seconds
		20 EPOCH BEST TEST AUC: 0.6619397401809692
			Train time: 358.20 seconds
			Test time: 121.34 seconds
		21 EPOCH BEST TEST AUC: 0.6619397401809692
			Train time: 357.81 seconds
			Test time: 121.55 seconds
		22 EPOCH BEST TEST AUC: 0.6711273193359375
			Train time: 357.97 seconds
			Test time: 121.48 seconds
		23 EPOCH BEST TEST AUC: 0.6854664087295532
			Train time: 358.85 seconds
			Test time: 121.44 seconds
		24 EPOCH BEST TEST AUC: 0.6854664087295532
			Train time: 357.67 seconds
			Test time: 122.03 seconds
		25 EPOCH BEST TEST AUC: 0.6884937286376953
			Train time: 357.48 seconds
			Test time: 121.70 seconds
		26 EPOCH BEST TEST AUC: 0.6884937286376953
			Train time: 354.08 seconds
			Test time: 121.88 seconds
		27 EPOCH BEST TEST AUC: 0.6884937286376953
			Train time: 353.88 seconds
			Test time: 121.28 seconds
		28 EPOCH BEST TEST AUC: 0.6884937286376953
			Train time: 355.58 seconds
			Test time: 122.08 seconds
		29 EPOCH BEST TEST AUC: 0.6925758123397827
			Train time: 356.92 seconds
			Test time: 121.36 seconds
		30 EPOCH BEST TEST AUC: 0.6946308016777039
			Train time: 355.36 seconds
			Test time: 122.08 seconds
		31 EPOCH BEST TEST AUC: 0.6946308016777039
			Train time: 366.96 seconds
			Test time: 127.88 seconds
		32 EPOCH BEST TEST AUC: 0.6950575113296509
			Train time: 383.39 seconds
			Test time: 123.50 seconds
		33 EPOCH BEST TEST AUC: 0.6950575113296509
			Train time: 364.13 seconds
			Test time: 122.09 seconds
		34 EPOCH BEST TEST AUC: 0.6987755298614502
			Train time: 357.95 seconds
			Test time: 122.38 seconds
		35 EPOCH BEST TEST AUC: 0.6987755298614502
			Train time: 359.96 seconds
			Test time: 123.59 seconds
		36 EPOCH BEST TEST AUC: 0.6987755298614502
			Train time: 358.22 seconds
			Test time: 126.84 seconds
		37 EPOCH BEST TEST AUC: 0.6987755298614502
			Train time: 372.21 seconds
			Test time: 127.40 seconds
		38 EPOCH BEST TEST AUC: 0.7041863799095154
			Train time: 364.00 seconds
			Test time: 121.97 seconds
		39 EPOCH BEST TEST AUC: 0.7041863799095154
			Train time: 355.74 seconds
			Test time: 121.77 seconds
		40 EPOCH BEST TEST AUC: 0.7041863799095154
			Train time: 364.76 seconds
			Test time: 133.78 seconds
		41 EPOCH BEST TEST AUC: 0.7041863799095154
			Train time: 363.22 seconds
			Test time: 121.89 seconds
		42 EPOCH BEST TEST AUC: 0.7041863799095154
			Train time: 356.43 seconds
			Test time: 121.89 seconds
		43 EPOCH BEST TEST AUC: 0.7053055167198181
			Train time: 357.83 seconds
			Test time: 121.85 seconds
		44 EPOCH BEST TEST AUC: 0.7112330198287964
			Train time: 355.80 seconds
			Test time: 121.87 seconds
		45 EPOCH BEST TEST AUC: 0.7159505486488342
			Train time: 358.92 seconds
			Test time: 121.64 seconds
		46 EPOCH BEST TEST AUC: 0.7159505486488342
			Train time: 356.16 seconds
			Test time: 121.54 seconds
		47 EPOCH BEST TEST AUC: 0.7159505486488342
			Train time: 367.80 seconds
			Test time: 157.29 seconds
		48 EPOCH BEST TEST AUC: 0.7159505486488342
			Train time: 458.25 seconds
			Test time: 156.20 seconds
		49 EPOCH BEST TEST AUC: 0.7159505486488342
			Train time: 461.07 seconds
			Test time: 157.98 seconds
		50 EPOCH BEST TEST AUC: 0.7159505486488342
			Train time: 461.82 seconds
			Test time: 157.04 seconds
		51 EPOCH BEST TEST AUC: 0.7478582859039307
			Train time: 455.68 seconds
			Test time: 157.36 seconds
		52 EPOCH BEST TEST AUC: 0.7496047019958496
			Train time: 462.86 seconds
			Test time: 155.65 seconds
		53 EPOCH BEST TEST AUC: 0.7496047019958496
			Train time: 459.68 seconds
			Test time: 156.40 seconds
		54 EPOCH BEST TEST AUC: 0.751761257648468
			Train time: 457.78 seconds
			Test time: 158.07 seconds
		55 EPOCH BEST TEST AUC: 0.751761257648468
			Train time: 459.41 seconds
			Test time: 157.02 seconds
		56 EPOCH BEST TEST AUC: 0.751761257648468
			Train time: 457.29 seconds
			Test time: 156.57 seconds
		57 EPOCH BEST TEST AUC: 0.751761257648468
			Train time: 427.72 seconds
			Test time: 156.45 seconds
		58 EPOCH BEST TEST AUC: 0.751761257648468
			Train time: 456.80 seconds
			Test time: 157.24 seconds
		59 EPOCH BEST TEST AUC: 0.751761257648468
			Train time: 454.22 seconds
			Test time: 155.07 seconds
		60 EPOCH BEST TEST AUC: 0.7525205612182617
			Train time: 450.33 seconds
			Test time: 156.42 seconds
		61 EPOCH BEST TEST AUC: 0.7540308833122253
			Train time: 459.56 seconds
			Test time: 155.78 seconds
		62 EPOCH BEST TEST AUC: 0.7543593645095825
			Train time: 458.44 seconds
			Test time: 156.65 seconds
		63 EPOCH BEST TEST AUC: 0.7553844451904297
			Train time: 455.66 seconds
			Test time: 157.80 seconds
		64 EPOCH BEST TEST AUC: 0.7553844451904297
			Train time: 458.07 seconds
			Test time: 157.18 seconds
		65 EPOCH BEST TEST AUC: 0.7553984522819519
			Train time: 455.05 seconds
			Test time: 157.15 seconds
		66 EPOCH BEST TEST AUC: 0.7553984522819519
			Train time: 457.37 seconds
			Test time: 144.59 seconds
		67 EPOCH BEST TEST AUC: 0.7553984522819519
			Train time: 398.58 seconds
			Test time: 119.63 seconds
		68 EPOCH BEST TEST AUC: 0.7553984522819519
			Train time: 379.26 seconds
			Test time: 125.78 seconds
		69 EPOCH BEST TEST AUC: 0.7553984522819519
			Train time: 379.27 seconds
			Test time: 130.93 seconds
		70 EPOCH BEST TEST AUC: 0.7553984522819519
			Train time: 370.17 seconds
			Test time: 135.91 seconds
	Training time:         10:09:13
	Best train AUC: 0.8225201964378357
	Best test AUC: 0.7553984522819519

+------------------ Job Report: 2833166 (COMPLETED) -------------------+
| Memory (RAM)  [################### ] 99.9% (5 GB peak / 5 GB)        |
| CPU           [###########         ] 57.2% average                   |
| GPU           [######              ] 32.9% average                   |
| Time          [----------------->  ] 85.4% (0-10:14:36 / 0-12:00:00) |
|                                                                      |
| Lustre Filesystem:                                                   |
|   Path    Total Read    Total Write      Total IOPS                  |
|   ------  ------------  -------------  ------------                  |
|   /apps   26.1 MB       0 B                    429                   |
|   /fred   169.1 GB      36.5 MB                255                   |
|   /home   0 B           0 B                      3                   |
|   OS      20.1 MB       0 B                    110                   |
|                                                                      |
| Warnings:                                                            |
|   - CPU usage is low                                                 |
|   - GPU usage is low                                                 |
+----------------------------------------------------------------------+
