Copying file: ./data/ntu/aligned_data/ntu_CS-pose_dilation3_aligned.npz to /var/tmp/jobfs/data
Dataset copied to JOBFS: ntu_CS-pose_dilation3_aligned.npz
/var/tmp/jobfs/data/ntu_CS-pose_dilation3_aligned.npz
### Libraries loaded
feeder: feeders.ntu_rgb_d.Feeder
feeder_args:
  data_paths: {'CS': './data/ntu/aligned_data/NTU60_CS-pose_aligned.npz', 'CV': './data/ntu/aligned_data/NTU60_CV-pose_aligned.npz'}
  label_path: ./data/ntu/statistics/ntu-rgbd-annotations.yaml
  p_interval: [0.5, 1]
  random_choose: True
  random_shift: True
  window_size: 64
  random_move: True
  random_rot: True
  average_flow: False
  absolute_flow: False
  no_flow: True
extractor:
  preprocessed: True
  pose: {'weights': 'pretrained_models/yolo11x-pose.pt'}
  flow: {'weights': 'pretrained_models/raft_large.pt', 'imsize': [1080, 1920], 'minibatch_size': 3}
  flowpose: {'window_size': 5, 'threshold': 0.05, 'loop': False, 'norm': False, 'match_pose': False, 'ntu': True, 'dilation': 3}
model: model.infogcn2.sode.SODE
model_args:
  num_class: 60
  num_point: 25
  num_person: 2
  graph: graph.ntu_rgb_d.Graph
  pose_channels: 3
  flow_channels: 0
  embed_channels: 64
  num_head: 3
  ode_method: euler
  depth: 4
  device: 0
  T: 64
  n_step: 3
  SAGC_proj: True
  num_cls: 10
  n_sample: 1
  backbone: transformer
  cnn: False
  use_mask: True
ignore_weights: []
phase: train
optim:
  base_lr: 0.1
  nesterov: True
  weight_decay: 0.0003
  step: [50, 60]
  gamma: 0.1
lambda_1: 1
lambda_2: 0.1
lambda_3: 0.001
lambda_4: 0.0
lambda_5: 0.0
num_epoch: 70
device: 0
batch_size: 256
forward_batch_size: 128
test_batch_size: 256
half: False
checkpoint_freq: 10
save_location: ./results/ntu/
dataset: ntu
model_type: base
evaluation: CS
run_name: ntu_CS_base_rerun
description: train ntu CS base_rerun re-running to check that base model still performs as expected after the dilation3 extraction
data_path_overwrite: /var/tmp/jobfs/data/ntu_CS-pose_dilation3_aligned.npz
verbose: True
### Arguments loaded
	Output device: cuda:0
	Temporal encoder: transformer
	Model total number of params: 613747
	Loading weights from ./results/ntu/CS/train/ntu_CS_base_rerun.pt
	Checkpoint file does not yet exist
	([Errno 2] No such file or directory: './results/ntu/CS/train/ntu_CS_base_rerun.pt')
### Model created
	Loaded data using mmap mode
	Self.data assigned
	Self.labels assigned
	Assigned self.data to unique split (train)
	Using memory-mapped data - skipping NaN filtering to preserve memory efficiency
	Finished loading data!
	Loaded data using mmap mode
	Assigned self.data to unique split (test)
	Using memory-mapped data - skipping NaN filtering to preserve memory efficiency
	Finished loading data!
### Dataloaders created
	Tracking:
		epoch
		train_time
		train_loss
		lr
		test_time
		test_loss
		train_ACC
		test_ACC
		train_AUC
		test_AUC
		train_cls_loss
		test_cls_loss
		train_feature_loss
		test_feature_loss
		train_recon_loss
		test_recon_loss
	Created new checkpoint file: ./results/ntu/CS/train/ntu_CS_base_rerun.pt
		1 EPOCH BEST TEST AUC: 0.033941514790058136
			Train time: 166.82 seconds
			Test time: 28.06 seconds
		2 EPOCH BEST TEST AUC: 0.08416953682899475
			Train time: 160.96 seconds
			Test time: 27.84 seconds
		3 EPOCH BEST TEST AUC: 0.1366967111825943
			Train time: 160.85 seconds
			Test time: 27.96 seconds
		4 EPOCH BEST TEST AUC: 0.23710916936397552
			Train time: 160.45 seconds
			Test time: 28.07 seconds
		5 EPOCH BEST TEST AUC: 0.32593199610710144
			Train time: 160.66 seconds
			Test time: 27.91 seconds
		6 EPOCH BEST TEST AUC: 0.3918191194534302
			Train time: 160.86 seconds
			Test time: 28.13 seconds
		7 EPOCH BEST TEST AUC: 0.42830145359039307
			Train time: 160.60 seconds
			Test time: 27.83 seconds
		8 EPOCH BEST TEST AUC: 0.4815109968185425
			Train time: 160.76 seconds
			Test time: 28.11 seconds
		9 EPOCH BEST TEST AUC: 0.5026895999908447
			Train time: 161.46 seconds
			Test time: 28.28 seconds
		10 EPOCH BEST TEST AUC: 0.5242776870727539
			Train time: 161.59 seconds
			Test time: 29.54 seconds
		11 EPOCH BEST TEST AUC: 0.5242776870727539
			Train time: 161.34 seconds
			Test time: 28.19 seconds
		12 EPOCH BEST TEST AUC: 0.5363146066665649
			Train time: 161.10 seconds
			Test time: 29.54 seconds
		13 EPOCH BEST TEST AUC: 0.5594635009765625
			Train time: 161.28 seconds
			Test time: 27.83 seconds
		14 EPOCH BEST TEST AUC: 0.5765963196754456
			Train time: 160.67 seconds
			Test time: 28.26 seconds
		15 EPOCH BEST TEST AUC: 0.5765963196754456
			Train time: 160.63 seconds
			Test time: 28.07 seconds
		16 EPOCH BEST TEST AUC: 0.5854631662368774
			Train time: 160.65 seconds
			Test time: 28.80 seconds
		17 EPOCH BEST TEST AUC: 0.5920630693435669
			Train time: 160.65 seconds
			Test time: 28.05 seconds
		18 EPOCH BEST TEST AUC: 0.5920630693435669
			Train time: 160.72 seconds
			Test time: 28.02 seconds
		19 EPOCH BEST TEST AUC: 0.5945100784301758
			Train time: 160.83 seconds
			Test time: 28.10 seconds
		20 EPOCH BEST TEST AUC: 0.5979247093200684
			Train time: 160.93 seconds
			Test time: 28.00 seconds
		21 EPOCH BEST TEST AUC: 0.6001157760620117
			Train time: 160.75 seconds
			Test time: 27.98 seconds
		22 EPOCH BEST TEST AUC: 0.6001157760620117
			Train time: 161.09 seconds
			Test time: 28.04 seconds
		23 EPOCH BEST TEST AUC: 0.6066721081733704
			Train time: 161.05 seconds
			Test time: 27.95 seconds
		24 EPOCH BEST TEST AUC: 0.6119215488433838
			Train time: 160.67 seconds
			Test time: 27.95 seconds
		25 EPOCH BEST TEST AUC: 0.6119215488433838
			Train time: 160.61 seconds
			Test time: 28.12 seconds
		26 EPOCH BEST TEST AUC: 0.6119215488433838
			Train time: 161.04 seconds
			Test time: 27.99 seconds
		27 EPOCH BEST TEST AUC: 0.6219502687454224
			Train time: 160.49 seconds
			Test time: 28.14 seconds
		28 EPOCH BEST TEST AUC: 0.6219502687454224
			Train time: 165.39 seconds
			Test time: 36.30 seconds
		29 EPOCH BEST TEST AUC: 0.6219502687454224
			Train time: 169.98 seconds
			Test time: 36.50 seconds
		30 EPOCH BEST TEST AUC: 0.6219502687454224
			Train time: 170.38 seconds
			Test time: 29.73 seconds
		31 EPOCH BEST TEST AUC: 0.6234751343727112
			Train time: 160.84 seconds
			Test time: 29.57 seconds
		32 EPOCH BEST TEST AUC: 0.6234751343727112
			Train time: 160.89 seconds
			Test time: 28.84 seconds
		33 EPOCH BEST TEST AUC: 0.6234751343727112
			Train time: 160.78 seconds
			Test time: 28.97 seconds
		34 EPOCH BEST TEST AUC: 0.6234751343727112
			Train time: 160.97 seconds
			Test time: 28.21 seconds
		35 EPOCH BEST TEST AUC: 0.6234751343727112
			Train time: 168.38 seconds
			Test time: 35.94 seconds
		36 EPOCH BEST TEST AUC: 0.6305877566337585
			Train time: 169.56 seconds
			Test time: 35.90 seconds
		37 EPOCH BEST TEST AUC: 0.6305877566337585
			Train time: 172.09 seconds
			Test time: 29.04 seconds
		38 EPOCH BEST TEST AUC: 0.6305877566337585
			Train time: 161.15 seconds
			Test time: 28.96 seconds
		39 EPOCH BEST TEST AUC: 0.6322339177131653
			Train time: 160.95 seconds
			Test time: 28.96 seconds
		40 EPOCH BEST TEST AUC: 0.6322339177131653
			Train time: 160.88 seconds
			Test time: 36.55 seconds
		41 EPOCH BEST TEST AUC: 0.6322339177131653
			Train time: 171.03 seconds
			Test time: 35.10 seconds
		42 EPOCH BEST TEST AUC: 0.6322339177131653
			Train time: 172.11 seconds
			Test time: 35.06 seconds
		43 EPOCH BEST TEST AUC: 0.6322339177131653
			Train time: 161.11 seconds
			Test time: 28.94 seconds
		44 EPOCH BEST TEST AUC: 0.6322339177131653
			Train time: 160.88 seconds
			Test time: 28.80 seconds
		45 EPOCH BEST TEST AUC: 0.6322339177131653
			Train time: 160.82 seconds
			Test time: 28.24 seconds
		46 EPOCH BEST TEST AUC: 0.6322339177131653
			Train time: 160.74 seconds
			Test time: 28.02 seconds
		47 EPOCH BEST TEST AUC: 0.6346069574356079
			Train time: 165.78 seconds
			Test time: 36.56 seconds
		48 EPOCH BEST TEST AUC: 0.6346069574356079
			Train time: 169.70 seconds
			Test time: 35.49 seconds
		49 EPOCH BEST TEST AUC: 0.6346069574356079
			Train time: 167.91 seconds
			Test time: 29.62 seconds
		50 EPOCH BEST TEST AUC: 0.6346069574356079
			Train time: 161.09 seconds
			Test time: 29.12 seconds
		51 EPOCH BEST TEST AUC: 0.6566376686096191
			Train time: 160.58 seconds
			Test time: 28.90 seconds
		52 EPOCH BEST TEST AUC: 0.6568509340286255
			Train time: 160.42 seconds
			Test time: 27.95 seconds
		53 EPOCH BEST TEST AUC: 0.6578572988510132
			Train time: 160.81 seconds
			Test time: 28.08 seconds
		54 EPOCH BEST TEST AUC: 0.658139705657959
			Train time: 160.86 seconds
			Test time: 28.65 seconds
		55 EPOCH BEST TEST AUC: 0.658139705657959
			Train time: 171.15 seconds
			Test time: 36.48 seconds
		56 EPOCH BEST TEST AUC: 0.6592020988464355
			Train time: 170.18 seconds
			Test time: 36.46 seconds
		57 EPOCH BEST TEST AUC: 0.6592020988464355
			Train time: 169.85 seconds
			Test time: 30.33 seconds
		58 EPOCH BEST TEST AUC: 0.6592020988464355
			Train time: 161.32 seconds
			Test time: 29.44 seconds
		59 EPOCH BEST TEST AUC: 0.6592020988464355
			Train time: 160.92 seconds
			Test time: 28.89 seconds
		60 EPOCH BEST TEST AUC: 0.6592020988464355
			Train time: 160.61 seconds
			Test time: 28.09 seconds
		61 EPOCH BEST TEST AUC: 0.6592020988464355
			Train time: 160.70 seconds
			Test time: 28.16 seconds
		62 EPOCH BEST TEST AUC: 0.6592020988464355
			Train time: 160.67 seconds
			Test time: 28.05 seconds
		63 EPOCH BEST TEST AUC: 0.6592020988464355
			Train time: 160.55 seconds
			Test time: 28.19 seconds
		64 EPOCH BEST TEST AUC: 0.6592020988464355
			Train time: 160.81 seconds
			Test time: 28.07 seconds
		65 EPOCH BEST TEST AUC: 0.6593139171600342
			Train time: 161.09 seconds
			Test time: 28.10 seconds
		66 EPOCH BEST TEST AUC: 0.6593139171600342
			Train time: 160.53 seconds
			Test time: 28.09 seconds
		67 EPOCH BEST TEST AUC: 0.6594637036323547
			Train time: 160.47 seconds
			Test time: 28.16 seconds
		68 EPOCH BEST TEST AUC: 0.6594637036323547
			Train time: 160.74 seconds
			Test time: 28.09 seconds
		69 EPOCH BEST TEST AUC: 0.659468412399292
			Train time: 160.74 seconds
			Test time: 28.15 seconds
		70 EPOCH BEST TEST AUC: 0.659468412399292
			Train time: 160.42 seconds
			Test time: 28.37 seconds
	Training time:         3:44:20
	Best train AUC: 0.8235443830490112
	Best test AUC: 0.659468412399292

+------------------ Job Report: 2749491 (COMPLETED) -------------------+
| Memory (RAM)  [################### ] 99.5% (3 GB peak / 3 GB)        |
| CPU           [###############     ] 76.7% average                   |
| Time          [------------------> ] 93.8% (0-03:45:07 / 0-04:00:00) |
|                                                                      |
| Lustre Filesystem:                                                   |
|   No data available                                                  |
+----------------------------------------------------------------------+
