Dataset copied to JOBFS: NTU60_CS-pose_aligned.npz
### Libraries loaded
feeder: feeders.ntu_rgb_d.Feeder
feeder_args:
  data_paths: {'CS': './data/ntu/aligned_data/NTU60_CS-pose_aligned.npz', 'CV': './data/ntu/aligned_data/NTU60_CV-pose_aligned.npz'}
  label_path: ./data/ntu/statistics/ntu-rgbd-annotations.yaml
  p_interval: [0.5, 1]
  random_choose: True
  random_shift: True
  window_size: 64
  random_move: True
  random_rot: True
  average_flow: False
  absolute_flow: False
  no_flow: True
extractor:
  preprocessed: True
  pose: {'weights': 'pretrained_models/yolo11x-pose.pt'}
  flow: {'weights': 'pretrained_models/raft_large.pt', 'imsize': [1080, 1920], 'minibatch_size': 3, 'dilation': 3}
  flowpose: {'window_size': 5, 'threshold': 0.05, 'loop': False, 'norm': False, 'match_pose': False, 'ntu': True}
model: model.infogcn2.sode.SODE
model_args:
  num_class: 60
  num_point: 25
  num_person: 2
  graph: graph.ntu_rgb_d.Graph
  pose_channels: 3
  flow_channels: 0
  embed_channels: 64
  num_head: 3
  ode_method: euler
  depth: 4
  device: 0
  T: 64
  n_step: 3
  SAGC_proj: True
  num_cls: 10
  n_sample: 1
  backbone: transformer
  cnn: False
  use_mask: True
ignore_weights: []
phase: train
optim:
  base_lr: 0.1
  nesterov: True
  weight_decay: 0.0003
  step: [50, 60]
  gamma: 0.1
lambda_1: 1
lambda_2: 0.1
lambda_3: 0.001
lambda_4: 0.0
lambda_5: 0.0
num_epoch: 70
device: 0
batch_size: 256
forward_batch_size: 128
test_batch_size: 256
half: False
checkpoint_freq: 10
save_location: ./results/nturgbd/
dataset: ntu
model_type: base
evaluation: CS
run_name: ntu_CS_base
description: nturgbd-cross-view AVG full optical flow extraction
data_path_overwrite: /var/tmp/jobfs/data
verbose: True
### Arguments loaded
	Output device: cuda:0
	Temporal encoder: transformer
	Model total number of params: 613747
	Loading weights from ./results/nturgbd/CS/ntu_CS_base.pt
	Checkpoint file does not yet exist
	([Errno 2] No such file or directory: './results/nturgbd/CS/ntu_CS_base.pt')
### Model created
	Loaded data using mmap mode
	Self.data assigned
	Self.labels assigned
	Assigned self.data to unique split (train)
	Using memory-mapped data - skipping NaN filtering to preserve memory efficiency
	Finished loading data!
	Loaded data using mmap mode
	Assigned self.data to unique split (test)
	Using memory-mapped data - skipping NaN filtering to preserve memory efficiency
	Finished loading data!
### Dataloaders created
	Tracking:
		epoch
		train_time
		train_loss
		lr
		test_time
		test_loss
		train_ACC
		test_ACC
		train_AUC
		test_AUC
		train_cls_loss
		test_cls_loss
		train_feature_loss
		test_feature_loss
		train_recon_loss
		test_recon_loss
	Created new checkpoint file: ./results/nturgbd/CS/ntu_CS_base.pt
		1 EPOCH BEST TEST AUC: 0.027880869805812836
			Train time: 163.28 seconds
			Test time: 25.95 seconds
		2 EPOCH BEST TEST AUC: 0.07522214949131012
			Train time: 154.03 seconds
			Test time: 25.78 seconds
		3 EPOCH BEST TEST AUC: 0.13627688586711884
			Train time: 154.96 seconds
			Test time: 27.15 seconds
		4 EPOCH BEST TEST AUC: 0.2099694162607193
			Train time: 154.87 seconds
			Test time: 26.52 seconds
		5 EPOCH BEST TEST AUC: 0.30333462357521057
			Train time: 154.13 seconds
			Test time: 26.61 seconds
		6 EPOCH BEST TEST AUC: 0.395913302898407
			Train time: 155.02 seconds
			Test time: 26.59 seconds
		7 EPOCH BEST TEST AUC: 0.41924697160720825
			Train time: 154.33 seconds
			Test time: 25.95 seconds
		8 EPOCH BEST TEST AUC: 0.46657878160476685
			Train time: 153.80 seconds
			Test time: 25.87 seconds
		9 EPOCH BEST TEST AUC: 0.5096487402915955
			Train time: 153.64 seconds
			Test time: 25.83 seconds
		10 EPOCH BEST TEST AUC: 0.5096487402915955
			Train time: 153.73 seconds
			Test time: 25.95 seconds
		11 EPOCH BEST TEST AUC: 0.5367306470870972
			Train time: 153.72 seconds
			Test time: 25.80 seconds
		12 EPOCH BEST TEST AUC: 0.55776047706604
			Train time: 155.22 seconds
			Test time: 27.04 seconds
		13 EPOCH BEST TEST AUC: 0.5638031363487244
			Train time: 155.61 seconds
			Test time: 26.15 seconds
		14 EPOCH BEST TEST AUC: 0.5703328847885132
			Train time: 155.40 seconds
			Test time: 25.95 seconds
		15 EPOCH BEST TEST AUC: 0.589985728263855
			Train time: 155.17 seconds
			Test time: 26.87 seconds
		16 EPOCH BEST TEST AUC: 0.589985728263855
			Train time: 156.09 seconds
			Test time: 26.73 seconds
		17 EPOCH BEST TEST AUC: 0.589985728263855
			Train time: 154.55 seconds
			Test time: 25.90 seconds
