Copying file: ./data/ntu/aligned_data/ntu_CS-flowpose_D5_aligned.npz to /var/tmp/jobfs/data
Dataset copied to JOBFS: ntu_CS-flowpose_D5_aligned.npz
Data path: /var/tmp/jobfs/data/ntu_CS-flowpose_D5_aligned.npz
Run name: ntu_CS_avg_D5

### Libraries loaded
feeder: feeders.ntu_rgb_d.Feeder
feeder_args:
  data_paths: {'CS': './data/ntu/aligned_data/ntu_CS-flowpose_D3_aligned.npz', 'CV': './data/ntu/aligned_data/ntu_CV-flowpose_D3_aligned.npz'}
  label_path: ./data/ntu/statistics/ntu_rgbd-annotations.yaml
  p_interval: [0.5, 1]
  random_choose: True
  random_shift: True
  window_size: 64
  random_move: True
  random_rot: True
  average_flow: True
  absolute_flow: False
  no_flow: False
extractor:
  preprocessed: True
  pose: {'weights': 'pretrained_models/yolo11x-pose.pt'}
  flow: {'weights': 'pretrained_models/raft_large.pt', 'imsize': [1080, 1920], 'minibatch_size': 3}
  flowpose: {'window_size': 5, 'threshold': 0.05, 'loop': False, 'norm': False, 'match_pose': False, 'ntu': True, 'dilation': 1}
model: model.infogcn2.sode.SODE
model_args:
  num_class: 60
  num_point: 25
  num_person: 2
  graph: graph.ntu_rgb_d.Graph
  pose_channels: 3
  flow_channels: 2
  embed_channels: 64
  num_head: 3
  ode_method: euler
  depth: 4
  device: 0
  T: 64
  n_step: 3
  SAGC_proj: True
  num_cls: 10
  n_sample: 1
  backbone: transformer
  cnn: False
  use_mask: True
ignore_weights: []
phase: train
optim:
  base_lr: 0.1
  nesterov: True
  weight_decay: 0.0003
  step: [50, 60]
  gamma: 0.1
lambda_1: 1
lambda_2: 0.1
lambda_3: 0.001
lambda_4: 0.0
lambda_5: 0.0
num_epoch: 70
device: 0
batch_size: 256
forward_batch_size: 128
test_batch_size: 256
half: False
checkpoint_freq: 10
save_location: ./results/ntu/
dataset: ntu
model_type: avg
evaluation: CS
run_name: ntu_CS_avg_D5
description: train ntu CS avg with dilation 5 TESTING n_step = 4
data_path_overwrite: /var/tmp/jobfs/data/ntu_CS-flowpose_D5_aligned.npz
verbose: True
### Arguments loaded
	Output device: cuda:0
	Temporal encoder: transformer
	Model total number of params: 613875
	Loading weights from ./results/ntu/CS/train/ntu_CS_avg_D5.pt
	Checkpoint file does not yet exist
	([Errno 2] No such file or directory: './results/ntu/CS/train/ntu_CS_avg_D5.pt')
### Model created
	Loaded data using mmap mode
	Self.data assigned
	Self.labels assigned
	Assigned self.data to unique split (train)
	Using memory-mapped data - skipping NaN filtering to preserve memory efficiency
	Finished loading data!
	Loaded data using mmap mode
	Assigned self.data to unique split (test)
	Using memory-mapped data - skipping NaN filtering to preserve memory efficiency
	Finished loading data!
### Dataloaders created
	Tracking:
		epoch
		train_time
		train_loss
		lr
		test_time
		test_loss
		train_ACC
		test_ACC
		train_AUC
		test_AUC
		train_cls_loss
		test_cls_loss
		train_feature_loss
		test_feature_loss
		train_recon_loss
		test_recon_loss
	Created new checkpoint file: ./results/ntu/CS/train/ntu_CS_avg_D5.pt
		1 EPOCH BEST TEST AUC: 0.033513143658638
			Train time: 384.57 seconds
			Test time: 104.77 seconds
		2 EPOCH BEST TEST AUC: 0.10983369499444962
			Train time: 390.40 seconds
			Test time: 111.20 seconds
		3 EPOCH BEST TEST AUC: 0.17354866862297058
			Train time: 389.57 seconds
			Test time: 110.57 seconds
		4 EPOCH BEST TEST AUC: 0.3319784104824066
			Train time: 393.37 seconds
			Test time: 110.99 seconds
		5 EPOCH BEST TEST AUC: 0.4346037805080414
			Train time: 389.91 seconds
			Test time: 110.79 seconds
		6 EPOCH BEST TEST AUC: 0.4983386695384979
			Train time: 390.82 seconds
			Test time: 110.76 seconds
		7 EPOCH BEST TEST AUC: 0.5281547904014587
			Train time: 390.19 seconds
			Test time: 110.47 seconds
		8 EPOCH BEST TEST AUC: 0.5617351531982422
			Train time: 390.05 seconds
			Test time: 110.38 seconds
		9 EPOCH BEST TEST AUC: 0.5791608691215515
			Train time: 391.45 seconds
			Test time: 111.02 seconds
		10 EPOCH BEST TEST AUC: 0.5918441414833069
			Train time: 390.59 seconds
			Test time: 110.23 seconds
		11 EPOCH BEST TEST AUC: 0.6050410270690918
			Train time: 398.33 seconds
			Test time: 110.35 seconds
		12 EPOCH BEST TEST AUC: 0.6091266870498657
			Train time: 395.34 seconds
			Test time: 110.94 seconds
		13 EPOCH BEST TEST AUC: 0.6165027618408203
			Train time: 390.15 seconds
			Test time: 110.47 seconds
		14 EPOCH BEST TEST AUC: 0.6267788410186768
			Train time: 389.75 seconds
			Test time: 110.57 seconds
		15 EPOCH BEST TEST AUC: 0.6394811272621155
			Train time: 388.22 seconds
			Test time: 104.00 seconds
		16 EPOCH BEST TEST AUC: 0.6394811272621155
			Train time: 373.70 seconds
			Test time: 105.25 seconds
		17 EPOCH BEST TEST AUC: 0.643456757068634
			Train time: 374.04 seconds
			Test time: 104.72 seconds
		18 EPOCH BEST TEST AUC: 0.6458336710929871
			Train time: 372.76 seconds
			Test time: 104.82 seconds
		19 EPOCH BEST TEST AUC: 0.6485033631324768
			Train time: 374.11 seconds
			Test time: 103.72 seconds
		20 EPOCH BEST TEST AUC: 0.6559059619903564
			Train time: 370.99 seconds
			Test time: 103.81 seconds
		21 EPOCH BEST TEST AUC: 0.6559059619903564
			Train time: 368.42 seconds
			Test time: 103.52 seconds
		22 EPOCH BEST TEST AUC: 0.6619504690170288
			Train time: 366.70 seconds
			Test time: 103.49 seconds
		23 EPOCH BEST TEST AUC: 0.6619504690170288
			Train time: 371.91 seconds
			Test time: 103.54 seconds
		24 EPOCH BEST TEST AUC: 0.6619504690170288
			Train time: 372.51 seconds
			Test time: 104.20 seconds
		25 EPOCH BEST TEST AUC: 0.6653082966804504
			Train time: 370.26 seconds
			Test time: 103.67 seconds
		26 EPOCH BEST TEST AUC: 0.6653082966804504
			Train time: 377.21 seconds
			Test time: 108.79 seconds
		27 EPOCH BEST TEST AUC: 0.6704505681991577
			Train time: 372.59 seconds
			Test time: 106.22 seconds
		28 EPOCH BEST TEST AUC: 0.6704505681991577
			Train time: 371.97 seconds
			Test time: 106.69 seconds
		29 EPOCH BEST TEST AUC: 0.6704505681991577
			Train time: 372.29 seconds
			Test time: 106.84 seconds
		30 EPOCH BEST TEST AUC: 0.6729373931884766
			Train time: 373.34 seconds
			Test time: 108.09 seconds
		31 EPOCH BEST TEST AUC: 0.6729373931884766
			Train time: 373.14 seconds
			Test time: 105.94 seconds
		32 EPOCH BEST TEST AUC: 0.6771234273910522
			Train time: 373.08 seconds
			Test time: 106.47 seconds
		33 EPOCH BEST TEST AUC: 0.6771234273910522
			Train time: 373.56 seconds
			Test time: 105.39 seconds
		34 EPOCH BEST TEST AUC: 0.6771234273910522
			Train time: 372.66 seconds
			Test time: 105.70 seconds
		35 EPOCH BEST TEST AUC: 0.6771234273910522
			Train time: 375.71 seconds
			Test time: 105.04 seconds
		36 EPOCH BEST TEST AUC: 0.6771234273910522
			Train time: 374.69 seconds
			Test time: 106.32 seconds
		37 EPOCH BEST TEST AUC: 0.6771234273910522
			Train time: 384.19 seconds
			Test time: 106.84 seconds
		38 EPOCH BEST TEST AUC: 0.6772561073303223
			Train time: 378.28 seconds
			Test time: 107.63 seconds
		39 EPOCH BEST TEST AUC: 0.6772561073303223
			Train time: 376.03 seconds
			Test time: 105.88 seconds
		40 EPOCH BEST TEST AUC: 0.6772561073303223
			Train time: 378.85 seconds
			Test time: 107.00 seconds
		41 EPOCH BEST TEST AUC: 0.680556058883667
			Train time: 383.21 seconds
			Test time: 106.24 seconds
		42 EPOCH BEST TEST AUC: 0.680556058883667
			Train time: 374.34 seconds
			Test time: 103.69 seconds
		43 EPOCH BEST TEST AUC: 0.680556058883667
			Train time: 374.30 seconds
			Test time: 103.48 seconds
		44 EPOCH BEST TEST AUC: 0.680556058883667
			Train time: 371.35 seconds
			Test time: 103.81 seconds
		45 EPOCH BEST TEST AUC: 0.680556058883667
			Train time: 367.03 seconds
			Test time: 103.70 seconds
		46 EPOCH BEST TEST AUC: 0.680556058883667
			Train time: 369.54 seconds
			Test time: 103.88 seconds
		47 EPOCH BEST TEST AUC: 0.680556058883667
			Train time: 368.09 seconds
			Test time: 103.78 seconds
		48 EPOCH BEST TEST AUC: 0.6818876266479492
			Train time: 371.02 seconds
			Test time: 103.84 seconds
		49 EPOCH BEST TEST AUC: 0.6818876266479492
			Train time: 374.80 seconds
			Test time: 103.69 seconds
		50 EPOCH BEST TEST AUC: 0.6818876266479492
			Train time: 367.79 seconds
			Test time: 103.67 seconds
		51 EPOCH BEST TEST AUC: 0.703956127166748
			Train time: 373.15 seconds
			Test time: 104.01 seconds
		52 EPOCH BEST TEST AUC: 0.7055881023406982
			Train time: 367.03 seconds
			Test time: 103.64 seconds
		53 EPOCH BEST TEST AUC: 0.706078052520752
			Train time: 371.82 seconds
			Test time: 103.64 seconds
		54 EPOCH BEST TEST AUC: 0.706078052520752
			Train time: 373.11 seconds
			Test time: 103.77 seconds
		55 EPOCH BEST TEST AUC: 0.706078052520752
			Train time: 372.70 seconds
			Test time: 103.71 seconds
		56 EPOCH BEST TEST AUC: 0.706078052520752
			Train time: 371.56 seconds
			Test time: 103.93 seconds
		57 EPOCH BEST TEST AUC: 0.706078052520752
			Train time: 376.42 seconds
			Test time: 103.68 seconds
		58 EPOCH BEST TEST AUC: 0.706078052520752
			Train time: 367.36 seconds
			Test time: 104.35 seconds
		59 EPOCH BEST TEST AUC: 0.7071215510368347
			Train time: 369.01 seconds
			Test time: 103.54 seconds
		60 EPOCH BEST TEST AUC: 0.7071215510368347
			Train time: 370.33 seconds
			Test time: 103.68 seconds
		61 EPOCH BEST TEST AUC: 0.7072618007659912
			Train time: 371.34 seconds
			Test time: 103.84 seconds
		62 EPOCH BEST TEST AUC: 0.7072618007659912
			Train time: 370.96 seconds
			Test time: 104.03 seconds
		63 EPOCH BEST TEST AUC: 0.7074029445648193
			Train time: 374.08 seconds
			Test time: 104.09 seconds
		64 EPOCH BEST TEST AUC: 0.7075110673904419
			Train time: 370.67 seconds
			Test time: 103.89 seconds
		65 EPOCH BEST TEST AUC: 0.7075110673904419
			Train time: 373.80 seconds
			Test time: 103.78 seconds
		66 EPOCH BEST TEST AUC: 0.7075110673904419
			Train time: 371.70 seconds
			Test time: 103.90 seconds
		67 EPOCH BEST TEST AUC: 0.7075110673904419
			Train time: 371.20 seconds
			Test time: 103.68 seconds
		68 EPOCH BEST TEST AUC: 0.707584023475647
			Train time: 371.86 seconds
			Test time: 103.69 seconds
		69 EPOCH BEST TEST AUC: 0.7078579068183899
			Train time: 371.79 seconds
			Test time: 103.66 seconds
		70 EPOCH BEST TEST AUC: 0.7078579068183899
			Train time: 368.62 seconds
			Test time: 103.99 seconds
	Training time:         9:22:39
	Best train AUC: 0.8599202632904053
	Best test AUC: 0.7078579068183899

+------------------ Job Report: 3658778 (COMPLETED) -------------------+
| Memory (RAM)  [######              ] 31.3% (1.6 GB peak / 5 GB)      |
| CPU           [###########         ] 56.1% average                   |
| GPU           [######              ] 32.8% average                   |
| Time          [--------------->    ] 78.9% (0-09:27:52 / 0-12:00:00) |
|                                                                      |
| Lustre Filesystem:                                                   |
|   Path    Total Read    Total Write    Total IOPS                    |
|   ------  ------------  -------------  ------------                  |
|   /apps   6.2 MB        0 B            361                           |
|   /fred   171.3 GB      36.5 MB        2.2 K                         |
|   /home   0 B           0 B            2                             |
|   OS      4 MB          0 B            64                            |
|                                                                      |
| Warnings:                                                            |
|   - Too much memory requested                                        |
|   - CPU usage is low                                                 |
|   - GPU usage is low                                                 |
+----------------------------------------------------------------------+
