Copying file: ./data/ntu/aligned_data/ntu_CS-pose_D4_aligned.npz to /var/tmp/jobfs/data
Dataset copied to JOBFS: ntu_CS-pose_D4_aligned.npz
Data path: /var/tmp/jobfs/data/ntu_CS-pose_D4_aligned.npz
Run name: ntu_CS_base_D4

### Libraries loaded
feeder: feeders.ntu_rgb_d.Feeder
feeder_args:
  data_paths: {'CS': './data/ntu/aligned_data/ntu_CS-pose_dilation3_aligned.npz', 'CV': './data/ntu/aligned_data/ntu_CV-pose_dilation3_aligned.npz'}
  label_path: ./data/ntu/statistics/ntu_rgbd-annotations.yaml
  p_interval: [0.5, 1]
  random_choose: True
  random_shift: True
  window_size: 64
  random_move: True
  random_rot: True
  average_flow: False
  absolute_flow: False
  no_flow: True
  no_Z: False
extractor:
  preprocessed: True
  pose: {'weights': 'pretrained_models/yolo11x-pose.pt'}
  flow: {'weights': 'pretrained_models/raft_large.pt', 'imsize': [1080, 1920], 'minibatch_size': 3}
  flowpose: {'window_size': 5, 'threshold': 0.05, 'loop': False, 'norm': False, 'match_pose': False, 'ntu': True, 'dilation': 3}
model: model.infogcn2.sode.SODE
model_args:
  num_class: 60
  num_point: 25
  num_person: 2
  graph: graph.ntu_rgb_d.Graph
  pose_channels: 3
  flow_channels: 0
  embed_channels: 64
  num_head: 3
  ode_method: euler
  depth: 4
  device: 0
  T: 64
  n_step: 3
  SAGC_proj: True
  num_cls: 10
  n_sample: 1
  backbone: transformer
  cnn: False
  use_mask: True
ignore_weights: []
phase: train
optim:
  base_lr: 0.1
  nesterov: True
  weight_decay: 0.0003
  step: [50, 60]
  gamma: 0.1
lambda_1: 1
lambda_2: 0.1
lambda_3: 0.001
lambda_4: 0.0
lambda_5: 0.0
num_epoch: 70
device: 0
batch_size: 256
forward_batch_size: 128
test_batch_size: 256
half: False
checkpoint_freq: 10
save_location: ./results/ntu/
dataset: ntu
model_type: base
evaluation: CS
run_name: ntu_CS_base_D4
description: train ntu CS base with dilation 4 TESTING n_step = 4
data_path_overwrite: /var/tmp/jobfs/data/ntu_CS-pose_D4_aligned.npz
verbose: True
### Arguments loaded
	Output device: cuda:0
	Temporal encoder: transformer
	Model total number of params: 613747
	Loading weights from ./results/ntu/CS/train/ntu_CS_base_D4.pt
	Checkpoint file does not yet exist
	([Errno 2] No such file or directory: './results/ntu/CS/train/ntu_CS_base_D4.pt')
### Model created
	Loaded data using mmap mode
	Self.data assigned
	Self.labels assigned
	Assigned self.data to unique split (train)
	Using memory-mapped data - skipping NaN filtering to preserve memory efficiency
	Finished loading data!
	Loaded data using mmap mode
	Assigned self.data to unique split (test)
	Using memory-mapped data - skipping NaN filtering to preserve memory efficiency
	Finished loading data!
### Dataloaders created
	Tracking:
		epoch
		train_time
		train_loss
		lr
		test_time
		test_loss
		train_ACC
		test_ACC
		train_AUC
		test_AUC
		train_cls_loss
		test_cls_loss
		train_feature_loss
		test_feature_loss
		train_recon_loss
		test_recon_loss
	Created new checkpoint file: ./results/ntu/CS/train/ntu_CS_base_D4.pt
		1 EPOCH BEST TEST AUC: 0.02823815681040287
			Train time: 160.32 seconds
			Test time: 25.78 seconds
		2 EPOCH BEST TEST AUC: 0.08077481389045715
			Train time: 153.53 seconds
			Test time: 25.84 seconds
		3 EPOCH BEST TEST AUC: 0.15159198641777039
			Train time: 153.53 seconds
			Test time: 25.91 seconds
		4 EPOCH BEST TEST AUC: 0.21836712956428528
			Train time: 153.48 seconds
			Test time: 25.89 seconds
		5 EPOCH BEST TEST AUC: 0.2834562659263611
			Train time: 153.33 seconds
			Test time: 25.81 seconds
		6 EPOCH BEST TEST AUC: 0.3779474198818207
			Train time: 153.47 seconds
			Test time: 25.72 seconds
		7 EPOCH BEST TEST AUC: 0.4171828627586365
			Train time: 153.38 seconds
			Test time: 25.85 seconds
		8 EPOCH BEST TEST AUC: 0.4699555039405823
			Train time: 153.60 seconds
			Test time: 25.75 seconds
		9 EPOCH BEST TEST AUC: 0.5016651153564453
			Train time: 153.61 seconds
			Test time: 25.84 seconds
		10 EPOCH BEST TEST AUC: 0.522199273109436
			Train time: 153.52 seconds
			Test time: 25.86 seconds
		11 EPOCH BEST TEST AUC: 0.5360189080238342
			Train time: 153.66 seconds
			Test time: 25.72 seconds
		12 EPOCH BEST TEST AUC: 0.555408239364624
			Train time: 153.65 seconds
			Test time: 25.87 seconds
		13 EPOCH BEST TEST AUC: 0.5689709782600403
			Train time: 153.55 seconds
			Test time: 25.74 seconds
		14 EPOCH BEST TEST AUC: 0.5689709782600403
			Train time: 153.65 seconds
			Test time: 25.81 seconds
		15 EPOCH BEST TEST AUC: 0.5751425623893738
			Train time: 153.51 seconds
			Test time: 25.86 seconds
		16 EPOCH BEST TEST AUC: 0.5751425623893738
			Train time: 153.59 seconds
			Test time: 25.74 seconds
		17 EPOCH BEST TEST AUC: 0.5844624042510986
			Train time: 153.55 seconds
			Test time: 25.81 seconds
		18 EPOCH BEST TEST AUC: 0.5844624042510986
			Train time: 153.47 seconds
			Test time: 25.88 seconds
		19 EPOCH BEST TEST AUC: 0.5926496982574463
			Train time: 153.76 seconds
			Test time: 25.77 seconds
		20 EPOCH BEST TEST AUC: 0.5964736938476562
			Train time: 153.46 seconds
			Test time: 25.92 seconds
		21 EPOCH BEST TEST AUC: 0.5964736938476562
			Train time: 153.60 seconds
			Test time: 25.78 seconds
		22 EPOCH BEST TEST AUC: 0.6055822372436523
			Train time: 153.58 seconds
			Test time: 25.96 seconds
		23 EPOCH BEST TEST AUC: 0.6116542816162109
			Train time: 153.58 seconds
			Test time: 25.88 seconds
		24 EPOCH BEST TEST AUC: 0.6123707294464111
			Train time: 153.61 seconds
			Test time: 26.01 seconds
		25 EPOCH BEST TEST AUC: 0.6123707294464111
			Train time: 153.72 seconds
			Test time: 25.98 seconds
		26 EPOCH BEST TEST AUC: 0.6190284490585327
			Train time: 153.69 seconds
			Test time: 25.83 seconds
		27 EPOCH BEST TEST AUC: 0.6190284490585327
			Train time: 153.91 seconds
			Test time: 25.81 seconds
		28 EPOCH BEST TEST AUC: 0.6190322637557983
			Train time: 153.90 seconds
			Test time: 26.04 seconds
		29 EPOCH BEST TEST AUC: 0.6196690797805786
			Train time: 153.81 seconds
			Test time: 25.84 seconds
		30 EPOCH BEST TEST AUC: 0.6228780746459961
			Train time: 153.72 seconds
			Test time: 25.94 seconds
		31 EPOCH BEST TEST AUC: 0.6234723329544067
			Train time: 153.78 seconds
			Test time: 25.98 seconds
		32 EPOCH BEST TEST AUC: 0.6234723329544067
			Train time: 153.71 seconds
			Test time: 25.88 seconds
		33 EPOCH BEST TEST AUC: 0.6234723329544067
			Train time: 153.72 seconds
			Test time: 25.88 seconds
		34 EPOCH BEST TEST AUC: 0.6240958571434021
			Train time: 153.77 seconds
			Test time: 25.80 seconds
		35 EPOCH BEST TEST AUC: 0.6240958571434021
			Train time: 153.74 seconds
			Test time: 25.94 seconds
		36 EPOCH BEST TEST AUC: 0.6269124746322632
			Train time: 153.60 seconds
			Test time: 25.96 seconds
		37 EPOCH BEST TEST AUC: 0.6269124746322632
			Train time: 153.63 seconds
			Test time: 25.88 seconds
		38 EPOCH BEST TEST AUC: 0.6269124746322632
			Train time: 153.66 seconds
			Test time: 25.94 seconds
		39 EPOCH BEST TEST AUC: 0.6269124746322632
			Train time: 153.85 seconds
			Test time: 25.93 seconds
		40 EPOCH BEST TEST AUC: 0.6269124746322632
			Train time: 153.80 seconds
			Test time: 25.79 seconds
		41 EPOCH BEST TEST AUC: 0.6273863315582275
			Train time: 153.81 seconds
			Test time: 25.82 seconds
		42 EPOCH BEST TEST AUC: 0.6340013742446899
			Train time: 153.75 seconds
			Test time: 25.83 seconds
		43 EPOCH BEST TEST AUC: 0.6340013742446899
			Train time: 153.65 seconds
			Test time: 26.04 seconds
		44 EPOCH BEST TEST AUC: 0.6346534490585327
			Train time: 153.84 seconds
			Test time: 25.87 seconds
		45 EPOCH BEST TEST AUC: 0.6398639678955078
			Train time: 153.98 seconds
			Test time: 25.90 seconds
		46 EPOCH BEST TEST AUC: 0.6398639678955078
			Train time: 153.91 seconds
			Test time: 25.83 seconds
		47 EPOCH BEST TEST AUC: 0.6398639678955078
			Train time: 153.88 seconds
			Test time: 25.85 seconds
		48 EPOCH BEST TEST AUC: 0.6398639678955078
			Train time: 153.82 seconds
			Test time: 25.78 seconds
		49 EPOCH BEST TEST AUC: 0.6398639678955078
			Train time: 154.00 seconds
			Test time: 25.83 seconds
		50 EPOCH BEST TEST AUC: 0.6398639678955078
			Train time: 153.95 seconds
			Test time: 25.94 seconds
		51 EPOCH BEST TEST AUC: 0.658990740776062
			Train time: 153.97 seconds
			Test time: 25.80 seconds
		52 EPOCH BEST TEST AUC: 0.658990740776062
			Train time: 154.11 seconds
			Test time: 25.79 seconds
		53 EPOCH BEST TEST AUC: 0.658990740776062
			Train time: 154.08 seconds
			Test time: 25.79 seconds
		54 EPOCH BEST TEST AUC: 0.658990740776062
			Train time: 153.87 seconds
			Test time: 25.75 seconds
		55 EPOCH BEST TEST AUC: 0.6618443727493286
			Train time: 153.83 seconds
			Test time: 25.65 seconds
		56 EPOCH BEST TEST AUC: 0.6632564663887024
			Train time: 153.80 seconds
			Test time: 25.94 seconds
		57 EPOCH BEST TEST AUC: 0.6632564663887024
			Train time: 153.77 seconds
			Test time: 25.88 seconds
		58 EPOCH BEST TEST AUC: 0.6632564663887024
			Train time: 153.64 seconds
			Test time: 25.74 seconds
		59 EPOCH BEST TEST AUC: 0.6632564663887024
			Train time: 153.70 seconds
			Test time: 25.76 seconds
		60 EPOCH BEST TEST AUC: 0.6632564663887024
			Train time: 153.71 seconds
			Test time: 25.78 seconds
		61 EPOCH BEST TEST AUC: 0.6632564663887024
			Train time: 153.63 seconds
			Test time: 25.81 seconds
		62 EPOCH BEST TEST AUC: 0.6632564663887024
			Train time: 153.59 seconds
			Test time: 25.77 seconds
		63 EPOCH BEST TEST AUC: 0.6632564663887024
			Train time: 153.68 seconds
			Test time: 25.83 seconds
		64 EPOCH BEST TEST AUC: 0.6632564663887024
			Train time: 153.51 seconds
			Test time: 25.78 seconds
		65 EPOCH BEST TEST AUC: 0.6632564663887024
			Train time: 153.84 seconds
			Test time: 25.73 seconds
		66 EPOCH BEST TEST AUC: 0.6632564663887024
			Train time: 153.36 seconds
			Test time: 25.73 seconds
		67 EPOCH BEST TEST AUC: 0.6632564663887024
			Train time: 153.68 seconds
			Test time: 25.89 seconds
		68 EPOCH BEST TEST AUC: 0.6632564663887024
			Train time: 153.61 seconds
			Test time: 25.82 seconds
		69 EPOCH BEST TEST AUC: 0.6632564663887024
			Train time: 153.50 seconds
			Test time: 25.64 seconds
		70 EPOCH BEST TEST AUC: 0.6632564663887024
			Train time: 153.63 seconds
			Test time: 25.70 seconds
	Training time:         3:29:33
	Best train AUC: 0.8237034678459167
	Best test AUC: 0.6632564663887024

+------------------ Job Report: 3594226 (COMPLETED) -------------------+
| Memory (RAM)  [#########           ] 49.9% (1.5 GB peak / 3 GB)      |
| CPU           [################    ] 80.7% average                   |
| GPU           [##################  ] 92.4% average                   |
| Time          [----------------->  ] 88.2% (0-03:31:36 / 0-04:00:00) |
|                                                                      |
| Lustre Filesystem:                                                   |
|   Path    Total Read    Total Write    Total IOPS                    |
|   ------  ------------  -------------  ------------                  |
|   /apps   772 KB        0 B            27                            |
|   /fred   11.2 GB       36.5 MB        4.9 K                         |
|   /home   0 B           0 B            2                             |
|   OS      29.4 MB       0 B            432                           |
|                                                                      |
| Warnings:                                                            |
|   - Too much memory requested                                        |
+----------------------------------------------------------------------+
