/fred/oz141/ldezoete/environment/lib64/python3.9/site-packages/torch/utils/data/dataloader.py:558: UserWarning: This DataLoader will create 2 worker processes in total. Our suggested max number of worker in current system is 1, which is smaller than what this DataLoader is going to create. Please be aware that excessive worker creation might get DataLoader running slow or even freeze, lower the worker number to avoid potential slowness/freeze if necessary.
  warnings.warn(_create_warning_msg(
Epoch:   0%|          | 0/50 [00:00<?, ?it/s]/fred/oz141/ldezoete/environment/lib64/python3.9/site-packages/torch/utils/data/dataloader.py:558: UserWarning: This DataLoader will create 2 worker processes in total. Our suggested max number of worker in current system is 1, which is smaller than what this DataLoader is going to create. Please be aware that excessive worker creation might get DataLoader running slow or even freeze, lower the worker number to avoid potential slowness/freeze if necessary.
  warnings.warn(_create_warning_msg(
Epoch:   2%|▏         | 1/50 [05:35<4:33:45, 335.22s/it]Epoch:   2%|▏         | 1/50 [05:47<4:43:25, 347.04s/it]
Traceback (most recent call last):
  File "/fred/oz141/ldezoete/environment/lib64/python3.9/site-packages/torch/utils/data/dataloader.py", line 1133, in _try_get_data
    data = self._data_queue.get(timeout=timeout)
  File "/usr/lib64/python3.9/queue.py", line 180, in get
    self.not_empty.wait(remaining)
  File "/usr/lib64/python3.9/threading.py", line 316, in wait
    gotit = waiter.acquire(True, timeout)
  File "/fred/oz141/ldezoete/environment/lib64/python3.9/site-packages/torch/utils/data/_utils/signal_handling.py", line 66, in handler
    _error_if_any_worker_fails()
RuntimeError: DataLoader worker (pid 1302193) is killed by signal: Killed. 

The above exception was the direct cause of the following exception:

Traceback (most recent call last):
  File "/fred/oz141/ldezoete/MS-G3D/main.py", line 218, in <module>
    results = train_network(
  File "/fred/oz141/ldezoete/MS-G3D/training/train_msg3d.py", line 154, in train_network
    train_time = run_epoch(
  File "/fred/oz141/ldezoete/MS-G3D/training/train_msg3d.py", line 45, in run_epoch
    for x, y, mask, index in data_loader:
  File "/fred/oz141/ldezoete/environment/lib64/python3.9/site-packages/torch/utils/data/dataloader.py", line 631, in __next__
    data = self._next_data()
  File "/fred/oz141/ldezoete/environment/lib64/python3.9/site-packages/torch/utils/data/dataloader.py", line 1329, in _next_data
    idx, data = self._get_data()
  File "/fred/oz141/ldezoete/environment/lib64/python3.9/site-packages/torch/utils/data/dataloader.py", line 1285, in _get_data
    success, data = self._try_get_data()
  File "/fred/oz141/ldezoete/environment/lib64/python3.9/site-packages/torch/utils/data/dataloader.py", line 1146, in _try_get_data
    raise RuntimeError(f'DataLoader worker (pid(s) {pids_str}) exited unexpectedly') from e
RuntimeError: DataLoader worker (pid(s) 1302193) exited unexpectedly
slurmstepd: error: Detected 1 oom_kill event in StepId=7193378.0. Some of the step tasks have been OOM Killed.
srun: error: gina13: task 0: Out Of Memory
srun: Terminating StepId=7193378.0
