Tue Nov 25 20:14:16 AEDT 2025
Copying file: ./data/ucf101/aligned_data/ucf101_02_D1.npz to /var/tmp/jobfs/data
Dataset copied to JOBFS: ucf101_02_D1.npz
Data path: /var/tmp/jobfs/data/ucf101_02_D1.npz
Run name: msg3d_ucf101_2_base

Python script run command arguments:
python main.py -m msg3d -d ucf101 -p train -f base -e 2 -o 1.0 -r msg3d_ucf101_2_base --desc msg3d_train ucf101 2 base observation ratio 1.0, retraining model with mean and std norm --data_path_overwrite /var/tmp/jobfs/data/ucf101_02_D1.npz -v
### Libraries loaded
feeder: feeders.ucf101.Feeder
feeder_args:
  data_paths: {1: './data/ucf101/aligned_data/ucf101_01_D1.npz', 2: './data/ucf101/aligned_data/ucf101_02_D1.npz', 3: './data/ucf101/aligned_data/ucf101_03_D1.npz'}
  label_path: ./data/ucf101/statistics/ucf101_annotations.yaml
  p_interval: [0.5, 1]
  random_choose: True
  random_shift: True
  window_size: 300
  random_move: True
  random_rot: True
  average_flow: False
  absolute_flow: False
  no_flow: True
extractor:
  data_paths: {'rgb_path': '../Datasets/UCF-101/', 'pose_path': './data/ucf101/pose/', 'flow_path': './data/ucf101/flow/', 'flowpose_path': './data/ucf101/flowpose/'}
  pose: {'weights': 'pretrained_models/yolo11x-pose.pt'}
  flow: {'weights': 'pretrained_models/raft_large.pt', 'imsize': [240, 320], 'minibatch_size': 16}
  flowpose: {'window_size': 5, 'threshold': 0.05, 'loop': False, 'norm': False, 'match_pose': False, 'ntu': False, 'dilation': 3}
model: models.msg3d.TEST_MODEL
model_args:
  num_class: 101
  num_point: 17
  num_person: 2
  num_gcn_scales: 2
  num_g3d_scales: 3
  graph: graph.yolo_pose.Graph
  pose_channels: 3
  flow_channels: 0
  cnn: False
ignore_weights: []
phase: train
optimiser: torch.optim.SGD
optim_params:
  lr: 0.05
  momentum: 0.9
  weight_decay: 0.0005
  nesterov: True
scheduler: torch.optim.lr_scheduler.MultiStepLR
scheduler_params:
  milestones: [30, 50]
  gamma: 0.1
training_function: training.train_msg3d.train_network
testing_function: training.eval_msg3d.eval_network
num_epoch: 50
device: 0
batch_size: 128
forward_batch_size: 128
test_batch_size: 128
half: False
checkpoint_freq: 10
save_location: ./results/msg3d/ucf101/
model_type: msg3d
dataset: ucf101
flow_embedding: base
evaluation: 2
obs_ratio: 1.0
run_name: msg3d_ucf101_2_base
description: msg3d_train ucf101 2 base observation ratio 1.0, retraining model with mean and std norm
data_path_overwrite: /var/tmp/jobfs/data/ucf101_02_D1.npz
verbose: True
debug: False
### Arguments loaded
	Output device: cuda:0
	Model total number of params: 569997
	Loading weights from ./results/msg3d/ucf101/2/train/msg3d_ucf101_2_base.pt
	Checkpoint file does not yet exist
		([Errno 2] No such file or directory: './results/msg3d/ucf101/2/train/msg3d_ucf101_2_base.pt')
### Model created
	Loaded data using mmap mode
	Self.data assigned
	Self.labels assigned
	Assigned self.data to unique split (train)
	Using memory-mapped data - skipping NaN filtering to preserve memory efficiency
	Finished loading data!
### Dataloaders created
	Tracking:
		epoch
		train_time
		train_loss
		lr
		test_time
		test_loss
		train_ACC
		test_ACC
		train_cls_loss
		test_cls_loss
	Created new checkpoint file: ./results/msg3d/ucf101/2/train/msg3d_ucf101_2_base.pt
		1 EPOCH BEST TRAIN ACC: 0.10617127269506454
			Train time: 68.55 seconds
		2 EPOCH BEST TRAIN ACC: 0.21160157024860382
			Train time: 64.10 seconds
		3 EPOCH BEST TRAIN ACC: 0.2799830734729767
			Train time: 63.93 seconds
		4 EPOCH BEST TRAIN ACC: 0.34391871094703674
			Train time: 63.76 seconds
		5 EPOCH BEST TRAIN ACC: 0.4059489667415619
			Train time: 64.13 seconds
		6 EPOCH BEST TRAIN ACC: 0.46236899495124817
			Train time: 64.02 seconds
		7 EPOCH BEST TRAIN ACC: 0.49825340509414673
			Train time: 63.65 seconds
		8 EPOCH BEST TRAIN ACC: 0.5272573232650757
			Train time: 208.97 seconds
		9 EPOCH BEST TRAIN ACC: 0.5592251420021057
			Train time: 244.30 seconds
		10 EPOCH BEST TRAIN ACC: 0.5861119627952576
			Train time: 249.95 seconds
		11 EPOCH BEST TRAIN ACC: 0.6023076176643372
			Train time: 245.01 seconds
		12 EPOCH BEST TRAIN ACC: 0.6209378838539124
			Train time: 251.41 seconds
		13 EPOCH BEST TRAIN ACC: 0.634063720703125
			Train time: 258.25 seconds
		14 EPOCH BEST TRAIN ACC: 0.6489890813827515
			Train time: 350.60 seconds
		15 EPOCH BEST TRAIN ACC: 0.6665608286857605
			Train time: 261.38 seconds
		16 EPOCH BEST TRAIN ACC: 0.6703715324401855
			Train time: 258.43 seconds
		17 EPOCH BEST TRAIN ACC: 0.686355471611023
			Train time: 258.75 seconds
		18 EPOCH BEST TRAIN ACC: 0.7048798203468323
			Train time: 254.81 seconds
		19 EPOCH BEST TRAIN ACC: 0.7048798203468323
			Train time: 287.95 seconds
		20 EPOCH BEST TRAIN ACC: 0.7239335179328918
			Train time: 253.62 seconds
		21 EPOCH BEST TRAIN ACC: 0.726050615310669
			Train time: 249.23 seconds
		22 EPOCH BEST TRAIN ACC: 0.7331427931785583
			Train time: 246.08 seconds
		23 EPOCH BEST TRAIN ACC: 0.7433047294616699
			Train time: 251.86 seconds
		24 EPOCH BEST TRAIN ACC: 0.7500793933868408
			Train time: 253.18 seconds
		25 EPOCH BEST TRAIN ACC: 0.7547369599342346
			Train time: 267.59 seconds
		26 EPOCH BEST TRAIN ACC: 0.7602413296699524
			Train time: 271.36 seconds
		27 EPOCH BEST TRAIN ACC: 0.7665925621986389
			Train time: 260.24 seconds
		28 EPOCH BEST TRAIN ACC: 0.76955646276474
			Train time: 250.91 seconds
		29 EPOCH BEST TRAIN ACC: 0.7740023136138916
			Train time: 253.48 seconds
		30 EPOCH BEST TRAIN ACC: 0.7813062071800232
			Train time: 233.55 seconds
		31 EPOCH BEST TRAIN ACC: 0.8315867185592651
			Train time: 251.50 seconds
		32 EPOCH BEST TRAIN ACC: 0.8536043167114258
			Train time: 247.52 seconds
		33 EPOCH BEST TRAIN ACC: 0.861649215221405
			Train time: 230.42 seconds

+-------------------- Job Report: 7193372 (TIMEOUT) --------------------+
| Memory (RAM)  [#########           ] 45.2% (2.3 GB peak / 5 GB)       |
| CPU           [####                ] 24.9% average                    |
| GPU           [######              ] 31.9% average                    |
| Time          [------------------->] 100.1% (0-02:00:07 / 0-02:00:00) |
|                                                                       |
| Lustre Filesystem:                                                    |
|   Path    Total Read    Total Write      Total IOPS                   |
|   ------  ------------  -------------  ------------                   |
|   /apps   25.7 MB       0 B                    250                    |
|   /fred   26.8 GB       14.1 MB                345                    |
|   /home   0 B           0 B                      1                    |
|   OS      17.8 MB       0 B                    120                    |
|                                                                       |
| Warnings:                                                             |
|   - Too much memory requested                                         |
|   - CPU usage is low                                                  |
|   - GPU usage is low                                                  |
+-----------------------------------------------------------------------+
