Copying file: ./data/ucf101/aligned_data/ucf101_02_D1.npz to /var/tmp/jobfs/data
Dataset copied to JOBFS: ucf101_02_D1.npz
Data path: /var/tmp/jobfs/data/ucf101_02_D1.npz
Run name: msg3d_ucf101_2_base_D1

### Libraries loaded
feeder: feeders.ucf101.Feeder
feeder_args:
  data_paths: {1: './data/ucf101/aligned_data/ucf101_01_D1.npz', 2: './data/ucf101/aligned_data/ucf101_02_D1.npz', 3: './data/ucf101/aligned_data/ucf101_03_D1.npz'}
  label_path: ./data/ucf101/statistics/ucf101_annotations.yaml
  p_interval: [0.5, 1]
  random_choose: True
  random_shift: True
  window_size: 64
  random_move: True
  random_rot: True
  average_flow: False
  absolute_flow: False
  no_flow: True
extractor:
  data_paths: {'rgb_path': '../Datasets/UCF-101/', 'pose_path': './data/ucf101/pose/', 'flow_path': './data/ucf101/flow/', 'flowpose_path': './data/ucf101/flowpose/'}
  pose: {'weights': 'pretrained_models/yolo11x-pose.pt'}
  flow: {'weights': 'pretrained_models/raft_large.pt', 'imsize': [240, 320], 'minibatch_size': 16}
  flowpose: {'window_size': 5, 'threshold': 0.05, 'loop': False, 'norm': False, 'match_pose': False, 'ntu': False, 'dilation': 3}
model: models.msg3d.TEST_MODEL
model_args:
  num_class: 101
  num_point: 17
  num_person: 2
  num_gcn_scales: 2
  num_g3d_scales: 3
  graph: graph.yolo_pose.Graph
  pose_channels: 3
  flow_channels: 0
  cnn: False
ignore_weights: []
phase: train
optim:
  base_lr: 0.05
  nesterov: True
  weight_decay: 0.0003
  step: [30, 40]
  gamma: 0.1
lambda_1: 1
trainer: training.train_msg3d.train_network
num_epoch: 50
device: 0
batch_size: 128
forward_batch_size: 128
test_batch_size: 128
half: False
checkpoint_freq: 10
save_location: ./results/msg3d/ntu/
model_type: msg3d
dataset: ucf101
flow_embedding: base
evaluation: 2
run_name: msg3d_ucf101_2_base_D1
description: msg3d_train ucf101 2 base dilation 1...
data_path_overwrite: /var/tmp/jobfs/data/ucf101_02_D1.npz
verbose: True
### Arguments loaded
	Output device: cuda:0
	Model total number of params: 569997
	Loading weights from ./results/msg3d/ntu/2/train/msg3d_ucf101_2_base_D1.pt
	Checkpoint file does not yet exist
		([Errno 2] No such file or directory: './results/msg3d/ntu/2/train/msg3d_ucf101_2_base_D1.pt')
### Model created
	Loaded data using mmap mode
	Self.data assigned
	Self.labels assigned
	Assigned self.data to unique split (train)
	Using memory-mapped data - skipping NaN filtering to preserve memory efficiency
	Finished loading data!
	Loaded data using mmap mode
	Assigned self.data to unique split (test)
	Using memory-mapped data - skipping NaN filtering to preserve memory efficiency
	Finished loading data!
### Dataloaders created
	Tracking:
		epoch
		train_time
		train_loss
		lr
		test_time
		test_loss
		train_ACC
		test_ACC
		train_cls_loss
		test_cls_loss
	Created new checkpoint file: ./results/msg3d/ntu/2/train/msg3d_ucf101_2_base_D1.pt
		1 EPOCH BEST TEST ACC: 0.15428884327411652
			Train time: 43.36 seconds
			Test time: 7.64 seconds
		2 EPOCH BEST TEST ACC: 0.21457934379577637
			Train time: 26.12 seconds
			Test time: 6.91 seconds
		3 EPOCH BEST TEST ACC: 0.2937791347503662
			Train time: 26.14 seconds
			Test time: 6.92 seconds
		4 EPOCH BEST TEST ACC: 0.2937791347503662
			Train time: 26.16 seconds
			Test time: 6.96 seconds
		5 EPOCH BEST TEST ACC: 0.35242533683776855
			Train time: 26.15 seconds
			Test time: 6.89 seconds
		6 EPOCH BEST TEST ACC: 0.35242533683776855
			Train time: 26.29 seconds
			Test time: 6.95 seconds
		7 EPOCH BEST TEST ACC: 0.3809262812137604
			Train time: 26.26 seconds
			Test time: 6.97 seconds
		8 EPOCH BEST TEST ACC: 0.3809262812137604
			Train time: 26.23 seconds
			Test time: 6.98 seconds
		9 EPOCH BEST TEST ACC: 0.38914772868156433
			Train time: 26.22 seconds
			Test time: 6.91 seconds
		10 EPOCH BEST TEST ACC: 0.4168265461921692
			Train time: 26.34 seconds
			Test time: 6.99 seconds
		11 EPOCH BEST TEST ACC: 0.4562894105911255
			Train time: 26.38 seconds
			Test time: 6.97 seconds
		12 EPOCH BEST TEST ACC: 0.4562894105911255
			Train time: 26.38 seconds
			Test time: 7.00 seconds
		13 EPOCH BEST TEST ACC: 0.4562894105911255
			Train time: 26.43 seconds
			Test time: 6.99 seconds
		14 EPOCH BEST TEST ACC: 0.4562894105911255
			Train time: 26.40 seconds
			Test time: 7.01 seconds
		15 EPOCH BEST TEST ACC: 0.4562894105911255
			Train time: 26.44 seconds
			Test time: 6.99 seconds
		16 EPOCH BEST TEST ACC: 0.4757467806339264
			Train time: 26.30 seconds
			Test time: 7.01 seconds
		17 EPOCH BEST TEST ACC: 0.4757467806339264
			Train time: 26.38 seconds
			Test time: 6.99 seconds
		18 EPOCH BEST TEST ACC: 0.4757467806339264
			Train time: 26.33 seconds
			Test time: 7.09 seconds
		19 EPOCH BEST TEST ACC: 0.4757467806339264
			Train time: 26.46 seconds
			Test time: 7.04 seconds
		20 EPOCH BEST TEST ACC: 0.4921896457672119
			Train time: 26.28 seconds
			Test time: 6.98 seconds
		21 EPOCH BEST TEST ACC: 0.4921896457672119
			Train time: 26.70 seconds
			Test time: 7.17 seconds
		22 EPOCH BEST TEST ACC: 0.4921896457672119
			Train time: 26.66 seconds
			Test time: 7.01 seconds
		23 EPOCH BEST TEST ACC: 0.4921896457672119
			Train time: 26.37 seconds
			Test time: 6.98 seconds
		24 EPOCH BEST TEST ACC: 0.4921896457672119
			Train time: 26.28 seconds
			Test time: 7.01 seconds
		25 EPOCH BEST TEST ACC: 0.5009591579437256
			Train time: 26.39 seconds
			Test time: 7.01 seconds
		26 EPOCH BEST TEST ACC: 0.5009591579437256
			Train time: 26.40 seconds
			Test time: 7.08 seconds
		27 EPOCH BEST TEST ACC: 0.5017813444137573
			Train time: 26.33 seconds
			Test time: 6.97 seconds
		28 EPOCH BEST TEST ACC: 0.5064401626586914
			Train time: 26.30 seconds
			Test time: 7.05 seconds
		29 EPOCH BEST TEST ACC: 0.5149356126785278
			Train time: 26.29 seconds
			Test time: 7.01 seconds
		30 EPOCH BEST TEST ACC: 0.5198684930801392
			Train time: 26.31 seconds
			Test time: 7.02 seconds
		31 EPOCH BEST TEST ACC: 0.5927651524543762
			Train time: 26.25 seconds
			Test time: 7.05 seconds
		32 EPOCH BEST TEST ACC: 0.59797203540802
			Train time: 26.37 seconds
			Test time: 6.99 seconds
		33 EPOCH BEST TEST ACC: 0.6004384756088257
			Train time: 26.21 seconds
			Test time: 7.07 seconds
		34 EPOCH BEST TEST ACC: 0.6004384756088257
			Train time: 26.22 seconds
			Test time: 7.02 seconds
		35 EPOCH BEST TEST ACC: 0.6004384756088257
			Train time: 26.27 seconds
			Test time: 7.05 seconds
		36 EPOCH BEST TEST ACC: 0.6004384756088257
			Train time: 26.17 seconds
			Test time: 7.02 seconds
		37 EPOCH BEST TEST ACC: 0.6004384756088257
			Train time: 26.17 seconds
			Test time: 7.00 seconds
		38 EPOCH BEST TEST ACC: 0.6034530401229858
			Train time: 26.12 seconds
			Test time: 6.97 seconds
		39 EPOCH BEST TEST ACC: 0.6059194207191467
			Train time: 26.25 seconds
			Test time: 7.00 seconds
		40 EPOCH BEST TEST ACC: 0.6059194207191467
			Train time: 26.23 seconds
			Test time: 7.04 seconds
		41 EPOCH BEST TEST ACC: 0.6059194207191467
			Train time: 26.20 seconds
			Test time: 6.99 seconds
		42 EPOCH BEST TEST ACC: 0.6059194207191467
			Train time: 26.23 seconds
			Test time: 6.98 seconds
		43 EPOCH BEST TEST ACC: 0.6059194207191467
			Train time: 26.19 seconds
			Test time: 7.02 seconds
		44 EPOCH BEST TEST ACC: 0.6059194207191467
			Train time: 26.25 seconds
			Test time: 7.06 seconds
		45 EPOCH BEST TEST ACC: 0.6059194207191467
			Train time: 26.19 seconds
			Test time: 7.05 seconds
		46 EPOCH BEST TEST ACC: 0.6059194207191467
			Train time: 26.20 seconds
			Test time: 7.04 seconds
		47 EPOCH BEST TEST ACC: 0.6059194207191467
			Train time: 26.25 seconds
			Test time: 7.02 seconds
		48 EPOCH BEST TEST ACC: 0.6059194207191467
			Train time: 26.27 seconds
			Test time: 7.14 seconds
		49 EPOCH BEST TEST ACC: 0.6059194207191467
			Train time: 26.45 seconds
			Test time: 7.13 seconds
		50 EPOCH BEST TEST ACC: 0.6059194207191467
			Train time: 26.50 seconds
			Test time: 7.14 seconds
	Best train ACC: 0.9093891978263855
	Best test ACC: 0.6059194207191467

+-------------------- Job Report: 5764241 (FAILED) --------------------+
| Memory (RAM)  [#########           ] 46.4% (2.3 GB peak / 5 GB)      |
| CPU           [###########         ] 57.8% average                   |
| GPU           [#######             ] 39.9% average                   |
| Time          [----->              ] 25.2% (0-00:30:14 / 0-02:00:00) |
|                                                                      |
| Lustre Filesystem:                                                   |
|   Path    Total Read    Total Write      Total IOPS                  |
|   ------  ------------  -------------  ------------                  |
|   /apps   3.2 MB        0 B                    204                   |
|   /fred   26.5 GB       18.8 MB                868                   |
|   /home   0 B           0 B                      1                   |
|   OS      136 KB        0 B                     61                   |
|                                                                      |
| Warnings:                                                            |
|   - Too much memory requested                                        |
|   - CPU usage is low                                                 |
|   - GPU usage is low                                                 |
|   - Too much time requested                                          |
+----------------------------------------------------------------------+
