Fri Nov 28 12:13:15 AEDT 2025
Copying file: ./data/ntu120/aligned_data/ntu120_CSet-flowpose_D3_aligned.npz to /var/tmp/jobfs/data
Dataset copied to JOBFS: ntu120_CSet-flowpose_D3_aligned.npz
Data path: /var/tmp/jobfs/data/ntu120_CSet-flowpose_D3_aligned.npz
Run name: msg3d_ntu120_CSet_cnn_D3

Python script run command arguments:
python main.py -m msg3d -d ntu120 -p train -f cnn -e CSet -o 1.0 -r msg3d_ntu120_CSet_cnn_D3 --desc msg3d_train ntu120 CSet cnn observation ratio 1.0, retraining model with mean and std norm --data_path_overwrite /var/tmp/jobfs/data/ntu120_CSet-flowpose_D3_aligned.npz -v
### Libraries loaded
feeder: feeders.ntu_rgb_d.Feeder
feeder_args:
  data_paths: {'CSet': './data/ntu120/aligned_data/ntu120_CSet-flowpose_D3_aligned.npz', 'CSub': './data/ntu120/aligned_data/ntu120_CSub-flowpose_D3_aligned.npz'}
  label_path: ./data/ntu120/statistics/ntu_rgbd120-annotations.yaml
  p_interval: [0.5, 1]
  random_choose: False
  random_shift: False
  window_size: 300
  pad_method: replay
  random_move: False
  random_rot: False
  average_flow: False
  absolute_flow: False
  no_flow: False
  no_Z: False
extractor:
  preprocessed: True
  pose: {'weights': 'pretrained_models/yolo11x-pose.pt'}
  flow: {'weights': 'pretrained_models/raft_large.pt', 'imsize': [1080, 1920], 'minibatch_size': 3}
  flowpose: {'window_size': 5, 'threshold': 0.05, 'loop': False, 'norm': False, 'match_pose': False, 'ntu': True, 'dilation': 3}
model: models.msg3d.TEST_MODEL
model_args:
  num_class: 120
  num_point: 25
  num_person: 2
  num_gcn_scales: 2
  num_g3d_scales: 3
  graph: graph.ntu_rgb_d.Graph
  pose_channels: 3
  flow_channels: 50
  cnn: True
ignore_weights: []
phase: train
optimiser: torch.optim.SGD
optim_params:
  lr: 0.05
  momentum: 0.9
  weight_decay: 0.0005
  nesterov: True
scheduler: torch.optim.lr_scheduler.MultiStepLR
scheduler_params:
  milestones: [30, 50]
  gamma: 0.1
training_function: training.train_msg3d.train_network
testing_function: training.eval_msg3d.eval_network
num_epoch: 60
device: 0
batch_size: 128
forward_batch_size: 128
test_batch_size: 128
half: False
checkpoint_freq: 10
save_location: ./results/msg3d/ntu120/
model_type: msg3d
dataset: ntu120
flow_embedding: cnn
evaluation: CSet
obs_ratio: 1.0
run_name: msg3d_ntu120_CSet_cnn_D3
description: msg3d_train ntu120 CSet cnn observation ratio 1.0, retraining model with mean and std norm
data_path_overwrite: /var/tmp/jobfs/data/ntu120_CSet-flowpose_D3_aligned.npz
verbose: True
debug: False
### Arguments loaded
	Output device: cuda:0
	Model total number of params: 594393
	Loading weights from ./results/msg3d/ntu120/CSet/train/msg3d_ntu120_CSet_cnn_D3.pt
	Checkpoint file does not yet exist
		([Errno 2] No such file or directory: './results/msg3d/ntu120/CSet/train/msg3d_ntu120_CSet_cnn_D3.pt')
### Model created
	Loaded data using mmap mode
	Self.data assigned
	Self.labels assigned
	Assigned self.data to unique split (train)
	Using memory-mapped data - skipping NaN filtering to preserve memory efficiency
	Finished loading data!
### Dataloaders created
	Tracking:
		epoch
		train_time
		train_loss
		lr
		test_time
		test_loss
		train_ACC
		test_ACC
		train_cls_loss
		test_cls_loss
	Created new checkpoint file: ./results/msg3d/ntu120/CSet/train/msg3d_ntu120_CSet_cnn_D3.pt
		1 EPOCH BEST TRAIN ACC: 0.2778695821762085
			Train time: 778.26 seconds
		2 EPOCH BEST TRAIN ACC: 0.5362047553062439
			Train time: 776.91 seconds
		3 EPOCH BEST TRAIN ACC: 0.6308658123016357
			Train time: 776.19 seconds
		4 EPOCH BEST TRAIN ACC: 0.684677243232727
			Train time: 788.79 seconds
		5 EPOCH BEST TRAIN ACC: 0.7157780528068542
			Train time: 786.36 seconds
		6 EPOCH BEST TRAIN ACC: 0.7402328252792358
			Train time: 777.13 seconds
		7 EPOCH BEST TRAIN ACC: 0.7560035586357117
			Train time: 785.97 seconds
		8 EPOCH BEST TRAIN ACC: 0.7706176042556763
			Train time: 790.95 seconds
		9 EPOCH BEST TRAIN ACC: 0.7823860049247742
			Train time: 779.08 seconds
		10 EPOCH BEST TRAIN ACC: 0.7921715378761292
			Train time: 776.90 seconds
		11 EPOCH BEST TRAIN ACC: 0.7995887398719788
			Train time: 782.85 seconds
		12 EPOCH BEST TRAIN ACC: 0.8037012815475464
			Train time: 792.46 seconds
		13 EPOCH BEST TRAIN ACC: 0.81222003698349
			Train time: 782.62 seconds
		14 EPOCH BEST TRAIN ACC: 0.8148638010025024
			Train time: 799.95 seconds
		15 EPOCH BEST TRAIN ACC: 0.8213997483253479
			Train time: 802.08 seconds
		16 EPOCH BEST TRAIN ACC: 0.8235661387443542
			Train time: 806.29 seconds
		17 EPOCH BEST TRAIN ACC: 0.8279356956481934
			Train time: 802.52 seconds
		18 EPOCH BEST TRAIN ACC: 0.8296063542366028
			Train time: 803.99 seconds
		19 EPOCH BEST TRAIN ACC: 0.8327458500862122
			Train time: 806.75 seconds
		20 EPOCH BEST TRAIN ACC: 0.835756778717041
			Train time: 812.85 seconds
		21 EPOCH BEST TRAIN ACC: 0.8398141860961914
			Train time: 801.94 seconds
		22 EPOCH BEST TRAIN ACC: 0.8401997685432434
			Train time: 795.29 seconds
		23 EPOCH BEST TRAIN ACC: 0.8445509076118469
			Train time: 811.49 seconds
		24 EPOCH BEST TRAIN ACC: 0.8448446989059448
			Train time: 818.76 seconds
		25 EPOCH BEST TRAIN ACC: 0.8473048210144043
			Train time: 804.73 seconds
		26 EPOCH BEST TRAIN ACC: 0.8486450910568237
			Train time: 808.51 seconds
		27 EPOCH BEST TRAIN ACC: 0.850205659866333
			Train time: 804.88 seconds
		28 EPOCH BEST TRAIN ACC: 0.8526841402053833
			Train time: 820.67 seconds
		29 EPOCH BEST TRAIN ACC: 0.8546853065490723
			Train time: 811.34 seconds
		30 EPOCH BEST TRAIN ACC: 0.8560806512832642
			Train time: 815.36 seconds
		31 EPOCH BEST TRAIN ACC: 0.909451425075531
			Train time: 820.09 seconds
		32 EPOCH BEST TRAIN ACC: 0.923312783241272
			Train time: 803.86 seconds
		33 EPOCH BEST TRAIN ACC: 0.9289491176605225
			Train time: 800.57 seconds
		34 EPOCH BEST TRAIN ACC: 0.930895209312439
			Train time: 813.28 seconds
		35 EPOCH BEST TRAIN ACC: 0.9347690343856812
			Train time: 812.35 seconds
		36 EPOCH BEST TRAIN ACC: 0.9386428594589233
			Train time: 807.17 seconds
		37 EPOCH BEST TRAIN ACC: 0.938863217830658
			Train time: 814.51 seconds
		38 EPOCH BEST TRAIN ACC: 0.9431776404380798
			Train time: 814.55 seconds
		39 EPOCH BEST TRAIN ACC: 0.943544864654541
			Train time: 812.96 seconds
		40 EPOCH BEST TRAIN ACC: 0.9438385963439941
			Train time: 797.29 seconds
		41 EPOCH BEST TRAIN ACC: 0.946151852607727
			Train time: 803.72 seconds
		42 EPOCH BEST TRAIN ACC: 0.948850691318512
			Train time: 809.57 seconds
		43 EPOCH BEST TRAIN ACC: 0.9493464231491089
			Train time: 812.21 seconds
		44 EPOCH BEST TRAIN ACC: 0.9493464231491089
			Train time: 813.41 seconds
		45 EPOCH BEST TRAIN ACC: 0.9515678882598877
			Train time: 793.85 seconds
		46 EPOCH BEST TRAIN ACC: 0.9518983960151672
			Train time: 817.11 seconds
		47 EPOCH BEST TRAIN ACC: 0.9534221887588501
			Train time: 818.00 seconds
		48 EPOCH BEST TRAIN ACC: 0.9542483687400818
			Train time: 814.54 seconds
		49 EPOCH BEST TRAIN ACC: 0.9555702805519104
			Train time: 800.51 seconds
		50 EPOCH BEST TRAIN ACC: 0.9560292363166809
			Train time: 815.30 seconds
		51 EPOCH BEST TRAIN ACC: 0.9657413363456726
			Train time: 802.55 seconds
		52 EPOCH BEST TRAIN ACC: 0.9683667421340942
			Train time: 812.39 seconds
		53 EPOCH BEST TRAIN ACC: 0.9683851003646851
			Train time: 807.35 seconds
		54 EPOCH BEST TRAIN ACC: 0.9695968627929688
			Train time: 835.79 seconds
		55 EPOCH BEST TRAIN ACC: 0.9695968627929688
			Train time: 804.18 seconds
		56 EPOCH BEST TRAIN ACC: 0.9696519374847412
			Train time: 825.40 seconds
		57 EPOCH BEST TRAIN ACC: 0.9696519374847412
			Train time: 811.55 seconds
		58 EPOCH BEST TRAIN ACC: 0.9700925350189209
			Train time: 830.32 seconds
		59 EPOCH BEST TRAIN ACC: 0.9700925350189209
			Train time: 811.93 seconds
		60 EPOCH BEST TEST ACC: 0.981255054473877
			Train time: 793.66 seconds
			Test time: 703.39 seconds
	Best train ACC: 0.9702210426330566
	Best test ACC: 0.981255054473877
	Training time:         13:35:35

+------------------ Job Report: 7244951 (COMPLETED) -------------------+
| Memory (RAM)  [#######             ] 38.1% (13.3 GB peak / 35 GB)    |
| CPU           [###########         ] 56.9% average                   |
| GPU           [############        ] 63.9% average                   |
| Time          [----------->        ] 57.4% (0-13:46:45 / 1-00:00:00) |
|                                                                      |
| Lustre Filesystem:                                                   |
|   Path    Total Read    Total Write    Total IOPS                    |
|   ------  ------------  -------------  ------------                  |
|   /apps   816 KB        0 B            25                            |
|   /fred   338 GB        145.8 KB       1.7 K                         |
|   /home   0 B           0 B            1                             |
|   OS      18.2 MB       0 B            283                           |
|                                                                      |
| Warnings:                                                            |
|   - Too much memory requested                                        |
|   - CPU usage is low                                                 |
|   - GPU usage is low                                                 |
|   - Too much time requested                                          |
+----------------------------------------------------------------------+
