Copying file: ./data/ntu/aligned_data/ntu_CV-flowpose_D2_aligned.npz to /var/tmp/jobfs/data
Dataset copied to JOBFS: ntu_CV-flowpose_D2_aligned.npz
Data path: /var/tmp/jobfs/data/ntu_CV-flowpose_D2_aligned.npz
Run name: ntu_CV_avg_D2

### Libraries loaded
feeder: feeders.ntu_rgb_d.Feeder
feeder_args:
  data_paths: {'CS': './data/ntu/aligned_data/ntu_CS-flowpose_D3_aligned.npz', 'CV': './data/ntu/aligned_data/ntu_CV-flowpose_D3_aligned.npz'}
  label_path: ./data/ntu/statistics/ntu_rgbd-annotations.yaml
  p_interval: [0.5, 1]
  random_choose: True
  random_shift: True
  window_size: 64
  random_move: True
  random_rot: True
  average_flow: True
  absolute_flow: False
  no_flow: False
extractor:
  preprocessed: True
  pose: {'weights': 'pretrained_models/yolo11x-pose.pt'}
  flow: {'weights': 'pretrained_models/raft_large.pt', 'imsize': [1080, 1920], 'minibatch_size': 3}
  flowpose: {'window_size': 5, 'threshold': 0.05, 'loop': False, 'norm': False, 'match_pose': False, 'ntu': True, 'dilation': 1}
model: model.infogcn2.sode.SODE
model_args:
  num_class: 60
  num_point: 25
  num_person: 2
  graph: graph.ntu_rgb_d.Graph
  pose_channels: 3
  flow_channels: 2
  embed_channels: 64
  num_head: 3
  ode_method: euler
  depth: 4
  device: 0
  T: 64
  n_step: 3
  SAGC_proj: True
  num_cls: 10
  n_sample: 1
  backbone: transformer
  cnn: False
  use_mask: True
ignore_weights: []
phase: train
optim:
  base_lr: 0.1
  nesterov: True
  weight_decay: 0.0003
  step: [50, 60]
  gamma: 0.1
lambda_1: 1
lambda_2: 0.1
lambda_3: 0.001
lambda_4: 0.0
lambda_5: 0.0
num_epoch: 70
device: 0
batch_size: 256
forward_batch_size: 128
test_batch_size: 256
half: False
checkpoint_freq: 10
save_location: ./results/ntu/
dataset: ntu
model_type: avg
evaluation: CV
run_name: ntu_CV_avg_D2
description: train ntu CV avg with dilation 2 TESTING n_step = 4
data_path_overwrite: /var/tmp/jobfs/data/ntu_CV-flowpose_D2_aligned.npz
verbose: True
### Arguments loaded
	Output device: cuda:0
	Temporal encoder: transformer
	Model total number of params: 613875
	Loading weights from ./results/ntu/CV/train/ntu_CV_avg_D2.pt
	Checkpoint file does not yet exist
	([Errno 2] No such file or directory: './results/ntu/CV/train/ntu_CV_avg_D2.pt')
### Model created
	Loaded data using mmap mode
	Self.data assigned
	Self.labels assigned
	Assigned self.data to unique split (train)
	Using memory-mapped data - skipping NaN filtering to preserve memory efficiency
	Finished loading data!
	Loaded data using mmap mode
	Assigned self.data to unique split (test)
	Using memory-mapped data - skipping NaN filtering to preserve memory efficiency
	Finished loading data!
### Dataloaders created
	Tracking:
		epoch
		train_time
		train_loss
		lr
		test_time
		test_loss
		train_ACC
		test_ACC
		train_AUC
		test_AUC
		train_cls_loss
		test_cls_loss
		train_feature_loss
		test_feature_loss
		train_recon_loss
		test_recon_loss
	Created new checkpoint file: ./results/ntu/CV/train/ntu_CV_avg_D2.pt
		1 EPOCH BEST TEST AUC: 0.031077507883310318
			Train time: 415.97 seconds
			Test time: 137.33 seconds
		2 EPOCH BEST TEST AUC: 0.090763159096241
			Train time: 396.89 seconds
			Test time: 137.71 seconds
		3 EPOCH BEST TEST AUC: 0.19032837450504303
			Train time: 396.21 seconds
			Test time: 139.11 seconds
		4 EPOCH BEST TEST AUC: 0.2787245213985443
			Train time: 397.55 seconds
			Test time: 137.18 seconds
		5 EPOCH BEST TEST AUC: 0.3879724144935608
			Train time: 401.50 seconds
			Test time: 136.02 seconds
		6 EPOCH BEST TEST AUC: 0.4443320333957672
			Train time: 403.80 seconds
			Test time: 133.37 seconds
		7 EPOCH BEST TEST AUC: 0.5186861157417297
			Train time: 403.06 seconds
			Test time: 134.79 seconds
		8 EPOCH BEST TEST AUC: 0.5388479232788086
			Train time: 402.35 seconds
			Test time: 137.36 seconds
		9 EPOCH BEST TEST AUC: 0.5705939531326294
			Train time: 396.43 seconds
			Test time: 139.39 seconds
		10 EPOCH BEST TEST AUC: 0.5875716209411621
			Train time: 395.82 seconds
			Test time: 138.79 seconds
		11 EPOCH BEST TEST AUC: 0.600609302520752
			Train time: 397.49 seconds
			Test time: 138.55 seconds
		12 EPOCH BEST TEST AUC: 0.6233518123626709
			Train time: 395.93 seconds
			Test time: 137.98 seconds
		13 EPOCH BEST TEST AUC: 0.6383751630783081
			Train time: 399.10 seconds
			Test time: 136.40 seconds
		14 EPOCH BEST TEST AUC: 0.6467249393463135
			Train time: 399.61 seconds
			Test time: 139.08 seconds
		15 EPOCH BEST TEST AUC: 0.6687816381454468
			Train time: 396.62 seconds
			Test time: 134.71 seconds
		16 EPOCH BEST TEST AUC: 0.6687816381454468
			Train time: 396.60 seconds
			Test time: 133.74 seconds
		17 EPOCH BEST TEST AUC: 0.6784140467643738
			Train time: 397.98 seconds
			Test time: 137.11 seconds
		18 EPOCH BEST TEST AUC: 0.6784140467643738
			Train time: 395.69 seconds
			Test time: 138.91 seconds
		19 EPOCH BEST TEST AUC: 0.6870518326759338
			Train time: 393.84 seconds
			Test time: 139.75 seconds
		20 EPOCH BEST TEST AUC: 0.6913831830024719
			Train time: 393.92 seconds
			Test time: 139.56 seconds
		21 EPOCH BEST TEST AUC: 0.6979799270629883
			Train time: 394.83 seconds
			Test time: 138.87 seconds
		22 EPOCH BEST TEST AUC: 0.6979799270629883
			Train time: 395.32 seconds
			Test time: 139.26 seconds
		23 EPOCH BEST TEST AUC: 0.7039478421211243
			Train time: 396.89 seconds
			Test time: 138.05 seconds
		24 EPOCH BEST TEST AUC: 0.7039478421211243
			Train time: 398.25 seconds
			Test time: 133.55 seconds
		25 EPOCH BEST TEST AUC: 0.7071402072906494
			Train time: 397.45 seconds
			Test time: 133.51 seconds
		26 EPOCH BEST TEST AUC: 0.7113815546035767
			Train time: 396.37 seconds
			Test time: 136.23 seconds
		27 EPOCH BEST TEST AUC: 0.7113815546035767
			Train time: 396.99 seconds
			Test time: 138.98 seconds
		28 EPOCH BEST TEST AUC: 0.7113815546035767
			Train time: 393.91 seconds
			Test time: 138.69 seconds
		29 EPOCH BEST TEST AUC: 0.7113815546035767
			Train time: 394.56 seconds
			Test time: 138.61 seconds
		30 EPOCH BEST TEST AUC: 0.7174980044364929
			Train time: 398.62 seconds
			Test time: 138.94 seconds
		31 EPOCH BEST TEST AUC: 0.7174980044364929
			Train time: 399.46 seconds
			Test time: 138.95 seconds
		32 EPOCH BEST TEST AUC: 0.7229526042938232
			Train time: 402.86 seconds
			Test time: 135.62 seconds
		33 EPOCH BEST TEST AUC: 0.7229526042938232
			Train time: 398.80 seconds
			Test time: 134.51 seconds
		34 EPOCH BEST TEST AUC: 0.7229526042938232
			Train time: 397.98 seconds
			Test time: 133.51 seconds
		35 EPOCH BEST TEST AUC: 0.7229526042938232
			Train time: 392.86 seconds
			Test time: 138.54 seconds
		36 EPOCH BEST TEST AUC: 0.7272995114326477
			Train time: 394.03 seconds
			Test time: 139.96 seconds
		37 EPOCH BEST TEST AUC: 0.7272995114326477
			Train time: 391.44 seconds
			Test time: 138.36 seconds
		38 EPOCH BEST TEST AUC: 0.7272995114326477
			Train time: 392.20 seconds
			Test time: 138.25 seconds
		39 EPOCH BEST TEST AUC: 0.731322169303894
			Train time: 394.82 seconds
			Test time: 138.61 seconds
		40 EPOCH BEST TEST AUC: 0.731322169303894
			Train time: 398.27 seconds
			Test time: 138.58 seconds
		41 EPOCH BEST TEST AUC: 0.731322169303894
			Train time: 400.38 seconds
			Test time: 135.73 seconds
		42 EPOCH BEST TEST AUC: 0.731322169303894
			Train time: 403.16 seconds
			Test time: 134.38 seconds
		43 EPOCH BEST TEST AUC: 0.7349403500556946
			Train time: 403.18 seconds
			Test time: 136.99 seconds
		44 EPOCH BEST TEST AUC: 0.7349403500556946
			Train time: 399.10 seconds
			Test time: 139.21 seconds
		45 EPOCH BEST TEST AUC: 0.7349403500556946
			Train time: 399.98 seconds
			Test time: 139.43 seconds
		46 EPOCH BEST TEST AUC: 0.7349403500556946
			Train time: 400.13 seconds
			Test time: 139.80 seconds
		47 EPOCH BEST TEST AUC: 0.7349403500556946
			Train time: 400.66 seconds
			Test time: 139.30 seconds
		48 EPOCH BEST TEST AUC: 0.7349403500556946
			Train time: 400.77 seconds
			Test time: 139.34 seconds
		49 EPOCH BEST TEST AUC: 0.7349403500556946
			Train time: 399.08 seconds
			Test time: 138.57 seconds
		50 EPOCH BEST TEST AUC: 0.7349403500556946
			Train time: 402.33 seconds
			Test time: 138.06 seconds
		51 EPOCH BEST TEST AUC: 0.7670701742172241
			Train time: 399.91 seconds
			Test time: 135.77 seconds
		52 EPOCH BEST TEST AUC: 0.7670701742172241
			Train time: 400.06 seconds
			Test time: 134.60 seconds
		53 EPOCH BEST TEST AUC: 0.7670701742172241
			Train time: 403.95 seconds
			Test time: 135.41 seconds
		54 EPOCH BEST TEST AUC: 0.7673367857933044
			Train time: 402.79 seconds
			Test time: 138.23 seconds
		55 EPOCH BEST TEST AUC: 0.7673367857933044
			Train time: 403.32 seconds
			Test time: 139.32 seconds
		56 EPOCH BEST TEST AUC: 0.7674762010574341
			Train time: 398.01 seconds
			Test time: 138.89 seconds
		57 EPOCH BEST TEST AUC: 0.7684929966926575
			Train time: 399.38 seconds
			Test time: 138.90 seconds
		58 EPOCH BEST TEST AUC: 0.7684929966926575
			Train time: 399.83 seconds
			Test time: 138.79 seconds
		59 EPOCH BEST TEST AUC: 0.7684929966926575
			Train time: 396.62 seconds
			Test time: 139.77 seconds
		60 EPOCH BEST TEST AUC: 0.7684929966926575
			Train time: 394.20 seconds
			Test time: 137.75 seconds
		61 EPOCH BEST TEST AUC: 0.7698333263397217
			Train time: 397.86 seconds
			Test time: 137.76 seconds
		62 EPOCH BEST TEST AUC: 0.7698333263397217
			Train time: 401.47 seconds
			Test time: 135.09 seconds
		63 EPOCH BEST TEST AUC: 0.7698333263397217
			Train time: 404.40 seconds
			Test time: 134.33 seconds
		64 EPOCH BEST TEST AUC: 0.7698333263397217
			Train time: 405.09 seconds
			Test time: 135.51 seconds
		65 EPOCH BEST TEST AUC: 0.7699530124664307
			Train time: 399.68 seconds
			Test time: 138.48 seconds
		66 EPOCH BEST TEST AUC: 0.7701997756958008
			Train time: 398.29 seconds
			Test time: 139.88 seconds
		67 EPOCH BEST TEST AUC: 0.7701997756958008
			Train time: 399.48 seconds
			Test time: 138.94 seconds
		68 EPOCH BEST TEST AUC: 0.7701997756958008
			Train time: 400.31 seconds
			Test time: 138.62 seconds
		69 EPOCH BEST TEST AUC: 0.770543098449707
			Train time: 394.35 seconds
			Test time: 138.92 seconds
		70 EPOCH BEST TEST AUC: 0.770543098449707
			Train time: 395.69 seconds
			Test time: 141.68 seconds
	Training time:         10:25:39
	Best train AUC: 0.8381675481796265
	Best test AUC: 0.770543098449707

+------------------ Job Report: 3690709 (COMPLETED) -------------------+
| Memory (RAM)  [######              ] 31.8% (1.6 GB peak / 5 GB)      |
| CPU           [###########         ] 56.2% average                   |
| GPU           [#####               ] 29.3% average                   |
| Time          [----------------->  ] 87.6% (0-10:30:33 / 0-12:00:00) |
|                                                                      |
| Lustre Filesystem:                                                   |
|   Path    Total Read    Total Write      Total IOPS                  |
|   ------  ------------  -------------  ------------                  |
|   /apps   4.9 MB        0 B                    160                   |
|   /fred   167.5 GB      36.5 MB                176                   |
|   /home   0 B           0 B                      2                   |
|   OS      20.1 MB       0 B                     91                   |
|                                                                      |
| Warnings:                                                            |
|   - Too much memory requested                                        |
|   - CPU usage is low                                                 |
|   - GPU usage is low                                                 |
+----------------------------------------------------------------------+
