Copying file: ./data/ntu/aligned_data/ntu_CV-pose_D3_aligned.npz to /var/tmp/jobfs/data
Dataset copied to JOBFS: ntu_CV-pose_D3_aligned.npz
Data path: /var/tmp/jobfs/data/ntu_CV-pose_D3_aligned.npz
Run name: ntu_CV_base_no-Z

### Libraries loaded
feeder: feeders.ntu_rgb_d.Feeder
feeder_args:
  data_paths: {'CS': './data/ntu/aligned_data/ntu_CS-pose_dilation3_aligned.npz', 'CV': './data/ntu/aligned_data/ntu_CV-pose_dilation3_aligned.npz'}
  label_path: ./data/ntu/statistics/ntu_rgbd-annotations.yaml
  p_interval: [0.5, 1]
  random_choose: True
  random_shift: True
  window_size: 64
  random_move: True
  random_rot: True
  average_flow: False
  absolute_flow: False
  no_flow: True
  no_Z: False
extractor:
  preprocessed: True
  pose: {'weights': 'pretrained_models/yolo11x-pose.pt'}
  flow: {'weights': 'pretrained_models/raft_large.pt', 'imsize': [1080, 1920], 'minibatch_size': 3}
  flowpose: {'window_size': 5, 'threshold': 0.05, 'loop': False, 'norm': False, 'match_pose': False, 'ntu': True, 'dilation': 3}
model: model.infogcn2.sode.SODE
model_args:
  num_class: 60
  num_point: 25
  num_person: 2
  graph: graph.ntu_rgb_d.Graph
  pose_channels: 3
  flow_channels: 0
  embed_channels: 64
  num_head: 3
  ode_method: euler
  depth: 4
  device: 0
  T: 64
  n_step: 3
  SAGC_proj: True
  num_cls: 10
  n_sample: 1
  backbone: transformer
  cnn: False
  use_mask: True
ignore_weights: []
phase: train
optim:
  base_lr: 0.1
  nesterov: True
  weight_decay: 0.0003
  step: [50, 60]
  gamma: 0.1
lambda_1: 1
lambda_2: 0.1
lambda_3: 0.001
lambda_4: 0.0
lambda_5: 0.0
num_epoch: 70
device: 0
batch_size: 256
forward_batch_size: 128
test_batch_size: 256
half: False
checkpoint_freq: 10
save_location: ./results/ntu/
dataset: ntu
model_type: base
evaluation: CV
run_name: ntu_CV_base_no-Z
description: train ntu CV base with dilation 3 TESTING n_step = 4
data_path_overwrite: /var/tmp/jobfs/data/ntu_CV-pose_D3_aligned.npz
verbose: True
### Arguments loaded
	Output device: cuda:0
	Temporal encoder: transformer
	Model total number of params: 613747
	Loading weights from ./results/ntu/CV/train/ntu_CV_base_no-Z.pt
	Checkpoint file does not yet exist
	([Errno 2] No such file or directory: './results/ntu/CV/train/ntu_CV_base_no-Z.pt')
### Model created
	Loaded data using mmap mode
	Self.data assigned
	Self.labels assigned
	Assigned self.data to unique split (train)
	Using memory-mapped data - skipping NaN filtering to preserve memory efficiency
	Finished loading data!
	Loaded data using mmap mode
	Assigned self.data to unique split (test)
	Using memory-mapped data - skipping NaN filtering to preserve memory efficiency
	Finished loading data!
### Dataloaders created
	Tracking:
		epoch
		train_time
		train_loss
		lr
		test_time
		test_loss
		train_ACC
		test_ACC
		train_AUC
		test_AUC
		train_cls_loss
		test_cls_loss
		train_feature_loss
		test_feature_loss
		train_recon_loss
		test_recon_loss
	Created new checkpoint file: ./results/ntu/CV/train/ntu_CV_base_no-Z.pt
		1 EPOCH BEST TEST AUC: 0.031429093331098557
			Train time: 149.03 seconds
			Test time: 29.61 seconds
		2 EPOCH BEST TEST AUC: 0.07113286852836609
			Train time: 145.06 seconds
			Test time: 29.50 seconds
		3 EPOCH BEST TEST AUC: 0.1150672510266304
			Train time: 144.09 seconds
			Test time: 29.57 seconds
		4 EPOCH BEST TEST AUC: 0.16354091465473175
			Train time: 144.00 seconds
			Test time: 29.40 seconds
		5 EPOCH BEST TEST AUC: 0.25289854407310486
			Train time: 143.97 seconds
			Test time: 29.46 seconds
		6 EPOCH BEST TEST AUC: 0.3797489106655121
			Train time: 144.14 seconds
			Test time: 29.48 seconds
		7 EPOCH BEST TEST AUC: 0.4246514141559601
			Train time: 144.12 seconds
			Test time: 29.52 seconds
		8 EPOCH BEST TEST AUC: 0.49167415499687195
			Train time: 144.26 seconds
			Test time: 29.33 seconds
		9 EPOCH BEST TEST AUC: 0.49587422609329224
			Train time: 144.11 seconds
			Test time: 29.39 seconds
		10 EPOCH BEST TEST AUC: 0.5353370308876038
			Train time: 144.12 seconds
			Test time: 29.50 seconds
		11 EPOCH BEST TEST AUC: 0.5696142911911011
			Train time: 144.46 seconds
			Test time: 29.48 seconds
		12 EPOCH BEST TEST AUC: 0.5761029720306396
			Train time: 144.17 seconds
			Test time: 29.88 seconds
		13 EPOCH BEST TEST AUC: 0.5996007323265076
			Train time: 145.11 seconds
			Test time: 29.85 seconds
		14 EPOCH BEST TEST AUC: 0.5996007323265076
			Train time: 145.18 seconds
			Test time: 29.92 seconds
		15 EPOCH BEST TEST AUC: 0.625203013420105
			Train time: 145.03 seconds
			Test time: 29.96 seconds
		16 EPOCH BEST TEST AUC: 0.6303497552871704
			Train time: 145.27 seconds
			Test time: 30.04 seconds
		17 EPOCH BEST TEST AUC: 0.6331426501274109
			Train time: 145.34 seconds
			Test time: 29.98 seconds
		18 EPOCH BEST TEST AUC: 0.6463147401809692
			Train time: 145.38 seconds
			Test time: 30.01 seconds
		19 EPOCH BEST TEST AUC: 0.6605532169342041
			Train time: 144.73 seconds
			Test time: 29.58 seconds
		20 EPOCH BEST TEST AUC: 0.6605532169342041
			Train time: 144.28 seconds
			Test time: 29.64 seconds
		21 EPOCH BEST TEST AUC: 0.671341061592102
			Train time: 144.27 seconds
			Test time: 29.63 seconds
		22 EPOCH BEST TEST AUC: 0.671341061592102
			Train time: 144.25 seconds
			Test time: 29.41 seconds
		23 EPOCH BEST TEST AUC: 0.671341061592102
			Train time: 144.31 seconds
			Test time: 30.42 seconds
		24 EPOCH BEST TEST AUC: 0.671341061592102
			Train time: 145.85 seconds
			Test time: 30.31 seconds
		25 EPOCH BEST TEST AUC: 0.6733465194702148
			Train time: 146.15 seconds
			Test time: 30.42 seconds
		26 EPOCH BEST TEST AUC: 0.6797057390213013
			Train time: 145.88 seconds
			Test time: 30.27 seconds
		27 EPOCH BEST TEST AUC: 0.6797057390213013
			Train time: 145.80 seconds
			Test time: 30.41 seconds
		28 EPOCH BEST TEST AUC: 0.6797057390213013
			Train time: 145.81 seconds
			Test time: 30.29 seconds
		29 EPOCH BEST TEST AUC: 0.6818960905075073
			Train time: 145.63 seconds
			Test time: 30.19 seconds
		30 EPOCH BEST TEST AUC: 0.6897960901260376
			Train time: 145.88 seconds
			Test time: 30.26 seconds
		31 EPOCH BEST TEST AUC: 0.6897960901260376
			Train time: 146.16 seconds
			Test time: 30.27 seconds
		32 EPOCH BEST TEST AUC: 0.6923602819442749
			Train time: 146.07 seconds
			Test time: 30.35 seconds
		33 EPOCH BEST TEST AUC: 0.6923602819442749
			Train time: 145.51 seconds
			Test time: 30.19 seconds
		34 EPOCH BEST TEST AUC: 0.6923602819442749
			Train time: 145.52 seconds
			Test time: 29.47 seconds
		35 EPOCH BEST TEST AUC: 0.6923602819442749
			Train time: 144.32 seconds
			Test time: 29.59 seconds
		36 EPOCH BEST TEST AUC: 0.6951498985290527
			Train time: 144.34 seconds
			Test time: 30.07 seconds
		37 EPOCH BEST TEST AUC: 0.6951498985290527
			Train time: 145.35 seconds
			Test time: 29.97 seconds
		38 EPOCH BEST TEST AUC: 0.6951498985290527
			Train time: 145.08 seconds
			Test time: 30.02 seconds
		39 EPOCH BEST TEST AUC: 0.6951498985290527
			Train time: 145.02 seconds
			Test time: 29.88 seconds
		40 EPOCH BEST TEST AUC: 0.6980756521224976
			Train time: 145.02 seconds
			Test time: 30.01 seconds
		41 EPOCH BEST TEST AUC: 0.7025721073150635
			Train time: 145.04 seconds
			Test time: 29.98 seconds
		42 EPOCH BEST TEST AUC: 0.7025721073150635
			Train time: 145.06 seconds
			Test time: 30.09 seconds
		43 EPOCH BEST TEST AUC: 0.7025721073150635
			Train time: 145.44 seconds
			Test time: 30.11 seconds
		44 EPOCH BEST TEST AUC: 0.7025721073150635
			Train time: 145.29 seconds
			Test time: 30.05 seconds
		45 EPOCH BEST TEST AUC: 0.7044966816902161
			Train time: 145.24 seconds
			Test time: 30.07 seconds
		46 EPOCH BEST TEST AUC: 0.7044966816902161
			Train time: 145.75 seconds
			Test time: 30.04 seconds
		47 EPOCH BEST TEST AUC: 0.7062348127365112
			Train time: 145.00 seconds
			Test time: 29.71 seconds
		48 EPOCH BEST TEST AUC: 0.7062348127365112
			Train time: 144.85 seconds
			Test time: 29.82 seconds
		49 EPOCH BEST TEST AUC: 0.7062348127365112
			Train time: 144.74 seconds
			Test time: 29.89 seconds
		50 EPOCH BEST TEST AUC: 0.7062348127365112
			Train time: 144.91 seconds
			Test time: 29.82 seconds
		51 EPOCH BEST TEST AUC: 0.7375772595405579
			Train time: 144.39 seconds
			Test time: 29.77 seconds
		52 EPOCH BEST TEST AUC: 0.738317608833313
			Train time: 144.75 seconds
			Test time: 29.78 seconds
		53 EPOCH BEST TEST AUC: 0.738317608833313
			Train time: 144.47 seconds
			Test time: 29.60 seconds
		54 EPOCH BEST TEST AUC: 0.7387253046035767
			Train time: 144.38 seconds
			Test time: 29.65 seconds
		55 EPOCH BEST TEST AUC: 0.7403619289398193
			Train time: 144.44 seconds
			Test time: 29.72 seconds
		56 EPOCH BEST TEST AUC: 0.7408174276351929
			Train time: 144.43 seconds
			Test time: 29.66 seconds
		57 EPOCH BEST TEST AUC: 0.7409792542457581
			Train time: 144.49 seconds
			Test time: 29.61 seconds
		58 EPOCH BEST TEST AUC: 0.7422024011611938
			Train time: 144.57 seconds
			Test time: 29.64 seconds
		59 EPOCH BEST TEST AUC: 0.7422024011611938
			Train time: 144.47 seconds
			Test time: 29.48 seconds
		60 EPOCH BEST TEST AUC: 0.7422024011611938
			Train time: 144.41 seconds
			Test time: 29.46 seconds
		61 EPOCH BEST TEST AUC: 0.7439669370651245
			Train time: 144.16 seconds
			Test time: 29.49 seconds
		62 EPOCH BEST TEST AUC: 0.7441476583480835
			Train time: 144.27 seconds
			Test time: 29.47 seconds
		63 EPOCH BEST TEST AUC: 0.7445586919784546
			Train time: 144.34 seconds
			Test time: 29.53 seconds
		64 EPOCH BEST TEST AUC: 0.7445586919784546
			Train time: 144.29 seconds
			Test time: 29.43 seconds
		65 EPOCH BEST TEST AUC: 0.7446321249008179
			Train time: 144.40 seconds
			Test time: 29.61 seconds
		66 EPOCH BEST TEST AUC: 0.7450348734855652
			Train time: 144.39 seconds
			Test time: 29.44 seconds
		67 EPOCH BEST TEST AUC: 0.7450348734855652
			Train time: 144.26 seconds
			Test time: 29.48 seconds
		68 EPOCH BEST TEST AUC: 0.7450348734855652
			Train time: 144.53 seconds
			Test time: 29.47 seconds
		69 EPOCH BEST TEST AUC: 0.7450348734855652
			Train time: 144.37 seconds
			Test time: 29.66 seconds
		70 EPOCH BEST TEST AUC: 0.7450348734855652
			Train time: 144.37 seconds
			Test time: 29.65 seconds
	Training time:         3:23:47
	Best train AUC: 0.7932383418083191
	Best test AUC: 0.7450348734855652

+------------------ Job Report: 3345505 (COMPLETED) -------------------+
| Memory (RAM)  [#########           ] 47.8% (1.4 GB peak / 3 GB)      |
| CPU           [################    ] 80.4% average                   |
| GPU           [##################  ] 91.0% average                   |
| Time          [----------------->  ] 85.1% (0-03:24:21 / 0-04:00:00) |
|                                                                      |
| Lustre Filesystem:                                                   |
|   Path    Total Read    Total Write    Total IOPS                    |
|   ------  ------------  -------------  ------------                  |
|   /apps   18.2 MB       0 B            20                            |
|   /fred   1.2 GB        36.6 MB        2.1 K                         |
|   /home   0 B           0 B            1                             |
|   OS      3.5 MB        0 B            208                           |
|                                                                      |
| Warnings:                                                            |
|   - Too much memory requested                                        |
+----------------------------------------------------------------------+
