Copying file: ./data/ucf101/aligned_data/ucf101_02_D1.npz to /var/tmp/jobfs/data
Dataset copied to JOBFS: ucf101_02_D1.npz
Data path: /var/tmp/jobfs/data/ucf101_02_D1.npz
Run name: stgcn2_ucf101_2_abs_D1

### Libraries loaded
feeder: feeders.ucf101.Feeder
feeder_args:
  data_paths: {1: './data/ucf101/aligned_data/ucf101_01_D1.npz', 2: './data/ucf101/aligned_data/ucf101_02_D1.npz', 3: './data/ucf101/aligned_data/ucf101_03_D1.npz'}
  label_path: ./data/ucf101/statistics/ucf101_annotations.yaml
  p_interval: [0.5, 1]
  random_shift: True
  random_choose: True
  window_size: 64
  random_move: True
  random_rot: True
  average_flow: False
  absolute_flow: {'window_mean': True}
  no_flow: False
extractor:
  data_paths: {'rgb_path': '../Datasets/UCF-101/', 'pose_path': './data/ucf101/pose/', 'flow_path': './data/ucf101/flow/', 'flowpose_path': './data/ucf101/flowpose/'}
  preprocessed: True
  pose: {'weights': 'pretrained_models/yolo11x-pose.pt'}
  flow: {'weights': 'pretrained_models/raft_large.pt', 'imsize': [240, 320], 'minibatch_size': 16}
  flowpose: {'window_size': 5, 'threshold': 0.05, 'loop': False}
model: models.stgcn2.stgcn2.TEST_MODEL
model_args:
  num_class: 101
  num_point: 17
  num_person: 2
  graph: graph.yolo_pose.Graph
  pose_channels: 3
  flow_channels: 1
  base_channels: 64
  data_bn_type: MVC
  ch_ratio: 2
  num_stages: 10
  inflate_stages: ['5 8']
  down_stages: [5, 8]
  cnn: False
ignore_weights: []
phase: train
optimiser: torch.optim.SGD
optim_params:
  lr: 0.1
  momentum: 0.9
  weight_decay: 0.0005
  nesterov: True
scheduler: torch.optim.lr_scheduler.CosineAnnealingLR
scheduler_params:
  eta_min: 0
training_function: training.train_msg3d.train_network
testing_function: training.eval_msg3d.eval_network
num_epoch: 16
device: 0
batch_size: 256
half: False
checkpoint_freq: 1
save_location: ./results/stgcn2/ucf101/
model_type: stgcn2
dataset: ucf101
flow_embedding: abs
evaluation: 2
obs_ratio: 1.0
run_name: stgcn2_ucf101_2_abs_D1
description: stgcn2_train ucf101 2 abs observation ratio 1.0, dilation 1...
data_path_overwrite: /var/tmp/jobfs/data/ucf101_02_D1.npz
verbose: True
### Arguments loaded
	Output device: cuda:0
	Model total number of params: 509203
	Loading weights from ./results/stgcn2/ucf101/2/train/stgcn2_ucf101_2_abs_D1.pt
	Total number of weights removed: 0
	Pretrained model loaded
### Model created
	Loaded data using mmap mode
	Self.data assigned
	Self.labels assigned
	Assigned self.data to unique split (train)
	Using memory-mapped data - skipping NaN filtering to preserve memory efficiency
	Finished loading data!
	Loaded data using mmap mode
	Assigned self.data to unique split (test)
	Using memory-mapped data - skipping NaN filtering to preserve memory efficiency
	Finished loading data!
test feeder length: 3649
### Dataloaders created
	Tracking:
		epoch
		train_time
		train_loss
		lr
		test_time
		test_loss
		train_ACC
		test_ACC
		train_cls_loss
		test_cls_loss
	Resuming from checkpoint at epoch 10
		1 EPOCH BEST TEST ACC: 0.05811368674039841
			Train time: 340.06 seconds
			Test time: 339.26 seconds
		2 EPOCH BEST TEST ACC: 0.17645813524723053
			Train time: 342.04 seconds
			Test time: 341.38 seconds
		3 EPOCH BEST TEST ACC: 0.24293425679206848
			Train time: 338.43 seconds
			Test time: 339.46 seconds
		4 EPOCH BEST TEST ACC: 0.31152746081352234
			Train time: 337.08 seconds
			Test time: 335.61 seconds
		5 EPOCH BEST TEST ACC: 0.3871070146560669
			Train time: 337.12 seconds
			Test time: 338.68 seconds
		6 EPOCH BEST TEST ACC: 0.39726898074150085
			Train time: 338.88 seconds
			Test time: 336.62 seconds
		7 EPOCH BEST TEST ACC: 0.4565470516681671
			Train time: 338.61 seconds
			Test time: 339.80 seconds
		8 EPOCH BEST TEST ACC: 0.4939134120941162
			Train time: 340.61 seconds
			Test time: 337.68 seconds
		9 EPOCH BEST TEST ACC: 0.532550036907196
			Train time: 334.00 seconds
			Test time: 335.29 seconds
		10 EPOCH BEST TEST ACC: 0.5771144032478333
			Train time: 334.68 seconds
			Test time: 333.81 seconds
		11 EPOCH BEST TEST ACC: 0.6272890567779541
			Train time: 53.76 seconds
			Test time: 46.61 seconds
		12 EPOCH BEST TEST ACC: 0.6529057025909424
			Train time: 46.83 seconds
			Test time: 45.96 seconds
		13 EPOCH BEST TEST ACC: 0.6832857131958008
			Train time: 46.83 seconds
			Test time: 47.22 seconds
		14 EPOCH BEST TEST ACC: 0.6967291235923767
			Train time: 47.41 seconds
			Test time: 46.61 seconds
		15 EPOCH BEST TEST ACC: 0.7032920718193054
			Train time: 46.96 seconds
			Test time: 46.42 seconds
		16 EPOCH BEST TEST ACC: 0.7032920718193054
			Train time: 46.54 seconds
			Test time: 45.50 seconds
	Best train ACC: 0.6861437559127808
	Best test ACC: 0.7032920718193054
	Training time:         2:02:05

+------------------ Job Report: 6549294 (COMPLETED) -------------------+
| Memory (RAM)  [####                ] 24.7% (1.2 GB peak / 5 GB)      |
| CPU           [##############      ] 72.3% average                   |
| GPU           [#                   ]  5.4% average                   |
| Time          [->                  ]  8.6% (0-00:10:21 / 0-02:00:00) |
|                                                                      |
| Lustre Filesystem:                                                   |
|   Path    Total Read    Total Write      Total IOPS                  |
|   ------  ------------  -------------  ------------                  |
|   /apps   436 KB        0 B                    182                   |
|   /fred   26.4 GB       20.2 MB                 48                   |
|   /home   0 B           0 B                      1                   |
|   OS      28 KB         0 B                     11                   |
|                                                                      |
| Warnings:                                                            |
|   - Too much memory requested                                        |
|   - CPU usage is low                                                 |
|   - GPU usage is low                                                 |
|   - Too much time requested                                          |
+----------------------------------------------------------------------+
