Wed Dec  3 09:21:27 AEDT 2025
Copying file: ./data/ucf101/aligned_data/ucf101_02_D1.npz to /var/tmp/jobfs/data
Dataset copied to JOBFS: ucf101_02_D1.npz
Data path: /var/tmp/jobfs/data/ucf101_02_D1.npz
Run name: stgcn2_ucf101_2_cnn_D1

Python script run command arguments:
python main.py -m stgcn2 -d ucf101 -p train -f cnn -e 2 -o 1.0 -r stgcn2_ucf101_2_cnn_D1 --desc stgcn2_train ucf101 2 cnn observation ratio 1.0 --data_path_overwrite /var/tmp/jobfs/data/ucf101_02_D1.npz -v
### Libraries loaded
feeder: feeders.ucf101.Feeder
feeder_args:
  data_paths: {1: './data/ucf101/aligned_data/ucf101_01_D1.npz', 2: './data/ucf101/aligned_data/ucf101_02_D1.npz', 3: './data/ucf101/aligned_data/ucf101_03_D1.npz'}
  label_path: ./data/ucf101/statistics/ucf101_annotations.yaml
  p_interval: [0.5, 1]
  random_choose: False
  random_shift: False
  window_size: 100
  pad_method: zero_pad
  random_move: False
  random_rot: False
  average_flow: False
  absolute_flow: False
  no_flow: False
extractor:
  data_paths: {'rgb_path': '../Datasets/UCF-101/', 'pose_path': './data/ucf101/pose/', 'flow_path': './data/ucf101/flow/', 'flowpose_path': './data/ucf101/flowpose/'}
  preprocessed: True
  pose: {'weights': 'pretrained_models/yolo11x-pose.pt'}
  flow: {'weights': 'pretrained_models/raft_large.pt', 'imsize': [240, 320], 'minibatch_size': 16}
  flowpose: {'window_size': 5, 'threshold': 0.05, 'loop': False}
model: models.stgcn2.stgcn2.TEST_MODEL
model_args:
  num_class: 101
  num_point: 17
  num_person: 2
  graph: graph.yolo_pose.Graph
  pose_channels: 3
  flow_channels: 50
  base_channels: 64
  data_bn_type: MVC
  ch_ratio: 2
  num_stages: 10
  inflate_stages: ['5 8']
  down_stages: [5, 8]
  cnn: True
ignore_weights: []
phase: train
optimiser: torch.optim.SGD
optim_params:
  lr: 0.1
  momentum: 0.9
  weight_decay: 0.0005
  nesterov: True
scheduler: torch.optim.lr_scheduler.CosineAnnealingLR
scheduler_params:
  eta_min: 0
training_function: training.train_msg3d.train_network
testing_function: training.eval_msg3d.eval_network
num_epoch: 50
device: 0
batch_size: 128
half: False
checkpoint_freq: 10
save_location: ./results/stgcn2/ucf101/
model_type: stgcn2
dataset: ucf101
flow_embedding: cnn
evaluation: 2
obs_ratio: 1.0
run_name: stgcn2_ucf101_2_cnn_D1
description: stgcn2_train ucf101 2 cnn observation ratio 1.0
data_path_overwrite: /var/tmp/jobfs/data/ucf101_02_D1.npz
verbose: True
debug: False
### Arguments loaded
	Output device: cuda:0
	Model total number of params: 480481
	Loading weights from ./results/stgcn2/ucf101/2/train/stgcn2_ucf101_2_cnn_D1.pt
	Checkpoint file does not yet exist
		([Errno 2] No such file or directory: './results/stgcn2/ucf101/2/train/stgcn2_ucf101_2_cnn_D1.pt')
### Model created
	Loaded data using mmap mode
	Self.data assigned
	Self.labels assigned
	Assigned self.data to unique split (train)
	Using memory-mapped data - skipping NaN filtering to preserve memory efficiency
	Finished loading data!
### Dataloaders created
	Tracking:
		epoch
		train_time
		train_loss
		lr
		test_time
		test_loss
		train_ACC
		test_ACC
		train_cls_loss
		test_cls_loss
	Created new checkpoint file: ./results/stgcn2/ucf101/2/train/stgcn2_ucf101_2_cnn_D1.pt
		1 EPOCH BEST TRAIN ACC: 0.0606541745364666
			Train time: 40.12 seconds
		2 EPOCH BEST TRAIN ACC: 0.16142690181732178
			Train time: 37.38 seconds
		3 EPOCH BEST TRAIN ACC: 0.26209378242492676
			Train time: 37.41 seconds
		4 EPOCH BEST TRAIN ACC: 0.3331216275691986
			Train time: 37.23 seconds
		5 EPOCH BEST TRAIN ACC: 0.3910236060619354
			Train time: 37.81 seconds
		6 EPOCH BEST TRAIN ACC: 0.43040117621421814
			Train time: 37.40 seconds
		7 EPOCH BEST TRAIN ACC: 0.4681909680366516
			Train time: 37.81 seconds
		8 EPOCH BEST TRAIN ACC: 0.500582218170166
			Train time: 37.34 seconds
		9 EPOCH BEST TRAIN ACC: 0.5266221761703491
			Train time: 37.27 seconds
		10 EPOCH BEST TRAIN ACC: 0.5513919591903687
			Train time: 37.03 seconds
		11 EPOCH BEST TRAIN ACC: 0.5835714936256409
			Train time: 37.55 seconds
		12 EPOCH BEST TRAIN ACC: 0.5961681008338928
			Train time: 37.67 seconds
		13 EPOCH BEST TRAIN ACC: 0.6163861751556396
			Train time: 36.88 seconds
		14 EPOCH BEST TRAIN ACC: 0.628347635269165
			Train time: 36.92 seconds
		15 EPOCH BEST TRAIN ACC: 0.6549168825149536
			Train time: 37.05 seconds
		16 EPOCH BEST TRAIN ACC: 0.6648671627044678
			Train time: 37.18 seconds
		17 EPOCH BEST TRAIN ACC: 0.6764051914215088
			Train time: 36.87 seconds
		18 EPOCH BEST TRAIN ACC: 0.6949295997619629
			Train time: 36.89 seconds
		19 EPOCH BEST TRAIN ACC: 0.7096432447433472
			Train time: 37.08 seconds
		20 EPOCH BEST TRAIN ACC: 0.7203344702720642
			Train time: 37.18 seconds
		21 EPOCH BEST TRAIN ACC: 0.7273208498954773
			Train time: 37.12 seconds
		22 EPOCH BEST TRAIN ACC: 0.7465862035751343
			Train time: 36.96 seconds
		23 EPOCH BEST TRAIN ACC: 0.7572774291038513
			Train time: 37.12 seconds
		24 EPOCH BEST TRAIN ACC: 0.7692388892173767
			Train time: 37.54 seconds
		25 EPOCH BEST TRAIN ACC: 0.7748491764068604
			Train time: 37.28 seconds
		26 EPOCH BEST TRAIN ACC: 0.7900921106338501
			Train time: 36.99 seconds
		27 EPOCH BEST TRAIN ACC: 0.7964432835578918
			Train time: 37.60 seconds
		28 EPOCH BEST TRAIN ACC: 0.8107335567474365
			Train time: 37.29 seconds
		29 EPOCH BEST TRAIN ACC: 0.8247062563896179
			Train time: 37.66 seconds
		30 EPOCH BEST TRAIN ACC: 0.8335979580879211
			Train time: 37.53 seconds
		31 EPOCH BEST TRAIN ACC: 0.8456652760505676
			Train time: 37.06 seconds
		32 EPOCH BEST TRAIN ACC: 0.8507462739944458
			Train time: 36.93 seconds
		33 EPOCH BEST TRAIN ACC: 0.8601672649383545
			Train time: 37.37 seconds
		34 EPOCH BEST TRAIN ACC: 0.8717052936553955
			Train time: 37.36 seconds
		35 EPOCH BEST TRAIN ACC: 0.8803852796554565
			Train time: 37.85 seconds
		36 EPOCH BEST TRAIN ACC: 0.8877950310707092
			Train time: 36.90 seconds
		37 EPOCH BEST TRAIN ACC: 0.8996506929397583
			Train time: 37.40 seconds
		38 EPOCH BEST TRAIN ACC: 0.9034613966941833
			Train time: 38.21 seconds
		39 EPOCH BEST TRAIN ACC: 0.9102360606193542
			Train time: 37.90 seconds
		40 EPOCH BEST TRAIN ACC: 0.9144701957702637
			Train time: 38.25 seconds
		41 EPOCH BEST TRAIN ACC: 0.9209272861480713
			Train time: 37.73 seconds
		42 EPOCH BEST TRAIN ACC: 0.9221975207328796
			Train time: 37.82 seconds
		43 EPOCH BEST TRAIN ACC: 0.9248438477516174
			Train time: 37.80 seconds
		44 EPOCH BEST TRAIN ACC: 0.9282311797142029
			Train time: 37.96 seconds
		45 EPOCH BEST TRAIN ACC: 0.9335238337516785
			Train time: 37.65 seconds
		46 EPOCH BEST TRAIN ACC: 0.9335238337516785
			Train time: 38.05 seconds
		47 EPOCH BEST TRAIN ACC: 0.9363819360733032
			Train time: 37.71 seconds
		48 EPOCH BEST TRAIN ACC: 0.9379697442054749
			Train time: 37.38 seconds
		49 EPOCH BEST TRAIN ACC: 0.9383931159973145
			Train time: 37.96 seconds
	Loaded data using mmap mode
	Assigned self.data to unique split (test)
	Using memory-mapped data - skipping NaN filtering to preserve memory efficiency
	Finished loading data!
	Loaded data using mmap mode
	Assigned self.data to unique split (test)
	Using memory-mapped data - skipping NaN filtering to preserve memory efficiency
	Finished loading data!
	Loaded data using mmap mode
	Assigned self.data to unique split (test)
	Using memory-mapped data - skipping NaN filtering to preserve memory efficiency
	Finished loading data!
		50 EPOCH BEST TEST ACC: 0.6012606620788574
			Train time: 37.93 seconds
			Test time: 14.67 seconds
	Best train ACC: 0.9383931159973145
	Best test ACC: 0.6012606620788574
	Training time:         0:31:29

+------------------ Job Report: 7368729 (COMPLETED) -------------------+
| Memory (RAM)  [####                ] 23.5% (2.3 GB peak / 10 GB)     |
| CPU           [###########         ] 57.8% average                   |
| GPU           [###                 ] 16.3% average                   |
| Time          [--->                ] 18.0% (0-00:32:24 / 0-03:00:00) |
|                                                                      |
| Lustre Filesystem:                                                   |
|   Path    Total Read    Total Write      Total IOPS                  |
|   ------  ------------  -------------  ------------                  |
|   /apps   436 KB        0 B                    181                   |
|   /fred   26.4 GB       15.4 MB                 43                   |
|   /home   0 B           0 B                      1                   |
|   OS      16.9 MB       0 B                     49                   |
|                                                                      |
| Warnings:                                                            |
|   - Too much memory requested                                        |
|   - CPU usage is low                                                 |
|   - GPU usage is low                                                 |
|   - Too much time requested                                          |
+----------------------------------------------------------------------+
