Copying file: ./data/ucf101/aligned_data/ucf101_01_D1.npz to /var/tmp/jobfs/data
Dataset copied to JOBFS: ucf101_01_D1.npz
Data path: /var/tmp/jobfs/data/ucf101_01_D1.npz
Run name: ucf101_1_abs_D1

### Libraries loaded
feeder: feeders.ucf101.Feeder
feeder_args:
  data_paths: {1: './data/ucf101/aligned_data/ucf101_01.npz', 2: './data/ucf101/aligned_data/ucf101_02.npz', 3: './data/ucf101/aligned_data/ucf101_03.npz'}
  label_path: ./data/ucf101/statistics/ucf101_annotations.yaml
  p_interval: [0.5, 1]
  random_shift: True
  random_choose: True
  window_size: 64
  random_move: True
  random_rot: True
  average_flow: False
  absolute_flow: {'window_mean': True}
  no_flow: False
extractor:
  data_paths: {'rgb_path': '../Datasets/UCF-101/', 'pose_path': './data/ucf101/pose/', 'flow_path': './data/ucf101/flow/', 'flowpose_path': './data/ucf101/flowpose/'}
  preprocessed: True
  pose: {'weights': 'pretrained_models/yolo11x-pose.pt'}
  flow: {'weights': 'pretrained_models/raft_large.pt', 'imsize': [240, 320], 'minibatch_size': 16}
  flowpose: {'window_size': 5, 'threshold': 0.05, 'loop': False}
model: model.infogcn2.sode.SODE
model_args:
  num_class: 101
  num_point: 17
  num_person: 2
  graph: graph.yolo_pose.Graph
  pose_channels: 3
  flow_channels: 1
  embed_channels: 64
  num_head: 3
  ode_method: euler
  depth: 4
  device: 0
  T: 64
  n_step: 3
  SAGC_proj: True
  num_cls: 10
  n_sample: 1
  backbone: transformer
  cnn: False
ignore_weights: []
phase: train
optim:
  base_lr: 0.1
  nesterov: True
  weight_decay: 0.0003
  step: [50, 60]
  gamma: 0.1
lambda_1: 1
lambda_2: 0.1
lambda_3: 0.001
lambda_4: 0.0
lambda_5: 0.0
num_epoch: 70
device: 0
batch_size: 256
forward_batch_size: 128
test_batch_size: 256
half: False
checkpoint_freq: 10
save_location: ./results/ucf101/
dataset: ucf101
model_type: abs
evaluation: 1
run_name: ucf101_1_abs_D1
description: train ucf101 1 abs evaluation of ntu120 results!
data_path_overwrite: /var/tmp/jobfs/data/ucf101_01_D1.npz
verbose: True
### Arguments loaded
	Output device: cuda:0
	Temporal encoder: transformer
	Model total number of params: 658125
	Loading weights from ./results/ucf101/1/train/ucf101_1_abs_D1.pt
	Checkpoint file does not yet exist
		([Errno 2] No such file or directory: './results/ucf101/1/train/ucf101_1_abs_D1.pt')
### Model created
	Loaded data using mmap mode
	Self.data assigned
	Self.labels assigned
	Assigned self.data to unique split (train)
	Using memory-mapped data - skipping NaN filtering to preserve memory efficiency
	Finished loading data!
	Loaded data using mmap mode
	Assigned self.data to unique split (test)
	Using memory-mapped data - skipping NaN filtering to preserve memory efficiency
	Finished loading data!
### Dataloaders created
	Tracking:
		epoch
		train_time
		train_loss
		lr
		test_time
		test_loss
		train_ACC
		test_ACC
		train_AUC
		test_AUC
		train_cls_loss
		test_cls_loss
		train_feature_loss
		test_feature_loss
		train_recon_loss
		test_recon_loss
	Created new checkpoint file: ./results/ucf101/1/train/ucf101_1_abs_D1.pt
		1 EPOCH BEST TEST AUC: 0.01147401798516512
			Train time: 70.86 seconds
			Test time: 16.38 seconds
		2 EPOCH BEST TEST AUC: 0.018683617934584618
			Train time: 68.79 seconds
			Test time: 16.70 seconds
		3 EPOCH BEST TEST AUC: 0.027430927380919456
			Train time: 68.89 seconds
			Test time: 16.70 seconds
		4 EPOCH BEST TEST AUC: 0.03926626592874527
			Train time: 68.59 seconds
			Test time: 17.02 seconds
		5 EPOCH BEST TEST AUC: 0.04745058715343475
			Train time: 68.39 seconds
			Test time: 16.97 seconds
		6 EPOCH BEST TEST AUC: 0.06470993161201477
			Train time: 68.73 seconds
			Test time: 16.83 seconds
		7 EPOCH BEST TEST AUC: 0.08865369856357574
			Train time: 68.37 seconds
			Test time: 17.13 seconds
		8 EPOCH BEST TEST AUC: 0.10907669365406036
			Train time: 68.39 seconds
			Test time: 17.15 seconds
		9 EPOCH BEST TEST AUC: 0.11580733954906464
			Train time: 68.86 seconds
			Test time: 16.76 seconds
		10 EPOCH BEST TEST AUC: 0.13554970920085907
			Train time: 68.91 seconds
			Test time: 16.86 seconds
		11 EPOCH BEST TEST AUC: 0.15618276596069336
			Train time: 68.57 seconds
			Test time: 16.95 seconds
		12 EPOCH BEST TEST AUC: 0.186021089553833
			Train time: 68.63 seconds
			Test time: 16.81 seconds
		13 EPOCH BEST TEST AUC: 0.1940079629421234
			Train time: 69.10 seconds
			Test time: 16.83 seconds
		14 EPOCH BEST TEST AUC: 0.21530064940452576
			Train time: 68.83 seconds
			Test time: 16.86 seconds
		15 EPOCH BEST TEST AUC: 0.234799325466156
			Train time: 68.62 seconds
			Test time: 16.78 seconds
		16 EPOCH BEST TEST AUC: 0.234799325466156
			Train time: 69.26 seconds
			Test time: 16.86 seconds
		17 EPOCH BEST TEST AUC: 0.25234436988830566
			Train time: 68.90 seconds
			Test time: 17.20 seconds
		18 EPOCH BEST TEST AUC: 0.25234436988830566
			Train time: 68.12 seconds
			Test time: 17.17 seconds
		19 EPOCH BEST TEST AUC: 0.2805693447589874
			Train time: 68.65 seconds
			Test time: 16.84 seconds
		20 EPOCH BEST TEST AUC: 0.29617756605148315
			Train time: 69.11 seconds
			Test time: 16.99 seconds
		21 EPOCH BEST TEST AUC: 0.3191928267478943
			Train time: 68.42 seconds
			Test time: 17.02 seconds
		22 EPOCH BEST TEST AUC: 0.3249361217021942
			Train time: 68.55 seconds
			Test time: 16.79 seconds
		23 EPOCH BEST TEST AUC: 0.3249361217021942
			Train time: 69.07 seconds
			Test time: 16.82 seconds
		24 EPOCH BEST TEST AUC: 0.36610984802246094
			Train time: 68.57 seconds
			Test time: 16.92 seconds
		25 EPOCH BEST TEST AUC: 0.36610984802246094
			Train time: 68.50 seconds
			Test time: 16.82 seconds
		26 EPOCH BEST TEST AUC: 0.39046111702919006
			Train time: 69.15 seconds
			Test time: 16.82 seconds
		27 EPOCH BEST TEST AUC: 0.4151611328125
			Train time: 68.83 seconds
			Test time: 17.08 seconds
		28 EPOCH BEST TEST AUC: 0.4151611328125
			Train time: 68.17 seconds
			Test time: 17.18 seconds
		29 EPOCH BEST TEST AUC: 0.42305976152420044
			Train time: 68.90 seconds
			Test time: 16.79 seconds
		30 EPOCH BEST TEST AUC: 0.4349707365036011
			Train time: 69.14 seconds
			Test time: 17.07 seconds
		31 EPOCH BEST TEST AUC: 0.44912105798721313
			Train time: 68.84 seconds
			Test time: 17.00 seconds
		32 EPOCH BEST TEST AUC: 0.4600992798805237
			Train time: 68.84 seconds
			Test time: 16.85 seconds
		33 EPOCH BEST TEST AUC: 0.47638392448425293
			Train time: 69.32 seconds
			Test time: 16.86 seconds
		34 EPOCH BEST TEST AUC: 0.47638392448425293
			Train time: 68.75 seconds
			Test time: 16.94 seconds
		35 EPOCH BEST TEST AUC: 0.4908115267753601
			Train time: 68.68 seconds
			Test time: 16.92 seconds
		36 EPOCH BEST TEST AUC: 0.4908115267753601
			Train time: 69.31 seconds
			Test time: 16.85 seconds
		37 EPOCH BEST TEST AUC: 0.4935045838356018
			Train time: 68.84 seconds
			Test time: 17.25 seconds
		38 EPOCH BEST TEST AUC: 0.5016889572143555
			Train time: 68.43 seconds
			Test time: 17.27 seconds
		39 EPOCH BEST TEST AUC: 0.5016889572143555
			Train time: 69.17 seconds
			Test time: 16.87 seconds
		40 EPOCH BEST TEST AUC: 0.5052223205566406
			Train time: 69.30 seconds
			Test time: 17.09 seconds
		41 EPOCH BEST TEST AUC: 0.510360598564148
			Train time: 68.69 seconds
			Test time: 17.06 seconds
		42 EPOCH BEST TEST AUC: 0.5346615314483643
			Train time: 68.92 seconds
			Test time: 16.89 seconds
		43 EPOCH BEST TEST AUC: 0.5346615314483643
			Train time: 69.26 seconds
			Test time: 16.90 seconds
		44 EPOCH BEST TEST AUC: 0.5355732440948486
			Train time: 68.63 seconds
			Test time: 17.19 seconds
		45 EPOCH BEST TEST AUC: 0.5387074947357178
			Train time: 68.71 seconds
			Test time: 17.05 seconds
		46 EPOCH BEST TEST AUC: 0.5436986684799194
			Train time: 70.01 seconds
			Test time: 16.85 seconds
		47 EPOCH BEST TEST AUC: 0.5443205833435059
			Train time: 69.13 seconds
			Test time: 17.37 seconds
		48 EPOCH BEST TEST AUC: 0.5443205833435059
			Train time: 68.52 seconds
			Test time: 17.42 seconds
		49 EPOCH BEST TEST AUC: 0.5443205833435059
			Train time: 69.43 seconds
			Test time: 16.84 seconds
		50 EPOCH BEST TEST AUC: 0.5443205833435059
			Train time: 69.40 seconds
			Test time: 17.00 seconds
		51 EPOCH BEST TEST AUC: 0.5670585036277771
			Train time: 69.73 seconds
			Test time: 17.07 seconds
		52 EPOCH BEST TEST AUC: 0.5744613409042358
			Train time: 69.17 seconds
			Test time: 16.95 seconds
		53 EPOCH BEST TEST AUC: 0.5780871510505676
			Train time: 69.57 seconds
			Test time: 16.88 seconds
		54 EPOCH BEST TEST AUC: 0.5780871510505676
			Train time: 69.42 seconds
			Test time: 17.20 seconds
		55 EPOCH BEST TEST AUC: 0.5780871510505676
			Train time: 68.87 seconds
			Test time: 17.19 seconds
		56 EPOCH BEST TEST AUC: 0.5786585807800293
			Train time: 69.57 seconds
			Test time: 16.87 seconds
		57 EPOCH BEST TEST AUC: 0.5786585807800293
			Train time: 69.21 seconds
			Test time: 17.28 seconds
		58 EPOCH BEST TEST AUC: 0.5786585807800293
			Train time: 68.81 seconds
			Test time: 17.49 seconds
		59 EPOCH BEST TEST AUC: 0.5786585807800293
			Train time: 69.41 seconds
			Test time: 16.99 seconds
		60 EPOCH BEST TEST AUC: 0.578998863697052
			Train time: 69.38 seconds
			Test time: 16.87 seconds
		61 EPOCH BEST TEST AUC: 0.58138108253479
			Train time: 69.37 seconds
			Test time: 16.98 seconds
		62 EPOCH BEST TEST AUC: 0.5820322632789612
			Train time: 69.09 seconds
			Test time: 16.87 seconds
		63 EPOCH BEST TEST AUC: 0.5820322632789612
			Train time: 71.09 seconds
			Test time: 16.88 seconds
		64 EPOCH BEST TEST AUC: 0.5820322632789612
			Train time: 69.21 seconds
			Test time: 17.27 seconds
		65 EPOCH BEST TEST AUC: 0.5820322632789612
			Train time: 68.96 seconds
			Test time: 17.14 seconds
		66 EPOCH BEST TEST AUC: 0.5820827484130859
			Train time: 69.61 seconds
			Test time: 16.87 seconds
		67 EPOCH BEST TEST AUC: 0.5820827484130859
			Train time: 69.35 seconds
			Test time: 16.99 seconds
		68 EPOCH BEST TEST AUC: 0.5820827484130859
			Train time: 69.10 seconds
			Test time: 17.17 seconds
		69 EPOCH BEST TEST AUC: 0.5820827484130859
			Train time: 69.48 seconds
			Test time: 17.12 seconds
		70 EPOCH BEST TEST AUC: 0.5820827484130859
			Train time: 69.82 seconds
			Test time: 16.82 seconds
	Training time:         1:40:20
	Best train AUC: 0.8287731409072876
	Best test AUC: 0.5820827484130859

+------------------ Job Report: 4263713 (COMPLETED) -------------------+
| Memory (RAM)  [#####               ] 29.3% (1.5 GB peak / 5 GB)      |
| CPU           [############        ] 64.1% average                   |
| GPU           [#######             ] 36.6% average                   |
| Time          [---->               ] 24.1% (0-01:41:06 / 0-07:00:00) |
|                                                                      |
| Lustre Filesystem:                                                   |
|   Path    Total Read    Total Write    Total IOPS                    |
|   ------  ------------  -------------  ------------                  |
|   /apps   516 KB        0 B            21                            |
|   /fred   5.1 GB        38.6 MB        2 K                           |
|   /home   0 B           0 B            1                             |
|   OS      50.4 MB       0 B            210                           |
|                                                                      |
| Warnings:                                                            |
|   - Too much memory requested                                        |
|   - CPU usage is low                                                 |
|   - GPU usage is low                                                 |
|   - Too much time requested                                          |
+----------------------------------------------------------------------+
