Copying file: ./data/ntu120/aligned_data/ntu120_CSub-pose_dilation3_aligned.npz to /var/tmp/jobfs/data
Dataset copied to JOBFS: ntu120_CSub-pose_dilation3_aligned.npz
Data path: /var/tmp/jobfs/data/ntu120_CSub-pose_dilation3_aligned.npz

### Libraries loaded
feeder: feeders.ntu_rgb_d.Feeder
feeder_args:
  data_paths: {'CSet': './data/ntu120/aligned_data/NTU120_CSet-pose_aligned.npz', 'CSub': './data/ntu120/aligned_data/NTU120_CSub-pose_aligned.npz'}
  label_path: ./data/ntu120/statistics/ntu_rgbd120-annotations.yaml
  p_interval: [0.5, 1]
  random_choose: True
  random_shift: True
  window_size: 64
  random_move: True
  random_rot: True
  average_flow: False
  absolute_flow: False
  no_flow: True
extractor:
  preprocessed: True
  pose: {'weights': 'pretrained_models/yolo11x-pose.pt'}
  flow: {'weights': 'pretrained_models/raft_large.pt', 'imsize': [1080, 1920], 'minibatch_size': 3}
  flowpose: {'window_size': 5, 'threshold': 0.05, 'loop': False, 'norm': False, 'match_pose': False, 'ntu': True, 'dilation': 3}
model: model.infogcn2.sode.SODE
model_args:
  num_class: 120
  num_point: 25
  num_person: 2
  graph: graph.ntu_rgb_d.Graph
  pose_channels: 3
  flow_channels: 0
  embed_channels: 64
  num_head: 3
  ode_method: euler
  depth: 4
  device: 0
  T: 64
  n_step: 3
  SAGC_proj: True
  num_cls: 10
  n_sample: 1
  backbone: transformer
  cnn: False
ignore_weights: []
phase: train
optim:
  base_lr: 0.1
  nesterov: True
  weight_decay: 0.0003
  step: [50, 60]
  gamma: 0.1
lambda_1: 1
lambda_2: 0.1
lambda_3: 0.001
lambda_4: 0.0
lambda_5: 0.0
num_epoch: 70
device: 0
batch_size: 256
forward_batch_size: 128
test_batch_size: 256
half: False
checkpoint_freq: 10
save_location: ./results/ntu120/
dataset: ntu120
model_type: base
evaluation: CSub
run_name: ntu120_CSub_base_D3
description: train ntu120 CSub base_D3 re-running to check that base model still performs as expected after the dilation3 extraction
data_path_overwrite: /var/tmp/jobfs/data/ntu120_CSub-pose_dilation3_aligned.npz
verbose: True
### Arguments loaded
	Output device: cuda:0
	Temporal encoder: transformer
	Model total number of params: 691147
	Loading weights from ./results/ntu120/CSub/train/ntu120_CSub_base_D3.pt
	Checkpoint file does not yet exist
	([Errno 2] No such file or directory: './results/ntu120/CSub/train/ntu120_CSub_base_D3.pt')
### Model created
	Loaded data using mmap mode
	Self.data assigned
	Self.labels assigned
	Assigned self.data to unique split (train)
	Using memory-mapped data - skipping NaN filtering to preserve memory efficiency
	Finished loading data!
	Loaded data using mmap mode
	Assigned self.data to unique split (test)
	Using memory-mapped data - skipping NaN filtering to preserve memory efficiency
	Finished loading data!
### Dataloaders created
	Tracking:
		epoch
		train_time
		train_loss
		lr
		test_time
		test_loss
		train_ACC
		test_ACC
		train_AUC
		test_AUC
		train_cls_loss
		test_cls_loss
		train_feature_loss
		test_feature_loss
		train_recon_loss
		test_recon_loss
	Created new checkpoint file: ./results/ntu120/CSub/train/ntu120_CSub_base_D3.pt
		1 EPOCH BEST TEST AUC: 0.010369409807026386
			Train time: 245.25 seconds
			Test time: 77.82 seconds
		2 EPOCH BEST TEST AUC: 0.031984928995370865
			Train time: 240.73 seconds
			Test time: 77.87 seconds
		3 EPOCH BEST TEST AUC: 0.07454761862754822
			Train time: 240.49 seconds
			Test time: 77.71 seconds
		4 EPOCH BEST TEST AUC: 0.1505221426486969
			Train time: 240.58 seconds
			Test time: 77.61 seconds
		5 EPOCH BEST TEST AUC: 0.24223890900611877
			Train time: 240.57 seconds
			Test time: 78.03 seconds
		6 EPOCH BEST TEST AUC: 0.24472935497760773
			Train time: 241.71 seconds
			Test time: 78.11 seconds
		7 EPOCH BEST TEST AUC: 0.32874852418899536
			Train time: 242.24 seconds
			Test time: 78.23 seconds
		8 EPOCH BEST TEST AUC: 0.3761092722415924
			Train time: 241.10 seconds
			Test time: 77.99 seconds
		9 EPOCH BEST TEST AUC: 0.3761092722415924
			Train time: 241.14 seconds
			Test time: 78.11 seconds
		10 EPOCH BEST TEST AUC: 0.42269307374954224
			Train time: 240.96 seconds
			Test time: 78.57 seconds
		11 EPOCH BEST TEST AUC: 0.42269307374954224
			Train time: 241.00 seconds
			Test time: 78.15 seconds
		12 EPOCH BEST TEST AUC: 0.4443693459033966
			Train time: 242.83 seconds
			Test time: 80.20 seconds
		13 EPOCH BEST TEST AUC: 0.458356648683548
			Train time: 242.67 seconds
			Test time: 78.31 seconds
		14 EPOCH BEST TEST AUC: 0.4669833779335022
			Train time: 241.26 seconds
			Test time: 79.12 seconds
		15 EPOCH BEST TEST AUC: 0.4669833779335022
			Train time: 241.08 seconds
			Test time: 77.94 seconds
		16 EPOCH BEST TEST AUC: 0.4669833779335022
			Train time: 241.40 seconds
			Test time: 78.03 seconds
		17 EPOCH BEST TEST AUC: 0.4812520444393158
			Train time: 241.83 seconds
			Test time: 78.08 seconds
		18 EPOCH BEST TEST AUC: 0.489950954914093
			Train time: 241.61 seconds
			Test time: 79.14 seconds
		19 EPOCH BEST TEST AUC: 0.489950954914093
			Train time: 241.45 seconds
			Test time: 78.87 seconds
		20 EPOCH BEST TEST AUC: 0.489950954914093
			Train time: 241.35 seconds
			Test time: 78.67 seconds
		21 EPOCH BEST TEST AUC: 0.4933263659477234
			Train time: 240.88 seconds
			Test time: 81.75 seconds
		22 EPOCH BEST TEST AUC: 0.5054163336753845
			Train time: 241.18 seconds
			Test time: 79.18 seconds
		23 EPOCH BEST TEST AUC: 0.5059263706207275
			Train time: 241.03 seconds
			Test time: 79.41 seconds
		24 EPOCH BEST TEST AUC: 0.5059263706207275
			Train time: 243.70 seconds
			Test time: 78.59 seconds
		25 EPOCH BEST TEST AUC: 0.5059263706207275
			Train time: 242.08 seconds
			Test time: 78.70 seconds
		26 EPOCH BEST TEST AUC: 0.5109331011772156
			Train time: 247.06 seconds
			Test time: 78.02 seconds
		27 EPOCH BEST TEST AUC: 0.5109331011772156
			Train time: 240.87 seconds
			Test time: 77.84 seconds
		28 EPOCH BEST TEST AUC: 0.5109331011772156
			Train time: 240.61 seconds
			Test time: 78.09 seconds
		29 EPOCH BEST TEST AUC: 0.5109331011772156
			Train time: 240.99 seconds
			Test time: 77.90 seconds
		30 EPOCH BEST TEST AUC: 0.5109331011772156
			Train time: 240.84 seconds
			Test time: 78.38 seconds
		31 EPOCH BEST TEST AUC: 0.5109331011772156
			Train time: 240.87 seconds
			Test time: 78.71 seconds
		32 EPOCH BEST TEST AUC: 0.5164086818695068
			Train time: 245.12 seconds
			Test time: 79.62 seconds
		33 EPOCH BEST TEST AUC: 0.5194463133811951
			Train time: 241.79 seconds
			Test time: 79.35 seconds
		34 EPOCH BEST TEST AUC: 0.5194463133811951
			Train time: 242.33 seconds
			Test time: 79.14 seconds
		35 EPOCH BEST TEST AUC: 0.5194463133811951
			Train time: 240.86 seconds
			Test time: 78.20 seconds
		36 EPOCH BEST TEST AUC: 0.5194463133811951
			Train time: 240.97 seconds
			Test time: 79.44 seconds
		37 EPOCH BEST TEST AUC: 0.5194463133811951
			Train time: 240.89 seconds
			Test time: 78.55 seconds
		38 EPOCH BEST TEST AUC: 0.5194463133811951
			Train time: 241.14 seconds
			Test time: 78.83 seconds
		39 EPOCH BEST TEST AUC: 0.5226892232894897
			Train time: 241.10 seconds
			Test time: 78.60 seconds
		40 EPOCH BEST TEST AUC: 0.5226892232894897
			Train time: 241.09 seconds
			Test time: 79.65 seconds
		41 EPOCH BEST TEST AUC: 0.5226892232894897
			Train time: 241.85 seconds
			Test time: 80.61 seconds
		42 EPOCH BEST TEST AUC: 0.5226892232894897
			Train time: 241.07 seconds
			Test time: 79.23 seconds
		43 EPOCH BEST TEST AUC: 0.5246055126190186
			Train time: 241.29 seconds
			Test time: 78.47 seconds
		44 EPOCH BEST TEST AUC: 0.5246055126190186
			Train time: 241.01 seconds
			Test time: 78.23 seconds
		45 EPOCH BEST TEST AUC: 0.5285953283309937
			Train time: 240.85 seconds
			Test time: 77.98 seconds
		46 EPOCH BEST TEST AUC: 0.5285953283309937
			Train time: 241.11 seconds
			Test time: 78.44 seconds
		47 EPOCH BEST TEST AUC: 0.5285953283309937
			Train time: 240.71 seconds
			Test time: 77.76 seconds
		48 EPOCH BEST TEST AUC: 0.5285953283309937
			Train time: 240.89 seconds
			Test time: 78.20 seconds
		49 EPOCH BEST TEST AUC: 0.5285953283309937
			Train time: 240.83 seconds
			Test time: 79.42 seconds
		50 EPOCH BEST TEST AUC: 0.5285953283309937
			Train time: 241.16 seconds
			Test time: 78.10 seconds
		51 EPOCH BEST TEST AUC: 0.5576850175857544
			Train time: 240.73 seconds
			Test time: 78.62 seconds
		52 EPOCH BEST TEST AUC: 0.5587133169174194
			Train time: 241.34 seconds
			Test time: 78.54 seconds
		53 EPOCH BEST TEST AUC: 0.5622007846832275
			Train time: 241.08 seconds
			Test time: 78.70 seconds
		54 EPOCH BEST TEST AUC: 0.5622007846832275
			Train time: 241.00 seconds
			Test time: 80.25 seconds
		55 EPOCH BEST TEST AUC: 0.5622007846832275
			Train time: 242.04 seconds
			Test time: 78.15 seconds
		56 EPOCH BEST TEST AUC: 0.5622007846832275
			Train time: 241.01 seconds
			Test time: 78.29 seconds
		57 EPOCH BEST TEST AUC: 0.5622007846832275
			Train time: 240.84 seconds
			Test time: 78.91 seconds
		58 EPOCH BEST TEST AUC: 0.5622007846832275
			Train time: 241.05 seconds
			Test time: 78.29 seconds
		59 EPOCH BEST TEST AUC: 0.5622007846832275
			Train time: 240.80 seconds
			Test time: 78.71 seconds
		60 EPOCH BEST TEST AUC: 0.5622007846832275
			Train time: 240.72 seconds
			Test time: 78.51 seconds
		61 EPOCH BEST TEST AUC: 0.5622007846832275
			Train time: 240.74 seconds
			Test time: 78.27 seconds
		62 EPOCH BEST TEST AUC: 0.5622007846832275
			Train time: 240.88 seconds
			Test time: 78.25 seconds
		63 EPOCH BEST TEST AUC: 0.5622007846832275
			Train time: 240.95 seconds
			Test time: 78.16 seconds
		64 EPOCH BEST TEST AUC: 0.5622007846832275
			Train time: 240.94 seconds
			Test time: 78.28 seconds
		65 EPOCH BEST TEST AUC: 0.5622007846832275
			Train time: 240.65 seconds
			Test time: 77.87 seconds
		66 EPOCH BEST TEST AUC: 0.5622007846832275
			Train time: 240.77 seconds
			Test time: 78.54 seconds
		67 EPOCH BEST TEST AUC: 0.5622007846832275
			Train time: 241.08 seconds
			Test time: 78.66 seconds
		68 EPOCH BEST TEST AUC: 0.5622007846832275
			Train time: 241.46 seconds
			Test time: 78.86 seconds
		69 EPOCH BEST TEST AUC: 0.5622007846832275
			Train time: 240.82 seconds
			Test time: 78.68 seconds
		70 EPOCH BEST TEST AUC: 0.5622007846832275
			Train time: 240.89 seconds
			Test time: 78.88 seconds
	Training time:         6:13:19
	Best train AUC: 0.7660828828811646
	Best test AUC: 0.5622007846832275

+------------------ Job Report: 2926617 (COMPLETED) -------------------+
| Memory (RAM)  [################### ] 99.7% (5 GB peak / 5 GB)        |
| CPU           [###############     ] 79.4% average                   |
| GPU           [##################  ] 90.9% average                   |
| Time          [----------------->  ] 89.1% (0-06:14:14 / 0-07:00:00) |
|                                                                      |
| Lustre Filesystem:                                                   |
|   Path    Total Read    Total Write      Total IOPS                  |
|   ------  ------------  -------------  ------------                  |
|   /apps   436 KB        0 B                    207                   |
|   /fred   19.4 GB       40.2 MB                159                   |
|   /home   0 B           0 B                      1                   |
|   OS      3.8 MB        0 B                    100                   |
+----------------------------------------------------------------------+
