Copying file: ./data/ntu120/aligned_data/ntu120_CSub-flowpose_D4_aligned.npz to /var/tmp/jobfs/data
Dataset copied to JOBFS: ntu120_CSub-flowpose_D4_aligned.npz
Data path: /var/tmp/jobfs/data/ntu120_CSub-flowpose_D4_aligned.npz
Run name: ntu120_CSub_abs_D4

### Libraries loaded
feeder: feeders.ntu_rgb_d.Feeder
feeder_args:
  data_paths: {'CSet': './data/ntu120/aligned_data/NTU120_CSet-flowpose_aligned.npz', 'CSub': './data/ntu120/aligned_data/NTU120_CSub-flowpose_aligned.npz'}
  label_path: ./data/ntu120/statistics/ntu_rgbd120-annotations.yaml
  p_interval: [0.5, 1]
  random_choose: True
  random_shift: True
  window_size: 64
  random_move: True
  random_rot: True
  average_flow: False
  absolute_flow: {'window_mean': True}
  no_flow: False
extractor:
  preprocessed: True
  pose: {'weights': 'pretrained_models/yolo11x-pose.pt'}
  flow: {'weights': 'pretrained_models/raft_large.pt', 'imsize': [1080, 1920], 'minibatch_size': 3}
  flowpose: {'window_size': 5, 'threshold': 0.05, 'loop': False, 'norm': False, 'match_pose': False, 'ntu': True, 'dilation': 3}
model: model.infogcn2.sode.SODE
model_args:
  num_class: 120
  num_point: 25
  num_person: 2
  graph: graph.ntu_rgb_d.Graph
  pose_channels: 3
  flow_channels: 1
  embed_channels: 64
  num_head: 3
  ode_method: euler
  depth: 4
  device: 0
  T: 64
  n_step: 3
  SAGC_proj: True
  num_cls: 10
  n_sample: 1
  backbone: transformer
  cnn: False
ignore_weights: []
phase: train
optim:
  base_lr: 0.1
  nesterov: True
  weight_decay: 0.0003
  step: [50, 60]
  gamma: 0.1
lambda_1: 1
lambda_2: 0.1
lambda_3: 0.001
lambda_4: 0.0
lambda_5: 0.0
num_epoch: 70
device: 0
batch_size: 256
forward_batch_size: 128
test_batch_size: 256
half: False
checkpoint_freq: 10
save_location: ./results/ntu120/
dataset: ntu120
model_type: abs
evaluation: CSub
run_name: ntu120_CSub_abs_D4
description: train ntu120 CSub abs with dilation 4 TESTING n_step = 4
data_path_overwrite: /var/tmp/jobfs/data/ntu120_CSub-flowpose_D4_aligned.npz
verbose: True
### Arguments loaded
	Output device: cuda:0
	Temporal encoder: transformer
	Model total number of params: 691211
	Loading weights from ./results/ntu120/CSub/train/ntu120_CSub_abs_D4.pt
	Checkpoint file does not yet exist
	([Errno 2] No such file or directory: './results/ntu120/CSub/train/ntu120_CSub_abs_D4.pt')
### Model created
	Loaded data using mmap mode
	Self.data assigned
	Self.labels assigned
	Assigned self.data to unique split (train)
	Using memory-mapped data - skipping NaN filtering to preserve memory efficiency
	Finished loading data!
	Loaded data using mmap mode
	Assigned self.data to unique split (test)
	Using memory-mapped data - skipping NaN filtering to preserve memory efficiency
	Finished loading data!
### Dataloaders created
	Tracking:
		epoch
		train_time
		train_loss
		lr
		test_time
		test_loss
		train_ACC
		test_ACC
		train_AUC
		test_AUC
		train_cls_loss
		test_cls_loss
		train_feature_loss
		test_feature_loss
		train_recon_loss
		test_recon_loss
	Created new checkpoint file: ./results/ntu120/CSub/train/ntu120_CSub_abs_D4.pt
		1 EPOCH BEST TEST AUC: 0.014061855152249336
			Train time: 647.05 seconds
			Test time: 350.32 seconds
		2 EPOCH BEST TEST AUC: 0.03010694496333599
			Train time: 632.10 seconds
			Test time: 341.84 seconds
		3 EPOCH BEST TEST AUC: 0.11032718420028687
			Train time: 641.77 seconds
			Test time: 338.06 seconds
		4 EPOCH BEST TEST AUC: 0.20439785718917847
			Train time: 632.51 seconds
			Test time: 346.99 seconds
		5 EPOCH BEST TEST AUC: 0.2721141576766968
			Train time: 643.94 seconds
			Test time: 349.04 seconds
		6 EPOCH BEST TEST AUC: 0.3483448922634125
			Train time: 642.21 seconds
			Test time: 347.62 seconds
		7 EPOCH BEST TEST AUC: 0.35847464203834534
			Train time: 638.99 seconds
			Test time: 345.94 seconds
		8 EPOCH BEST TEST AUC: 0.4149080514907837
			Train time: 621.23 seconds
			Test time: 336.79 seconds
		9 EPOCH BEST TEST AUC: 0.4553804099559784
			Train time: 614.66 seconds
			Test time: 325.78 seconds
		10 EPOCH BEST TEST AUC: 0.4553804099559784
			Train time: 653.65 seconds
			Test time: 456.52 seconds
		11 EPOCH BEST TEST AUC: 0.48477575182914734
			Train time: 811.50 seconds
			Test time: 454.33 seconds
		12 EPOCH BEST TEST AUC: 0.4937354326248169
			Train time: 814.76 seconds
			Test time: 453.75 seconds
		13 EPOCH BEST TEST AUC: 0.4937354326248169
			Train time: 801.76 seconds
			Test time: 487.53 seconds
		14 EPOCH BEST TEST AUC: 0.4937354326248169
			Train time: 844.52 seconds
			Test time: 574.78 seconds
		15 EPOCH BEST TEST AUC: 0.5141465067863464
			Train time: 1006.11 seconds
			Test time: 470.42 seconds
		16 EPOCH BEST TEST AUC: 0.5141465067863464
			Train time: 1004.29 seconds
			Test time: 506.53 seconds
		17 EPOCH BEST TEST AUC: 0.5247316360473633
			Train time: 1068.08 seconds
			Test time: 540.66 seconds
		18 EPOCH BEST TEST AUC: 0.5247316360473633
			Train time: 663.71 seconds
			Test time: 357.18 seconds
		19 EPOCH BEST TEST AUC: 0.5362198352813721
			Train time: 656.44 seconds
			Test time: 370.04 seconds
		20 EPOCH BEST TEST AUC: 0.5362198352813721
			Train time: 660.12 seconds
			Test time: 357.77 seconds
		21 EPOCH BEST TEST AUC: 0.547016441822052
			Train time: 654.80 seconds
			Test time: 363.09 seconds
		22 EPOCH BEST TEST AUC: 0.547016441822052
			Train time: 666.44 seconds
			Test time: 344.14 seconds
		23 EPOCH BEST TEST AUC: 0.547016441822052
			Train time: 612.01 seconds
			Test time: 333.05 seconds
		24 EPOCH BEST TEST AUC: 0.5511875748634338
			Train time: 603.28 seconds
			Test time: 325.75 seconds
		25 EPOCH BEST TEST AUC: 0.5511875748634338
			Train time: 590.54 seconds
			Test time: 325.59 seconds
		26 EPOCH BEST TEST AUC: 0.5511875748634338
			Train time: 594.92 seconds
			Test time: 325.15 seconds
		27 EPOCH BEST TEST AUC: 0.5548610091209412
			Train time: 595.39 seconds
			Test time: 327.60 seconds
		28 EPOCH BEST TEST AUC: 0.5548610091209412
			Train time: 600.23 seconds
			Test time: 325.84 seconds
		29 EPOCH BEST TEST AUC: 0.5616632103919983
			Train time: 603.04 seconds
			Test time: 326.07 seconds
		30 EPOCH BEST TEST AUC: 0.5620596408843994
			Train time: 599.99 seconds
			Test time: 326.65 seconds
		31 EPOCH BEST TEST AUC: 0.5662927627563477
			Train time: 602.59 seconds
			Test time: 326.52 seconds
		32 EPOCH BEST TEST AUC: 0.5662927627563477
			Train time: 595.67 seconds
			Test time: 323.80 seconds
		33 EPOCH BEST TEST AUC: 0.5662927627563477
			Train time: 596.41 seconds
			Test time: 323.50 seconds
		34 EPOCH BEST TEST AUC: 0.5662927627563477
			Train time: 595.30 seconds
			Test time: 317.66 seconds
		35 EPOCH BEST TEST AUC: 0.5662927627563477
			Train time: 597.07 seconds
			Test time: 322.31 seconds
		36 EPOCH BEST TEST AUC: 0.5662927627563477
			Train time: 601.69 seconds
			Test time: 326.73 seconds
		37 EPOCH BEST TEST AUC: 0.5662927627563477
			Train time: 602.68 seconds
			Test time: 326.35 seconds
		38 EPOCH BEST TEST AUC: 0.5662927627563477
			Train time: 597.62 seconds
			Test time: 327.07 seconds
		39 EPOCH BEST TEST AUC: 0.5737190842628479
			Train time: 596.06 seconds
			Test time: 325.90 seconds
		40 EPOCH BEST TEST AUC: 0.5737190842628479
			Train time: 596.39 seconds
			Test time: 324.98 seconds
		41 EPOCH BEST TEST AUC: 0.5833956003189087
			Train time: 595.14 seconds
			Test time: 324.75 seconds
		42 EPOCH BEST TEST AUC: 0.5833956003189087
			Train time: 592.49 seconds
			Test time: 323.96 seconds
		43 EPOCH BEST TEST AUC: 0.5833956003189087
			Train time: 594.29 seconds
			Test time: 325.65 seconds
		44 EPOCH BEST TEST AUC: 0.5833956003189087
			Train time: 595.88 seconds
			Test time: 325.73 seconds
		45 EPOCH BEST TEST AUC: 0.5833956003189087
			Train time: 589.76 seconds
			Test time: 319.35 seconds
		46 EPOCH BEST TEST AUC: 0.5833956003189087
			Train time: 586.82 seconds
			Test time: 321.64 seconds
		47 EPOCH BEST TEST AUC: 0.5833956003189087
			Train time: 591.22 seconds
			Test time: 321.17 seconds
		48 EPOCH BEST TEST AUC: 0.5833956003189087
			Train time: 596.53 seconds
			Test time: 321.50 seconds
		49 EPOCH BEST TEST AUC: 0.5833956003189087
			Train time: 598.69 seconds
			Test time: 320.49 seconds
		50 EPOCH BEST TEST AUC: 0.5833956003189087
			Train time: 583.66 seconds
			Test time: 320.78 seconds
		51 EPOCH BEST TEST AUC: 0.6163385510444641
			Train time: 595.26 seconds
			Test time: 321.82 seconds
		52 EPOCH BEST TEST AUC: 0.6165183782577515
			Train time: 592.62 seconds
			Test time: 322.01 seconds
		53 EPOCH BEST TEST AUC: 0.6170581579208374
			Train time: 593.19 seconds
			Test time: 322.91 seconds
		54 EPOCH BEST TEST AUC: 0.6174748539924622
			Train time: 587.45 seconds
			Test time: 322.59 seconds
		55 EPOCH BEST TEST AUC: 0.6174748539924622
			Train time: 590.41 seconds
			Test time: 322.53 seconds
		56 EPOCH BEST TEST AUC: 0.6174748539924622
			Train time: 596.93 seconds
			Test time: 322.08 seconds
		57 EPOCH BEST TEST AUC: 0.6174748539924622
			Train time: 591.44 seconds
			Test time: 319.74 seconds
		58 EPOCH BEST TEST AUC: 0.6174748539924622
			Train time: 596.46 seconds
			Test time: 321.95 seconds
		59 EPOCH BEST TEST AUC: 0.6174748539924622
			Train time: 598.63 seconds
			Test time: 322.65 seconds
		60 EPOCH BEST TEST AUC: 0.6174748539924622
			Train time: 604.33 seconds
			Test time: 322.07 seconds
		61 EPOCH BEST TEST AUC: 0.6198115944862366
			Train time: 596.25 seconds
			Test time: 319.36 seconds
		62 EPOCH BEST TEST AUC: 0.6198115944862366
			Train time: 586.43 seconds
			Test time: 319.58 seconds
		63 EPOCH BEST TEST AUC: 0.6198115944862366
			Train time: 585.25 seconds
			Test time: 319.45 seconds
		64 EPOCH BEST TEST AUC: 0.6198115944862366
			Train time: 586.73 seconds
			Test time: 319.73 seconds
		65 EPOCH BEST TEST AUC: 0.6198115944862366
			Train time: 585.31 seconds
			Test time: 319.32 seconds
		66 EPOCH BEST TEST AUC: 0.6198115944862366
			Train time: 587.40 seconds
			Test time: 319.72 seconds
		67 EPOCH BEST TEST AUC: 0.6198115944862366
			Train time: 588.09 seconds
			Test time: 319.36 seconds
		68 EPOCH BEST TEST AUC: 0.6198115944862366
			Train time: 589.83 seconds
			Test time: 319.49 seconds
		69 EPOCH BEST TEST AUC: 0.6198115944862366
			Train time: 589.27 seconds
			Test time: 319.50 seconds
		70 EPOCH BEST TEST AUC: 0.6198115944862366
			Train time: 585.27 seconds
			Test time: 319.02 seconds
	Training time:         19:07:52
	Best train AUC: 0.7928957343101501
	Best test AUC: 0.6198115944862366

+------------------ Job Report: 3813267 (COMPLETED) -------------------+
| Memory (RAM)  [####                ] 22.0% (1.5 GB peak / 7 GB)      |
| CPU           [##########          ] 54.7% average                   |
| GPU           [#####               ] 29.9% average                   |
| Time          [------------------> ] 91.9% (0-19:17:54 / 0-21:00:00) |
|                                                                      |
| Lustre Filesystem:                                                   |
|   Path    Total Read    Total Write      Total IOPS                  |
|   ------  ------------  -------------  ------------                  |
|   /apps   130.1 MB      0 B                    233                   |
|   /fred   339 GB        40.2 MB                382                   |
|   /home   0 B           0 B                      3                   |
|   OS      3.8 MB        0 B                     46                   |
|                                                                      |
| Warnings:                                                            |
|   - Too much memory requested                                        |
|   - CPU usage is low                                                 |
|   - GPU usage is low                                                 |
+----------------------------------------------------------------------+
