Mon Nov 24 10:57:30 AM AEDT 2025
Copying file: ./data/ntu120/aligned_data/ntu120_CSub-flowpose_D3_aligned.npz to /var/tmp/jobfs/data
Dataset copied to JOBFS: ntu120_CSub-flowpose_D3_aligned.npz
Data path: /var/tmp/jobfs/data/ntu120_CSub-flowpose_D3_aligned.npz
Run name: infogcn2_ntu120_CSub_cnn_D3

Python script run command arguments:
python main.py -m infogcn2 -d ntu120 -p train -f cnn -e CSub -o 1.0 -r infogcn2_ntu120_CSub_cnn_D3 --desc infogcn2_train ntu120 CSub cnn observation ratio 1.0, retraining model with mean and std norm --data_path_overwrite /var/tmp/jobfs/data/ntu120_CSub-flowpose_D3_aligned.npz -v
### Libraries loaded
feeder: feeders.ntu_rgb_d.Feeder
feeder_args:
  data_paths: {'CSet': './data/ntu120/aligned_data/ntu120_CSet-flowpose_D3_aligned.npz', 'CSub': './data/ntu120/aligned_data/ntu120_CSub-flowpose_D3_aligned.npz'}
  label_path: ./data/ntu120/statistics/ntu_rgbd120-annotations.yaml
  p_interval: [0.5, 1]
  random_choose: True
  random_shift: True
  window_size: 64
  random_move: True
  random_rot: True
  average_flow: False
  absolute_flow: False
  no_flow: False
  no_Z: False
extractor:
  preprocessed: True
  pose: {'weights': 'pretrained_models/yolo11x-pose.pt'}
  flow: {'weights': 'pretrained_models/raft_large.pt', 'imsize': [1080, 1920], 'minibatch_size': 3}
  flowpose: {'window_size': 5, 'threshold': 0.05, 'loop': False, 'norm': False, 'match_pose': False, 'ntu': True, 'dilation': 3}
model: models.infogcn2.sode.SODE
model_args:
  num_class: 120
  num_point: 25
  num_person: 2
  graph: graph.ntu_rgb_d.Graph
  pose_channels: 3
  flow_channels: 50
  embed_channels: 64
  num_head: 3
  ode_method: euler
  depth: 4
  device: 0
  T: 64
  n_step: 3
  SAGC_proj: True
  num_cls: 10
  n_sample: 1
  backbone: transformer
  cnn: True
ignore_weights: []
phase: train
optimiser: torch.optim.SGD
optim_params:
  lr: 0.1
  momentum: 0.9
  weight_decay: 0.0003
  nesterov: True
lambda_1: 1
lambda_2: 0.1
lambda_3: 0.001
lambda_4: 0.0
lambda_5: 0.0
scheduler: torch.optim.lr_scheduler.MultiStepLR
scheduler_params:
  milestones: [50, 60]
  gamma: 0.1
training_function: training.train_infogcn.train_network
testing_function: training.eval_infogcn.eval_network
num_epoch: 70
device: 0
batch_size: 256
forward_batch_size: 128
test_batch_size: 256
half: False
checkpoint_freq: 10
save_location: ./results/infogcn2/ntu120/
model_type: infogcn2
dataset: ntu120
flow_embedding: cnn
evaluation: CSub
obs_ratio: 1.0
run_name: infogcn2_ntu120_CSub_cnn_D3
description: infogcn2_train ntu120 CSub cnn observation ratio 1.0, retraining model with mean and std norm
data_path_overwrite: /var/tmp/jobfs/data/ntu120_CSub-flowpose_D3_aligned.npz
verbose: True
debug: False
### Arguments loaded
	Output device: cuda:0
	Temporal encoder: transformer
	Model total number of params: 697848
	Loading weights from ./results/infogcn2/ntu120/CSub/train/infogcn2_ntu120_CSub_cnn_D3.pt
	Checkpoint file does not yet exist
		([Errno 2] No such file or directory: './results/infogcn2/ntu120/CSub/train/infogcn2_ntu120_CSub_cnn_D3.pt')
### Model created
	Loaded data using mmap mode
	Self.data assigned
	Self.labels assigned
	Assigned self.data to unique split (train)
	Using memory-mapped data - skipping NaN filtering to preserve memory efficiency
	Finished loading data!
### Dataloaders created
	Tracking:
		epoch
		train_time
		train_loss
		lr
		test_time
		test_loss
		train_ACC
		test_ACC
		train_AUC
		test_AUC
		train_cls_loss
		test_cls_loss
		train_feature_loss
		test_feature_loss
		train_recon_loss
		test_recon_loss
	Created new checkpoint file: ./results/infogcn2/ntu120/CSub/train/infogcn2_ntu120_CSub_cnn_D3.pt
		1 EPOCH BEST TRAIN AUC: 0.013965466991066933
			Train time: 702.59 seconds
		2 EPOCH BEST TRAIN AUC: 0.05055428668856621
			Train time: 762.72 seconds
		3 EPOCH BEST TRAIN AUC: 0.13866400718688965
			Train time: 766.52 seconds
		4 EPOCH BEST TRAIN AUC: 0.2455732524394989
			Train time: 770.79 seconds
		5 EPOCH BEST TRAIN AUC: 0.34742259979248047
			Train time: 785.98 seconds
		6 EPOCH BEST TRAIN AUC: 0.41656172275543213
			Train time: 790.74 seconds
		7 EPOCH BEST TRAIN AUC: 0.4679584205150604
			Train time: 776.60 seconds
		8 EPOCH BEST TRAIN AUC: 0.5084623098373413
			Train time: 711.44 seconds
		9 EPOCH BEST TRAIN AUC: 0.5426368713378906
			Train time: 676.88 seconds
		10 EPOCH BEST TRAIN AUC: 0.5684816837310791
			Train time: 676.59 seconds
		11 EPOCH BEST TRAIN AUC: 0.5862017869949341
			Train time: 694.78 seconds
		12 EPOCH BEST TRAIN AUC: 0.6022752523422241
			Train time: 734.49 seconds
		13 EPOCH BEST TRAIN AUC: 0.613957941532135
			Train time: 705.00 seconds
		14 EPOCH BEST TRAIN AUC: 0.6242416501045227
			Train time: 726.58 seconds
		15 EPOCH BEST TRAIN AUC: 0.6345479488372803
			Train time: 742.46 seconds
		16 EPOCH BEST TRAIN AUC: 0.6419248580932617
			Train time: 739.66 seconds
		17 EPOCH BEST TRAIN AUC: 0.6491472721099854
			Train time: 754.94 seconds
		18 EPOCH BEST TRAIN AUC: 0.654915988445282
			Train time: 738.79 seconds
		19 EPOCH BEST TRAIN AUC: 0.6604635715484619
			Train time: 717.22 seconds
		20 EPOCH BEST TRAIN AUC: 0.6643807888031006
			Train time: 691.69 seconds
		21 EPOCH BEST TRAIN AUC: 0.6703250408172607
			Train time: 702.22 seconds
		22 EPOCH BEST TRAIN AUC: 0.6734225153923035
			Train time: 722.97 seconds
		23 EPOCH BEST TRAIN AUC: 0.6786767840385437
			Train time: 746.48 seconds
		24 EPOCH BEST TRAIN AUC: 0.6817511320114136
			Train time: 728.68 seconds
		25 EPOCH BEST TRAIN AUC: 0.6852077841758728
			Train time: 755.86 seconds
		26 EPOCH BEST TRAIN AUC: 0.6864867806434631
			Train time: 746.90 seconds
