Copying file: ./data/ntu120/aligned_data/ntu120_CSub-flowpose_D2_aligned.npz to /var/tmp/jobfs/data
Dataset copied to JOBFS: ntu120_CSub-flowpose_D2_aligned.npz
Data path: /var/tmp/jobfs/data/ntu120_CSub-flowpose_D2_aligned.npz
Run name: ntu120_CSub_abs_D2

### Libraries loaded
feeder: feeders.ntu_rgb_d.Feeder
feeder_args:
  data_paths: {'CSet': './data/ntu120/aligned_data/NTU120_CSet-flowpose_aligned.npz', 'CSub': './data/ntu120/aligned_data/NTU120_CSub-flowpose_aligned.npz'}
  label_path: ./data/ntu120/statistics/ntu_rgbd120-annotations.yaml
  p_interval: [0.5, 1]
  random_choose: True
  random_shift: True
  window_size: 64
  random_move: True
  random_rot: True
  average_flow: False
  absolute_flow: {'window_mean': True}
  no_flow: False
extractor:
  preprocessed: True
  pose: {'weights': 'pretrained_models/yolo11x-pose.pt'}
  flow: {'weights': 'pretrained_models/raft_large.pt', 'imsize': [1080, 1920], 'minibatch_size': 3}
  flowpose: {'window_size': 5, 'threshold': 0.05, 'loop': False, 'norm': False, 'match_pose': False, 'ntu': True, 'dilation': 3}
model: model.infogcn2.sode.SODE
model_args:
  num_class: 120
  num_point: 25
  num_person: 2
  graph: graph.ntu_rgb_d.Graph
  pose_channels: 3
  flow_channels: 1
  embed_channels: 64
  num_head: 3
  ode_method: euler
  depth: 4
  device: 0
  T: 64
  n_step: 3
  SAGC_proj: True
  num_cls: 10
  n_sample: 1
  backbone: transformer
  cnn: False
ignore_weights: []
phase: train
optim:
  base_lr: 0.1
  nesterov: True
  weight_decay: 0.0003
  step: [50, 60]
  gamma: 0.1
lambda_1: 1
lambda_2: 0.1
lambda_3: 0.001
lambda_4: 0.0
lambda_5: 0.0
num_epoch: 70
device: 0
batch_size: 256
forward_batch_size: 128
test_batch_size: 256
half: False
checkpoint_freq: 10
save_location: ./results/ntu120/
dataset: ntu120
model_type: abs
evaluation: CSub
run_name: ntu120_CSub_abs_D2
description: train ntu120 CSub abs with dilation 2 TESTING n_step = 4
data_path_overwrite: /var/tmp/jobfs/data/ntu120_CSub-flowpose_D2_aligned.npz
verbose: True
### Arguments loaded
	Output device: cuda:0
	Temporal encoder: transformer
	Model total number of params: 691211
	Loading weights from ./results/ntu120/CSub/train/ntu120_CSub_abs_D2.pt
	Checkpoint file does not yet exist
	([Errno 2] No such file or directory: './results/ntu120/CSub/train/ntu120_CSub_abs_D2.pt')
### Model created
	Loaded data using mmap mode
	Self.data assigned
	Self.labels assigned
	Assigned self.data to unique split (train)
	Using memory-mapped data - skipping NaN filtering to preserve memory efficiency
	Finished loading data!
	Loaded data using mmap mode
	Assigned self.data to unique split (test)
	Using memory-mapped data - skipping NaN filtering to preserve memory efficiency
	Finished loading data!
### Dataloaders created
	Tracking:
		epoch
		train_time
		train_loss
		lr
		test_time
		test_loss
		train_ACC
		test_ACC
		train_AUC
		test_AUC
		train_cls_loss
		test_cls_loss
		train_feature_loss
		test_feature_loss
		train_recon_loss
		test_recon_loss
	Created new checkpoint file: ./results/ntu120/CSub/train/ntu120_CSub_abs_D2.pt
		1 EPOCH BEST TEST AUC: 0.017675746232271194
			Train time: 619.42 seconds
			Test time: 334.47 seconds
		2 EPOCH BEST TEST AUC: 0.04932834580540657
			Train time: 619.03 seconds
			Test time: 335.23 seconds
		3 EPOCH BEST TEST AUC: 0.1293831765651703
			Train time: 626.87 seconds
			Test time: 335.75 seconds
		4 EPOCH BEST TEST AUC: 0.19074657559394836
			Train time: 620.37 seconds
			Test time: 334.35 seconds
		5 EPOCH BEST TEST AUC: 0.2641308903694153
			Train time: 786.47 seconds
			Test time: 430.13 seconds
		6 EPOCH BEST TEST AUC: 0.3756149411201477
			Train time: 779.25 seconds
			Test time: 428.30 seconds
		7 EPOCH BEST TEST AUC: 0.39518094062805176
			Train time: 784.29 seconds
			Test time: 427.81 seconds
		8 EPOCH BEST TEST AUC: 0.4222334027290344
			Train time: 787.85 seconds
			Test time: 433.56 seconds
		9 EPOCH BEST TEST AUC: 0.4497396945953369
			Train time: 744.23 seconds
			Test time: 430.67 seconds
		10 EPOCH BEST TEST AUC: 0.46446284651756287
			Train time: 781.78 seconds
			Test time: 429.99 seconds
		11 EPOCH BEST TEST AUC: 0.46446284651756287
			Train time: 777.98 seconds
			Test time: 430.61 seconds
		12 EPOCH BEST TEST AUC: 0.47210580110549927
			Train time: 774.89 seconds
			Test time: 433.18 seconds
		13 EPOCH BEST TEST AUC: 0.5076184272766113
			Train time: 754.47 seconds
			Test time: 326.57 seconds
		14 EPOCH BEST TEST AUC: 0.5121771097183228
			Train time: 607.68 seconds
			Test time: 326.94 seconds
		15 EPOCH BEST TEST AUC: 0.5153371095657349
			Train time: 608.51 seconds
			Test time: 329.13 seconds
		16 EPOCH BEST TEST AUC: 0.5278312563896179
			Train time: 613.55 seconds
			Test time: 328.83 seconds
		17 EPOCH BEST TEST AUC: 0.5278312563896179
			Train time: 616.77 seconds
			Test time: 328.95 seconds
		18 EPOCH BEST TEST AUC: 0.5302351713180542
			Train time: 609.21 seconds
			Test time: 320.95 seconds
		19 EPOCH BEST TEST AUC: 0.5302351713180542
			Train time: 597.86 seconds
			Test time: 320.72 seconds
		20 EPOCH BEST TEST AUC: 0.5305494070053101
			Train time: 597.12 seconds
			Test time: 319.89 seconds
		21 EPOCH BEST TEST AUC: 0.5448462963104248
			Train time: 603.16 seconds
			Test time: 320.74 seconds
		22 EPOCH BEST TEST AUC: 0.5448462963104248
			Train time: 599.08 seconds
			Test time: 321.09 seconds
		23 EPOCH BEST TEST AUC: 0.5448462963104248
			Train time: 596.62 seconds
			Test time: 322.41 seconds
		24 EPOCH BEST TEST AUC: 0.5515846610069275
			Train time: 599.42 seconds
			Test time: 322.25 seconds
		25 EPOCH BEST TEST AUC: 0.5515846610069275
			Train time: 600.82 seconds
			Test time: 321.07 seconds
		26 EPOCH BEST TEST AUC: 0.5515846610069275
			Train time: 596.78 seconds
			Test time: 321.60 seconds
		27 EPOCH BEST TEST AUC: 0.5515846610069275
			Train time: 600.52 seconds
			Test time: 321.56 seconds
		28 EPOCH BEST TEST AUC: 0.5515846610069275
			Train time: 597.30 seconds
			Test time: 322.38 seconds
		29 EPOCH BEST TEST AUC: 0.5579556822776794
			Train time: 599.20 seconds
			Test time: 321.57 seconds
		30 EPOCH BEST TEST AUC: 0.5579556822776794
			Train time: 594.61 seconds
			Test time: 322.57 seconds
		31 EPOCH BEST TEST AUC: 0.5579556822776794
			Train time: 598.76 seconds
			Test time: 322.16 seconds
		32 EPOCH BEST TEST AUC: 0.5579556822776794
			Train time: 596.09 seconds
			Test time: 321.90 seconds
		33 EPOCH BEST TEST AUC: 0.5618267059326172
			Train time: 598.12 seconds
			Test time: 320.53 seconds
		34 EPOCH BEST TEST AUC: 0.5642794370651245
			Train time: 600.26 seconds
			Test time: 320.48 seconds
		35 EPOCH BEST TEST AUC: 0.5642794370651245
			Train time: 592.23 seconds
			Test time: 320.54 seconds
		36 EPOCH BEST TEST AUC: 0.5642794370651245
			Train time: 596.37 seconds
			Test time: 321.53 seconds
		37 EPOCH BEST TEST AUC: 0.5642794370651245
			Train time: 595.41 seconds
			Test time: 323.05 seconds
		38 EPOCH BEST TEST AUC: 0.5642794370651245
			Train time: 619.31 seconds
			Test time: 331.47 seconds
		39 EPOCH BEST TEST AUC: 0.5649974942207336
			Train time: 619.68 seconds
			Test time: 331.42 seconds
		40 EPOCH BEST TEST AUC: 0.5649974942207336
			Train time: 625.05 seconds
			Test time: 338.49 seconds
		41 EPOCH BEST TEST AUC: 0.5649974942207336
			Train time: 640.63 seconds
			Test time: 347.24 seconds
		42 EPOCH BEST TEST AUC: 0.5649974942207336
			Train time: 655.43 seconds
			Test time: 347.93 seconds
		43 EPOCH BEST TEST AUC: 0.5658738613128662
			Train time: 641.58 seconds
			Test time: 348.81 seconds
		44 EPOCH BEST TEST AUC: 0.5658738613128662
			Train time: 633.51 seconds
			Test time: 339.58 seconds
		45 EPOCH BEST TEST AUC: 0.5658738613128662
			Train time: 639.11 seconds
			Test time: 348.93 seconds
		46 EPOCH BEST TEST AUC: 0.568915843963623
			Train time: 645.05 seconds
			Test time: 348.58 seconds
		47 EPOCH BEST TEST AUC: 0.571805477142334
			Train time: 651.16 seconds
			Test time: 342.57 seconds
		48 EPOCH BEST TEST AUC: 0.571805477142334
			Train time: 633.19 seconds
			Test time: 344.88 seconds
		49 EPOCH BEST TEST AUC: 0.5759100914001465
			Train time: 638.35 seconds
			Test time: 341.89 seconds
		50 EPOCH BEST TEST AUC: 0.5759100914001465
			Train time: 637.43 seconds
			Test time: 344.03 seconds
		51 EPOCH BEST TEST AUC: 0.6080868244171143
			Train time: 643.64 seconds
			Test time: 348.69 seconds
		52 EPOCH BEST TEST AUC: 0.608974814414978
			Train time: 640.26 seconds
			Test time: 337.30 seconds
		53 EPOCH BEST TEST AUC: 0.6098337173461914
			Train time: 618.56 seconds
			Test time: 329.81 seconds
		54 EPOCH BEST TEST AUC: 0.6108464002609253
			Train time: 607.57 seconds
			Test time: 329.65 seconds
		55 EPOCH BEST TEST AUC: 0.6108464002609253
			Train time: 613.01 seconds
			Test time: 334.07 seconds
		56 EPOCH BEST TEST AUC: 0.6108464002609253
			Train time: 613.41 seconds
			Test time: 336.01 seconds
		57 EPOCH BEST TEST AUC: 0.6108464002609253
			Train time: 609.84 seconds
			Test time: 340.82 seconds
		58 EPOCH BEST TEST AUC: 0.6108464002609253
			Train time: 634.86 seconds
			Test time: 341.16 seconds
		59 EPOCH BEST TEST AUC: 0.6108464002609253
			Train time: 634.27 seconds
			Test time: 347.22 seconds
		60 EPOCH BEST TEST AUC: 0.6108464002609253
			Train time: 616.63 seconds
			Test time: 330.54 seconds
		61 EPOCH BEST TEST AUC: 0.6134470105171204
			Train time: 624.28 seconds
			Test time: 336.50 seconds
		62 EPOCH BEST TEST AUC: 0.6134470105171204
			Train time: 619.02 seconds
			Test time: 334.04 seconds
		63 EPOCH BEST TEST AUC: 0.6134470105171204
			Train time: 612.57 seconds
			Test time: 350.08 seconds
		64 EPOCH BEST TEST AUC: 0.6134470105171204
			Train time: 615.86 seconds
			Test time: 345.53 seconds
		65 EPOCH BEST TEST AUC: 0.6135371923446655
			Train time: 622.93 seconds
			Test time: 339.33 seconds
		66 EPOCH BEST TEST AUC: 0.6135371923446655
			Train time: 625.33 seconds
			Test time: 351.50 seconds
		67 EPOCH BEST TEST AUC: 0.6135371923446655
			Train time: 615.06 seconds
			Test time: 330.63 seconds
		68 EPOCH BEST TEST AUC: 0.6135371923446655
			Train time: 619.03 seconds
			Test time: 333.55 seconds
		69 EPOCH BEST TEST AUC: 0.6135371923446655
			Train time: 611.36 seconds
			Test time: 338.52 seconds
		70 EPOCH BEST TEST AUC: 0.6135371923446655
			Train time: 622.56 seconds
			Test time: 332.45 seconds
	Training time:         19:04:08
	Best train AUC: 0.7879106998443604
	Best test AUC: 0.6135371923446655

+------------------ Job Report: 3739869 (COMPLETED) -------------------+
| Memory (RAM)  [####                ] 23.3% (1.6 GB peak / 7 GB)      |
| CPU           [##########          ] 54.5% average                   |
| GPU           [######              ] 31.5% average                   |
| Time          [------------------> ] 91.3% (0-19:10:59 / 0-21:00:00) |
|                                                                      |
| Lustre Filesystem:                                                   |
|   Path    Total Read    Total Write    Total IOPS                    |
|   ------  ------------  -------------  ------------                  |
|   /apps   8 MB          0 B            112                           |
|   /fred   111.9 GB      40.2 MB        2.3 K                         |
|   OS      2.2 GB        0 B            705                           |
|                                                                      |
| Warnings:                                                            |
|   - Too much memory requested                                        |
|   - CPU usage is low                                                 |
|   - GPU usage is low                                                 |
+----------------------------------------------------------------------+
