Copying file: ./data/ntu120/aligned_data/ntu120_CSub-flowpose_D3_aligned.npz to /var/tmp/jobfs/data
Dataset copied to JOBFS: ntu120_CSub-flowpose_D3_aligned.npz
Data path: /var/tmp/jobfs/data/ntu120_CSub-flowpose_D3_aligned.npz
Run name: ntu120_CSub_cnn_SA-GC

### Libraries loaded
feeder: feeders.ntu_rgb_d.Feeder
feeder_args:
  data_paths: {'CSet': './data/ntu120/aligned_data/NTU120_CSet-flowpose_aligned.npz', 'CSub': './data/ntu120/aligned_data/NTU120_CSub-flowpose_aligned.npz'}
  label_path: ./data/ntu120/statistics/ntu_rgbd120-annotations.yaml
  p_interval: [0.5, 1]
  random_choose: True
  random_shift: True
  window_size: 64
  random_move: True
  random_rot: True
  average_flow: False
  absolute_flow: False
  no_flow: False
extractor:
  preprocessed: True
  pose: {'weights': 'pretrained_models/yolo11x-pose.pt'}
  flow: {'weights': 'pretrained_models/raft_large.pt', 'imsize': [1080, 1920], 'minibatch_size': 3}
  flowpose: {'window_size': 5, 'threshold': 0.05, 'loop': False, 'norm': False, 'match_pose': False, 'ntu': True, 'dilation': 3}
model: model.infogcn2.sode.SODE
model_args:
  num_class: 120
  num_point: 25
  num_person: 2
  graph: graph.ntu_rgb_d.Graph
  pose_channels: 3
  flow_channels: 50
  embed_channels: 64
  num_head: 3
  ode_method: euler
  depth: 4
  device: 0
  T: 64
  n_step: 3
  SAGC_proj: True
  num_cls: 10
  n_sample: 1
  backbone: transformer
  cnn: True
ignore_weights: []
phase: train
optim:
  base_lr: 0.1
  nesterov: True
  weight_decay: 0.0003
  step: [50, 60]
  gamma: 0.1
lambda_1: 1
lambda_2: 0.1
lambda_3: 0.001
lambda_4: 0.0
lambda_5: 0.0
num_epoch: 70
device: 0
batch_size: 256
forward_batch_size: 128
test_batch_size: 256
half: False
checkpoint_freq: 10
save_location: ./results/ntu120/
dataset: ntu120
model_type: cnn
evaluation: CSub
run_name: ntu120_CSub_cnn_SA-GC
description: train ntu120 CSub cnn SA-GC cls and recon heads
data_path_overwrite: /var/tmp/jobfs/data/ntu120_CSub-flowpose_D3_aligned.npz
verbose: True
### Arguments loaded
	Output device: cuda:0
	Temporal encoder: transformer
	Model total number of params: 766840
	Loading weights from ./results/ntu120/CSub/train/ntu120_CSub_cnn_SA-GC.pt
	Checkpoint file does not yet exist
		([Errno 2] No such file or directory: './results/ntu120/CSub/train/ntu120_CSub_cnn_SA-GC.pt')
### Model created
	Loaded data using mmap mode
	Self.data assigned
	Self.labels assigned
	Assigned self.data to unique split (train)
	Using memory-mapped data - skipping NaN filtering to preserve memory efficiency
	Finished loading data!
	Loaded data using mmap mode
	Assigned self.data to unique split (test)
	Using memory-mapped data - skipping NaN filtering to preserve memory efficiency
	Finished loading data!
### Dataloaders created
	Tracking:
		epoch
		train_time
		train_loss
		lr
		test_time
		test_loss
		train_ACC
		test_ACC
		train_AUC
		test_AUC
		train_cls_loss
		test_cls_loss
		train_feature_loss
		test_feature_loss
		train_recon_loss
		test_recon_loss
	Created new checkpoint file: ./results/ntu120/CSub/train/ntu120_CSub_cnn_SA-GC.pt
		1 EPOCH BEST TEST AUC: 0.01202491857111454
			Train time: 761.36 seconds
			Test time: 368.55 seconds
		2 EPOCH BEST TEST AUC: 0.03956344723701477
			Train time: 774.99 seconds
			Test time: 375.67 seconds
		3 EPOCH BEST TEST AUC: 0.06887777149677277
			Train time: 768.31 seconds
			Test time: 370.49 seconds
		4 EPOCH BEST TEST AUC: 0.13251039385795593
			Train time: 768.04 seconds
			Test time: 370.38 seconds
		5 EPOCH BEST TEST AUC: 0.2546096444129944
			Train time: 769.12 seconds
			Test time: 370.66 seconds
		6 EPOCH BEST TEST AUC: 0.32825908064842224
			Train time: 764.91 seconds
			Test time: 369.23 seconds
		7 EPOCH BEST TEST AUC: 0.36479443311691284
			Train time: 754.06 seconds
			Test time: 359.72 seconds
		8 EPOCH BEST TEST AUC: 0.381179541349411
			Train time: 744.59 seconds
			Test time: 387.22 seconds
		9 EPOCH BEST TEST AUC: 0.39094966650009155
			Train time: 790.56 seconds
			Test time: 392.19 seconds
		10 EPOCH BEST TEST AUC: 0.45427876710891724
			Train time: 801.96 seconds
			Test time: 376.02 seconds
		11 EPOCH BEST TEST AUC: 0.4871634244918823
			Train time: 728.14 seconds
			Test time: 387.60 seconds
		12 EPOCH BEST TEST AUC: 0.4945851266384125
			Train time: 789.78 seconds
			Test time: 382.94 seconds
		13 EPOCH BEST TEST AUC: 0.4945851266384125
			Train time: 786.25 seconds
			Test time: 394.39 seconds
		14 EPOCH BEST TEST AUC: 0.4945851266384125
			Train time: 739.98 seconds
			Test time: 365.75 seconds
		15 EPOCH BEST TEST AUC: 0.4945851266384125
			Train time: 748.04 seconds
			Test time: 366.06 seconds
		16 EPOCH BEST TEST AUC: 0.4945851266384125
			Train time: 742.98 seconds
			Test time: 368.80 seconds
		17 EPOCH BEST TEST AUC: 0.5039660930633545
			Train time: 748.82 seconds
			Test time: 368.88 seconds
		18 EPOCH BEST TEST AUC: 0.5246874690055847
			Train time: 752.14 seconds
			Test time: 370.80 seconds
		19 EPOCH BEST TEST AUC: 0.5246874690055847
			Train time: 9466.91 seconds
			Test time: 371.47 seconds
		20 EPOCH BEST TEST AUC: 0.5246874690055847
			Train time: 755.31 seconds
			Test time: 372.73 seconds
		21 EPOCH BEST TEST AUC: 0.5246874690055847
			Train time: 764.77 seconds
			Test time: 378.04 seconds
		22 EPOCH BEST TEST AUC: 0.5431810021400452
			Train time: 761.07 seconds
			Test time: 377.34 seconds
		23 EPOCH BEST TEST AUC: 0.5431810021400452
			Train time: 778.83 seconds
			Test time: 374.71 seconds
		24 EPOCH BEST TEST AUC: 0.5431810021400452
			Train time: 768.79 seconds
			Test time: 348.43 seconds
		25 EPOCH BEST TEST AUC: 0.5537044405937195
			Train time: 781.09 seconds
			Test time: 393.82 seconds
		26 EPOCH BEST TEST AUC: 0.5537044405937195
			Train time: 810.43 seconds
			Test time: 390.94 seconds
		27 EPOCH BEST TEST AUC: 0.5537044405937195
			Train time: 799.96 seconds
			Test time: 389.81 seconds
		28 EPOCH BEST TEST AUC: 0.5537044405937195
			Train time: 815.11 seconds
			Test time: 378.49 seconds
		29 EPOCH BEST TEST AUC: 0.5537044405937195
			Train time: 750.52 seconds
			Test time: 368.94 seconds
		30 EPOCH BEST TEST AUC: 0.5537044405937195
			Train time: 760.51 seconds
			Test time: 368.96 seconds
		31 EPOCH BEST TEST AUC: 0.5537044405937195
			Train time: 750.56 seconds
			Test time: 366.15 seconds
		32 EPOCH BEST TEST AUC: 0.5537044405937195
			Train time: 751.83 seconds
			Test time: 364.76 seconds
		33 EPOCH BEST TEST AUC: 0.5537044405937195
			Train time: 751.78 seconds
			Test time: 365.86 seconds
		34 EPOCH BEST TEST AUC: 0.5537044405937195
			Train time: 753.98 seconds
			Test time: 366.50 seconds
		35 EPOCH BEST TEST AUC: 0.5537044405937195
			Train time: 754.90 seconds
			Test time: 367.84 seconds
		36 EPOCH BEST TEST AUC: 0.5537044405937195
			Train time: 759.64 seconds
			Test time: 364.74 seconds
		37 EPOCH BEST TEST AUC: 0.5537044405937195
			Train time: 756.99 seconds
			Test time: 365.85 seconds
		38 EPOCH BEST TEST AUC: 0.5681658387184143
			Train time: 757.69 seconds
			Test time: 360.44 seconds
		39 EPOCH BEST TEST AUC: 0.5681658387184143
			Train time: 752.85 seconds
			Test time: 362.29 seconds
		40 EPOCH BEST TEST AUC: 0.5681658387184143
			Train time: 758.70 seconds
			Test time: 367.61 seconds
		41 EPOCH BEST TEST AUC: 0.5681658387184143
			Train time: 750.03 seconds
			Test time: 368.28 seconds
		42 EPOCH BEST TEST AUC: 0.5681658387184143
			Train time: 758.84 seconds
			Test time: 365.40 seconds
		43 EPOCH BEST TEST AUC: 0.5681658387184143
			Train time: 760.51 seconds
			Test time: 364.62 seconds
		44 EPOCH BEST TEST AUC: 0.5681658387184143
			Train time: 751.40 seconds
			Test time: 365.24 seconds
		45 EPOCH BEST TEST AUC: 0.5740655660629272
			Train time: 738.95 seconds
			Test time: 366.44 seconds
		46 EPOCH BEST TEST AUC: 0.5740655660629272
			Train time: 756.96 seconds
			Test time: 362.79 seconds
		47 EPOCH BEST TEST AUC: 0.5740655660629272
			Train time: 748.40 seconds
			Test time: 361.37 seconds
		48 EPOCH BEST TEST AUC: 0.5740655660629272
			Train time: 745.40 seconds
			Test time: 362.87 seconds
		49 EPOCH BEST TEST AUC: 0.5740655660629272
			Train time: 753.64 seconds
			Test time: 358.48 seconds
		50 EPOCH BEST TEST AUC: 0.5740655660629272
			Train time: 749.88 seconds
			Test time: 356.41 seconds
		51 EPOCH BEST TEST AUC: 0.6200031042098999
			Train time: 741.02 seconds
			Test time: 359.64 seconds
		52 EPOCH BEST TEST AUC: 0.6242408156394958
			Train time: 739.12 seconds
			Test time: 372.33 seconds
		53 EPOCH BEST TEST AUC: 0.6242408156394958
			Train time: 769.07 seconds
			Test time: 377.68 seconds
		54 EPOCH BEST TEST AUC: 0.6243816614151001
			Train time: 856.37 seconds
			Test time: 363.96 seconds
		55 EPOCH BEST TEST AUC: 0.6243816614151001
			Train time: 743.18 seconds
			Test time: 363.49 seconds
		56 EPOCH BEST TEST AUC: 0.6243816614151001
			Train time: 750.36 seconds
			Test time: 366.24 seconds
		57 EPOCH BEST TEST AUC: 0.6243816614151001
			Train time: 758.95 seconds
			Test time: 370.78 seconds
		58 EPOCH BEST TEST AUC: 0.6243816614151001
			Train time: 756.85 seconds
			Test time: 368.77 seconds
		59 EPOCH BEST TEST AUC: 0.6243816614151001
			Train time: 757.11 seconds
			Test time: 375.53 seconds
		60 EPOCH BEST TEST AUC: 0.6243816614151001
			Train time: 803.83 seconds
			Test time: 391.03 seconds
		61 EPOCH BEST TEST AUC: 0.629157304763794
			Train time: 830.01 seconds
			Test time: 441.15 seconds
		62 EPOCH BEST TEST AUC: 0.629157304763794
			Train time: 910.08 seconds
			Test time: 516.12 seconds
		63 EPOCH BEST TEST AUC: 0.629157304763794
			Train time: 998.81 seconds
			Test time: 528.01 seconds
		64 EPOCH BEST TEST AUC: 0.629157304763794
			Train time: 1026.36 seconds
			Test time: 531.99 seconds
		65 EPOCH BEST TEST AUC: 0.629157304763794
			Train time: 1009.33 seconds
			Test time: 462.15 seconds
		66 EPOCH BEST TEST AUC: 0.629157304763794
			Train time: 785.67 seconds
			Test time: 376.81 seconds
		67 EPOCH BEST TEST AUC: 0.629157304763794
			Train time: 734.56 seconds
			Test time: 346.24 seconds
		68 EPOCH BEST TEST AUC: 0.629157304763794
			Train time: 712.73 seconds
			Test time: 349.03 seconds
		69 EPOCH BEST TEST AUC: 0.629157304763794
			Train time: 727.41 seconds
			Test time: 349.89 seconds
		70 EPOCH BEST TEST AUC: 0.6295651197433472
			Train time: 727.75 seconds
			Test time: 351.78 seconds
	Training time:         1 day, 0:50:54
	Best train AUC: 0.7944285869598389
	Best test AUC: 0.6295651197433472

+------------------ Job Report: 4425269 (COMPLETED) -------------------+
| Memory (RAM)  [##########          ] 53.4% (8 GB peak / 15 GB)       |
| CPU           [#########           ] 48.4% average                   |
| GPU           [#######             ] 36.3% average                   |
| Time          [------------------> ] 94.1% (0-22:35:34 / 1-00:00:00) |
|                                                                      |
| Lustre Filesystem:                                                   |
|   Path    Total Read    Total Write      Total IOPS                  |
|   ------  ------------  -------------  ------------                  |
|   /apps   4.5 MB        0 B                    181                   |
|   /fred   48.5 MB       37.3 MB                854                   |
|   /home   0 B           0 B                      2                   |
|   OS      2.8 MB        0 B                    115                   |
|                                                                      |
| Warnings:                                                            |
|   - CPU usage is low                                                 |
|   - GPU usage is low                                                 |
+----------------------------------------------------------------------+
