Fri Nov 28 12:04:29 AEDT 2025
Copying file: ./data/ntu120/aligned_data/ntu120_CSub-flowpose_D3_aligned.npz to /var/tmp/jobfs/data
Dataset copied to JOBFS: ntu120_CSub-flowpose_D3_aligned.npz
Data path: /var/tmp/jobfs/data/ntu120_CSub-flowpose_D3_aligned.npz
Run name: msg3d_ntu120_CSub_cnn_D3

Python script run command arguments:
python main.py -m msg3d -d ntu120 -p train -f cnn -e CSub -o 1.0 -r msg3d_ntu120_CSub_cnn_D3 --desc msg3d_train ntu120 CSub cnn observation ratio 1.0, retraining model with mean and std norm --data_path_overwrite /var/tmp/jobfs/data/ntu120_CSub-flowpose_D3_aligned.npz -v
### Libraries loaded
feeder: feeders.ntu_rgb_d.Feeder
feeder_args:
  data_paths: {'CSet': './data/ntu120/aligned_data/ntu120_CSet-flowpose_D3_aligned.npz', 'CSub': './data/ntu120/aligned_data/ntu120_CSub-flowpose_D3_aligned.npz'}
  label_path: ./data/ntu120/statistics/ntu_rgbd120-annotations.yaml
  p_interval: [0.5, 1]
  random_choose: False
  random_shift: False
  window_size: 300
  pad_method: replay
  random_move: False
  random_rot: False
  average_flow: False
  absolute_flow: False
  no_flow: False
  no_Z: False
extractor:
  preprocessed: True
  pose: {'weights': 'pretrained_models/yolo11x-pose.pt'}
  flow: {'weights': 'pretrained_models/raft_large.pt', 'imsize': [1080, 1920], 'minibatch_size': 3}
  flowpose: {'window_size': 5, 'threshold': 0.05, 'loop': False, 'norm': False, 'match_pose': False, 'ntu': True, 'dilation': 3}
model: models.msg3d.TEST_MODEL
model_args:
  num_class: 120
  num_point: 25
  num_person: 2
  num_gcn_scales: 2
  num_g3d_scales: 3
  graph: graph.ntu_rgb_d.Graph
  pose_channels: 3
  flow_channels: 50
  cnn: True
ignore_weights: []
phase: train
optimiser: torch.optim.SGD
optim_params:
  lr: 0.05
  momentum: 0.9
  weight_decay: 0.0005
  nesterov: True
scheduler: torch.optim.lr_scheduler.MultiStepLR
scheduler_params:
  milestones: [30, 50]
  gamma: 0.1
training_function: training.train_msg3d.train_network
testing_function: training.eval_msg3d.eval_network
num_epoch: 60
device: 0
batch_size: 128
forward_batch_size: 128
test_batch_size: 128
half: False
checkpoint_freq: 10
save_location: ./results/msg3d/ntu120/
model_type: msg3d
dataset: ntu120
flow_embedding: cnn
evaluation: CSub
obs_ratio: 1.0
run_name: msg3d_ntu120_CSub_cnn_D3
description: msg3d_train ntu120 CSub cnn observation ratio 1.0, retraining model with mean and std norm
data_path_overwrite: /var/tmp/jobfs/data/ntu120_CSub-flowpose_D3_aligned.npz
verbose: True
debug: False
### Arguments loaded
	Output device: cuda:0
	Model total number of params: 594393
	Loading weights from ./results/msg3d/ntu120/CSub/train/msg3d_ntu120_CSub_cnn_D3.pt
	Checkpoint file does not yet exist
		([Errno 2] No such file or directory: './results/msg3d/ntu120/CSub/train/msg3d_ntu120_CSub_cnn_D3.pt')
### Model created
	Loaded data using mmap mode
	Self.data assigned
	Self.labels assigned
	Assigned self.data to unique split (train)
	Using memory-mapped data - skipping NaN filtering to preserve memory efficiency
	Finished loading data!
### Dataloaders created
	Tracking:
		epoch
		train_time
		train_loss
		lr
		test_time
		test_loss
		train_ACC
		test_ACC
		train_cls_loss
		test_cls_loss
	Created new checkpoint file: ./results/msg3d/ntu120/CSub/train/msg3d_ntu120_CSub_cnn_D3.pt
		1 EPOCH BEST TRAIN ACC: 0.31913813948631287
			Train time: 927.11 seconds
		2 EPOCH BEST TRAIN ACC: 0.5724145770072937
			Train time: 903.86 seconds
		3 EPOCH BEST TRAIN ACC: 0.6586487889289856
			Train time: 898.32 seconds
		4 EPOCH BEST TRAIN ACC: 0.7051216959953308
			Train time: 902.96 seconds
		5 EPOCH BEST TRAIN ACC: 0.7352838516235352
			Train time: 910.17 seconds
		6 EPOCH BEST TRAIN ACC: 0.7539904117584229
			Train time: 906.10 seconds
		7 EPOCH BEST TRAIN ACC: 0.7729508280754089
			Train time: 904.54 seconds
		8 EPOCH BEST TRAIN ACC: 0.7850093841552734
			Train time: 907.56 seconds
		9 EPOCH BEST TRAIN ACC: 0.794116735458374
			Train time: 908.44 seconds
		10 EPOCH BEST TRAIN ACC: 0.8048741817474365
			Train time: 922.44 seconds
		11 EPOCH BEST TRAIN ACC: 0.8095706701278687
			Train time: 916.71 seconds
		12 EPOCH BEST TRAIN ACC: 0.8197093605995178
			Train time: 919.45 seconds
		13 EPOCH BEST TRAIN ACC: 0.8254371285438538
			Train time: 939.66 seconds
		14 EPOCH BEST TRAIN ACC: 0.828546941280365
			Train time: 938.08 seconds
		15 EPOCH BEST TRAIN ACC: 0.832561194896698
			Train time: 937.07 seconds
		16 EPOCH BEST TRAIN ACC: 0.8361945748329163
			Train time: 936.21 seconds
		17 EPOCH BEST TRAIN ACC: 0.8391298651695251
			Train time: 943.68 seconds
		18 EPOCH BEST TRAIN ACC: 0.8423349261283875
			Train time: 947.78 seconds
		19 EPOCH BEST TRAIN ACC: 0.8448418378829956
			Train time: 945.58 seconds
		20 EPOCH BEST TRAIN ACC: 0.8492050766944885
			Train time: 941.30 seconds
		21 EPOCH BEST TRAIN ACC: 0.8507917523384094
			Train time: 932.90 seconds
		22 EPOCH BEST TRAIN ACC: 0.8526957035064697
			Train time: 943.74 seconds
		23 EPOCH BEST TRAIN ACC: 0.855900764465332
			Train time: 935.75 seconds
		24 EPOCH BEST TRAIN ACC: 0.8564561009407043
			Train time: 939.12 seconds
		25 EPOCH BEST TRAIN ACC: 0.8607082962989807
			Train time: 950.21 seconds
		26 EPOCH BEST TRAIN ACC: 0.8621997237205505
			Train time: 955.23 seconds
		27 EPOCH BEST TRAIN ACC: 0.8642306327819824
			Train time: 941.25 seconds
		28 EPOCH BEST TRAIN ACC: 0.8646273016929626
			Train time: 933.07 seconds
		29 EPOCH BEST TRAIN ACC: 0.8657379746437073
			Train time: 933.08 seconds
		30 EPOCH BEST TRAIN ACC: 0.867451548576355
			Train time: 933.56 seconds
		31 EPOCH BEST TRAIN ACC: 0.917145311832428
			Train time: 960.73 seconds
		32 EPOCH BEST TRAIN ACC: 0.9309491515159607
			Train time: 943.64 seconds
		33 EPOCH BEST TRAIN ACC: 0.9354076385498047
			Train time: 934.98 seconds
		34 EPOCH BEST TRAIN ACC: 0.9403420686721802
			Train time: 934.69 seconds
		35 EPOCH BEST TRAIN ACC: 0.9424206018447876
			Train time: 933.03 seconds
		36 EPOCH BEST TRAIN ACC: 0.9458953738212585
			Train time: 948.14 seconds
		37 EPOCH BEST TRAIN ACC: 0.9460540413856506
			Train time: 950.17 seconds
		38 EPOCH BEST TRAIN ACC: 0.9473550915718079
			Train time: 924.55 seconds
		39 EPOCH BEST TRAIN ACC: 0.9498937129974365
			Train time: 940.66 seconds
		40 EPOCH BEST TRAIN ACC: 0.9504331350326538
			Train time: 933.10 seconds
		41 EPOCH BEST TRAIN ACC: 0.9529559016227722
			Train time: 964.36 seconds
		42 EPOCH BEST TRAIN ACC: 0.9537016749382019
			Train time: 962.73 seconds
		43 EPOCH BEST TRAIN ACC: 0.9548282027244568
			Train time: 953.16 seconds
		44 EPOCH BEST TRAIN ACC: 0.9570811986923218
			Train time: 942.79 seconds
		45 EPOCH BEST TRAIN ACC: 0.9571288228034973
			Train time: 942.21 seconds
		46 EPOCH BEST TRAIN ACC: 0.9584933519363403
			Train time: 956.21 seconds
		47 EPOCH BEST TRAIN ACC: 0.9584933519363403
			Train time: 965.03 seconds
		48 EPOCH BEST TRAIN ACC: 0.9605083465576172
			Train time: 961.88 seconds
		49 EPOCH BEST TRAIN ACC: 0.9609684944152832
			Train time: 957.85 seconds
		50 EPOCH BEST TRAIN ACC: 0.9609684944152832
			Train time: 935.65 seconds
		51 EPOCH BEST TRAIN ACC: 0.9702821373939514
			Train time: 971.13 seconds
		52 EPOCH BEST TRAIN ACC: 0.972201943397522
			Train time: 946.44 seconds
		53 EPOCH BEST TRAIN ACC: 0.9732649922370911
			Train time: 909.38 seconds
		54 EPOCH BEST TRAIN ACC: 0.9741535186767578
			Train time: 901.58 seconds
		55 EPOCH BEST TRAIN ACC: 0.9741535186767578
			Train time: 905.05 seconds
		56 EPOCH BEST TRAIN ACC: 0.9741535186767578
			Train time: 898.85 seconds
		57 EPOCH BEST TRAIN ACC: 0.9751690030097961
			Train time: 882.47 seconds
		58 EPOCH BEST TRAIN ACC: 0.9751690030097961
			Train time: 888.08 seconds
		59 EPOCH BEST TRAIN ACC: 0.9751690030097961
			Train time: 896.77 seconds
		60 EPOCH BEST TEST ACC: 0.9836893081665039
			Train time: 906.40 seconds
			Test time: 793.59 seconds
	Best train ACC: 0.9751690030097961
	Best test ACC: 0.9836893081665039
	Training time:         15:45:00

+------------------ Job Report: 7244950 (COMPLETED) -------------------+
| Memory (RAM)  [########            ] 42.2% (14.8 GB peak / 35 GB)    |
| CPU           [###########         ] 56.7% average                   |
| GPU           [############        ] 64.2% average                   |
| Time          [------------->      ] 66.3% (0-15:54:45 / 1-00:00:00) |
|                                                                      |
| Lustre Filesystem:                                                   |
|   Path    Total Read    Total Write    Total IOPS                    |
|   ------  ------------  -------------  ------------                  |
|   /apps   1.3 MB        0 B            22                            |
|   /fred   338.7 GB      29.3 MB        1.9 K                         |
|   /home   0 B           0 B            1                             |
|   OS      5.8 MB        0 B            287                           |
|                                                                      |
| Warnings:                                                            |
|   - Too much memory requested                                        |
|   - CPU usage is low                                                 |
|   - GPU usage is low                                                 |
|   - Too much time requested                                          |
+----------------------------------------------------------------------+
