Copying file: ./data/ntu120/aligned_data/ntu120_CSet-flowpose_D2_aligned.npz to /var/tmp/jobfs/data
Dataset copied to JOBFS: ntu120_CSet-flowpose_D2_aligned.npz
Data path: /var/tmp/jobfs/data/ntu120_CSet-flowpose_D2_aligned.npz
Run name: ntu120_CSet_abs_D2

### Libraries loaded
feeder: feeders.ntu_rgb_d.Feeder
feeder_args:
  data_paths: {'CSet': './data/ntu120/aligned_data/NTU120_CSet-flowpose_aligned.npz', 'CSub': './data/ntu120/aligned_data/NTU120_CSub-flowpose_aligned.npz'}
  label_path: ./data/ntu120/statistics/ntu_rgbd120-annotations.yaml
  p_interval: [0.5, 1]
  random_choose: True
  random_shift: True
  window_size: 64
  random_move: True
  random_rot: True
  average_flow: False
  absolute_flow: {'window_mean': True}
  no_flow: False
extractor:
  preprocessed: True
  pose: {'weights': 'pretrained_models/yolo11x-pose.pt'}
  flow: {'weights': 'pretrained_models/raft_large.pt', 'imsize': [1080, 1920], 'minibatch_size': 3}
  flowpose: {'window_size': 5, 'threshold': 0.05, 'loop': False, 'norm': False, 'match_pose': False, 'ntu': True, 'dilation': 3}
model: model.infogcn2.sode.SODE
model_args:
  num_class: 120
  num_point: 25
  num_person: 2
  graph: graph.ntu_rgb_d.Graph
  pose_channels: 3
  flow_channels: 1
  embed_channels: 64
  num_head: 3
  ode_method: euler
  depth: 4
  device: 0
  T: 64
  n_step: 3
  SAGC_proj: True
  num_cls: 10
  n_sample: 1
  backbone: transformer
  cnn: False
ignore_weights: []
phase: train
optim:
  base_lr: 0.1
  nesterov: True
  weight_decay: 0.0003
  step: [50, 60]
  gamma: 0.1
lambda_1: 1
lambda_2: 0.1
lambda_3: 0.001
lambda_4: 0.0
lambda_5: 0.0
num_epoch: 70
device: 0
batch_size: 256
forward_batch_size: 128
test_batch_size: 256
half: False
checkpoint_freq: 10
save_location: ./results/ntu120/
dataset: ntu120
model_type: abs
evaluation: CSet
run_name: ntu120_CSet_abs_D2
description: train ntu120 CSet abs with dilation 2 TESTING n_step = 4
data_path_overwrite: /var/tmp/jobfs/data/ntu120_CSet-flowpose_D2_aligned.npz
verbose: True
### Arguments loaded
	Output device: cuda:0
	Temporal encoder: transformer
	Model total number of params: 691211
	Loading weights from ./results/ntu120/CSet/train/ntu120_CSet_abs_D2.pt
	Checkpoint file does not yet exist
	([Errno 2] No such file or directory: './results/ntu120/CSet/train/ntu120_CSet_abs_D2.pt')
### Model created
	Loaded data using mmap mode
	Self.data assigned
	Self.labels assigned
	Assigned self.data to unique split (train)
	Using memory-mapped data - skipping NaN filtering to preserve memory efficiency
	Finished loading data!
	Loaded data using mmap mode
	Assigned self.data to unique split (test)
	Using memory-mapped data - skipping NaN filtering to preserve memory efficiency
	Finished loading data!
### Dataloaders created
	Tracking:
		epoch
		train_time
		train_loss
		lr
		test_time
		test_loss
		train_ACC
		test_ACC
		train_AUC
		test_AUC
		train_cls_loss
		test_cls_loss
		train_feature_loss
		test_feature_loss
		train_recon_loss
		test_recon_loss
	Created new checkpoint file: ./results/ntu120/CSet/train/ntu120_CSet_abs_D2.pt
		1 EPOCH BEST TEST AUC: 0.018870212137699127
			Train time: 531.20 seconds
			Test time: 374.29 seconds
		2 EPOCH BEST TEST AUC: 0.05987739562988281
			Train time: 511.38 seconds
			Test time: 374.27 seconds
		3 EPOCH BEST TEST AUC: 0.13191863894462585
			Train time: 512.79 seconds
			Test time: 374.40 seconds
		4 EPOCH BEST TEST AUC: 0.21105453372001648
			Train time: 510.84 seconds
			Test time: 375.27 seconds
		5 EPOCH BEST TEST AUC: 0.27431637048721313
			Train time: 521.76 seconds
			Test time: 376.10 seconds
		6 EPOCH BEST TEST AUC: 0.32793450355529785
			Train time: 516.00 seconds
			Test time: 374.84 seconds
		7 EPOCH BEST TEST AUC: 0.3727690875530243
			Train time: 515.16 seconds
			Test time: 374.18 seconds
		8 EPOCH BEST TEST AUC: 0.41537585854530334
			Train time: 516.51 seconds
			Test time: 374.51 seconds
		9 EPOCH BEST TEST AUC: 0.43654897809028625
			Train time: 563.53 seconds
			Test time: 581.24 seconds
		10 EPOCH BEST TEST AUC: 0.46598368883132935
			Train time: 810.04 seconds
			Test time: 554.93 seconds
		11 EPOCH BEST TEST AUC: 0.472567617893219
			Train time: 794.45 seconds
			Test time: 550.91 seconds
		12 EPOCH BEST TEST AUC: 0.48932671546936035
			Train time: 752.97 seconds
			Test time: 583.46 seconds
		13 EPOCH BEST TEST AUC: 0.5008666515350342
			Train time: 791.01 seconds
			Test time: 514.40 seconds
		14 EPOCH BEST TEST AUC: 0.5234625339508057
			Train time: 767.34 seconds
			Test time: 571.76 seconds
		15 EPOCH BEST TEST AUC: 0.5252731442451477
			Train time: 764.11 seconds
			Test time: 578.59 seconds
		16 EPOCH BEST TEST AUC: 0.5307689905166626
			Train time: 767.66 seconds
			Test time: 478.30 seconds
		17 EPOCH BEST TEST AUC: 0.5425723791122437
			Train time: 508.86 seconds
			Test time: 376.52 seconds
		18 EPOCH BEST TEST AUC: 0.5564064979553223
			Train time: 515.76 seconds
			Test time: 379.47 seconds
		19 EPOCH BEST TEST AUC: 0.5564064979553223
			Train time: 518.64 seconds
			Test time: 379.33 seconds
		20 EPOCH BEST TEST AUC: 0.5580689311027527
			Train time: 520.87 seconds
			Test time: 378.48 seconds
		21 EPOCH BEST TEST AUC: 0.5580689311027527
			Train time: 519.26 seconds
			Test time: 378.86 seconds
		22 EPOCH BEST TEST AUC: 0.5642871260643005
			Train time: 519.36 seconds
			Test time: 379.15 seconds
		23 EPOCH BEST TEST AUC: 0.5642871260643005
			Train time: 516.56 seconds
			Test time: 379.05 seconds
		24 EPOCH BEST TEST AUC: 0.5642871260643005
			Train time: 518.15 seconds
			Test time: 378.91 seconds
		25 EPOCH BEST TEST AUC: 0.5695397257804871
			Train time: 518.26 seconds
			Test time: 378.70 seconds
		26 EPOCH BEST TEST AUC: 0.5695397257804871
			Train time: 515.77 seconds
			Test time: 379.90 seconds
		27 EPOCH BEST TEST AUC: 0.5731022953987122
			Train time: 527.29 seconds
			Test time: 378.31 seconds
		28 EPOCH BEST TEST AUC: 0.5731022953987122
			Train time: 512.56 seconds
			Test time: 379.35 seconds
		29 EPOCH BEST TEST AUC: 0.5778798460960388
			Train time: 513.15 seconds
			Test time: 379.42 seconds
		30 EPOCH BEST TEST AUC: 0.5847291946411133
			Train time: 519.68 seconds
			Test time: 379.27 seconds
		31 EPOCH BEST TEST AUC: 0.5847291946411133
			Train time: 515.59 seconds
			Test time: 378.61 seconds
		32 EPOCH BEST TEST AUC: 0.5860358476638794
			Train time: 518.19 seconds
			Test time: 378.78 seconds
		33 EPOCH BEST TEST AUC: 0.5860358476638794
			Train time: 512.63 seconds
			Test time: 378.21 seconds
		34 EPOCH BEST TEST AUC: 0.5867365002632141
			Train time: 513.22 seconds
			Test time: 377.99 seconds
		35 EPOCH BEST TEST AUC: 0.5879475474357605
			Train time: 513.58 seconds
			Test time: 377.93 seconds
		36 EPOCH BEST TEST AUC: 0.5879475474357605
			Train time: 512.86 seconds
			Test time: 377.15 seconds
		37 EPOCH BEST TEST AUC: 0.5879475474357605
			Train time: 516.34 seconds
			Test time: 377.25 seconds
		38 EPOCH BEST TEST AUC: 0.5898230075836182
			Train time: 517.87 seconds
			Test time: 377.65 seconds
		39 EPOCH BEST TEST AUC: 0.5898230075836182
			Train time: 511.80 seconds
			Test time: 377.68 seconds
		40 EPOCH BEST TEST AUC: 0.5930390954017639
			Train time: 515.81 seconds
			Test time: 377.97 seconds
		41 EPOCH BEST TEST AUC: 0.5930390954017639
			Train time: 516.81 seconds
			Test time: 377.71 seconds
		42 EPOCH BEST TEST AUC: 0.5953556299209595
			Train time: 517.26 seconds
			Test time: 378.40 seconds
		43 EPOCH BEST TEST AUC: 0.5994317531585693
			Train time: 515.43 seconds
			Test time: 378.14 seconds
		44 EPOCH BEST TEST AUC: 0.5994317531585693
			Train time: 519.91 seconds
			Test time: 377.21 seconds
		45 EPOCH BEST TEST AUC: 0.5994317531585693
			Train time: 515.37 seconds
			Test time: 377.70 seconds
		46 EPOCH BEST TEST AUC: 0.5994317531585693
			Train time: 519.70 seconds
			Test time: 377.88 seconds
		47 EPOCH BEST TEST AUC: 0.5994317531585693
			Train time: 514.71 seconds
			Test time: 378.24 seconds
		48 EPOCH BEST TEST AUC: 0.5994317531585693
			Train time: 517.33 seconds
			Test time: 378.40 seconds
		49 EPOCH BEST TEST AUC: 0.6014517545700073
			Train time: 512.77 seconds
			Test time: 379.08 seconds
		50 EPOCH BEST TEST AUC: 0.6014517545700073
			Train time: 511.56 seconds
			Test time: 378.66 seconds
		51 EPOCH BEST TEST AUC: 0.6316461563110352
			Train time: 511.36 seconds
			Test time: 378.59 seconds
		52 EPOCH BEST TEST AUC: 0.6316461563110352
			Train time: 516.56 seconds
			Test time: 378.17 seconds
		53 EPOCH BEST TEST AUC: 0.6316461563110352
			Train time: 511.52 seconds
			Test time: 378.33 seconds
		54 EPOCH BEST TEST AUC: 0.6316461563110352
			Train time: 513.12 seconds
			Test time: 378.02 seconds
		55 EPOCH BEST TEST AUC: 0.6329707503318787
			Train time: 513.49 seconds
			Test time: 377.60 seconds
		56 EPOCH BEST TEST AUC: 0.6329707503318787
			Train time: 512.71 seconds
			Test time: 377.62 seconds
		57 EPOCH BEST TEST AUC: 0.6333540678024292
			Train time: 515.17 seconds
			Test time: 377.92 seconds
		58 EPOCH BEST TEST AUC: 0.6336840391159058
			Train time: 514.82 seconds
			Test time: 377.24 seconds
		59 EPOCH BEST TEST AUC: 0.6336840391159058
			Train time: 512.81 seconds
			Test time: 378.21 seconds
		60 EPOCH BEST TEST AUC: 0.6336840391159058
			Train time: 512.77 seconds
			Test time: 377.77 seconds
		61 EPOCH BEST TEST AUC: 0.6349936127662659
			Train time: 511.92 seconds
			Test time: 378.32 seconds
		62 EPOCH BEST TEST AUC: 0.6358422040939331
			Train time: 513.04 seconds
			Test time: 379.61 seconds
		63 EPOCH BEST TEST AUC: 0.6358422040939331
			Train time: 511.10 seconds
			Test time: 378.71 seconds
		64 EPOCH BEST TEST AUC: 0.6358422040939331
			Train time: 518.39 seconds
			Test time: 378.95 seconds
		65 EPOCH BEST TEST AUC: 0.6358422040939331
			Train time: 520.94 seconds
			Test time: 378.29 seconds
		66 EPOCH BEST TEST AUC: 0.6358422040939331
			Train time: 511.75 seconds
			Test time: 379.30 seconds
		67 EPOCH BEST TEST AUC: 0.6358422040939331
			Train time: 516.82 seconds
			Test time: 378.75 seconds
		68 EPOCH BEST TEST AUC: 0.6358422040939331
			Train time: 517.18 seconds
			Test time: 378.54 seconds
		69 EPOCH BEST TEST AUC: 0.6358422040939331
			Train time: 512.56 seconds
			Test time: 377.13 seconds
		70 EPOCH BEST TEST AUC: 0.6358422040939331
			Train time: 501.27 seconds
			Test time: 370.83 seconds
	Training time:         18:16:43
	Best train AUC: 0.7875418663024902
	Best test AUC: 0.6358422040939331

+------------------ Job Report: 3739871 (COMPLETED) -------------------+
| Memory (RAM)  [####                ] 21.4% (1.5 GB peak / 7 GB)      |
| CPU           [##########          ] 54.4% average                   |
| GPU           [#####               ] 29.4% average                   |
| Time          [----------------->  ] 87.6% (0-18:23:26 / 0-21:00:00) |
|                                                                      |
| Lustre Filesystem:                                                   |
|   Path    Total Read    Total Write    Total IOPS                    |
|   ------  ------------  -------------  ------------                  |
|   /apps   5.9 MB        0 B            242                           |
|   /fred   135.5 GB      40.2 MB        4 K                           |
|   /home   0 B           0 B            3                             |
|   OS      156.2 MB      0 B            440                           |
|                                                                      |
| Warnings:                                                            |
|   - Too much memory requested                                        |
|   - CPU usage is low                                                 |
|   - GPU usage is low                                                 |
+----------------------------------------------------------------------+
