Copying file: ./data/ntu120/aligned_data/ntu120_CSet-flowpose_D4_aligned.npz to /var/tmp/jobfs/data
Dataset copied to JOBFS: ntu120_CSet-flowpose_D4_aligned.npz
Data path: /var/tmp/jobfs/data/ntu120_CSet-flowpose_D4_aligned.npz
Run name: ntu120_CSet_cnn_D4

### Libraries loaded
feeder: feeders.ntu_rgb_d.Feeder
feeder_args:
  data_paths: {'CSet': './data/ntu120/aligned_data/NTU120_CSet-flowpose_aligned.npz', 'CSub': './data/ntu120/aligned_data/NTU120_CSub-flowpose_aligned.npz'}
  label_path: ./data/ntu120/statistics/ntu_rgbd120-annotations.yaml
  p_interval: [0.5, 1]
  random_choose: True
  random_shift: True
  window_size: 64
  random_move: True
  random_rot: True
  average_flow: False
  absolute_flow: False
  no_flow: False
extractor:
  preprocessed: True
  pose: {'weights': 'pretrained_models/yolo11x-pose.pt'}
  flow: {'weights': 'pretrained_models/raft_large.pt', 'imsize': [1080, 1920], 'minibatch_size': 3}
  flowpose: {'window_size': 5, 'threshold': 0.05, 'loop': False, 'norm': False, 'match_pose': False, 'ntu': True, 'dilation': 3}
model: model.infogcn2.sode.SODE
model_args:
  num_class: 120
  num_point: 25
  num_person: 2
  graph: graph.ntu_rgb_d.Graph
  pose_channels: 3
  flow_channels: 50
  embed_channels: 64
  num_head: 3
  ode_method: euler
  depth: 4
  device: 0
  T: 64
  n_step: 3
  SAGC_proj: True
  num_cls: 10
  n_sample: 1
  backbone: transformer
  cnn: True
ignore_weights: []
phase: train
optim:
  base_lr: 0.1
  nesterov: True
  weight_decay: 0.0003
  step: [50, 60]
  gamma: 0.1
lambda_1: 1
lambda_2: 0.1
lambda_3: 0.001
lambda_4: 0.0
lambda_5: 0.0
num_epoch: 70
device: 0
batch_size: 256
forward_batch_size: 128
test_batch_size: 256
half: False
checkpoint_freq: 10
save_location: ./results/ntu120/
dataset: ntu120
model_type: cnn
evaluation: CSet
run_name: ntu120_CSet_cnn_D4
description: train ntu120 CSet cnn with dilation 4 TESTING n_step = 4
data_path_overwrite: /var/tmp/jobfs/data/ntu120_CSet-flowpose_D4_aligned.npz
verbose: True
### Arguments loaded
	Output device: cuda:0
	Temporal encoder: transformer
	Model total number of params: 697848
	Loading weights from ./results/ntu120/CSet/train/ntu120_CSet_cnn_D4.pt
	Checkpoint file does not yet exist
	([Errno 2] No such file or directory: './results/ntu120/CSet/train/ntu120_CSet_cnn_D4.pt')
### Model created
	Loaded data using mmap mode
	Self.data assigned
	Self.labels assigned
	Assigned self.data to unique split (train)
	Using memory-mapped data - skipping NaN filtering to preserve memory efficiency
	Finished loading data!
	Loaded data using mmap mode
	Assigned self.data to unique split (test)
	Using memory-mapped data - skipping NaN filtering to preserve memory efficiency
	Finished loading data!
### Dataloaders created
	Tracking:
		epoch
		train_time
		train_loss
		lr
		test_time
		test_loss
		train_ACC
		test_ACC
		train_AUC
		test_AUC
		train_cls_loss
		test_cls_loss
		train_feature_loss
		test_feature_loss
		train_recon_loss
		test_recon_loss
	Created new checkpoint file: ./results/ntu120/CSet/train/ntu120_CSet_cnn_D4.pt
		1 EPOCH BEST TEST AUC: 0.011594817973673344
			Train time: 605.68 seconds
			Test time: 396.93 seconds
		2 EPOCH BEST TEST AUC: 0.03263183310627937
			Train time: 597.50 seconds
			Test time: 395.75 seconds
		3 EPOCH BEST TEST AUC: 0.09071652591228485
			Train time: 613.13 seconds
			Test time: 460.40 seconds
		4 EPOCH BEST TEST AUC: 0.1708604097366333
			Train time: 647.58 seconds
			Test time: 397.75 seconds
		5 EPOCH BEST TEST AUC: 0.2854498624801636
			Train time: 599.05 seconds
			Test time: 399.96 seconds
		6 EPOCH BEST TEST AUC: 0.36500585079193115
			Train time: 578.56 seconds
			Test time: 399.80 seconds
		7 EPOCH BEST TEST AUC: 0.4058772027492523
			Train time: 578.47 seconds
			Test time: 399.32 seconds
		8 EPOCH BEST TEST AUC: 0.45001137256622314
			Train time: 592.54 seconds
			Test time: 435.63 seconds
		9 EPOCH BEST TEST AUC: 0.4562469720840454
			Train time: 658.60 seconds
			Test time: 432.92 seconds
		10 EPOCH BEST TEST AUC: 0.4846576452255249
			Train time: 684.25 seconds
			Test time: 464.31 seconds
		11 EPOCH BEST TEST AUC: 0.5010129809379578
			Train time: 708.86 seconds
			Test time: 474.00 seconds
		12 EPOCH BEST TEST AUC: 0.5292591452598572
			Train time: 692.98 seconds
			Test time: 467.00 seconds
		13 EPOCH BEST TEST AUC: 0.5329822301864624
			Train time: 703.12 seconds
			Test time: 464.46 seconds
		14 EPOCH BEST TEST AUC: 0.5465917587280273
			Train time: 706.96 seconds
			Test time: 472.32 seconds
		15 EPOCH BEST TEST AUC: 0.557443380355835
			Train time: 702.89 seconds
			Test time: 465.66 seconds
		16 EPOCH BEST TEST AUC: 0.5649092197418213
			Train time: 668.03 seconds
			Test time: 400.07 seconds
		17 EPOCH BEST TEST AUC: 0.5664300918579102
			Train time: 596.27 seconds
			Test time: 402.27 seconds
		18 EPOCH BEST TEST AUC: 0.5665472149848938
			Train time: 595.78 seconds
			Test time: 415.89 seconds
		19 EPOCH BEST TEST AUC: 0.5665472149848938
			Train time: 654.57 seconds
			Test time: 438.93 seconds
		20 EPOCH BEST TEST AUC: 0.5691940188407898
			Train time: 616.88 seconds
			Test time: 407.59 seconds
		21 EPOCH BEST TEST AUC: 0.5829839706420898
			Train time: 599.64 seconds
			Test time: 397.09 seconds
		22 EPOCH BEST TEST AUC: 0.5829839706420898
			Train time: 598.82 seconds
			Test time: 401.64 seconds
		23 EPOCH BEST TEST AUC: 0.5829839706420898
			Train time: 694.25 seconds
			Test time: 475.20 seconds
		24 EPOCH BEST TEST AUC: 0.5882407426834106
			Train time: 716.71 seconds
			Test time: 457.63 seconds
		25 EPOCH BEST TEST AUC: 0.5882407426834106
			Train time: 682.46 seconds
			Test time: 445.43 seconds
		26 EPOCH BEST TEST AUC: 0.5882407426834106
			Train time: 684.52 seconds
			Test time: 460.09 seconds
		27 EPOCH BEST TEST AUC: 0.5882407426834106
			Train time: 647.51 seconds
			Test time: 422.26 seconds
		28 EPOCH BEST TEST AUC: 0.5941768884658813
			Train time: 611.43 seconds
			Test time: 402.58 seconds
		29 EPOCH BEST TEST AUC: 0.59871906042099
			Train time: 597.41 seconds
			Test time: 406.59 seconds
		30 EPOCH BEST TEST AUC: 0.59871906042099
			Train time: 598.37 seconds
			Test time: 405.72 seconds
		31 EPOCH BEST TEST AUC: 0.59871906042099
			Train time: 604.64 seconds
			Test time: 402.84 seconds
		32 EPOCH BEST TEST AUC: 0.59871906042099
			Train time: 596.93 seconds
			Test time: 404.43 seconds
		33 EPOCH BEST TEST AUC: 0.59871906042099
			Train time: 594.22 seconds
			Test time: 405.35 seconds
		34 EPOCH BEST TEST AUC: 0.59871906042099
			Train time: 604.60 seconds
			Test time: 419.57 seconds
		35 EPOCH BEST TEST AUC: 0.59871906042099
			Train time: 617.69 seconds
			Test time: 417.55 seconds
		36 EPOCH BEST TEST AUC: 0.59871906042099
			Train time: 620.58 seconds
			Test time: 421.00 seconds
		37 EPOCH BEST TEST AUC: 0.59871906042099
			Train time: 625.24 seconds
			Test time: 420.45 seconds
		38 EPOCH BEST TEST AUC: 0.5996342897415161
			Train time: 615.65 seconds
			Test time: 420.41 seconds
		39 EPOCH BEST TEST AUC: 0.5997848510742188
			Train time: 617.80 seconds
			Test time: 422.76 seconds
		40 EPOCH BEST TEST AUC: 0.5997848510742188
			Train time: 661.24 seconds
			Test time: 449.68 seconds
		41 EPOCH BEST TEST AUC: 0.608558177947998
			Train time: 680.45 seconds
			Test time: 436.69 seconds
		42 EPOCH BEST TEST AUC: 0.6132052540779114
			Train time: 642.59 seconds
			Test time: 471.18 seconds
		43 EPOCH BEST TEST AUC: 0.6132052540779114
			Train time: 737.15 seconds
			Test time: 483.26 seconds
		44 EPOCH BEST TEST AUC: 0.6132052540779114
			Train time: 736.00 seconds
			Test time: 455.67 seconds
		45 EPOCH BEST TEST AUC: 0.6132052540779114
			Train time: 655.20 seconds
			Test time: 430.61 seconds
		46 EPOCH BEST TEST AUC: 0.6132052540779114
			Train time: 627.65 seconds
			Test time: 423.22 seconds
		47 EPOCH BEST TEST AUC: 0.6132052540779114
			Train time: 630.26 seconds
			Test time: 424.00 seconds
		48 EPOCH BEST TEST AUC: 0.6161349415779114
			Train time: 634.59 seconds
			Test time: 425.16 seconds
		49 EPOCH BEST TEST AUC: 0.6161349415779114
			Train time: 638.55 seconds
			Test time: 427.46 seconds
		50 EPOCH BEST TEST AUC: 0.6161349415779114
			Train time: 618.35 seconds
			Test time: 418.36 seconds
		51 EPOCH BEST TEST AUC: 0.646429181098938
			Train time: 603.75 seconds
			Test time: 403.46 seconds
		52 EPOCH BEST TEST AUC: 0.6491831541061401
			Train time: 596.45 seconds
			Test time: 402.35 seconds
		53 EPOCH BEST TEST AUC: 0.6491831541061401
			Train time: 603.39 seconds
			Test time: 407.64 seconds
		54 EPOCH BEST TEST AUC: 0.6502699851989746
			Train time: 584.32 seconds
			Test time: 407.45 seconds
		55 EPOCH BEST TEST AUC: 0.6502699851989746
			Train time: 580.15 seconds
			Test time: 403.71 seconds
		56 EPOCH BEST TEST AUC: 0.6502699851989746
			Train time: 575.16 seconds
			Test time: 404.93 seconds
		57 EPOCH BEST TEST AUC: 0.6502699851989746
			Train time: 594.01 seconds
			Test time: 409.30 seconds
		58 EPOCH BEST TEST AUC: 0.6502699851989746
			Train time: 592.71 seconds
			Test time: 400.15 seconds
		59 EPOCH BEST TEST AUC: 0.6502699851989746
			Train time: 594.39 seconds
			Test time: 396.89 seconds
		60 EPOCH BEST TEST AUC: 0.6502699851989746
			Train time: 591.78 seconds
			Test time: 398.08 seconds
		61 EPOCH BEST TEST AUC: 0.651616096496582
			Train time: 591.40 seconds
			Test time: 402.90 seconds
		62 EPOCH BEST TEST AUC: 0.651616096496582
			Train time: 600.89 seconds
			Test time: 403.47 seconds
		63 EPOCH BEST TEST AUC: 0.651616096496582
			Train time: 594.90 seconds
			Test time: 401.57 seconds
		64 EPOCH BEST TEST AUC: 0.6517258882522583
			Train time: 589.19 seconds
			Test time: 402.10 seconds
		65 EPOCH BEST TEST AUC: 0.6517258882522583
			Train time: 589.52 seconds
			Test time: 401.15 seconds
		66 EPOCH BEST TEST AUC: 0.6517258882522583
			Train time: 594.78 seconds
			Test time: 402.12 seconds
		67 EPOCH BEST TEST AUC: 0.6517258882522583
			Train time: 600.25 seconds
			Test time: 406.00 seconds
		68 EPOCH BEST TEST AUC: 0.6517258882522583
			Train time: 597.02 seconds
			Test time: 402.09 seconds
		69 EPOCH BEST TEST AUC: 0.6517258882522583
			Train time: 596.94 seconds
			Test time: 402.29 seconds
		70 EPOCH BEST TEST AUC: 0.6517258882522583
			Train time: 625.66 seconds
			Test time: 426.94 seconds
	Training time:         20:23:38
	Best train AUC: 0.8131242394447327
	Best test AUC: 0.6517258882522583

+------------------ Job Report: 3813271 (COMPLETED) -------------------+
| Memory (RAM)  [###########         ] 56.3% (8.4 GB peak / 15 GB)     |
| CPU           [#########           ] 47.2% average                   |
| GPU           [#####               ] 27.5% average                   |
| Time          [----------------->  ] 85.7% (0-20:33:33 / 1-00:00:00) |
|                                                                      |
| Lustre Filesystem:                                                   |
|   Path    Total Read    Total Write    Total IOPS                    |
|   ------  ------------  -------------  ------------                  |
|   /apps   8.1 MB        0 B            247                           |
|   /fred   340.7 GB      40.5 MB        1.3 K                         |
|   /home   0 B           0 B            4                             |
|   OS      3.9 MB        0 B            63                            |
|                                                                      |
| Warnings:                                                            |
|   - CPU usage is low                                                 |
|   - GPU usage is low                                                 |
+----------------------------------------------------------------------+
