Copying file: ./data/ntu120/aligned_data/ntu120_CSet-flowpose_D4_aligned.npz to /var/tmp/jobfs/data
Dataset copied to JOBFS: ntu120_CSet-flowpose_D4_aligned.npz
Data path: /var/tmp/jobfs/data/ntu120_CSet-flowpose_D4_aligned.npz
Run name: ntu120_CSet_avg_D4

### Libraries loaded
feeder: feeders.ntu_rgb_d.Feeder
feeder_args:
  data_paths: {'CSet': './data/ntu120/aligned_data/NTU120_CSet-flowpose_aligned.npz', 'CSub': './data/ntu120/aligned_data/NTU120_CSub-flowpose_aligned.npz'}
  label_path: ./data/ntu120/statistics/ntu_rgbd120-annotations.yaml
  p_interval: [0.5, 1]
  random_choose: True
  random_shift: True
  window_size: 64
  random_move: True
  random_rot: True
  average_flow: True
  absolute_flow: False
  no_flow: False
extractor:
  preprocessed: True
  pose: {'weights': 'pretrained_models/yolo11x-pose.pt'}
  flow: {'weights': 'pretrained_models/raft_large.pt', 'imsize': [1080, 1920], 'minibatch_size': 3}
  flowpose: {'window_size': 5, 'threshold': 0.05, 'loop': False, 'norm': False, 'match_pose': False, 'ntu': True, 'dilation': 3}
model: model.infogcn2.sode.SODE
model_args:
  num_class: 120
  num_point: 25
  num_person: 2
  graph: graph.ntu_rgb_d.Graph
  pose_channels: 3
  flow_channels: 2
  embed_channels: 64
  num_head: 3
  ode_method: euler
  depth: 4
  device: 0
  T: 64
  n_step: 3
  SAGC_proj: True
  num_cls: 10
  n_sample: 1
  backbone: transformer
  cnn: False
ignore_weights: []
phase: train
optim:
  base_lr: 0.1
  nesterov: True
  weight_decay: 0.0003
  step: [50, 60]
  gamma: 0.1
lambda_1: 1
lambda_2: 0.1
lambda_3: 0.001
lambda_4: 0.0
lambda_5: 0.0
num_epoch: 70
device: 0
batch_size: 256
forward_batch_size: 128
test_batch_size: 256
half: False
checkpoint_freq: 10
save_location: ./results/ntu120/
dataset: ntu120
model_type: avg
evaluation: CSet
run_name: ntu120_CSet_avg_D4
description: train ntu120 CSet avg with dilation 4 TESTING n_step = 4
data_path_overwrite: /var/tmp/jobfs/data/ntu120_CSet-flowpose_D4_aligned.npz
verbose: True
### Arguments loaded
	Output device: cuda:0
	Temporal encoder: transformer
	Model total number of params: 691275
	Loading weights from ./results/ntu120/CSet/train/ntu120_CSet_avg_D4.pt
	Checkpoint file does not yet exist
	([Errno 2] No such file or directory: './results/ntu120/CSet/train/ntu120_CSet_avg_D4.pt')
### Model created
	Loaded data using mmap mode
	Self.data assigned
	Self.labels assigned
	Assigned self.data to unique split (train)
	Using memory-mapped data - skipping NaN filtering to preserve memory efficiency
	Finished loading data!
	Loaded data using mmap mode
	Assigned self.data to unique split (test)
	Using memory-mapped data - skipping NaN filtering to preserve memory efficiency
	Finished loading data!
### Dataloaders created
	Tracking:
		epoch
		train_time
		train_loss
		lr
		test_time
		test_loss
		train_ACC
		test_ACC
		train_AUC
		test_AUC
		train_cls_loss
		test_cls_loss
		train_feature_loss
		test_feature_loss
		train_recon_loss
		test_recon_loss
	Created new checkpoint file: ./results/ntu120/CSet/train/ntu120_CSet_avg_D4.pt
		1 EPOCH BEST TEST AUC: 0.01415962167084217
			Train time: 493.04 seconds
			Test time: 367.24 seconds
		2 EPOCH BEST TEST AUC: 0.05947861075401306
			Train time: 499.77 seconds
			Test time: 368.01 seconds
		3 EPOCH BEST TEST AUC: 0.13054022192955017
			Train time: 500.85 seconds
			Test time: 367.12 seconds
		4 EPOCH BEST TEST AUC: 0.23273517191410065
			Train time: 539.66 seconds
			Test time: 390.17 seconds
		5 EPOCH BEST TEST AUC: 0.308938205242157
			Train time: 495.62 seconds
			Test time: 366.21 seconds
		6 EPOCH BEST TEST AUC: 0.36777263879776
			Train time: 492.24 seconds
			Test time: 367.03 seconds
		7 EPOCH BEST TEST AUC: 0.414389431476593
			Train time: 492.70 seconds
			Test time: 365.70 seconds
		8 EPOCH BEST TEST AUC: 0.4384832978248596
			Train time: 497.28 seconds
			Test time: 367.49 seconds
		9 EPOCH BEST TEST AUC: 0.46884244680404663
			Train time: 493.10 seconds
			Test time: 370.20 seconds
		10 EPOCH BEST TEST AUC: 0.48329606652259827
			Train time: 493.75 seconds
			Test time: 367.78 seconds
		11 EPOCH BEST TEST AUC: 0.5009557008743286
			Train time: 505.56 seconds
			Test time: 378.32 seconds
		12 EPOCH BEST TEST AUC: 0.5220116376876831
			Train time: 502.49 seconds
			Test time: 379.02 seconds
		13 EPOCH BEST TEST AUC: 0.531718909740448
			Train time: 504.36 seconds
			Test time: 379.11 seconds
		14 EPOCH BEST TEST AUC: 0.5397416949272156
			Train time: 493.90 seconds
			Test time: 378.41 seconds
		15 EPOCH BEST TEST AUC: 0.5409336090087891
			Train time: 505.64 seconds
			Test time: 379.05 seconds
		16 EPOCH BEST TEST AUC: 0.54323410987854
			Train time: 500.33 seconds
			Test time: 376.78 seconds
		17 EPOCH BEST TEST AUC: 0.546038031578064
			Train time: 502.45 seconds
			Test time: 376.66 seconds
		18 EPOCH BEST TEST AUC: 0.5603089928627014
			Train time: 500.55 seconds
			Test time: 376.42 seconds
		19 EPOCH BEST TEST AUC: 0.5676506161689758
			Train time: 503.60 seconds
			Test time: 378.11 seconds
		20 EPOCH BEST TEST AUC: 0.5705994963645935
			Train time: 500.52 seconds
			Test time: 368.53 seconds
		21 EPOCH BEST TEST AUC: 0.5804969072341919
			Train time: 496.90 seconds
			Test time: 368.33 seconds
		22 EPOCH BEST TEST AUC: 0.5804969072341919
			Train time: 498.15 seconds
			Test time: 368.01 seconds
		23 EPOCH BEST TEST AUC: 0.5851069688796997
			Train time: 497.78 seconds
			Test time: 368.45 seconds
		24 EPOCH BEST TEST AUC: 0.5851069688796997
			Train time: 497.03 seconds
			Test time: 367.67 seconds
		25 EPOCH BEST TEST AUC: 0.5857140421867371
			Train time: 499.40 seconds
			Test time: 368.25 seconds
		26 EPOCH BEST TEST AUC: 0.5900568962097168
			Train time: 498.44 seconds
			Test time: 369.12 seconds
		27 EPOCH BEST TEST AUC: 0.5900568962097168
			Train time: 503.16 seconds
			Test time: 371.71 seconds
		28 EPOCH BEST TEST AUC: 0.5941674113273621
			Train time: 528.35 seconds
			Test time: 387.86 seconds
		29 EPOCH BEST TEST AUC: 0.5941674113273621
			Train time: 530.43 seconds
			Test time: 393.33 seconds
		30 EPOCH BEST TEST AUC: 0.5941674113273621
			Train time: 522.74 seconds
			Test time: 389.00 seconds
		31 EPOCH BEST TEST AUC: 0.5941674113273621
			Train time: 523.66 seconds
			Test time: 385.65 seconds
		32 EPOCH BEST TEST AUC: 0.5941674113273621
			Train time: 580.61 seconds
			Test time: 452.18 seconds
		33 EPOCH BEST TEST AUC: 0.5982826948165894
			Train time: 632.31 seconds
			Test time: 451.34 seconds
		34 EPOCH BEST TEST AUC: 0.5982826948165894
			Train time: 525.85 seconds
			Test time: 376.32 seconds
		35 EPOCH BEST TEST AUC: 0.6019721627235413
			Train time: 509.61 seconds
			Test time: 384.63 seconds
		36 EPOCH BEST TEST AUC: 0.6019721627235413
			Train time: 520.78 seconds
			Test time: 389.63 seconds
		37 EPOCH BEST TEST AUC: 0.6019721627235413
			Train time: 521.81 seconds
			Test time: 389.27 seconds
		38 EPOCH BEST TEST AUC: 0.6019721627235413
			Train time: 531.23 seconds
			Test time: 391.51 seconds
		39 EPOCH BEST TEST AUC: 0.602044939994812
			Train time: 529.65 seconds
			Test time: 387.69 seconds
		40 EPOCH BEST TEST AUC: 0.602044939994812
			Train time: 523.43 seconds
			Test time: 390.87 seconds
		41 EPOCH BEST TEST AUC: 0.6056064367294312
			Train time: 534.98 seconds
			Test time: 391.00 seconds
		42 EPOCH BEST TEST AUC: 0.6084575653076172
			Train time: 530.87 seconds
			Test time: 393.21 seconds
		43 EPOCH BEST TEST AUC: 0.6084575653076172
			Train time: 532.87 seconds
			Test time: 393.00 seconds
		44 EPOCH BEST TEST AUC: 0.6084575653076172
			Train time: 533.75 seconds
			Test time: 394.85 seconds
		45 EPOCH BEST TEST AUC: 0.6084575653076172
			Train time: 525.86 seconds
			Test time: 391.99 seconds
		46 EPOCH BEST TEST AUC: 0.6084575653076172
			Train time: 524.98 seconds
			Test time: 392.43 seconds
		47 EPOCH BEST TEST AUC: 0.6117571592330933
			Train time: 538.88 seconds
			Test time: 401.60 seconds
		48 EPOCH BEST TEST AUC: 0.6117571592330933
			Train time: 528.42 seconds
			Test time: 416.12 seconds
		49 EPOCH BEST TEST AUC: 0.6117571592330933
			Train time: 528.54 seconds
			Test time: 381.34 seconds
		50 EPOCH BEST TEST AUC: 0.6117571592330933
			Train time: 562.34 seconds
			Test time: 425.68 seconds
		51 EPOCH BEST TEST AUC: 0.6366502046585083
			Train time: 582.12 seconds
			Test time: 427.48 seconds
		52 EPOCH BEST TEST AUC: 0.6392182111740112
			Train time: 588.78 seconds
			Test time: 450.92 seconds
		53 EPOCH BEST TEST AUC: 0.639255166053772
			Train time: 581.09 seconds
			Test time: 427.08 seconds
		54 EPOCH BEST TEST AUC: 0.6397580504417419
			Train time: 569.07 seconds
			Test time: 416.90 seconds
		55 EPOCH BEST TEST AUC: 0.6411640644073486
			Train time: 537.77 seconds
			Test time: 398.66 seconds
		56 EPOCH BEST TEST AUC: 0.6411640644073486
			Train time: 538.29 seconds
			Test time: 397.94 seconds
		57 EPOCH BEST TEST AUC: 0.6411640644073486
			Train time: 538.48 seconds
			Test time: 398.05 seconds
		58 EPOCH BEST TEST AUC: 0.6411640644073486
			Train time: 536.71 seconds
			Test time: 391.49 seconds
		59 EPOCH BEST TEST AUC: 0.6411640644073486
			Train time: 514.94 seconds
			Test time: 381.52 seconds
		60 EPOCH BEST TEST AUC: 0.6411640644073486
			Train time: 508.46 seconds
			Test time: 379.67 seconds
		61 EPOCH BEST TEST AUC: 0.6413752436637878
			Train time: 507.31 seconds
			Test time: 379.88 seconds
		62 EPOCH BEST TEST AUC: 0.6413752436637878
			Train time: 512.63 seconds
			Test time: 378.35 seconds
		63 EPOCH BEST TEST AUC: 0.6413752436637878
			Train time: 512.58 seconds
			Test time: 380.40 seconds
		64 EPOCH BEST TEST AUC: 0.6418956518173218
			Train time: 510.37 seconds
			Test time: 378.83 seconds
		65 EPOCH BEST TEST AUC: 0.6418956518173218
			Train time: 512.42 seconds
			Test time: 378.20 seconds
		66 EPOCH BEST TEST AUC: 0.6418956518173218
			Train time: 516.22 seconds
			Test time: 378.70 seconds
		67 EPOCH BEST TEST AUC: 0.6418956518173218
			Train time: 509.19 seconds
			Test time: 379.05 seconds
		68 EPOCH BEST TEST AUC: 0.6418956518173218
			Train time: 506.88 seconds
			Test time: 378.27 seconds
		69 EPOCH BEST TEST AUC: 0.6418956518173218
			Train time: 508.48 seconds
			Test time: 379.33 seconds
		70 EPOCH BEST TEST AUC: 0.6418956518173218
			Train time: 510.22 seconds
			Test time: 379.32 seconds
	Training time:         17:38:11
	Best train AUC: 0.8074772953987122
	Best test AUC: 0.6418956518173218

+------------------ Job Report: 3813280 (COMPLETED) -------------------+
| Memory (RAM)  [####                ] 22.4% (1.6 GB peak / 7 GB)      |
| CPU           [##########          ] 51.9% average                   |
| GPU           [######              ] 31.1% average                   |
| Time          [---------------->   ] 84.8% (0-17:48:12 / 0-21:00:00) |
|                                                                      |
| Lustre Filesystem:                                                   |
|   Path    Total Read    Total Write    Total IOPS                    |
|   ------  ------------  -------------  ------------                  |
|   /apps   10.4 MB       0 B            205                           |
|   /fred   341.9 GB      40.2 MB        1.1 K                         |
|   /home   0 B           0 B            3                             |
|   OS      3.9 MB        0 B            46                            |
|                                                                      |
| Warnings:                                                            |
|   - Too much memory requested                                        |
|   - CPU usage is low                                                 |
|   - GPU usage is low                                                 |
+----------------------------------------------------------------------+
