Copying file: ./data/ntu120/aligned_data/ntu120_CSet-flowpose_D3_aligned.npz to /var/tmp/jobfs/data
Dataset copied to JOBFS: ntu120_CSet-flowpose_D3_aligned.npz
Data path: /var/tmp/jobfs/data/ntu120_CSet-flowpose_D3_aligned.npz

### Libraries loaded
feeder: feeders.ntu_rgb_d.Feeder
feeder_args:
  data_paths: {'CSet': './data/ntu120/aligned_data/NTU120_CSet-flowpose_aligned.npz', 'CSub': './data/ntu120/aligned_data/NTU120_CSub-flowpose_aligned.npz'}
  label_path: ./data/ntu120/statistics/ntu_rgbd120-annotations.yaml
  p_interval: [0.5, 1]
  random_choose: True
  random_shift: True
  window_size: 64
  random_move: True
  random_rot: True
  average_flow: False
  absolute_flow: {'window_mean': True}
  no_flow: False
extractor:
  preprocessed: True
  pose: {'weights': 'pretrained_models/yolo11x-pose.pt'}
  flow: {'weights': 'pretrained_models/raft_large.pt', 'imsize': [1080, 1920], 'minibatch_size': 3}
  flowpose: {'window_size': 5, 'threshold': 0.05, 'loop': False, 'norm': False, 'match_pose': False, 'ntu': True, 'dilation': 3}
model: model.infogcn2.sode.SODE
model_args:
  num_class: 120
  num_point: 25
  num_person: 2
  graph: graph.ntu_rgb_d.Graph
  pose_channels: 3
  flow_channels: 1
  embed_channels: 64
  num_head: 3
  ode_method: euler
  depth: 4
  device: 0
  T: 64
  n_step: 3
  SAGC_proj: True
  num_cls: 10
  n_sample: 1
  backbone: transformer
  cnn: False
ignore_weights: []
phase: train
optim:
  base_lr: 0.1
  nesterov: True
  weight_decay: 0.0003
  step: [50, 60]
  gamma: 0.1
lambda_1: 1
lambda_2: 0.1
lambda_3: 0.001
lambda_4: 0.0
lambda_5: 0.0
num_epoch: 70
device: 0
batch_size: 256
forward_batch_size: 128
test_batch_size: 256
half: False
checkpoint_freq: 10
save_location: ./results/ntu120/
dataset: ntu120
model_type: abs
evaluation: CSet
run_name: ntu120_CSet_abs_D3
description: train ntu120 CSet abs with dilation 3
data_path_overwrite: /var/tmp/jobfs/data/ntu120_CSet-flowpose_D3_aligned.npz
verbose: True
### Arguments loaded
	Output device: cuda:0
	Temporal encoder: transformer
	Model total number of params: 691211
	Loading weights from ./results/ntu120/CSet/train/ntu120_CSet_abs_D3.pt
	Total number of weights removed: 0
	Pretrained model loaded
### Model created
	Loaded data using mmap mode
	Self.data assigned
	Self.labels assigned
	Assigned self.data to unique split (train)
	Using memory-mapped data - skipping NaN filtering to preserve memory efficiency
	Finished loading data!
	Loaded data using mmap mode
	Assigned self.data to unique split (test)
	Using memory-mapped data - skipping NaN filtering to preserve memory efficiency
	Finished loading data!
### Dataloaders created
	Tracking:
		epoch
		train_time
		train_loss
		lr
		test_time
		test_loss
		train_ACC
		test_ACC
		train_AUC
		test_AUC
		train_cls_loss
		test_cls_loss
		train_feature_loss
		test_feature_loss
		train_recon_loss
		test_recon_loss
	Resuming from checkpoint at epoch 60
		1 EPOCH BEST TEST ACC: 0.01915130950510502
			Train time: 508.02 seconds
			Test time: 367.34 seconds
		2 EPOCH BEST TEST ACC: 0.05305858328938484
			Train time: 503.79 seconds
			Test time: 366.12 seconds
		3 EPOCH BEST TEST ACC: 0.12243571877479553
			Train time: 501.39 seconds
			Test time: 365.84 seconds
		4 EPOCH BEST TEST ACC: 0.19987714290618896
			Train time: 506.02 seconds
			Test time: 367.93 seconds
		5 EPOCH BEST TEST ACC: 0.26481375098228455
			Train time: 506.13 seconds
			Test time: 367.82 seconds
		6 EPOCH BEST TEST ACC: 0.3323726952075958
			Train time: 506.62 seconds
			Test time: 367.81 seconds
		7 EPOCH BEST TEST ACC: 0.3796525001525879
			Train time: 503.94 seconds
			Test time: 367.22 seconds
		8 EPOCH BEST TEST ACC: 0.41086676716804504
			Train time: 506.53 seconds
			Test time: 376.73 seconds
		9 EPOCH BEST TEST ACC: 0.4394392967224121
			Train time: 554.70 seconds
			Test time: 405.19 seconds
		10 EPOCH BEST TEST ACC: 0.4661809504032135
			Train time: 555.71 seconds
			Test time: 404.33 seconds
		11 EPOCH BEST TEST ACC: 0.48273539543151855
			Train time: 549.63 seconds
			Test time: 404.20 seconds
		12 EPOCH BEST TEST ACC: 0.5013140439987183
			Train time: 557.51 seconds
			Test time: 404.01 seconds
		13 EPOCH BEST TEST ACC: 0.512640118598938
			Train time: 555.51 seconds
			Test time: 382.74 seconds
		14 EPOCH BEST TEST ACC: 0.5166923999786377
			Train time: 499.69 seconds
			Test time: 366.55 seconds
		15 EPOCH BEST TEST ACC: 0.5327839255332947
			Train time: 497.18 seconds
			Test time: 371.76 seconds
		16 EPOCH BEST TEST ACC: 0.5249570608139038
			Train time: 508.73 seconds
			Test time: 372.08 seconds
		17 EPOCH BEST TEST ACC: 0.5324912667274475
			Train time: 509.07 seconds
			Test time: 372.88 seconds
		18 EPOCH BEST TEST ACC: 0.5420835018157959
			Train time: 515.77 seconds
			Test time: 376.43 seconds
		19 EPOCH BEST TEST ACC: 0.5489768981933594
			Train time: 515.36 seconds
			Test time: 374.73 seconds
		20 EPOCH BEST TEST ACC: 0.555846095085144
			Train time: 503.63 seconds
			Test time: 369.27 seconds
		21 EPOCH BEST TEST ACC: 0.5536336302757263
			Train time: 510.76 seconds
			Test time: 375.96 seconds
		22 EPOCH BEST TEST ACC: 0.5596646070480347
			Train time: 511.87 seconds
			Test time: 375.08 seconds
		23 EPOCH BEST TEST ACC: 0.5642232894897461
			Train time: 574.62 seconds
			Test time: 487.08 seconds
		24 EPOCH BEST TEST ACC: 0.5520421862602234
			Train time: 657.86 seconds
			Test time: 522.12 seconds
		25 EPOCH BEST TEST ACC: 0.5663877725601196
			Train time: 656.94 seconds
			Test time: 498.74 seconds
		26 EPOCH BEST TEST ACC: 0.5587139129638672
			Train time: 654.47 seconds
			Test time: 517.82 seconds
		27 EPOCH BEST TEST ACC: 0.5721478462219238
			Train time: 685.08 seconds
			Test time: 567.84 seconds
		28 EPOCH BEST TEST ACC: 0.5798885226249695
			Train time: 699.98 seconds
			Test time: 582.07 seconds
		29 EPOCH BEST TEST ACC: 0.5734298825263977
			Train time: 703.41 seconds
			Test time: 524.65 seconds
		30 EPOCH BEST TEST ACC: 0.5774135589599609
			Train time: 690.67 seconds
			Test time: 527.96 seconds
		31 EPOCH BEST TEST ACC: 0.5813037157058716
			Train time: 681.80 seconds
			Test time: 523.09 seconds
		32 EPOCH BEST TEST ACC: 0.5763893127441406
			Train time: 684.46 seconds
			Test time: 533.10 seconds
		33 EPOCH BEST TEST ACC: 0.581104040145874
			Train time: 673.99 seconds
			Test time: 540.85 seconds
		34 EPOCH BEST TEST ACC: 0.5876154899597168
			Train time: 684.33 seconds
			Test time: 545.21 seconds
		35 EPOCH BEST TEST ACC: 0.5774784684181213
			Train time: 696.25 seconds
			Test time: 539.02 seconds
		36 EPOCH BEST TEST ACC: 0.5851999521255493
			Train time: 683.81 seconds
			Test time: 538.40 seconds
		37 EPOCH BEST TEST ACC: 0.5827057957649231
			Train time: 690.94 seconds
			Test time: 542.68 seconds
		38 EPOCH BEST TEST ACC: 0.5888870358467102
			Train time: 692.51 seconds
			Test time: 556.26 seconds
		39 EPOCH BEST TEST ACC: 0.5806971192359924
			Train time: 706.96 seconds
			Test time: 568.40 seconds
		40 EPOCH BEST TEST ACC: 0.5734443068504333
			Train time: 704.94 seconds
			Test time: 554.64 seconds
		41 EPOCH BEST TEST ACC: 0.579116940498352
			Train time: 698.74 seconds
			Test time: 526.84 seconds
		42 EPOCH BEST TEST ACC: 0.5924968719482422
			Train time: 694.07 seconds
			Test time: 523.06 seconds
		43 EPOCH BEST TEST ACC: 0.5947571992874146
			Train time: 689.05 seconds
			Test time: 540.93 seconds
		44 EPOCH BEST TEST ACC: 0.5792900919914246
			Train time: 696.76 seconds
			Test time: 544.62 seconds
		45 EPOCH BEST TEST ACC: 0.5826613903045654
			Train time: 699.39 seconds
			Test time: 558.85 seconds
		46 EPOCH BEST TEST ACC: 0.5902202129364014
			Train time: 685.23 seconds
			Test time: 527.96 seconds
		47 EPOCH BEST TEST ACC: 0.5917147397994995
			Train time: 685.10 seconds
			Test time: 552.12 seconds
		48 EPOCH BEST TEST ACC: 0.5882961750030518
			Train time: 696.09 seconds
			Test time: 545.94 seconds
		49 EPOCH BEST TEST ACC: 0.5908160209655762
			Train time: 696.07 seconds
			Test time: 564.35 seconds
		50 EPOCH BEST TEST ACC: 0.5862770080566406
			Train time: 690.29 seconds
			Test time: 543.99 seconds
		51 EPOCH BEST TEST ACC: 0.6247826814651489
			Train time: 681.74 seconds
			Test time: 537.42 seconds
		52 EPOCH BEST TEST ACC: 0.6267490983009338
			Train time: 715.85 seconds
			Test time: 548.59 seconds
		53 EPOCH BEST TEST ACC: 0.6256790161132812
			Train time: 666.43 seconds
			Test time: 534.37 seconds
		54 EPOCH BEST TEST ACC: 0.626901388168335
			Train time: 683.83 seconds
			Test time: 542.01 seconds
		55 EPOCH BEST TEST ACC: 0.6275162100791931
			Train time: 684.75 seconds
			Test time: 525.15 seconds
		56 EPOCH BEST TEST ACC: 0.6265433430671692
			Train time: 674.95 seconds
			Test time: 519.76 seconds
		57 EPOCH BEST TEST ACC: 0.6270178556442261
			Train time: 673.37 seconds
			Test time: 525.69 seconds
		58 EPOCH BEST TEST ACC: 0.6259588003158569
			Train time: 669.00 seconds
			Test time: 535.93 seconds
		59 EPOCH BEST TEST ACC: 0.6261955499649048
			Train time: 688.81 seconds
			Test time: 528.94 seconds
		60 EPOCH BEST TEST ACC: 0.6268255710601807
			Train time: 700.47 seconds
			Test time: 554.30 seconds
		61 EPOCH BEST TEST AUC: 0.6299974322319031
			Train time: 663.27 seconds
			Test time: 498.10 seconds
		62 EPOCH BEST TEST AUC: 0.6304264664649963
			Train time: 632.43 seconds
			Test time: 403.44 seconds
		63 EPOCH BEST TEST AUC: 0.6304264664649963
			Train time: 565.36 seconds
			Test time: 411.80 seconds
		64 EPOCH BEST TEST AUC: 0.6304264664649963
			Train time: 535.59 seconds
			Test time: 392.88 seconds
		65 EPOCH BEST TEST AUC: 0.6304264664649963
			Train time: 554.95 seconds
			Test time: 411.84 seconds
		66 EPOCH BEST TEST AUC: 0.6304900646209717
			Train time: 541.56 seconds
			Test time: 408.70 seconds
		67 EPOCH BEST TEST AUC: 0.6304900646209717
			Train time: 586.67 seconds
			Test time: 8160.27 seconds
		68 EPOCH BEST TEST AUC: 0.6304900646209717
			Train time: 545.10 seconds
			Test time: 396.27 seconds
		69 EPOCH BEST TEST AUC: 0.6304900646209717
			Train time: 531.84 seconds
			Test time: 400.35 seconds
		70 EPOCH BEST TEST AUC: 0.6304900646209717
			Train time: 548.97 seconds
			Test time: 399.31 seconds
	Training time:         23:15:22
	Best train AUC: 0.7874056100845337
	Best test AUC: 0.6304900646209717

+------------------ Job Report: 3179196 (COMPLETED) -------------------+
| Memory (RAM)  [####                ] 22.5% (1.6 GB peak / 7 GB)      |
| CPU           [##########          ] 50.6% average                   |
| GPU           [#####               ] 29.5% average                   |
| Time          [------------------->] 97.3% (0-02:55:11 / 0-03:00:00) |
|                                                                      |
| Lustre Filesystem:                                                   |
|   Path    Total Read    Total Write      Total IOPS                  |
|   ------  ------------  -------------  ------------                  |
|   /apps   3.8 MB        0 B                    421                   |
|   /fred   338.5 GB      27.3 KB                586                   |
|   /home   0 B           0 B                      3                   |
|   OS      656 KB        0 B                    146                   |
|                                                                      |
| Warnings:                                                            |
|   - Too much memory requested                                        |
|   - CPU usage is low                                                 |
|   - GPU usage is low                                                 |
+----------------------------------------------------------------------+
