Dataset copied to JOBFS: NTU120_CSet-pose_aligned.npz
### Libraries loaded
feeder: feeders.ntu_rgb_d.Feeder
feeder_args:
  data_paths: {'CSet': './data/ntu120/aligned_data/NTU120_CSet-pose_aligned.npz', 'CSub': './data/ntu120/aligned_data/NTU120_CSub-pose_aligned.npz'}
  label_path: ./data/ntu120/statistics/ntu_rgbd120-annotations.yaml
  p_interval: [0.5, 1]
  random_choose: True
  random_shift: True
  window_size: 64
  random_move: True
  random_rot: True
  average_flow: False
  absolute_flow: False
  no_flow: True
extractor:
  preprocessed: True
  pose: {'weights': 'pretrained_models/yolo11x-pose.pt'}
  flow: {'weights': 'pretrained_models/raft_large.pt', 'imsize': [240, 320], 'minibatch_size': 16}
  flowpose: {'window_size': 5, 'threshold': 0.05, 'loop': False, 'norm': False, 'match_pose': False, 'ntu': True}
model: model.infogcn2.sode.SODE
model_args:
  num_class: 120
  num_point: 25
  num_person: 2
  graph: graph.ntu_rgb_d.Graph
  pose_channels: 3
  flow_channels: 0
  embed_channels: 64
  num_head: 3
  ode_method: euler
  depth: 4
  device: 0
  T: 64
  n_step: 3
  SAGC_proj: True
  num_cls: 10
  n_sample: 1
  backbone: transformer
  cnn: False
ignore_weights: []
phase: train
optim:
  base_lr: 0.1
  nesterov: True
  weight_decay: 0.0003
  step: [50, 60]
  gamma: 0.1
lambda_1: 1
lambda_2: 0.1
lambda_3: 0.001
lambda_4: 0.0
lambda_5: 0.0
num_epoch: 70
device: 0
batch_size: 256
forward_batch_size: 128
test_batch_size: 256
half: False
checkpoint_freq: 10
save_location: ./results/ntu120/
dataset: ntu120
model_type: base
evaluation: CSet
run_name: ntu120_CSet_base
description: train ntu120 {evaluation} {model_type}
data_path_overwrite: /var/tmp/jobfs/data
verbose: True
### Arguments loaded
	Output device: cuda:0
	Temporal encoder: transformer
	Model total number of params: 691147
	Loading weights from ./results/ntu120/CSet/train/ntu120_CSet_base.pt
	Checkpoint file does not yet exist
	([Errno 2] No such file or directory: './results/ntu120/CSet/train/ntu120_CSet_base.pt')
### Model created
	Loaded data using mmap mode
	Self.data assigned
	Self.labels assigned
	Assigned self.data to unique split (train)
	Using memory-mapped data - skipping NaN filtering to preserve memory efficiency
	Finished loading data!
	Loaded data using mmap mode
	Assigned self.data to unique split (test)
	Using memory-mapped data - skipping NaN filtering to preserve memory efficiency
	Finished loading data!
### Dataloaders created
	Tracking:
		epoch
		train_time
		train_loss
		lr
		test_time
		test_loss
		train_ACC
		test_ACC
		train_AUC
		test_AUC
		train_cls_loss
		test_cls_loss
		train_feature_loss
		test_feature_loss
		train_recon_loss
		test_recon_loss
	Created new checkpoint file: ./results/ntu120/CSet/train/ntu120_CSet_base.pt
		1 EPOCH BEST TEST AUC: 0.00840661022812128
			Train time: 229.04 seconds
			Test time: 96.61 seconds
		2 EPOCH BEST TEST AUC: 0.00840661022812128
			Train time: 211.09 seconds
			Test time: 96.60 seconds
		3 EPOCH BEST TEST AUC: 0.00840661022812128
			Train time: 211.73 seconds
			Test time: 97.11 seconds
		4 EPOCH BEST TEST AUC: 0.00840661022812128
			Train time: 211.83 seconds
			Test time: 97.32 seconds
		5 EPOCH BEST TEST AUC: 0.00840661022812128
			Train time: 211.87 seconds
			Test time: 97.83 seconds
		6 EPOCH BEST TEST AUC: 0.00840661022812128
			Train time: 212.71 seconds
			Test time: 97.39 seconds
		7 EPOCH BEST TEST AUC: 0.00840661022812128
			Train time: 212.99 seconds
			Test time: 97.20 seconds
		8 EPOCH BEST TEST AUC: 0.00840661022812128
			Train time: 212.37 seconds
			Test time: 97.66 seconds
		9 EPOCH BEST TEST AUC: 0.00840661022812128
			Train time: 212.40 seconds
			Test time: 98.21 seconds
		10 EPOCH BEST TEST AUC: 0.00840661022812128
			Train time: 212.41 seconds
			Test time: 97.98 seconds
		11 EPOCH BEST TEST AUC: 0.00840661022812128
			Train time: 212.98 seconds
			Test time: 97.90 seconds
		12 EPOCH BEST TEST AUC: 0.00840661022812128
			Train time: 213.64 seconds
			Test time: 97.70 seconds
		13 EPOCH BEST TEST AUC: 0.00840661022812128
			Train time: 212.75 seconds
			Test time: 97.66 seconds
		14 EPOCH BEST TEST AUC: 0.00840661022812128
			Train time: 212.50 seconds
			Test time: 97.75 seconds
		15 EPOCH BEST TEST AUC: 0.00840661022812128
			Train time: 212.65 seconds
			Test time: 97.88 seconds
		16 EPOCH BEST TEST AUC: 0.00840661022812128
			Train time: 212.79 seconds
			Test time: 98.55 seconds
		17 EPOCH BEST TEST AUC: 0.00840661022812128
			Train time: 212.57 seconds
			Test time: 97.67 seconds
		18 EPOCH BEST TEST AUC: 0.00840661022812128
			Train time: 212.77 seconds
			Test time: 97.58 seconds
		19 EPOCH BEST TEST AUC: 0.00840661022812128
			Train time: 212.96 seconds
			Test time: 97.63 seconds
		20 EPOCH BEST TEST AUC: 0.00840661022812128
			Train time: 213.25 seconds
			Test time: 97.69 seconds
		21 EPOCH BEST TEST AUC: 0.00840661022812128
			Train time: 213.43 seconds
			Test time: 97.05 seconds
		22 EPOCH BEST TEST AUC: 0.00840661022812128
			Train time: 213.24 seconds
			Test time: 97.68 seconds
		23 EPOCH BEST TEST AUC: 0.00840661022812128
			Train time: 212.99 seconds
			Test time: 97.96 seconds
		24 EPOCH BEST TEST AUC: 0.00840661022812128
			Train time: 213.74 seconds
			Test time: 97.97 seconds
		25 EPOCH BEST TEST AUC: 0.00840661022812128
			Train time: 213.24 seconds
			Test time: 98.05 seconds
		26 EPOCH BEST TEST AUC: 0.00840661022812128
			Train time: 212.82 seconds
			Test time: 97.58 seconds
		27 EPOCH BEST TEST AUC: 0.00840661022812128
			Train time: 212.71 seconds
			Test time: 97.18 seconds
		28 EPOCH BEST TEST AUC: 0.00840661022812128
			Train time: 213.05 seconds
			Test time: 97.79 seconds
		29 EPOCH BEST TEST AUC: 0.00840661022812128
			Train time: 212.50 seconds
			Test time: 97.60 seconds
		30 EPOCH BEST TEST AUC: 0.00840661022812128
			Train time: 212.33 seconds
			Test time: 97.62 seconds
		31 EPOCH BEST TEST AUC: 0.00840661022812128
			Train time: 212.41 seconds
			Test time: 97.48 seconds
		32 EPOCH BEST TEST AUC: 0.00840661022812128
			Train time: 212.75 seconds
			Test time: 97.37 seconds
		33 EPOCH BEST TEST AUC: 0.00840661022812128
			Train time: 212.26 seconds
			Test time: 97.18 seconds
		34 EPOCH BEST TEST AUC: 0.00840661022812128
			Train time: 212.43 seconds
			Test time: 97.70 seconds
		35 EPOCH BEST TEST AUC: 0.00840661022812128
			Train time: 212.72 seconds
			Test time: 97.62 seconds
		36 EPOCH BEST TEST AUC: 0.00840661022812128
			Train time: 213.07 seconds
			Test time: 97.70 seconds
		37 EPOCH BEST TEST AUC: 0.00840661022812128
			Train time: 212.88 seconds
			Test time: 96.90 seconds
		38 EPOCH BEST TEST AUC: 0.00840661022812128
			Train time: 213.48 seconds
			Test time: 97.41 seconds
		39 EPOCH BEST TEST AUC: 0.00840661022812128
			Train time: 212.58 seconds
			Test time: 97.80 seconds
		40 EPOCH BEST TEST AUC: 0.00840661022812128
			Train time: 212.72 seconds
			Test time: 99.46 seconds
		41 EPOCH BEST TEST AUC: 0.00840661022812128
			Train time: 213.69 seconds
			Test time: 96.33 seconds
		42 EPOCH BEST TEST AUC: 0.00840661022812128
			Train time: 213.40 seconds
			Test time: 95.24 seconds
		43 EPOCH BEST TEST AUC: 0.00840661022812128
			Train time: 211.94 seconds
			Test time: 95.77 seconds
		44 EPOCH BEST TEST AUC: 0.00840661022812128
			Train time: 211.34 seconds
			Test time: 96.61 seconds
		45 EPOCH BEST TEST AUC: 0.00840661022812128
			Train time: 212.11 seconds
			Test time: 96.57 seconds
		46 EPOCH BEST TEST AUC: 0.00840661022812128
			Train time: 545.42 seconds
			Test time: 97.16 seconds
		47 EPOCH BEST TEST AUC: 0.00840661022812128
			Train time: 211.02 seconds
			Test time: 95.49 seconds
		48 EPOCH BEST TEST AUC: 0.00840661022812128
			Train time: 210.46 seconds
			Test time: 95.51 seconds
		49 EPOCH BEST TEST AUC: 0.00840661022812128
			Train time: 210.77 seconds
			Test time: 95.88 seconds
		50 EPOCH BEST TEST AUC: 0.00840661022812128
			Train time: 210.85 seconds
			Test time: 95.51 seconds
		51 EPOCH BEST TEST AUC: 0.00840661022812128
			Train time: 210.26 seconds
			Test time: 95.36 seconds
		52 EPOCH BEST TEST AUC: 0.00840661022812128
			Train time: 209.98 seconds
			Test time: 94.12 seconds
		53 EPOCH BEST TEST AUC: 0.00840661022812128
			Train time: 210.01 seconds
			Test time: 94.43 seconds
		54 EPOCH BEST TEST AUC: 0.00840661022812128
			Train time: 209.73 seconds
			Test time: 93.87 seconds
		55 EPOCH BEST TEST AUC: 0.00840661022812128
			Train time: 210.04 seconds
			Test time: 94.26 seconds
		56 EPOCH BEST TEST AUC: 0.00840661022812128
			Train time: 209.41 seconds
			Test time: 93.88 seconds
		57 EPOCH BEST TEST AUC: 0.00840661022812128
			Train time: 209.77 seconds
			Test time: 94.51 seconds
		58 EPOCH BEST TEST AUC: 0.00840661022812128
			Train time: 209.73 seconds
			Test time: 95.56 seconds
		59 EPOCH BEST TEST AUC: 0.00840661022812128
			Train time: 211.89 seconds
			Test time: 96.48 seconds
		60 EPOCH BEST TEST AUC: 0.00840661022812128
			Train time: 211.57 seconds
			Test time: 96.96 seconds
		61 EPOCH BEST TEST AUC: 0.00840661022812128
			Train time: 211.43 seconds
			Test time: 96.59 seconds
		62 EPOCH BEST TEST AUC: 0.00840661022812128
			Train time: 211.44 seconds
			Test time: 96.64 seconds
		63 EPOCH BEST TEST AUC: 0.00840661022812128
			Train time: 211.72 seconds
			Test time: 97.01 seconds
		64 EPOCH BEST TEST AUC: 0.00840661022812128
			Train time: 211.75 seconds
			Test time: 97.01 seconds
		65 EPOCH BEST TEST AUC: 0.00840661022812128
			Train time: 212.69 seconds
			Test time: 97.11 seconds
		66 EPOCH BEST TEST AUC: 0.00840661022812128
			Train time: 211.53 seconds
			Test time: 96.92 seconds
		67 EPOCH BEST TEST AUC: 0.00840661022812128
			Train time: 211.70 seconds
			Test time: 97.08 seconds
		68 EPOCH BEST TEST AUC: 0.00840661022812128
			Train time: 214.05 seconds
			Test time: 98.26 seconds
		69 EPOCH BEST TEST AUC: 0.00840661022812128
			Train time: 213.62 seconds
			Test time: 97.46 seconds
		70 EPOCH BEST TEST AUC: 0.00840661022812128
			Train time: 214.08 seconds
			Test time: 97.28 seconds
	Training time: 6:06:27
	Best train AUC: 0.008485773578286171
	Best test AUC: 0.00840661022812128

+------------------ Job Report: 2452333 (COMPLETED) -------------------+
| Memory (RAM)  [################### ] 99.7% (5 GB peak / 5 GB)        |
| CPU           [###############     ] 76.5% average                   |
| GPU           [#################   ] 87.0% average                   |
| Time          [----------------->  ] 88.1% (0-06:10:06 / 0-07:00:00) |
|                                                                      |
| Lustre Filesystem:                                                   |
|   Path    Total Read    Total Write    Total IOPS                    |
|   ------  ------------  -------------  ------------                  |
|   /apps   1.1 GB        0 B            30                            |
|   /fred   19.4 GB       40.1 MB        7.1 K                         |
|   /home   0 B           0 B            5                             |
|   OS      8.4 MB        0 B            490                           |
+----------------------------------------------------------------------+
