Copying file: ./data/ntu120/aligned_data/ntu120_CSet-flowpose_D4_aligned.npz to /var/tmp/jobfs/data
Dataset copied to JOBFS: ntu120_CSet-flowpose_D4_aligned.npz
Data path: /var/tmp/jobfs/data/ntu120_CSet-flowpose_D4_aligned.npz
Run name: ntu120_CSet_abs_D4

### Libraries loaded
feeder: feeders.ntu_rgb_d.Feeder
feeder_args:
  data_paths: {'CSet': './data/ntu120/aligned_data/NTU120_CSet-flowpose_aligned.npz', 'CSub': './data/ntu120/aligned_data/NTU120_CSub-flowpose_aligned.npz'}
  label_path: ./data/ntu120/statistics/ntu_rgbd120-annotations.yaml
  p_interval: [0.5, 1]
  random_choose: True
  random_shift: True
  window_size: 64
  random_move: True
  random_rot: True
  average_flow: False
  absolute_flow: {'window_mean': True}
  no_flow: False
extractor:
  preprocessed: True
  pose: {'weights': 'pretrained_models/yolo11x-pose.pt'}
  flow: {'weights': 'pretrained_models/raft_large.pt', 'imsize': [1080, 1920], 'minibatch_size': 3}
  flowpose: {'window_size': 5, 'threshold': 0.05, 'loop': False, 'norm': False, 'match_pose': False, 'ntu': True, 'dilation': 3}
model: model.infogcn2.sode.SODE
model_args:
  num_class: 120
  num_point: 25
  num_person: 2
  graph: graph.ntu_rgb_d.Graph
  pose_channels: 3
  flow_channels: 1
  embed_channels: 64
  num_head: 3
  ode_method: euler
  depth: 4
  device: 0
  T: 64
  n_step: 3
  SAGC_proj: True
  num_cls: 10
  n_sample: 1
  backbone: transformer
  cnn: False
ignore_weights: []
phase: train
optim:
  base_lr: 0.1
  nesterov: True
  weight_decay: 0.0003
  step: [50, 60]
  gamma: 0.1
lambda_1: 1
lambda_2: 0.1
lambda_3: 0.001
lambda_4: 0.0
lambda_5: 0.0
num_epoch: 70
device: 0
batch_size: 256
forward_batch_size: 128
test_batch_size: 256
half: False
checkpoint_freq: 10
save_location: ./results/ntu120/
dataset: ntu120
model_type: abs
evaluation: CSet
run_name: ntu120_CSet_abs_D4
description: train ntu120 CSet abs with dilation 4 TESTING n_step = 4
data_path_overwrite: /var/tmp/jobfs/data/ntu120_CSet-flowpose_D4_aligned.npz
verbose: True
### Arguments loaded
	Output device: cuda:0
	Temporal encoder: transformer
	Model total number of params: 691211
	Loading weights from ./results/ntu120/CSet/train/ntu120_CSet_abs_D4.pt
	Checkpoint file does not yet exist
	([Errno 2] No such file or directory: './results/ntu120/CSet/train/ntu120_CSet_abs_D4.pt')
### Model created
	Loaded data using mmap mode
	Self.data assigned
	Self.labels assigned
	Assigned self.data to unique split (train)
	Using memory-mapped data - skipping NaN filtering to preserve memory efficiency
	Finished loading data!
	Loaded data using mmap mode
	Assigned self.data to unique split (test)
	Using memory-mapped data - skipping NaN filtering to preserve memory efficiency
	Finished loading data!
### Dataloaders created
	Tracking:
		epoch
		train_time
		train_loss
		lr
		test_time
		test_loss
		train_ACC
		test_ACC
		train_AUC
		test_AUC
		train_cls_loss
		test_cls_loss
		train_feature_loss
		test_feature_loss
		train_recon_loss
		test_recon_loss
	Created new checkpoint file: ./results/ntu120/CSet/train/ntu120_CSet_abs_D4.pt
		1 EPOCH BEST TEST AUC: 0.021958328783512115
			Train time: 600.50 seconds
			Test time: 439.86 seconds
		2 EPOCH BEST TEST AUC: 0.0497920885682106
			Train time: 596.59 seconds
			Test time: 437.56 seconds
		3 EPOCH BEST TEST AUC: 0.12235507369041443
			Train time: 594.74 seconds
			Test time: 436.14 seconds
		4 EPOCH BEST TEST AUC: 0.1945226639509201
			Train time: 592.33 seconds
			Test time: 432.62 seconds
		5 EPOCH BEST TEST AUC: 0.2804518938064575
			Train time: 580.24 seconds
			Test time: 437.42 seconds
		6 EPOCH BEST TEST AUC: 0.33786797523498535
			Train time: 578.28 seconds
			Test time: 438.22 seconds
		7 EPOCH BEST TEST AUC: 0.3709372282028198
			Train time: 579.06 seconds
			Test time: 439.25 seconds
		8 EPOCH BEST TEST AUC: 0.41395699977874756
			Train time: 581.10 seconds
			Test time: 437.81 seconds
		9 EPOCH BEST TEST AUC: 0.42988622188568115
			Train time: 590.22 seconds
			Test time: 435.46 seconds
		10 EPOCH BEST TEST AUC: 0.45826274156570435
			Train time: 587.16 seconds
			Test time: 438.58 seconds
		11 EPOCH BEST TEST AUC: 0.4830285906791687
			Train time: 589.56 seconds
			Test time: 438.25 seconds
		12 EPOCH BEST TEST AUC: 0.4935920238494873
			Train time: 589.56 seconds
			Test time: 438.99 seconds
		13 EPOCH BEST TEST AUC: 0.5082484483718872
			Train time: 588.65 seconds
			Test time: 437.96 seconds
		14 EPOCH BEST TEST AUC: 0.5221716165542603
			Train time: 581.60 seconds
			Test time: 432.02 seconds
		15 EPOCH BEST TEST AUC: 0.5286321043968201
			Train time: 579.43 seconds
			Test time: 434.12 seconds
		16 EPOCH BEST TEST AUC: 0.5286321043968201
			Train time: 580.63 seconds
			Test time: 432.96 seconds
		17 EPOCH BEST TEST AUC: 0.5336825847625732
			Train time: 583.18 seconds
			Test time: 444.45 seconds
		18 EPOCH BEST TEST AUC: 0.5444609522819519
			Train time: 607.89 seconds
			Test time: 445.53 seconds
		19 EPOCH BEST TEST AUC: 0.5528168678283691
			Train time: 595.78 seconds
			Test time: 443.93 seconds
		20 EPOCH BEST TEST AUC: 0.5528168678283691
			Train time: 602.43 seconds
			Test time: 436.78 seconds
		21 EPOCH BEST TEST AUC: 0.5528168678283691
			Train time: 588.27 seconds
			Test time: 435.12 seconds
		22 EPOCH BEST TEST AUC: 0.5528168678283691
			Train time: 587.21 seconds
			Test time: 435.35 seconds
		23 EPOCH BEST TEST AUC: 0.5615524053573608
			Train time: 587.81 seconds
			Test time: 433.83 seconds
		24 EPOCH BEST TEST AUC: 0.5615524053573608
			Train time: 586.59 seconds
			Test time: 434.58 seconds
		25 EPOCH BEST TEST AUC: 0.5673032999038696
			Train time: 586.58 seconds
			Test time: 435.05 seconds
		26 EPOCH BEST TEST AUC: 0.5750336647033691
			Train time: 589.00 seconds
			Test time: 436.56 seconds
		27 EPOCH BEST TEST AUC: 0.5750336647033691
			Train time: 588.14 seconds
			Test time: 437.03 seconds
		28 EPOCH BEST TEST AUC: 0.5787559747695923
			Train time: 589.81 seconds
			Test time: 436.66 seconds
		29 EPOCH BEST TEST AUC: 0.5824110507965088
			Train time: 592.12 seconds
			Test time: 437.06 seconds
		30 EPOCH BEST TEST AUC: 0.5824110507965088
			Train time: 603.11 seconds
			Test time: 413.79 seconds
		31 EPOCH BEST TEST AUC: 0.5824110507965088
			Train time: 553.84 seconds
			Test time: 402.34 seconds
		32 EPOCH BEST TEST AUC: 0.5824110507965088
			Train time: 575.41 seconds
			Test time: 423.75 seconds
		33 EPOCH BEST TEST AUC: 0.5826902985572815
			Train time: 584.48 seconds
			Test time: 398.91 seconds
		34 EPOCH BEST TEST AUC: 0.5826902985572815
			Train time: 536.67 seconds
			Test time: 394.53 seconds
		35 EPOCH BEST TEST AUC: 0.5826902985572815
			Train time: 537.03 seconds
			Test time: 388.59 seconds
		36 EPOCH BEST TEST AUC: 0.5867998003959656
			Train time: 540.81 seconds
			Test time: 395.67 seconds
		37 EPOCH BEST TEST AUC: 0.5867998003959656
			Train time: 544.53 seconds
			Test time: 426.17 seconds
		38 EPOCH BEST TEST AUC: 0.5867998003959656
			Train time: 581.04 seconds
			Test time: 424.63 seconds
		39 EPOCH BEST TEST AUC: 0.5867998003959656
			Train time: 574.47 seconds
			Test time: 425.33 seconds
		40 EPOCH BEST TEST AUC: 0.5884708762168884
			Train time: 576.00 seconds
			Test time: 425.22 seconds
		41 EPOCH BEST TEST AUC: 0.5884708762168884
			Train time: 576.08 seconds
			Test time: 418.67 seconds
		42 EPOCH BEST TEST AUC: 0.5936795473098755
			Train time: 574.97 seconds
			Test time: 427.05 seconds
		43 EPOCH BEST TEST AUC: 0.5942280888557434
			Train time: 573.81 seconds
			Test time: 425.78 seconds
		44 EPOCH BEST TEST AUC: 0.5942280888557434
			Train time: 571.44 seconds
			Test time: 426.53 seconds
		45 EPOCH BEST TEST AUC: 0.5942280888557434
			Train time: 575.47 seconds
			Test time: 425.56 seconds
		46 EPOCH BEST TEST AUC: 0.5942280888557434
			Train time: 579.33 seconds
			Test time: 425.94 seconds
		47 EPOCH BEST TEST AUC: 0.5942280888557434
			Train time: 579.10 seconds
			Test time: 401.73 seconds
		48 EPOCH BEST TEST AUC: 0.5942280888557434
			Train time: 572.08 seconds
			Test time: 417.68 seconds
		49 EPOCH BEST TEST AUC: 0.5942280888557434
			Train time: 571.07 seconds
			Test time: 416.26 seconds
		50 EPOCH BEST TEST AUC: 0.5942280888557434
			Train time: 565.34 seconds
			Test time: 407.02 seconds
		51 EPOCH BEST TEST AUC: 0.6289896965026855
			Train time: 551.00 seconds
			Test time: 400.38 seconds
		52 EPOCH BEST TEST AUC: 0.6294748783111572
			Train time: 551.90 seconds
			Test time: 404.98 seconds
		53 EPOCH BEST TEST AUC: 0.6301645040512085
			Train time: 551.95 seconds
			Test time: 404.86 seconds
		54 EPOCH BEST TEST AUC: 0.6304540634155273
			Train time: 543.23 seconds
			Test time: 403.20 seconds
		55 EPOCH BEST TEST AUC: 0.6304540634155273
			Train time: 544.78 seconds
			Test time: 405.11 seconds
		56 EPOCH BEST TEST AUC: 0.6304540634155273
			Train time: 545.94 seconds
			Test time: 404.73 seconds
		57 EPOCH BEST TEST AUC: 0.6304540634155273
			Train time: 544.32 seconds
			Test time: 405.11 seconds
		58 EPOCH BEST TEST AUC: 0.6306965351104736
			Train time: 558.79 seconds
			Test time: 402.12 seconds
		59 EPOCH BEST TEST AUC: 0.6306965351104736
			Train time: 543.93 seconds
			Test time: 406.45 seconds
		60 EPOCH BEST TEST AUC: 0.6306965351104736
			Train time: 549.62 seconds
			Test time: 405.91 seconds
		61 EPOCH BEST TEST AUC: 0.6328228712081909
			Train time: 547.20 seconds
			Test time: 405.88 seconds
		62 EPOCH BEST TEST AUC: 0.6328456997871399
			Train time: 545.72 seconds
			Test time: 396.05 seconds
		63 EPOCH BEST TEST AUC: 0.6333154439926147
			Train time: 526.08 seconds
			Test time: 390.62 seconds
		64 EPOCH BEST TEST AUC: 0.6333154439926147
			Train time: 524.79 seconds
			Test time: 390.95 seconds
		65 EPOCH BEST TEST AUC: 0.6333154439926147
			Train time: 523.45 seconds
			Test time: 380.26 seconds
		66 EPOCH BEST TEST AUC: 0.6333154439926147
			Train time: 512.93 seconds
			Test time: 379.07 seconds
		67 EPOCH BEST TEST AUC: 0.6333154439926147
			Train time: 517.57 seconds
			Test time: 379.90 seconds
		68 EPOCH BEST TEST AUC: 0.6333154439926147
			Train time: 519.46 seconds
			Test time: 380.64 seconds
		69 EPOCH BEST TEST AUC: 0.6333154439926147
			Train time: 518.48 seconds
			Test time: 381.12 seconds
		70 EPOCH BEST TEST AUC: 0.6333154439926147
			Train time: 518.85 seconds
			Test time: 380.58 seconds
	Training time:         19:10:58
	Best train AUC: 0.7826955318450928
	Best test AUC: 0.6333154439926147

+------------------ Job Report: 3813272 (COMPLETED) -------------------+
| Memory (RAM)  [####                ] 21.3% (1.5 GB peak / 7 GB)      |
| CPU           [##########          ] 53.7% average                   |
| GPU           [#####               ] 28.0% average                   |
| Time          [------------------> ] 92.2% (0-19:21:33 / 0-21:00:00) |
|                                                                      |
| Lustre Filesystem:                                                   |
|   Path    Total Read    Total Write      Total IOPS                  |
|   ------  ------------  -------------  ------------                  |
|   /apps   29.1 MB       0 B                    220                   |
|   /fred   341 GB        40.2 MB                444                   |
|   /home   0 B           0 B                      3                   |
|   OS      3.8 MB        0 B                     66                   |
|                                                                      |
| Warnings:                                                            |
|   - Too much memory requested                                        |
|   - CPU usage is low                                                 |
|   - GPU usage is low                                                 |
+----------------------------------------------------------------------+
