Mon Nov 17 11:41:22 AM AEDT 2025
Copying file: ./data/ntu/aligned_data/ntu_CV-pose_aligned_mean.npz to /var/tmp/jobfs/data
Dataset copied to JOBFS: ntu_CV-pose_aligned_mean.npz
Data path: /var/tmp/jobfs/data/ntu_CV-pose_aligned_mean.npz
Run name: msg3d_ntu_CV_base_No_data_aug

### Libraries loaded
feeder: feeders.ntu_rgb_d.Feeder
feeder_args:
  data_paths: {'CS': './data/ntu/aligned_data/ntu_CS-pose_aligned_mean.npz', 'CV': './data/ntu/aligned_data/ntu_CV-pose_aligned_mean.npz'}
  label_path: ./data/ntu/statistics/ntu_rgbd-annotations.yaml
  p_interval: [0.5, 1]
  random_choose: False
  random_shift: False
  window_size: 300
  random_move: False
  random_rot: False
  average_flow: False
  absolute_flow: False
  no_flow: True
  no_Z: False
  normalisation: True
extractor:
  preprocessed: True
  pose: {'weights': 'pretrained_models/yolo11x-pose.pt'}
  flow: {'weights': 'pretrained_models/raft_large.pt', 'imsize': [1080, 1920], 'minibatch_size': 3}
  flowpose: {'window_size': 5, 'threshold': 0.05, 'loop': False, 'norm': False, 'match_pose': False, 'ntu': True, 'dilation': 3}
model: models.msg3d.Model
model_args:
  num_class: 60
  num_point: 25
  num_person: 2
  num_gcn_scales: 2
  num_g3d_scales: 3
  graph: graph.ntu_rgb_d.Graph
  in_channels: 3
ignore_weights: []
phase: train
optimiser: torch.optim.SGD
optim_params:
  lr: 0.05
  momentum: 0.9
  weight_decay: 0.0005
  nesterov: True
scheduler: torch.optim.lr_scheduler.MultiStepLR
scheduler_params:
  milestones: [30, 40]
  gamma: 0.1
training_function: training.train_msg3d.train_network
testing_function: training.eval_msg3d.eval_network
num_epoch: 50
device: 0
batch_size: 32
half: False
checkpoint_freq: 10
save_location: ./results/msg3d/ntu/
model_type: msg3d
dataset: ntu
flow_embedding: base
evaluation: CV
obs_ratio: 1.0
run_name: msg3d_ntu_CV_base_No_data_aug
description: msg3d_train ntu CV base All data augmentations are false!
data_path_overwrite: /var/tmp/jobfs/data/ntu_CV-pose_aligned_mean.npz
debug: True
verbose: True
### Arguments loaded
	Output device: cuda:0
	Model total number of params: 2194464
	Loading weights from ./results/msg3d/ntu/CV/train/msg3d_ntu_CV_base_No_data_aug.pt
	Checkpoint file does not yet exist
		([Errno 2] No such file or directory: './results/msg3d/ntu/CV/train/msg3d_ntu_CV_base_No_data_aug.pt')
### Model created
	Loaded data using mmap mode
	Self.data assigned
	Self.labels assigned
	Assigned self.data to unique split (train)
	Using memory-mapped data - skipping NaN filtering to preserve memory efficiency
	Finished loading data!
### Dataloaders created
	Tracking:
		epoch
		train_time
		train_loss
		lr
		test_time
		test_loss
		train_ACC
		test_ACC
		train_cls_loss
		test_cls_loss
	Created new checkpoint file: ./results/msg3d/ntu/CV/train/msg3d_ntu_CV_base_No_data_aug.pt
		1 EPOCH BEST TEST ACC: 0.21638421714305878
			Train time: 571.97 seconds
			Test time: 192.08 seconds
		2 EPOCH BEST TEST ACC: 0.2425224483013153
			Train time: 565.90 seconds
			Test time: 193.45 seconds
		3 EPOCH BEST TEST ACC: 0.27259203791618347
			Train time: 566.21 seconds
			Test time: 194.00 seconds
		4 EPOCH BEST TEST ACC: 0.28826436400413513
			Train time: 566.35 seconds
			Test time: 192.64 seconds
		5 EPOCH BEST TEST ACC: 0.28826436400413513
			Train time: 566.29 seconds
			Test time: 192.28 seconds
		6 EPOCH BEST TEST ACC: 0.31764331459999084
			Train time: 566.54 seconds
			Test time: 192.11 seconds
		7 EPOCH BEST TEST ACC: 0.3316952884197235
			Train time: 566.23 seconds
			Test time: 191.66 seconds
		8 EPOCH BEST TEST ACC: 0.3489348292350769
			Train time: 566.26 seconds
			Test time: 192.23 seconds
		9 EPOCH BEST TEST ACC: 0.37735751271247864
			Train time: 566.18 seconds
			Test time: 192.13 seconds
		10 EPOCH BEST TEST ACC: 0.40038782358169556
			Train time: 566.32 seconds
			Test time: 192.11 seconds
		11 EPOCH BEST TEST ACC: 0.41146472096443176
			Train time: 566.57 seconds
			Test time: 192.33 seconds
		12 EPOCH BEST TEST ACC: 0.41781333088874817
			Train time: 566.40 seconds
			Test time: 192.06 seconds
		13 EPOCH BEST TEST ACC: 0.44113585352897644
			Train time: 566.33 seconds
			Test time: 192.45 seconds
		14 EPOCH BEST TEST ACC: 0.44113585352897644
			Train time: 566.42 seconds
			Test time: 192.45 seconds
		15 EPOCH BEST TEST ACC: 0.44113585352897644
			Train time: 566.80 seconds
			Test time: 193.68 seconds
		16 EPOCH BEST TEST ACC: 0.4686819612979889
			Train time: 566.82 seconds
			Test time: 193.23 seconds
		17 EPOCH BEST TEST ACC: 0.46977102756500244
			Train time: 566.80 seconds
			Test time: 193.55 seconds
		18 EPOCH BEST TEST ACC: 0.46977102756500244
			Train time: 566.65 seconds
			Test time: 192.98 seconds
		19 EPOCH BEST TEST ACC: 0.4777931272983551
			Train time: 566.59 seconds
			Test time: 193.11 seconds
		20 EPOCH BEST TEST ACC: 0.49442172050476074
			Train time: 566.85 seconds
			Test time: 192.73 seconds
		21 EPOCH BEST TEST ACC: 0.4951123893260956
			Train time: 567.12 seconds
			Test time: 193.10 seconds
		22 EPOCH BEST TEST ACC: 0.4951123893260956
			Train time: 567.27 seconds
			Test time: 193.32 seconds
		23 EPOCH BEST TEST ACC: 0.505073606967926
			Train time: 567.32 seconds
			Test time: 193.45 seconds
		24 EPOCH BEST TEST ACC: 0.5070392489433289
			Train time: 567.39 seconds
			Test time: 192.93 seconds
		25 EPOCH BEST TEST ACC: 0.5192849636077881
			Train time: 567.40 seconds
			Test time: 193.14 seconds
		26 EPOCH BEST TEST ACC: 0.5192849636077881
			Train time: 567.65 seconds
			Test time: 193.31 seconds
		27 EPOCH BEST TEST ACC: 0.5385963916778564
			Train time: 567.71 seconds
			Test time: 192.76 seconds
		28 EPOCH BEST TEST ACC: 0.5385963916778564
			Train time: 567.73 seconds
			Test time: 192.77 seconds
		29 EPOCH BEST TEST ACC: 0.54704350233078
			Train time: 567.71 seconds
			Test time: 193.74 seconds
		30 EPOCH BEST TEST ACC: 0.54704350233078
			Train time: 567.64 seconds
			Test time: 194.32 seconds
		31 EPOCH BEST TEST ACC: 0.54704350233078
			Train time: 567.84 seconds
			Test time: 194.75 seconds
		32 EPOCH BEST TEST ACC: 0.5500451922416687
			Train time: 568.77 seconds
			Test time: 193.53 seconds
		33 EPOCH BEST TEST ACC: 0.5500451922416687
			Train time: 568.34 seconds
			Test time: 192.71 seconds
		34 EPOCH BEST TEST ACC: 0.5500451922416687
			Train time: 568.03 seconds
			Test time: 192.55 seconds
		35 EPOCH BEST TEST ACC: 0.5562610030174255
			Train time: 568.20 seconds
			Test time: 191.78 seconds
		36 EPOCH BEST TEST ACC: 0.5658237338066101
			Train time: 568.01 seconds
			Test time: 192.96 seconds
		37 EPOCH BEST TEST ACC: 0.5704988837242126
			Train time: 568.35 seconds
			Test time: 193.64 seconds
		38 EPOCH BEST TEST ACC: 0.5724911093711853
			Train time: 568.41 seconds
			Test time: 192.89 seconds
		39 EPOCH BEST TEST ACC: 0.5724911093711853
			Train time: 569.13 seconds
			Test time: 190.84 seconds
		40 EPOCH BEST TEST ACC: 0.5802741646766663
			Train time: 568.29 seconds
			Test time: 190.53 seconds
		41 EPOCH BEST TEST ACC: 0.5916166305541992
			Train time: 568.36 seconds
			Test time: 190.35 seconds
		42 EPOCH BEST TEST ACC: 0.5916166305541992
			Train time: 567.93 seconds
			Test time: 186.35 seconds
		43 EPOCH BEST TEST ACC: 0.592440128326416
			Train time: 567.95 seconds
			Test time: 187.01 seconds
		44 EPOCH BEST TEST ACC: 0.592440128326416
			Train time: 567.90 seconds
			Test time: 185.65 seconds
		45 EPOCH BEST TEST ACC: 0.6060404777526855
			Train time: 567.89 seconds
			Test time: 185.38 seconds
		46 EPOCH BEST TEST ACC: 0.6060404777526855
			Train time: 568.04 seconds
			Test time: 184.84 seconds
		47 EPOCH BEST TEST ACC: 0.6060404777526855
			Train time: 568.03 seconds
			Test time: 185.46 seconds

+-------------------- Job Report: 6968793 (TIMEOUT) --------------------+
| Memory (RAM)  [####################] 108.6% (38 GB peak / 35 GB)      |
| CPU           [################    ] 84.3% average                    |
| GPU           [################### ] 96.2% average                    |
| Time          [------------------->] 100.1% (0-10:00:30 / 0-10:00:00) |
|                                                                       |
| Lustre Filesystem:                                                    |
|   Path    Total Read    Total Write      Total IOPS                   |
|   ------  ------------  -------------  ------------                   |
|   /apps   500 KB        0 B                    204                    |
|   /fred   9.6 GB        69.1 MB                215                    |
|   /home   0 B           0 B                      1                    |
|   OS      1.4 MB        0 B                    222                    |
+-----------------------------------------------------------------------+
