Mon Dec  1 10:25:30 AM AEDT 2025
Copying file: ./data/ntu/aligned_data/ntu_CV-flowpose_D3_aligned.npz to /var/tmp/jobfs/data
Dataset copied to JOBFS: ntu_CV-flowpose_D3_aligned.npz
Data path: /var/tmp/jobfs/data/ntu_CV-flowpose_D3_aligned.npz
Run name: msg3d_ntu_CV_cnn_D3

Python script run command arguments:
python main.py -m msg3d -d ntu -p train -f cnn -e CV -o 1.0 -r msg3d_ntu_CV_cnn_D3 --desc msg3d_train ntu CV cnn observation ratio 1.0 --data_path_overwrite /var/tmp/jobfs/data/ntu_CV-flowpose_D3_aligned.npz -v
### Libraries loaded
feeder: feeders.ntu_rgb_d.Feeder
feeder_args:
  data_paths: {'CS': './data/ntu/aligned_data/ntu_CS-flowpose_D3_aligned.npz', 'CV': './data/ntu/aligned_data/ntu_CV-flowpose_D3_aligned.npz'}
  label_path: ./data/ntu/statistics/ntu_rgbd-annotations.yaml
  p_interval: [0.5, 1]
  random_choose: False
  random_shift: False
  window_size: 300
  pad_method: replay
  random_move: False
  random_rot: False
  average_flow: False
  absolute_flow: False
  no_flow: False
  no_Z: False
extractor:
  preprocessed: True
  pose: {'weights': 'pretrained_models/yolo11x-pose.pt'}
  flow: {'weights': 'pretrained_models/raft_large.pt', 'imsize': [1080, 1920], 'minibatch_size': 3}
  flowpose: {'window_size': 5, 'threshold': 0.05, 'loop': False, 'norm': False, 'match_pose': False, 'ntu': True, 'dilation': 3}
model: models.msg3d.TEST_MODEL
model_args:
  num_class: 60
  num_point: 25
  num_person: 2
  num_gcn_scales: 2
  num_g3d_scales: 3
  graph: graph.ntu_rgb_d.Graph
  pose_channels: 3
  flow_channels: 50
  cnn: True
ignore_weights: []
phase: train
optimiser: torch.optim.SGD
optim_params:
  lr: 0.05
  momentum: 0.9
  weight_decay: 0.0005
  nesterov: True
scheduler: torch.optim.lr_scheduler.MultiStepLR
scheduler_params:
  milestones: [30, 40]
  gamma: 0.1
training_function: training.train_msg3d.train_network
testing_function: training.eval_msg3d.eval_network
num_epoch: 50
device: 0
batch_size: 32
half: False
checkpoint_freq: 10
save_location: ./results/msg3d/ntu/
model_type: msg3d
dataset: ntu
flow_embedding: cnn
evaluation: CV
obs_ratio: 1.0
run_name: msg3d_ntu_CV_cnn_D3
description: msg3d_train ntu CV cnn observation ratio 1.0
data_path_overwrite: /var/tmp/jobfs/data/ntu_CV-flowpose_D3_aligned.npz
verbose: True
debug: False
### Arguments loaded
	Output device: cuda:0
	Model total number of params: 582813
	Loading weights from ./results/msg3d/ntu/CV/train/msg3d_ntu_CV_cnn_D3.pt
	Total number of weights removed: 0
	Pretrained model loaded
### Model created
	Loaded data using mmap mode
	Self.data assigned
	Self.labels assigned
	Assigned self.data to unique split (train)
	Using memory-mapped data - skipping NaN filtering to preserve memory efficiency
	Finished loading data!
### Dataloaders created
	Tracking:
		epoch
		train_time
		train_loss
		lr
		test_time
		test_loss
		train_ACC
		test_ACC
		train_cls_loss
		test_cls_loss
	Resuming from checkpoint at epoch 40
		1 EPOCH BEST TRAIN ACC: 0.4045051336288452
			Train time: 598.03 seconds
		2 EPOCH BEST TRAIN ACC: 0.6324177980422974
			Train time: 595.45 seconds
		3 EPOCH BEST TRAIN ACC: 0.6887584328651428
			Train time: 591.78 seconds
		4 EPOCH BEST TRAIN ACC: 0.7209796905517578
			Train time: 593.34 seconds
		5 EPOCH BEST TRAIN ACC: 0.7407958507537842
			Train time: 598.37 seconds
		6 EPOCH BEST TRAIN ACC: 0.7554587721824646
			Train time: 598.09 seconds
		7 EPOCH BEST TRAIN ACC: 0.7694044709205627
			Train time: 601.36 seconds
		8 EPOCH BEST TRAIN ACC: 0.7781172394752502
			Train time: 595.19 seconds
		9 EPOCH BEST TRAIN ACC: 0.7860862016677856
			Train time: 597.26 seconds
		10 EPOCH BEST TRAIN ACC: 0.7908144593238831
			Train time: 594.68 seconds
		11 EPOCH BEST TRAIN ACC: 0.7918504476547241
			Train time: 599.27 seconds
		12 EPOCH BEST TRAIN ACC: 0.7936035990715027
			Train time: 599.75 seconds
		13 EPOCH BEST TRAIN ACC: 0.8041226267814636
			Train time: 598.44 seconds
		14 EPOCH BEST TRAIN ACC: 0.8081337213516235
			Train time: 592.59 seconds
		15 EPOCH BEST TRAIN ACC: 0.8096212148666382
			Train time: 604.17 seconds
		16 EPOCH BEST TRAIN ACC: 0.8124635219573975
			Train time: 604.14 seconds
		17 EPOCH BEST TRAIN ACC: 0.8143229484558105
			Train time: 606.04 seconds
		18 EPOCH BEST TRAIN ACC: 0.8177761435508728
			Train time: 609.57 seconds
		19 EPOCH BEST TRAIN ACC: 0.819077730178833
			Train time: 599.26 seconds
		20 EPOCH BEST TRAIN ACC: 0.8216277956962585
			Train time: 597.34 seconds
		21 EPOCH BEST TRAIN ACC: 0.8253732323646545
			Train time: 599.47 seconds
		22 EPOCH BEST TRAIN ACC: 0.8253466486930847
			Train time: 595.05 seconds
		23 EPOCH BEST TRAIN ACC: 0.827684223651886
			Train time: 597.19 seconds
		24 EPOCH BEST TRAIN ACC: 0.8272060751914978
			Train time: 602.13 seconds
		25 EPOCH BEST TRAIN ACC: 0.8313765525817871
			Train time: 594.38 seconds
		26 EPOCH BEST TRAIN ACC: 0.8329703211784363
			Train time: 592.93 seconds
		27 EPOCH BEST TRAIN ACC: 0.8315359354019165
			Train time: 600.76 seconds
		28 EPOCH BEST TRAIN ACC: 0.8325718641281128
			Train time: 594.95 seconds
		29 EPOCH BEST TRAIN ACC: 0.8345641493797302
			Train time: 589.93 seconds
		30 EPOCH BEST TRAIN ACC: 0.8324921727180481
			Train time: 595.52 seconds
		31 EPOCH BEST TRAIN ACC: 0.895686149597168
			Train time: 605.27 seconds
		32 EPOCH BEST TRAIN ACC: 0.9106147289276123
			Train time: 608.12 seconds
		33 EPOCH BEST TRAIN ACC: 0.9153164029121399
			Train time: 602.03 seconds
		34 EPOCH BEST TRAIN ACC: 0.9219571948051453
			Train time: 598.06 seconds
		35 EPOCH BEST TRAIN ACC: 0.92336505651474
			Train time: 598.27 seconds
		36 EPOCH BEST TRAIN ACC: 0.9280402064323425
			Train time: 602.70 seconds
		37 EPOCH BEST TRAIN ACC: 0.9293683767318726
			Train time: 596.15 seconds
		38 EPOCH BEST TRAIN ACC: 0.9306699633598328
			Train time: 598.46 seconds
		39 EPOCH BEST TRAIN ACC: 0.932476282119751
			Train time: 599.34 seconds
		40 EPOCH BEST TRAIN ACC: 0.9328215718269348
			Train time: 602.56 seconds
		41 EPOCH BEST TRAIN ACC: 0.9446156620979309
			Train time: 569.49 seconds
		42 EPOCH BEST TRAIN ACC: 0.9479626417160034
			Train time: 560.24 seconds
		43 EPOCH BEST TRAIN ACC: 0.9479626417160034
			Train time: 572.04 seconds
		44 EPOCH BEST TRAIN ACC: 0.9490517377853394
			Train time: 569.85 seconds
		45 EPOCH BEST TRAIN ACC: 0.9494501948356628
			Train time: 570.24 seconds
		46 EPOCH BEST TRAIN ACC: 0.9506986737251282
			Train time: 570.23 seconds
		47 EPOCH BEST TRAIN ACC: 0.9506986737251282
			Train time: 566.10 seconds
		48 EPOCH BEST TRAIN ACC: 0.9511502385139465
			Train time: 565.60 seconds
		49 EPOCH BEST TRAIN ACC: 0.9511502385139465
			Train time: 567.34 seconds
	Loaded data using mmap mode
	Assigned self.data to unique split (test)
	Using memory-mapped data - skipping NaN filtering to preserve memory efficiency
	Finished loading data!
	Loaded data using mmap mode
	Assigned self.data to unique split (test)
	Using memory-mapped data - skipping NaN filtering to preserve memory efficiency
	Finished loading data!
	Loaded data using mmap mode
	Assigned self.data to unique split (test)
	Using memory-mapped data - skipping NaN filtering to preserve memory efficiency
	Finished loading data!
		50 EPOCH BEST TEST ACC: 0.9411578178405762
			Train time: 562.13 seconds
			Test time: 247.79 seconds
	Best train ACC: 0.9520002603530884
	Best test ACC: 0.9411578178405762
	Training time:         8:17:48

+------------------ Job Report: 7292204 (COMPLETED) -------------------+
| Memory (RAM)  [#####               ] 30.0% (6 GB peak / 20 GB)       |
| CPU           [###########         ] 57.4% average                   |
| GPU           [############        ] 62.4% average                   |
| Time          [-->                 ] 10.8% (0-01:43:29 / 0-16:00:00) |
|                                                                      |
| Lustre Filesystem:                                                   |
|   Path    Total Read    Total Write      Total IOPS                  |
|   ------  ------------  -------------  ------------                  |
|   /apps   10.8 MB       0 B                    465                   |
|   /fred   168.3 GB      4 MB                   201                   |
|   /home   0 B           0 B                      2                   |
|   OS      9.1 MB        0 B                     82                   |
|                                                                      |
| Warnings:                                                            |
|   - Too much memory requested                                        |
|   - CPU usage is low                                                 |
|   - GPU usage is low                                                 |
|   - Too much time requested                                          |
+----------------------------------------------------------------------+
