Copying file: ./data/ntu/aligned_data/ntu_CV-flowpose_D3_aligned.npz to /var/tmp/jobfs/data
Dataset copied to JOBFS: ntu_CV-flowpose_D3_aligned.npz
Data path: /var/tmp/jobfs/data/ntu_CV-flowpose_D3_aligned.npz
Run name: msg3d_ntu_CV_abs_D3

### Libraries loaded
feeder: feeders.ntu_rgb_d.Feeder
feeder_args:
  data_paths: {'CS': './data/ntu/aligned_data/ntu_CS-flowpose_D3_aligned.npz', 'CV': './data/ntu/aligned_data/ntu_CV-flowpose_D3_aligned.npz'}
  label_path: ./data/ntu/statistics/ntu_rgbd-annotations.yaml
  p_interval: [0.5, 1]
  random_choose: True
  random_shift: True
  window_size: 64
  random_move: True
  random_rot: True
  average_flow: False
  absolute_flow: {'window_mean': True}
  no_flow: False
  no_Z: False
extractor:
  preprocessed: True
  pose: {'weights': 'pretrained_models/yolo11x-pose.pt'}
  flow: {'weights': 'pretrained_models/raft_large.pt', 'imsize': [1080, 1920], 'minibatch_size': 3}
  flowpose: {'window_size': 5, 'threshold': 0.05, 'loop': False, 'norm': False, 'match_pose': False, 'ntu': True, 'dilation': 3}
model: models.msg3d.TEST_MODEL
model_args:
  num_class: 60
  num_point: 25
  num_person: 2
  num_gcn_scales: 2
  num_g3d_scales: 3
  graph: graph.ntu_rgb_d.Graph
  pose_channels: 3
  flow_channels: 1
  cnn: False
ignore_weights: []
phase: train
optim:
  base_lr: 0.05
  nesterov: True
  weight_decay: 0.0003
  step: [30, 40]
  gamma: 0.1
lambda_1: 1
trainer: training.train_msg3d.train_network
num_epoch: 50
device: 0
batch_size: 128
forward_batch_size: 128
test_batch_size: 128
half: False
checkpoint_freq: 10
save_location: ./results/msg3d/ntu/
model_type: msg3d
dataset: ntu
flow_embedding: abs
evaluation: CV
run_name: msg3d_ntu_CV_abs_D3
description: msg3d_train ntu CV abs dilation 3...
data_path_overwrite: /var/tmp/jobfs/data/ntu_CV-flowpose_D3_aligned.npz
verbose: True
### Arguments loaded
	Output device: cuda:0
	Model total number of params: 632171
	Loading weights from ./results/msg3d/ntu/CV/train/msg3d_ntu_CV_abs_D3.pt
	Total number of weights removed: 0
	Pretrained model loaded
### Model created
	Loaded data using mmap mode
	Self.data assigned
	Self.labels assigned
	Assigned self.data to unique split (train)
	Using memory-mapped data - skipping NaN filtering to preserve memory efficiency
	Finished loading data!
	Loaded data using mmap mode
	Assigned self.data to unique split (test)
	Using memory-mapped data - skipping NaN filtering to preserve memory efficiency
	Finished loading data!
### Dataloaders created
	Tracking:
		epoch
		train_time
		train_loss
		lr
		test_time
		test_loss
		train_ACC
		test_ACC
		train_cls_loss
		test_cls_loss
	Resuming from checkpoint at epoch 20
Key 'test_AUC' did not match... this may cause errors during training
		21 EPOCH BEST TEST ACC: 0.8637756109237671
			Train time: 335.64 seconds
			Test time: 111.75 seconds
		22 EPOCH BEST TEST ACC: 0.870906412601471
			Train time: 339.18 seconds
			Test time: 112.89 seconds
		23 EPOCH BEST TEST ACC: 0.8757131099700928
			Train time: 338.15 seconds
			Test time: 113.13 seconds
		24 EPOCH BEST TEST ACC: 0.8757131099700928
			Train time: 335.03 seconds
			Test time: 109.53 seconds
		25 EPOCH BEST TEST ACC: 0.8757131099700928
			Train time: 331.84 seconds
			Test time: 110.62 seconds
		26 EPOCH BEST TEST ACC: 0.8757131099700928
			Train time: 334.71 seconds
			Test time: 110.07 seconds
		27 EPOCH BEST TEST ACC: 0.8757131099700928
			Train time: 335.96 seconds
			Test time: 111.21 seconds
		28 EPOCH BEST TEST ACC: 0.8816289901733398
			Train time: 337.54 seconds
			Test time: 111.87 seconds
		29 EPOCH BEST TEST ACC: 0.8816289901733398
			Train time: 335.28 seconds
			Test time: 111.95 seconds
		30 EPOCH BEST TEST ACC: 0.8834777474403381
			Train time: 336.73 seconds
			Test time: 112.45 seconds
		31 EPOCH BEST TEST ACC: 0.9172301292419434
			Train time: 339.82 seconds
			Test time: 112.81 seconds
		32 EPOCH BEST TEST ACC: 0.9200823903083801
			Train time: 340.29 seconds
			Test time: 113.21 seconds
		33 EPOCH BEST TEST ACC: 0.9209803342819214
			Train time: 341.08 seconds
			Test time: 133.27 seconds
		34 EPOCH BEST TEST ACC: 0.9209803342819214
			Train time: 371.62 seconds
			Test time: 113.52 seconds
		35 EPOCH BEST TEST ACC: 0.9209803342819214
			Train time: 339.56 seconds
			Test time: 113.80 seconds
		36 EPOCH BEST TEST ACC: 0.9209803342819214
			Train time: 339.89 seconds
			Test time: 114.01 seconds
		37 EPOCH BEST TEST ACC: 0.9212973117828369
			Train time: 340.59 seconds
			Test time: 114.33 seconds
		38 EPOCH BEST TEST ACC: 0.9212973117828369
			Train time: 340.98 seconds
			Test time: 114.43 seconds
		39 EPOCH BEST TEST ACC: 0.9212973117828369
			Train time: 342.72 seconds
			Test time: 114.38 seconds
		40 EPOCH BEST TEST ACC: 0.9212973117828369
			Train time: 341.22 seconds
			Test time: 114.59 seconds
		41 EPOCH BEST TEST ACC: 0.9212973117828369
			Train time: 344.75 seconds
			Test time: 115.34 seconds
		42 EPOCH BEST TEST ACC: 0.9212973117828369
			Train time: 343.66 seconds
			Test time: 114.67 seconds
		43 EPOCH BEST TEST ACC: 0.9219311475753784
			Train time: 344.50 seconds
			Test time: 118.03 seconds
		44 EPOCH BEST TEST ACC: 0.9229347109794617
			Train time: 348.77 seconds
			Test time: 117.85 seconds
		45 EPOCH BEST TEST ACC: 0.9243080615997314
			Train time: 349.04 seconds
			Test time: 118.05 seconds
		46 EPOCH BEST TEST ACC: 0.9243080615997314
			Train time: 351.18 seconds
			Test time: 118.11 seconds
		47 EPOCH BEST TEST ACC: 0.9243080615997314
			Train time: 351.46 seconds
			Test time: 117.71 seconds
		48 EPOCH BEST TEST ACC: 0.9243080615997314
			Train time: 349.02 seconds
			Test time: 117.91 seconds
		49 EPOCH BEST TEST ACC: 0.9243080615997314
			Train time: 351.17 seconds
			Test time: 116.15 seconds
		50 EPOCH BEST TEST ACC: 0.9243080615997314
			Train time: 356.88 seconds
			Test time: 124.00 seconds
	Best train ACC: 0.9802369475364685
	Best test ACC: 0.9243080615997314

+-------------------- Job Report: 5733811 (FAILED) --------------------+
| Memory (RAM)  [#######             ] 40.0% (6 GB peak / 15 GB)       |
| CPU           [###########         ] 56.8% average                   |
| GPU           [####                ] 21.0% average                   |
| Time          [------>             ] 32.5% (0-03:53:41 / 0-12:00:00) |
|                                                                      |
| Lustre Filesystem:                                                   |
|   Path    Total Read    Total Write      Total IOPS                  |
|   ------  ------------  -------------  ------------                  |
|   /apps   4.4 MB        0 B                    376                   |
|   /fred   167.4 GB      10.4 MB                108                   |
|   /home   0 B           0 B                      1                   |
|   OS      1.6 MB        0 B                     20                   |
|                                                                      |
| Warnings:                                                            |
|   - Too much memory requested                                        |
|   - CPU usage is low                                                 |
|   - GPU usage is low                                                 |
|   - Too much time requested                                          |
+----------------------------------------------------------------------+
