Wed Nov 19 11:11:44 AEDT 2025
Copying file: ./data/ntu/aligned_data/ntu_CV-pose_aligned_mean.npz to /var/tmp/jobfs/data
Dataset copied to JOBFS: ntu_CV-pose_aligned_mean.npz
Data path: /var/tmp/jobfs/data/ntu_CV-pose_aligned_mean.npz
Run name: msg3d_ntu_CV_base_original_no_data_aug_REPLAY

### Libraries loaded
feeder: feeders.ntu_rgb_d.Feeder
feeder_args:
  data_paths: {'CS': './data/ntu/aligned_data/ntu_CS-pose_aligned_mean.npz', 'CV': './data/ntu/aligned_data/ntu_CV-pose_aligned_mean.npz'}
  label_path: ./data/ntu/statistics/ntu_rgbd-annotations.yaml
  p_interval: [0.5, 1]
  random_choose: False
  random_shift: False
  window_size: 300
  pad_method: replay
  random_move: False
  random_rot: False
  average_flow: False
  absolute_flow: False
  no_flow: True
  no_Z: False
  normalisation: True
extractor:
  preprocessed: True
  pose: {'weights': 'pretrained_models/yolo11x-pose.pt'}
  flow: {'weights': 'pretrained_models/raft_large.pt', 'imsize': [1080, 1920], 'minibatch_size': 3}
  flowpose: {'window_size': 5, 'threshold': 0.05, 'loop': False, 'norm': False, 'match_pose': False, 'ntu': True, 'dilation': 3}
model: models.msg3d.Model
model_args:
  num_class: 60
  num_point: 25
  num_person: 2
  num_gcn_scales: 2
  num_g3d_scales: 3
  graph: graph.ntu_rgb_d.Graph
  in_channels: 3
ignore_weights: []
phase: train
optimiser: torch.optim.SGD
optim_params:
  lr: 0.05
  momentum: 0.9
  weight_decay: 0.0005
  nesterov: True
scheduler: torch.optim.lr_scheduler.MultiStepLR
scheduler_params:
  milestones: [30, 40]
  gamma: 0.1
training_function: training.train_msg3d.train_network
testing_function: training.eval_msg3d.eval_network
num_epoch: 50
device: 0
batch_size: 32
half: False
checkpoint_freq: 10
save_location: ./results/msg3d/ntu/
model_type: msg3d
dataset: ntu
flow_embedding: base
evaluation: CV
obs_ratio: 1.0
run_name: msg3d_ntu_CV_base_original_no_data_aug_REPLAY
description: msg3d_train ntu CV base Original model with no data augmentation using the REPLAY padding method
data_path_overwrite: /var/tmp/jobfs/data/ntu_CV-pose_aligned_mean.npz
debug: True
verbose: True
### Arguments loaded
	Output device: cuda:0
	Model total number of params: 2194464
	Loading weights from ./results/msg3d/ntu/CV/train/msg3d_ntu_CV_base_original_no_data_aug_REPLAY.pt
	Checkpoint file does not yet exist
		([Errno 2] No such file or directory: './results/msg3d/ntu/CV/train/msg3d_ntu_CV_base_original_no_data_aug_REPLAY.pt')
### Model created
	Loaded data using mmap mode
	Self.data assigned
	Self.labels assigned
	Assigned self.data to unique split (train)
	Using memory-mapped data - skipping NaN filtering to preserve memory efficiency
	Finished loading data!
### Dataloaders created
	Tracking:
		epoch
		train_time
		train_loss
		lr
		test_time
		test_loss
		train_ACC
		test_ACC
		train_cls_loss
		test_cls_loss
	Created new checkpoint file: ./results/msg3d/ntu/CV/train/msg3d_ntu_CV_base_original_no_data_aug_REPLAY.pt
		1 EPOCH BEST TEST ACC: 0.2076980322599411
			Train time: 575.80 seconds
			Test time: 194.77 seconds
		2 EPOCH BEST TEST ACC: 0.22669075429439545
			Train time: 563.26 seconds
			Test time: 196.08 seconds
		3 EPOCH BEST TEST ACC: 0.25710567831993103
			Train time: 563.25 seconds
			Test time: 195.86 seconds
		4 EPOCH BEST TEST ACC: 0.2791266143321991
			Train time: 563.42 seconds
			Test time: 195.67 seconds
		5 EPOCH BEST TEST ACC: 0.29216915369033813
			Train time: 563.53 seconds
			Test time: 195.19 seconds
		6 EPOCH BEST TEST ACC: 0.30351167917251587
			Train time: 564.59 seconds
			Test time: 191.33 seconds
		7 EPOCH BEST TEST ACC: 0.32733890414237976
			Train time: 564.68 seconds
			Test time: 190.24 seconds
		8 EPOCH BEST TEST ACC: 0.3363969624042511
			Train time: 564.05 seconds
			Test time: 193.10 seconds
		9 EPOCH BEST TEST ACC: 0.35897573828697205
			Train time: 565.54 seconds
			Test time: 192.73 seconds
		10 EPOCH BEST TEST ACC: 0.3730011284351349
			Train time: 565.88 seconds
			Test time: 190.74 seconds
		11 EPOCH BEST TEST ACC: 0.3904266059398651
			Train time: 563.30 seconds
			Test time: 189.79 seconds
		12 EPOCH BEST TEST ACC: 0.3904266059398651
			Train time: 563.17 seconds
			Test time: 189.53 seconds
		13 EPOCH BEST TEST ACC: 0.4153163731098175
			Train time: 563.30 seconds
			Test time: 190.78 seconds
		14 EPOCH BEST TEST ACC: 0.4326621890068054
			Train time: 565.15 seconds
			Test time: 191.92 seconds
		15 EPOCH BEST TEST ACC: 0.4326621890068054
			Train time: 564.21 seconds
			Test time: 190.74 seconds
		16 EPOCH BEST TEST ACC: 0.4550018608570099
			Train time: 565.69 seconds
			Test time: 194.50 seconds
		17 EPOCH BEST TEST ACC: 0.4560909569263458
			Train time: 564.84 seconds
			Test time: 194.82 seconds
		18 EPOCH BEST TEST ACC: 0.4560909569263458
			Train time: 564.91 seconds
			Test time: 193.97 seconds
		19 EPOCH BEST TEST ACC: 0.4576847553253174
			Train time: 565.10 seconds
			Test time: 194.89 seconds
		20 EPOCH BEST TEST ACC: 0.46913352608680725
			Train time: 564.64 seconds
			Test time: 195.15 seconds
		21 EPOCH BEST TEST ACC: 0.4938904643058777
			Train time: 565.27 seconds
			Test time: 193.72 seconds
		22 EPOCH BEST TEST ACC: 0.4938904643058777
			Train time: 565.13 seconds
			Test time: 194.34 seconds
		23 EPOCH BEST TEST ACC: 0.5009297132492065
			Train time: 565.24 seconds
			Test time: 196.92 seconds
		24 EPOCH BEST TEST ACC: 0.507490873336792
			Train time: 565.52 seconds
			Test time: 196.25 seconds
		25 EPOCH BEST TEST ACC: 0.5080486536026001
			Train time: 565.25 seconds
			Test time: 195.91 seconds
		26 EPOCH BEST TEST ACC: 0.5185145735740662
			Train time: 566.26 seconds
			Test time: 195.05 seconds
		27 EPOCH BEST TEST ACC: 0.5295118093490601
			Train time: 566.73 seconds
			Test time: 198.65 seconds
		28 EPOCH BEST TEST ACC: 0.5295118093490601
			Train time: 566.50 seconds
			Test time: 198.78 seconds
		29 EPOCH BEST TEST ACC: 0.5295118093490601
			Train time: 566.12 seconds
			Test time: 197.87 seconds
		30 EPOCH BEST TEST ACC: 0.5295118093490601
			Train time: 566.85 seconds
			Test time: 197.15 seconds
		31 EPOCH BEST TEST ACC: 0.545688807964325
			Train time: 566.10 seconds
			Test time: 197.57 seconds
		32 EPOCH BEST TEST ACC: 0.5519046187400818
			Train time: 567.18 seconds
			Test time: 198.93 seconds
		33 EPOCH BEST TEST ACC: 0.5538171529769897
			Train time: 567.44 seconds
			Test time: 197.04 seconds
		34 EPOCH BEST TEST ACC: 0.5620251893997192
			Train time: 566.76 seconds
			Test time: 200.63 seconds
		35 EPOCH BEST TEST ACC: 0.5620251893997192
			Train time: 566.62 seconds
			Test time: 200.18 seconds
		36 EPOCH BEST TEST ACC: 0.5727035999298096
			Train time: 567.04 seconds
			Test time: 199.53 seconds
		37 EPOCH BEST TEST ACC: 0.5727035999298096
			Train time: 567.11 seconds
			Test time: 197.97 seconds
		38 EPOCH BEST TEST ACC: 0.5786006450653076
			Train time: 566.85 seconds
			Test time: 193.20 seconds
		39 EPOCH BEST TEST ACC: 0.5786006450653076
			Train time: 568.27 seconds
			Test time: 194.47 seconds
		40 EPOCH BEST TEST ACC: 0.5786006450653076
			Train time: 567.15 seconds
			Test time: 190.88 seconds
		41 EPOCH BEST TEST ACC: 0.5820007920265198
			Train time: 567.27 seconds
			Test time: 189.97 seconds
		42 EPOCH BEST TEST ACC: 0.5876055955886841
			Train time: 568.27 seconds
			Test time: 188.98 seconds
		43 EPOCH BEST TEST ACC: 0.5876055955886841
			Train time: 567.85 seconds
			Test time: 191.19 seconds
		44 EPOCH BEST TEST ACC: 0.5876055955886841
			Train time: 568.57 seconds
			Test time: 191.85 seconds
		45 EPOCH BEST TEST ACC: 0.6028263568878174
			Train time: 569.01 seconds
			Test time: 191.71 seconds
		46 EPOCH BEST TEST ACC: 0.6028263568878174
			Train time: 568.83 seconds
			Test time: 191.37 seconds
		47 EPOCH BEST TEST ACC: 0.6028263568878174
			Train time: 568.38 seconds
			Test time: 193.81 seconds

+-------------------- Job Report: 7008988 (TIMEOUT) --------------------+
| Memory (RAM)  [####################] 109.8% (38.4 GB peak / 35 GB)    |
| CPU           [#################   ] 86.0% average                    |
| GPU           [##################  ] 94.7% average                    |
| Time          [------------------->] 100.1% (0-10:00:21 / 0-10:00:00) |
|                                                                       |
| Lustre Filesystem:                                                    |
|   Path    Total Read    Total Write    Total IOPS                     |
|   ------  ------------  -------------  ------------                   |
|   /apps   4.5 MB        0 B            241                            |
|   /fred   9.8 GB        69.2 MB        6.3 K                          |
|   /home   0 B           0 B            2                              |
|   OS      9.8 MB        0 B            478                            |
+-----------------------------------------------------------------------+
