Found 56578 available skeleton files.

{'frames': 102,'inference_time': 20.5117},
{'frames': 157,'inference_time': 24.3950},
{'frames': 103,'inference_time': 15.8775},
{'frames': 98,'inference_time': 15.1323},
{'frames': 53,'inference_time': 8.1672},
{'frames': 74,'inference_time': 11.4051},
{'frames': 85,'inference_time': 13.1637},
{'frames': 70,'inference_time': 10.8115},
{'frames': 66,'inference_time': 10.1662},
{'frames': 68,'inference_time': 10.4809},
{'frames': 81,'inference_time': 12.5233},
{'frames': 101,'inference_time': 15.5879},
{'frames': 62,'inference_time': 9.5542},
{'frames': 160,'inference_time': 24.7410},
{'frames': 176,'inference_time': 27.1206},
{'frames': 204,'inference_time': 31.4912},
{'frames': 133,'inference_time': 20.5211},
{'frames': 95,'inference_time': 14.6471},
{'frames': 75,'inference_time': 11.5540},
{'frames': 110,'inference_time': 16.9683},
{'frames': 77,'inference_time': 11.8919},
{'frames': 108,'inference_time': 16.6420},
{'frames': 66,'inference_time': 10.1693},
{'frames': 77,'inference_time': 11.8746},
{'frames': 105,'inference_time': 16.2135},
{'frames': 102,'inference_time': 15.7348},
{'frames': 86,'inference_time': 13.2546},
{'frames': 107,'inference_time': 16.5100},
{'frames': 130,'inference_time': 20.0284},
{'frames': 84,'inference_time': 12.9512},
{'frames': 83,'inference_time': 12.8100},
{'frames': 99,'inference_time': 15.2746},
{'frames': 93,'inference_time': 14.3232},
{'frames': 90,'inference_time': 13.8819},
{'frames': 77,'inference_time': 11.8551},
{'frames': 91,'inference_time': 14.0245},
{'frames': 108,'inference_time': 16.7457},
{'frames': 103,'inference_time': 15.8980},
{'frames': 83,'inference_time': 12.7896},
{'frames': 75,'inference_time': 11.7394},
{'frames': 108,'inference_time': 16.6245},
{'frames': 194,'inference_time': 30.0352},
{'frames': 84,'inference_time': 12.9373},
{'frames': 95,'inference_time': 14.6452},
{'frames': 81,'inference_time': 12.5497},
{'frames': 125,'inference_time': 19.2566},
{'frames': 92,'inference_time': 14.1873},
{'frames': 95,'inference_time': 14.6582},
{'frames': 84,'inference_time': 12.9398},
{'frames': 73,'inference_time': 11.2993},
{'frames': 71,'inference_time': 10.9505},
{'frames': 73,'inference_time': 11.4301},
{'frames': 132,'inference_time': 20.3949},
{'frames': 68,'inference_time': 10.4930},
{'frames': 94,'inference_time': 14.4947},
{'frames': 114,'inference_time': 17.6563},
{'frames': 92,'inference_time': 14.1858},
{'frames': 70,'inference_time': 10.8000},
{'frames': 98,'inference_time': 15.1090},
{'frames': 92,'inference_time': 14.1854},
{'frames': 79,'inference_time': 12.1857},
{'frames': 110,'inference_time': 16.9561},
{'frames': 88,'inference_time': 13.5866},
{'frames': 115,'inference_time': 17.7614},
{'frames': 67,'inference_time': 10.3512},
{'frames': 85,'inference_time': 13.1374},
{'frames': 93,'inference_time': 14.3137},
{'frames': 78,'inference_time': 12.0181},
{'frames': 79,'inference_time': 12.2142},
{'frames': 64,'inference_time': 9.8966},
{'frames': 108,'inference_time': 16.6396},
{'frames': 102,'inference_time': 15.7505},
{'frames': 90,'inference_time': 13.8863},
{'frames': 226,'inference_time': 34.8432},
{'frames': 169,'inference_time': 26.0394},
{'frames': 148,'inference_time': 22.8514},
{'frames': 126,'inference_time': 19.4040},
{'frames': 83,'inference_time': 12.8406},
{'frames': 81,'inference_time': 12.4903},
{'frames': 103,'inference_time': 15.9033},
{'frames': 87,'inference_time': 13.4622},
{'frames': 96,'inference_time': 14.8043},
{'frames': 71,'inference_time': 10.9386},
{'frames': 96,'inference_time': 14.7858},
{'frames': 107,'inference_time': 16.5077},
{'frames': 93,'inference_time': 14.3297},
{'frames': 82,'inference_time': 12.6523},
{'frames': 128,'inference_time': 19.7347},
{'frames': 111,'inference_time': 17.0913},
{'frames': 135,'inference_time': 20.8014},
{'frames': 92,'inference_time': 14.2289},
{'frames': 89,'inference_time': 13.7126},
{'frames': 82,'inference_time': 12.6600},
{'frames': 82,'inference_time': 12.6977},
{'frames': 85,'inference_time': 13.1089},
{'frames': 75,'inference_time': 11.5696},
{'frames': 109,'inference_time': 16.8312},
{'frames': 56,'inference_time': 8.6379},
{'frames': 74,'inference_time': 11.3923},
{'frames': 56,'inference_time': 8.6265},
{'frames': 61,'inference_time': 9.4443},
{'frames': 128,'inference_time': 19.7216},
{'frames': 77,'inference_time': 11.8574},
{'frames': 91,'inference_time': 14.0505},
{'frames': 101,'inference_time': 15.5742},
{'frames': 79,'inference_time': 12.1881},
{'frames': 107,'inference_time': 16.4841},
{'frames': 82,'inference_time': 12.6622},
{'frames': 89,'inference_time': 13.7016},
{'frames': 73,'inference_time': 11.2649},
{'frames': 75,'inference_time': 11.5629},
{'frames': 69,'inference_time': 10.6354},
{'frames': 92,'inference_time': 14.1749},
{'frames': 63,'inference_time': 9.7083},
{'frames': 75,'inference_time': 11.5560},
{'frames': 67,'inference_time': 10.3600},
{'frames': 86,'inference_time': 13.2633},
{'frames': 71,'inference_time': 10.9387},
{'frames': 131,'inference_time': 20.1806},
{'frames': 98,'inference_time': 15.1097},
{'frames': 65,'inference_time': 10.0189},
{'frames': 87,'inference_time': 13.3996},
{'frames': 88,'inference_time': 13.5939},
{'frames': 105,'inference_time': 16.1825},
{'frames': 65,'inference_time': 10.0180},
{'frames': 73,'inference_time': 11.2607},
{'frames': 77,'inference_time': 11.8719},
{'frames': 64,'inference_time': 9.8887},
{'frames': 61,'inference_time': 9.4216},
{'frames': 60,'inference_time': 9.2438},
{'frames': 102,'inference_time': 15.7093},
{'frames': 168,'inference_time': 25.8749},
{'frames': 104,'inference_time': 16.0180},
{'frames': 157,'inference_time': 24.2165},
{'frames': 144,'inference_time': 22.1663},
{'frames': 218,'inference_time': 33.5840},
{'frames': 205,'inference_time': 31.6225},
{'frames': 61,'inference_time': 9.4156},
{'frames': 72,'inference_time': 11.0919},
{'frames': 60,'inference_time': 9.2378},
{'frames': 77,'inference_time': 11.8825},
{'frames': 56,'inference_time': 8.6363},
{'frames': 59,'inference_time': 9.0932},
{'frames': 58,'inference_time': 8.9562},
{'frames': 101,'inference_time': 15.5515},
{'frames': 71,'inference_time': 10.9619},
{'frames': 65,'inference_time': 10.0206},
{'frames': 97,'inference_time': 14.9532},
{'frames': 94,'inference_time': 14.4939},
{'frames': 114,'inference_time': 17.5737},
{'frames': 51,'inference_time': 7.8674},
{'frames': 85,'inference_time': 13.0946},
{'frames': 64,'inference_time': 9.8707},
{'frames': 71,'inference_time': 10.9488},
{'frames': 73,'inference_time': 11.2602},
{'frames': 103,'inference_time': 15.8713},
{'frames': 108,'inference_time': 16.6173},
{'frames': 59,'inference_time': 9.1062},
{'frames': 75,'inference_time': 11.5613},
{'frames': 76,'inference_time': 11.7168},
{'frames': 100,'inference_time': 15.4039},
{'frames': 93,'inference_time': 14.3359},
{'frames': 83,'inference_time': 12.7969},
{'frames': 75,'inference_time': 11.5407},
{'frames': 105,'inference_time': 16.1573},
{'frames': 120,'inference_time': 18.4886},
{'frames': 101,'inference_time': 15.5634},
{'frames': 126,'inference_time': 19.3947},
{'frames': 105,'inference_time': 16.1906},
{'frames': 60,'inference_time': 9.2466},
{'frames': 62,'inference_time': 9.5586},
{'frames': 60,'inference_time': 9.2355},
{'frames': 75,'inference_time': 11.5612},
{'frames': 54,'inference_time': 8.3198},
{'frames': 79,'inference_time': 12.4787},
{'frames': 69,'inference_time': 10.6195},
{'frames': 81,'inference_time': 12.4677},
{'frames': 73,'inference_time': 11.2741},
{'frames': 93,'inference_time': 14.3214},
{'frames': 80,'inference_time': 12.3155},
{'frames': 85,'inference_time': 13.1269},
{'frames': 157,'inference_time': 24.2025},
{'frames': 119,'inference_time': 18.3161},
{'frames': 117,'inference_time': 18.0370},
{'frames': 63,'inference_time': 9.7024},
{'frames': 82,'inference_time': 12.6419},
{'frames': 80,'inference_time': 12.3271},
{'frames': 75,'inference_time': 11.5701},
{'frames': 74,'inference_time': 11.4008},
{'frames': 87,'inference_time': 13.3887},
{'frames': 138,'inference_time': 21.2701},
{'frames': 121,'inference_time': 18.6404},
{'frames': 103,'inference_time': 15.9199},
{'frames': 167,'inference_time': 25.7276},
{'frames': 141,'inference_time': 21.7100},
{'frames': 147,'inference_time': 22.6503},
{'frames': 90,'inference_time': 13.8593},
{'frames': 76,'inference_time': 11.7331},
{'frames': 64,'inference_time': 9.8899},
{'frames': 70,'inference_time': 10.8055},
{'frames': 74,'inference_time': 11.4004},
{'frames': 81,'inference_time': 12.4656},
{'frames': 61,'inference_time': 9.4325},
{'frames': 84,'inference_time': 12.9525},
{'frames': 128,'inference_time': 19.7054},
{'frames': 85,'inference_time': 13.1036},
{'frames': 74,'inference_time': 11.4078},
{'frames': 123,'inference_time': 18.9343},
{'frames': 114,'inference_time': 17.5556},
{'frames': 138,'inference_time': 21.2591},
{'frames': 61,'inference_time': 9.4144},
{'frames': 136,'inference_time': 20.9703},
{'frames': 80,'inference_time': 12.3334},
{'frames': 78,'inference_time': 12.0083},
{'frames': 80,'inference_time': 12.3346},
{'frames': 80,'inference_time': 12.3424},
{'frames': 88,'inference_time': 13.5894},
{'frames': 100,'inference_time': 15.4228},
{'frames': 74,'inference_time': 11.3961},
{'frames': 68,'inference_time': 10.4893},
{'frames': 71,'inference_time': 10.9447},
{'frames': 99,'inference_time': 15.2367},
{'frames': 63,'inference_time': 9.6980},
{'frames': 85,'inference_time': 13.1190},
{'frames': 95,'inference_time': 14.6370},
{'frames': 133,'inference_time': 20.4929},
{'frames': 110,'inference_time': 16.9570},
{'frames': 105,'inference_time': 16.1819},
{'frames': 82,'inference_time': 12.6373},
{'frames': 63,'inference_time': 9.7063},
{'frames': 66,'inference_time': 10.1845},
{'frames': 63,'inference_time': 9.7105},
{'frames': 86,'inference_time': 13.2458},
{'frames': 65,'inference_time': 10.0124},
{'frames': 54,'inference_time': 8.3224},
{'frames': 74,'inference_time': 11.4186},
{'frames': 87,'inference_time': 13.4182},
{'frames': 73,'inference_time': 11.2653},
{'frames': 98,'inference_time': 15.0943},
{'frames': 80,'inference_time': 12.3321},
{'frames': 117,'inference_time': 18.0015},
{'frames': 109,'inference_time': 16.8342},
{'frames': 102,'inference_time': 15.7243},
{'frames': 115,'inference_time': 17.7108},
{'frames': 70,'inference_time': 10.8026},
{'frames': 95,'inference_time': 14.6477},
{'frames': 91,'inference_time': 14.0441},
{'frames': 113,'inference_time': 17.4007},
{'frames': 103,'inference_time': 15.8929},
{'frames': 86,'inference_time': 13.2563},
{'frames': 128,'inference_time': 19.7061},
{'frames': 133,'inference_time': 20.5555},
{'frames': 176,'inference_time': 27.0932},
{'frames': 223,'inference_time': 34.3737},
{'frames': 149,'inference_time': 22.9335},
{'frames': 181,'inference_time': 27.8904},
{'frames': 126,'inference_time': 19.3907},
{'frames': 97,'inference_time': 14.9689},
{'frames': 103,'inference_time': 15.8865},
{'frames': 119,'inference_time': 18.3184},
{'frames': 83,'inference_time': 12.8076},
{'frames': 96,'inference_time': 14.7919},
{'frames': 82,'inference_time': 12.6406},
{'frames': 94,'inference_time': 14.4869},
{'frames': 103,'inference_time': 15.8922},
{'frames': 89,'inference_time': 13.7034},
{'frames': 72,'inference_time': 11.0795},
{'frames': 209,'inference_time': 32.2110},
{'frames': 102,'inference_time': 15.7044},
{'frames': 105,'inference_time': 16.1778},
{'frames': 74,'inference_time': 11.4235},
{'frames': 103,'inference_time': 15.8772},
{'frames': 69,'inference_time': 10.6245},
{'frames': 65,'inference_time': 10.0245},
{'frames': 95,'inference_time': 14.6575},
{'frames': 78,'inference_time': 12.0106},
{'frames': 100,'inference_time': 15.4072},
{'frames': 88,'inference_time': 13.5890},
{'frames': 71,'inference_time': 10.9462},
{'frames': 62,'inference_time': 9.5563},
{'frames': 75,'inference_time': 11.5529},
{'frames': 134,'inference_time': 20.6508},
{'frames': 70,'inference_time': 10.8037},
{'frames': 81,'inference_time': 12.4738},
{'frames': 105,'inference_time': 16.1599},
{'frames': 104,'inference_time': 16.0340},
{'frames': 88,'inference_time': 13.5692},
{'frames': 87,'inference_time': 13.3976},
{'frames': 82,'inference_time': 12.6559},
{'frames': 82,'inference_time': 12.6513},
{'frames': 107,'inference_time': 16.4826},
{'frames': 78,'inference_time': 12.0130},
{'frames': 75,'inference_time': 11.5680},
{'frames': 80,'inference_time': 12.3349},
{'frames': 90,'inference_time': 13.8510},
{'frames': 77,'inference_time': 11.8636},
{'frames': 137,'inference_time': 21.1302},
{'frames': 73,'inference_time': 11.2584},
{'frames': 90,'inference_time': 13.8614},
{'frames': 103,'inference_time': 15.8912},
{'frames': 149,'inference_time': 22.9429},
{'frames': 100,'inference_time': 15.4134},
{'frames': 107,'inference_time': 16.4980},
{'frames': 94,'inference_time': 14.4915},
{'frames': 67,'inference_time': 10.3364},
{'frames': 98,'inference_time': 15.0958},
{'frames': 74,'inference_time': 11.4093},
{'frames': 86,'inference_time': 13.2470},
{'frames': 93,'inference_time': 14.3108},
{'frames': 87,'inference_time': 13.4084},
{'frames': 107,'inference_time': 16.4941},
{'frames': 127,'inference_time': 19.5580},
{'frames': 146,'inference_time': 22.5100},
{'frames': 223,'inference_time': 34.3437},
{'frames': 232,'inference_time': 35.7095},
{'frames': 216,'inference_time': 33.2610},
srun: Job step aborted: Waiting up to 32 seconds for job step to finish.
slurmstepd: error: *** JOB 8084678 ON gina14 CANCELLED AT 2025-12-31T12:53:57 DUE TO TIME LIMIT ***
slurmstepd: error: *** STEP 8084678.0 ON gina14 CANCELLED AT 2025-12-31T12:53:57 DUE TO TIME LIMIT ***

+-------------------- Job Report: 8084678 (TIMEOUT) --------------------+
| Memory (RAM)  [############        ] 63.8% (17.2 GB peak / 27 GB)     |
| CPU           [#################   ] 85.3% average                    |
| GPU           [#############       ] 66.3% average                    |
| Time          [------------------->] 100.2% (0-02:00:11 / 0-02:00:00) |
|                                                                       |
| Lustre Filesystem:                                                    |
|   Path    Total Read    Total Write    Total IOPS                     |
|   ------  ------------  -------------  ------------                   |
|   /apps   0 B           0 B            12                             |
|   /fred   733.3 MB      585.8 KB       6.9 K                          |
|   /home   0 B           0 B            1                              |
|   OS      2.5 MB        0 B            296                            |
|                                                                       |
| Warnings:                                                             |
|   - GPU usage is low                                                  |
+-----------------------------------------------------------------------+
