infogcn2 - base
Started time infogcn2 base
./training/model_timer.py
	Output device: cuda:0
	Temporal encoder: transformer
	Model total number of params: 613747
Number of trainable model params: 613747
	Loaded data using mmap mode
	Assigned self.data to unique split (test)
	Using memory-mapped data - skipping NaN filtering to preserve memory efficiency
	Finished loading data!
Average latency: 11.27 ms
FPS: 88.7

infogcn2 - cnn
Started time infogcn2 cnn
./training/model_timer.py
	Output device: cuda:0
	Temporal encoder: transformer
	Model total number of params: 620448
Number of trainable model params: 620448
	Loaded data using mmap mode
	Assigned self.data to unique split (test)
	Using memory-mapped data - skipping NaN filtering to preserve memory efficiency
	Finished loading data!
Average latency: 11.48 ms
FPS: 87.1

stgcn2 - base
Started time stgcn2 base
./training/model_timer.py
	Output device: cuda:0
	Model total number of params: 516454
Number of trainable model params: 516454
	Loaded data using mmap mode
	Assigned self.data to unique split (test)
	Using memory-mapped data - skipping NaN filtering to preserve memory efficiency
	Finished loading data!
Average latency: 3.76 ms
FPS: 265.9

stgcn2 - cnn
Started time stgcn2 cnn
./training/model_timer.py
	Output device: cuda:0
	Model total number of params: 537648
Number of trainable model params: 537648
	Loaded data using mmap mode
	Assigned self.data to unique split (test)
	Using memory-mapped data - skipping NaN filtering to preserve memory efficiency
	Finished loading data!
Average latency: 3.65 ms
FPS: 273.6

msg3d - base
Started time msg3d base
./training/model_timer.py
	Output device: cuda:0
	Model total number of params: 2194476
Number of trainable model params: 2194476
	Loaded data using mmap mode
	Assigned self.data to unique split (test)
	Using memory-mapped data - skipping NaN filtering to preserve memory efficiency
	Finished loading data!
Average latency: 11.77 ms
FPS: 85.0

msg3d - cnn
/fred/oz141/ldezoete/environment/lib64/python3.9/site-packages/torch/nn/init.py:452: UserWarning: Initializing zero-element tensors is a no-op
  warnings.warn("Initializing zero-element tensors is a no-op")
Started time msg3d cnn
./training/model_timer.py
	Output device: cuda:0
	Model total number of params: 2204420
Number of trainable model params: 2204420
	Loaded data using mmap mode
	Assigned self.data to unique split (test)
	Using memory-mapped data - skipping NaN filtering to preserve memory efficiency
	Finished loading data!
Average latency: 12.26 ms
FPS: 81.6


+------------------ Job Report: 8073966 (COMPLETED) -------------------+
| Memory (RAM)  [                    ]  0.0% (5 MB peak / 15 GB)       |
| CPU           [###############     ] 75.8% average                   |
| GPU           [#                   ]  9.5% average                   |
| Time          [->                  ]  6.9% (0-00:02:04 / 0-00:30:00) |
|                                                                      |
| Lustre Filesystem:                                                   |
|   Path    Total Read    Total Write    Total IOPS                    |
|   ------  ------------  -------------  ------------                  |
|   /apps   0 B           0 B            5                             |
|   /fred   134.4 MB      5.7 KB         7.8 K                         |
|   /home   0 B           0 B            5                             |
|   OS      0 B           0 B            881                           |
|                                                                      |
| Warnings:                                                            |
|   - Too much memory requested                                        |
|   - GPU usage is low                                                 |
|   - Too much time requested                                          |
+----------------------------------------------------------------------+
