========== SLURM JOB INFO ==========
Job ID:        8075501
Node(s):       gina4
Hostname:     gina4
CPUs/node:    1
GPUs:         
CUDA devices: 0
===================================

CPU INFO:
Architecture:                            x86_64
CPU(s):                                  64
On-line CPU(s) list:                     0-63
Model name:                              AMD EPYC 7543 32-Core Processor
CPU(s) scaling MHz:                      95%
NUMA node0 CPU(s):                       0-7
NUMA node1 CPU(s):                       8-15
NUMA node2 CPU(s):                       16-23
NUMA node3 CPU(s):                       24-31
NUMA node4 CPU(s):                       32-39
NUMA node5 CPU(s):                       40-47
NUMA node6 CPU(s):                       48-55
NUMA node7 CPU(s):                       56-63

GPU INFO:
name, compute_cap, memory.total [MiB]
NVIDIA A100-SXM4-80GB, 8.0, 81920 MiB
infogcn2 - base
Started time infogcn2 base
./training/model_timer.py
	Output device: cuda:0
	Temporal encoder: transformer
	Model total number of params: 613747
Number of trainable model params: 613747
	Loaded data using mmap mode
	Assigned self.data to unique split (test)
	Using memory-mapped data - skipping NaN filtering to preserve memory efficiency
	Finished loading data!
Average latency: 13.1819 ms
FPS: 75.8618

infogcn2 - cnn
Started time infogcn2 cnn
./training/model_timer.py
	Output device: cuda:0
	Temporal encoder: transformer
	Model total number of params: 620448
Number of trainable model params: 620448
	Loaded data using mmap mode
	Assigned self.data to unique split (test)
	Using memory-mapped data - skipping NaN filtering to preserve memory efficiency
	Finished loading data!
Average latency: 23.4588 ms
FPS: 42.6279

stgcn2 - base
Started time stgcn2 base
./training/model_timer.py
	Output device: cuda:0
	Model total number of params: 516454
Number of trainable model params: 516454
	Loaded data using mmap mode
	Assigned self.data to unique split (test)
	Using memory-mapped data - skipping NaN filtering to preserve memory efficiency
	Finished loading data!
Average latency: 5.6921 ms
FPS: 175.6808

stgcn2 - cnn
Started time stgcn2 cnn
./training/model_timer.py
	Output device: cuda:0
	Model total number of params: 537648
Number of trainable model params: 537648
	Loaded data using mmap mode
	Assigned self.data to unique split (test)
	Using memory-mapped data - skipping NaN filtering to preserve memory efficiency
	Finished loading data!
Average latency: 5.3601 ms
FPS: 186.5647

msg3d - base
Started time msg3d base
./training/model_timer.py
	Output device: cuda:0
	Model total number of params: 2194476
Number of trainable model params: 2194476
	Loaded data using mmap mode
	Assigned self.data to unique split (test)
	Using memory-mapped data - skipping NaN filtering to preserve memory efficiency
	Finished loading data!
slurmstepd: error: *** JOB 8075501 ON gina4 CANCELLED AT 2025-12-30T16:08:26 DUE TO TIME LIMIT ***
slurmstepd: error: *** STEP 8075501.4 ON gina4 CANCELLED AT 2025-12-30T16:08:26 DUE TO TIME LIMIT ***

+-------------------- Job Report: 8075501 (TIMEOUT) --------------------+
| Memory (RAM)  [#                   ]  5.0% (775 MB peak / 15 GB)      |
| CPU           [###########         ] 56.7% average                    |
| GPU           [#                   ]  9.6% average                    |
| Time          [------------------->] 100.3% (0-00:30:05 / 0-00:30:00) |
|                                                                       |
| Lustre Filesystem:                                                    |
|   Path    Total Read    Total Write    Total IOPS                     |
|   ------  ------------  -------------  ------------                   |
|   /apps   100 KB        0 B            11                             |
|   /fred   104.1 GB      20.7 KB        10.5 K                         |
|   /home   0 B           0 B            7                              |
|   OS      15.6 MB       0 B            1.5 K                          |
|                                                                       |
| Warnings:                                                             |
|   - Too much memory requested                                         |
|   - CPU usage is low                                                  |
|   - GPU usage is low                                                  |
+-----------------------------------------------------------------------+
