========== SLURM JOB INFO ==========
Job ID:        8076311
Node(s):       gina10
Hostname:     gina10
CPUs/node:    1
GPUs:         
CUDA devices: 0
===================================

CPU INFO:
Architecture:                            x86_64
CPU(s):                                  64
On-line CPU(s) list:                     0-63
Model name:                              AMD EPYC 7543 32-Core Processor
CPU(s) scaling MHz:                      94%
NUMA node0 CPU(s):                       0-7
NUMA node1 CPU(s):                       8-15
NUMA node2 CPU(s):                       16-23
NUMA node3 CPU(s):                       24-31
NUMA node4 CPU(s):                       32-39
NUMA node5 CPU(s):                       40-47
NUMA node6 CPU(s):                       48-55
NUMA node7 CPU(s):                       56-63

GPU INFO:
name, compute_cap, memory.total [MiB]
NVIDIA A100-SXM4-80GB, 8.0, 81920 MiB
infogcn2 - base
Started time infogcn2 base
./training/model_timer.py
	Output device: cuda:0
	Temporal encoder: transformer
	Model total number of params: 613747
Number of trainable model params: 613747
	Loaded data using mmap mode
	Assigned self.data to unique split (test)
	Using memory-mapped data - skipping NaN filtering to preserve memory efficiency
	Finished loading data!
Average latency: 12.1467 ms
FPS: 82.3266

infogcn2 - cnn
Started time infogcn2 cnn
./training/model_timer.py
	Output device: cuda:0
	Temporal encoder: transformer
	Model total number of params: 620448
Number of trainable model params: 620448
	Loaded data using mmap mode
	Assigned self.data to unique split (test)
	Using memory-mapped data - skipping NaN filtering to preserve memory efficiency
	Finished loading data!
Average latency: 17.4378 ms
FPS: 57.3468

stgcn2 - base
Started time stgcn2 base
./training/model_timer.py
	Output device: cuda:0
	Model total number of params: 516454
Number of trainable model params: 516454
	Loaded data using mmap mode
	Assigned self.data to unique split (test)
	Using memory-mapped data - skipping NaN filtering to preserve memory efficiency
	Finished loading data!
Average latency: 4.4340 ms
FPS: 225.5276

stgcn2 - cnn
Started time stgcn2 cnn
./training/model_timer.py
	Output device: cuda:0
	Model total number of params: 537648
Number of trainable model params: 537648
	Loaded data using mmap mode
	Assigned self.data to unique split (test)
	Using memory-mapped data - skipping NaN filtering to preserve memory efficiency
	Finished loading data!
Average latency: 4.2021 ms
FPS: 237.9763

msg3d - base
Started time msg3d base
./training/model_timer.py
	Output device: cuda:0
	Model total number of params: 2194476
Number of trainable model params: 2194476
	Loaded data using mmap mode
	Assigned self.data to unique split (test)
	Using memory-mapped data - skipping NaN filtering to preserve memory efficiency
	Finished loading data!
Average latency: 13.1290 ms
FPS: 76.1673

msg3d - cnn
/fred/oz141/ldezoete/environment/lib64/python3.9/site-packages/torch/nn/init.py:452: UserWarning: Initializing zero-element tensors is a no-op
  warnings.warn("Initializing zero-element tensors is a no-op")
Started time msg3d cnn
./training/model_timer.py
	Output device: cuda:0
	Model total number of params: 2204420
Number of trainable model params: 2204420
	Loaded data using mmap mode
	Assigned self.data to unique split (test)
	Using memory-mapped data - skipping NaN filtering to preserve memory efficiency
	Finished loading data!
Average latency: 22.4756 ms
FPS: 44.4926


+------------------ Job Report: 8076311 (COMPLETED) -------------------+
| Memory (RAM)  [                    ]  4.9% (758 MB peak / 15 GB)     |
| CPU           [############        ] 62.5% average                   |
| GPU           [###                 ] 18.5% average                   |
| Time          [------------>       ] 60.7% (0-00:36:26 / 0-01:00:00) |
|                                                                      |
| Lustre Filesystem:                                                   |
|   Path    Total Read    Total Write    Total IOPS                    |
|   ------  ------------  -------------  ------------                  |
|   /apps   0 B           0 B            6                             |
|   /fred   151.3 GB      30.8 KB        10.8 K                        |
|   /home   0 B           0 B            5                             |
|   OS      13.2 MB       0 B            1.1 K                         |
|                                                                      |
| Warnings:                                                            |
|   - Too much memory requested                                        |
|   - CPU usage is low                                                 |
|   - GPU usage is low                                                 |
|   - Too much time requested                                          |
+----------------------------------------------------------------------+
