Copying file: ./data/ucf101/aligned_data/ucf101_02_D1.npz to /var/tmp/jobfs/data
Dataset copied to JOBFS: ucf101_02_D1.npz
Data path: /var/tmp/jobfs/data/ucf101_02_D1.npz
Run name: ucf101_2_base_D1

### Libraries loaded
feeder: feeders.ucf101.Feeder
feeder_args:
  data_paths: {1: './data/ucf101/aligned_data/ucf101_01.npz', 2: './data/ucf101/aligned_data/ucf101_02.npz', 3: './data/ucf101/aligned_data/ucf101_03.npz'}
  label_path: ./data/ucf101/statistics/ucf101_annotations.yaml
  p_interval: [0.5, 1]
  random_shift: True
  random_choose: True
  window_size: 64
  random_move: True
  random_rot: True
  average_flow: False
  absolute_flow: False
  no_flow: True
extractor:
  data_paths: {'rgb_path': '../Datasets/UCF-101/', 'pose_path': './data/ucf101/pose/', 'flow_path': './data/ucf101/flow/', 'flowpose_path': './data/ucf101/flowpose/'}
  pose: {'weights': 'pretrained_models/yolo11x-pose.pt'}
  flow: {'weights': 'pretrained_models/raft_large.pt', 'imsize': [240, 320], 'minibatch_size': 16}
  flowpose: {'window_size': 5, 'threshold': 0.05, 'loop': False, 'norm': False, 'match_pose': False, 'ntu': False, 'dilation': 3}
model: model.infogcn2.sode.SODE
model_args:
  num_class: 101
  num_point: 17
  num_person: 2
  graph: graph.yolo_pose.Graph
  pose_channels: 3
  flow_channels: 0
  embed_channels: 64
  num_head: 3
  ode_method: euler
  depth: 4
  device: 0
  T: 64
  n_step: 3
  SAGC_proj: True
  num_cls: 10
  n_sample: 1
  backbone: transformer
  cnn: False
ignore_weights: []
phase: train
optim:
  base_lr: 0.1
  nesterov: True
  weight_decay: 0.0003
  step: [50, 60]
  gamma: 0.1
lambda_1: 1
lambda_2: 0.1
lambda_3: 0.001
lambda_4: 0.0
lambda_5: 0.0
num_epoch: 70
device: 0
batch_size: 256
forward_batch_size: 128
test_batch_size: 256
half: False
checkpoint_freq: 10
save_location: ./results/ucf101/
dataset: ucf101
model_type: base
evaluation: 2
run_name: ucf101_2_base_D1
description: train ucf101 2 base evaluation of ntu120 results!
data_path_overwrite: /var/tmp/jobfs/data/ucf101_02_D1.npz
verbose: True
### Arguments loaded
	Output device: cuda:0
	Temporal encoder: transformer
	Model total number of params: 658061
	Loading weights from ./results/ucf101/2/train/ucf101_2_base_D1.pt
	Checkpoint file does not yet exist
		([Errno 2] No such file or directory: './results/ucf101/2/train/ucf101_2_base_D1.pt')
### Model created
	Loaded data using mmap mode
	Self.data assigned
	Self.labels assigned
	Assigned self.data to unique split (train)
	Using memory-mapped data - skipping NaN filtering to preserve memory efficiency
	Finished loading data!
	Loaded data using mmap mode
	Assigned self.data to unique split (test)
	Using memory-mapped data - skipping NaN filtering to preserve memory efficiency
	Finished loading data!
### Dataloaders created
	Tracking:
		epoch
		train_time
		train_loss
		lr
		test_time
		test_loss
		train_ACC
		test_ACC
		train_AUC
		test_AUC
		train_cls_loss
		test_cls_loss
		train_feature_loss
		test_feature_loss
		train_recon_loss
		test_recon_loss
	Created new checkpoint file: ./results/ucf101/2/train/ucf101_2_base_D1.pt
		1 EPOCH BEST TEST AUC: 0.011240237392485142
			Train time: 46.27 seconds
			Test time: 12.27 seconds
		2 EPOCH BEST TEST AUC: 0.016168814152479172
			Train time: 45.29 seconds
			Test time: 13.37 seconds
		3 EPOCH BEST TEST AUC: 0.02579045668244362
			Train time: 42.01 seconds
			Test time: 11.18 seconds
		4 EPOCH BEST TEST AUC: 0.03521084785461426
			Train time: 43.22 seconds
			Test time: 12.25 seconds
		5 EPOCH BEST TEST AUC: 0.047547273337841034
			Train time: 43.60 seconds
			Test time: 12.10 seconds
		6 EPOCH BEST TEST AUC: 0.0591215118765831
			Train time: 43.32 seconds
			Test time: 12.27 seconds
		7 EPOCH BEST TEST AUC: 0.0600164458155632
			Train time: 42.98 seconds
			Test time: 11.98 seconds
		8 EPOCH BEST TEST AUC: 0.07374024391174316
			Train time: 43.44 seconds
			Test time: 11.73 seconds
		9 EPOCH BEST TEST AUC: 0.07631800323724747
			Train time: 43.52 seconds
			Test time: 12.48 seconds
		10 EPOCH BEST TEST AUC: 0.09162185341119766
			Train time: 43.01 seconds
			Test time: 11.90 seconds
		11 EPOCH BEST TEST AUC: 0.10198000073432922
			Train time: 43.74 seconds
			Test time: 12.12 seconds
		12 EPOCH BEST TEST AUC: 0.1032988578081131
			Train time: 43.89 seconds
			Test time: 12.27 seconds
		13 EPOCH BEST TEST AUC: 0.1093878448009491
			Train time: 43.41 seconds
			Test time: 11.74 seconds
		14 EPOCH BEST TEST AUC: 0.146153062582016
			Train time: 43.57 seconds
			Test time: 11.84 seconds
		15 EPOCH BEST TEST AUC: 0.1544344425201416
			Train time: 43.43 seconds
			Test time: 12.52 seconds
		16 EPOCH BEST TEST AUC: 0.1622191071510315
			Train time: 43.02 seconds
			Test time: 11.87 seconds
		17 EPOCH BEST TEST AUC: 0.18296536803245544
			Train time: 43.76 seconds
			Test time: 12.41 seconds
		18 EPOCH BEST TEST AUC: 0.1870589554309845
			Train time: 43.45 seconds
			Test time: 12.21 seconds
		19 EPOCH BEST TEST AUC: 0.1908528208732605
			Train time: 44.16 seconds
			Test time: 12.26 seconds
		20 EPOCH BEST TEST AUC: 0.20838329195976257
			Train time: 43.29 seconds
			Test time: 12.31 seconds
		21 EPOCH BEST TEST AUC: 0.20838329195976257
			Train time: 43.56 seconds
			Test time: 12.24 seconds
		22 EPOCH BEST TEST AUC: 0.2489851862192154
			Train time: 43.78 seconds
			Test time: 12.15 seconds
		23 EPOCH BEST TEST AUC: 0.2489851862192154
			Train time: 43.62 seconds
			Test time: 12.00 seconds
		24 EPOCH BEST TEST AUC: 0.2510276734828949
			Train time: 43.09 seconds
			Test time: 11.93 seconds
		25 EPOCH BEST TEST AUC: 0.26866525411605835
			Train time: 43.47 seconds
			Test time: 12.08 seconds
		26 EPOCH BEST TEST AUC: 0.3018806576728821
			Train time: 43.90 seconds
			Test time: 11.82 seconds
		27 EPOCH BEST TEST AUC: 0.3018806576728821
			Train time: 44.00 seconds
			Test time: 11.55 seconds
		28 EPOCH BEST TEST AUC: 0.3308783173561096
			Train time: 44.53 seconds
			Test time: 11.71 seconds
		29 EPOCH BEST TEST AUC: 0.3470000624656677
			Train time: 43.56 seconds
			Test time: 11.86 seconds
		30 EPOCH BEST TEST AUC: 0.3470000624656677
			Train time: 43.76 seconds
			Test time: 11.84 seconds
		31 EPOCH BEST TEST AUC: 0.3492352366447449
			Train time: 44.67 seconds
			Test time: 11.85 seconds
		32 EPOCH BEST TEST AUC: 0.365866482257843
			Train time: 43.49 seconds
			Test time: 11.51 seconds
		33 EPOCH BEST TEST AUC: 0.3699515461921692
			Train time: 42.64 seconds
			Test time: 12.01 seconds
		34 EPOCH BEST TEST AUC: 0.3773123025894165
			Train time: 42.51 seconds
			Test time: 11.87 seconds
		35 EPOCH BEST TEST AUC: 0.40612155199050903
			Train time: 46.73 seconds
			Test time: 11.89 seconds
		36 EPOCH BEST TEST AUC: 0.40807414054870605
			Train time: 42.50 seconds
			Test time: 11.77 seconds
		37 EPOCH BEST TEST AUC: 0.4193914532661438
			Train time: 45.66 seconds
			Test time: 12.55 seconds
		38 EPOCH BEST TEST AUC: 0.424786776304245
			Train time: 44.71 seconds
			Test time: 12.72 seconds
		39 EPOCH BEST TEST AUC: 0.44011205434799194
			Train time: 44.10 seconds
			Test time: 12.32 seconds
		40 EPOCH BEST TEST AUC: 0.44011205434799194
			Train time: 44.30 seconds
			Test time: 11.99 seconds
		41 EPOCH BEST TEST AUC: 0.44011205434799194
			Train time: 44.98 seconds
			Test time: 12.99 seconds
		42 EPOCH BEST TEST AUC: 0.4600789546966553
			Train time: 44.19 seconds
			Test time: 12.67 seconds
		43 EPOCH BEST TEST AUC: 0.4839510917663574
			Train time: 44.75 seconds
			Test time: 12.62 seconds
		44 EPOCH BEST TEST AUC: 0.4839510917663574
			Train time: 42.34 seconds
			Test time: 12.18 seconds
		45 EPOCH BEST TEST AUC: 0.4839510917663574
			Train time: 43.75 seconds
			Test time: 12.32 seconds
		46 EPOCH BEST TEST AUC: 0.4839510917663574
			Train time: 45.52 seconds
			Test time: 12.92 seconds
		47 EPOCH BEST TEST AUC: 0.4839510917663574
			Train time: 45.39 seconds
			Test time: 12.33 seconds
		48 EPOCH BEST TEST AUC: 0.4839510917663574
			Train time: 42.42 seconds
			Test time: 12.36 seconds
		49 EPOCH BEST TEST AUC: 0.48522281646728516
			Train time: 44.45 seconds
			Test time: 12.86 seconds
		50 EPOCH BEST TEST AUC: 0.4947931170463562
			Train time: 44.62 seconds
			Test time: 11.92 seconds
		51 EPOCH BEST TEST AUC: 0.5190463066101074
			Train time: 45.37 seconds
			Test time: 12.01 seconds
		52 EPOCH BEST TEST AUC: 0.5190463066101074
			Train time: 43.48 seconds
			Test time: 12.49 seconds
		53 EPOCH BEST TEST AUC: 0.5190463066101074
			Train time: 43.76 seconds
			Test time: 12.19 seconds
		54 EPOCH BEST TEST AUC: 0.5207548141479492
			Train time: 44.47 seconds
			Test time: 12.52 seconds
		55 EPOCH BEST TEST AUC: 0.5207548141479492
			Train time: 45.42 seconds
			Test time: 13.06 seconds
		56 EPOCH BEST TEST AUC: 0.5212814807891846
			Train time: 43.01 seconds
			Test time: 12.49 seconds
		57 EPOCH BEST TEST AUC: 0.5212814807891846
			Train time: 44.19 seconds
			Test time: 12.03 seconds
		58 EPOCH BEST TEST AUC: 0.5212814807891846
			Train time: 43.10 seconds
			Test time: 11.42 seconds
		59 EPOCH BEST TEST AUC: 0.5220993757247925
			Train time: 42.09 seconds
			Test time: 11.70 seconds
		60 EPOCH BEST TEST AUC: 0.5220993757247925
			Train time: 42.37 seconds
			Test time: 11.82 seconds
		61 EPOCH BEST TEST AUC: 0.5223177671432495
			Train time: 45.40 seconds
			Test time: 12.38 seconds
		62 EPOCH BEST TEST AUC: 0.5223177671432495
			Train time: 44.21 seconds
			Test time: 12.59 seconds
		63 EPOCH BEST TEST AUC: 0.5225575566291809
			Train time: 43.73 seconds
			Test time: 17.07 seconds
		64 EPOCH BEST TEST AUC: 0.5228016376495361
			Train time: 46.11 seconds
			Test time: 12.01 seconds
		65 EPOCH BEST TEST AUC: 0.5228016376495361
			Train time: 45.57 seconds
			Test time: 12.29 seconds
		66 EPOCH BEST TEST AUC: 0.5228016376495361
			Train time: 45.06 seconds
			Test time: 12.13 seconds
		67 EPOCH BEST TEST AUC: 0.5242917537689209
			Train time: 44.17 seconds
			Test time: 12.84 seconds
		68 EPOCH BEST TEST AUC: 0.5242917537689209
			Train time: 44.49 seconds
			Test time: 12.86 seconds
		69 EPOCH BEST TEST AUC: 0.5242917537689209
			Train time: 44.30 seconds
			Test time: 12.75 seconds
		70 EPOCH BEST TEST AUC: 0.5242917537689209
			Train time: 43.86 seconds
			Test time: 11.82 seconds
	Training time:         1:05:35
	Best train AUC: 0.7819645404815674
	Best test AUC: 0.5242917537689209

+------------------ Job Report: 4267066 (COMPLETED) -------------------+
| Memory (RAM)  [#####               ] 29.5% (1.5 GB peak / 5 GB)      |
| CPU           [########            ] 43.1% average                   |
| GPU           [#########           ] 45.2% average                   |
| Time          [--->                ] 15.9% (0-01:06:51 / 0-07:00:00) |
|                                                                      |
| Lustre Filesystem:                                                   |
|   Path    Total Read    Total Write      Total IOPS                  |
|   ------  ------------  -------------  ------------                  |
|   /apps   85.9 MB       0 B                    251                   |
|   /fred   26.9 GB       38.6 MB                472                   |
|   /home   0 B           0 B                      2                   |
|   OS      20.8 MB       0 B                    124                   |
|                                                                      |
| Warnings:                                                            |
|   - Too much memory requested                                        |
|   - CPU usage is low                                                 |
|   - GPU usage is low                                                 |
|   - Too much time requested                                          |
+----------------------------------------------------------------------+
