Mon Mar  9 13:04:38 AEDT 2026
Extracting LK flow
SLURM_ARRAY_TASK_ID: 8
Start index: 14000
End index: 16000
Extracting flowpose samples for ntudataset with dilation 5...
Found 56578 available skeleton files.

Processing flowpose samples for ntu dataset...
	Index 14000 to 16000
	Skeleton S006C001P015R001A004 to S006C002P024R002A035
	Frames dropped for S006C001P016R001A008: 6
		Frame 0 in skip list, add blank frame to poses
	Frames dropped for S006C001P017R001A060: 7
Processed 14000-14499 in 1310.79 seconds
	Frames dropped for S006C001P023R001A055: 35
	Frames dropped for S006C002P007R001A007: 19
		Frame 0 in skip list, add blank frame to poses
Processed 14500-14999 in 957.58 seconds
	Frames dropped for S006C002P007R001A060: 6
	Frames dropped for S006C002P007R002A014: 31
	Frames dropped for S006C002P008R001A060: 14
	Frames dropped for S006C002P008R002A059: 48
		Frame 0 in skip list, add blank frame to poses
	Frames dropped for S006C002P008R002A060: 20
	Frames dropped for S006C002P016R001A008: 9
	Frames dropped for S006C002P016R001A042: 7
Processed 15000-15499 in 867.76 seconds
	Frames dropped for S006C002P022R002A059: 32
		Frame 0 in skip list, add blank frame to poses
	Frames dropped for S006C002P023R001A014: 68
		Frame 0 in skip list, add blank frame to poses
Processed 15500-15999 in 847.40 seconds
Processed 2000 in: 3983.54 seconds
Flowpose samples for ntu dataset generated successfully!
Data saved to ./data/ntu/flow_data/export_tmp
Full filename path: ./data/ntu/flow_data/export_tmp/flow_14k-16k.pkl

+------------------ Job Report: 10286602 (COMPLETED) ------------------+
| Memory (RAM)  [###                 ] 19.8% (5.3 GB peak / 27 GB)     |
| CPU           [###############     ] 79.2% average                   |
| Time          [----------->        ] 55.8% (0-01:06:58 / 0-02:00:00) |
|                                                                      |
| Lustre Filesystem:                                                   |
|   Path    Total Read    Total Write    Total IOPS                    |
|   ------  ------------  -------------  ------------                  |
|   /apps   0 B           0 B            38                            |
|   /fred   4.2 GB        12.2 KB        8 K                           |
|   OS      128 KB        0 B            195                           |
|                                                                      |
| Warnings:                                                            |
|   - Too much memory requested                                        |
|   - Too much time requested                                          |
+----------------------------------------------------------------------+
