Mon Mar  9 13:04:39 AEDT 2026
Extracting LK flow
SLURM_ARRAY_TASK_ID: 19
Start index: 36000
End index: 38000
Extracting flowpose samples for ntudataset with dilation 5...
Found 56578 available skeleton files.

Processing flowpose samples for ntu dataset...
	Index 36000 to 38000
	Skeleton S011C003P007R002A020 to S012C001P019R001A045
	Frames dropped for S011C003P008R002A060: 10
Processed 36000-36499 in 666.79 seconds
	Frames dropped for S011C003P018R001A060: 6
	Frames dropped for S011C003P019R001A059: 19
		Frame 0 in skip list, add blank frame to poses
	Frames dropped for S011C003P019R002A055: 18
	Frames dropped for S011C003P025R001A060: 4
	Frames dropped for S011C003P027R001A055: 18
Processed 36500-36999 in 714.49 seconds
Processed 37000-37499 in 706.64 seconds
Processed 37500-37999 in 646.19 seconds
Processed 2000 in: 2734.12 seconds
Flowpose samples for ntu dataset generated successfully!
Data saved to ./data/ntu/flow_data/export_tmp
Full filename path: ./data/ntu/flow_data/export_tmp/flow_36k-38k.pkl

+------------------ Job Report: 10286857 (COMPLETED) ------------------+
| Memory (RAM)  [###                 ] 19.1% (5.2 GB peak / 27 GB)     |
| CPU           [################    ] 84.0% average                   |
| Time          [------->            ] 38.5% (0-00:46:09 / 0-02:00:00) |
|                                                                      |
| Lustre Filesystem:                                                   |
|   Path    Total Read    Total Write    Total IOPS                    |
|   ------  ------------  -------------  ------------                  |
|   /apps   580 KB        0 B            37                            |
|   /fred   6.6 GB        5.5 KB         8.3 K                         |
|   OS      396 KB        0 B            195                           |
|                                                                      |
| Warnings:                                                            |
|   - Too much memory requested                                        |
|   - Too much time requested                                          |
+----------------------------------------------------------------------+
