Mon Mar  9 13:04:37 AEDT 2026
Extracting LK flow
SLURM_ARRAY_TASK_ID: 25
Start index: 48000
End index: 50000
Extracting flowpose samples for ntudataset with dilation 5...
Found 56578 available skeleton files.

Processing flowpose samples for ntu dataset...
	Index 48000 to 50000
	Skeleton S014C003P027R001A008 to S015C002P019R002A039
	Frames dropped for S014C003P027R001A055: 37
	Frames dropped for S014C003P037R002A059: 47
		Frame 0 in skip list, add blank frame to poses
	Frames dropped for S015C001P007R001A059: 53
		Frame 0 in skip list, add blank frame to poses
Processed 48000-48499 in 644.88 seconds
	Frames dropped for S015C001P008R001A060: 8
	Frames dropped for S015C001P008R002A059: 30
		Frame 0 in skip list, add blank frame to poses
	Frames dropped for S015C001P016R002A060: 22
		Frame 0 in skip list, add blank frame to poses
	Frames dropped for S015C001P017R001A060: 6
Processed 48500-48999 in 618.67 seconds
	Frames dropped for S015C001P019R001A055: 19
	Frames dropped for S015C001P025R001A055: 22
	Frames dropped for S015C001P037R001A055: 26
	Frames dropped for S015C002P007R002A059: 59
		Frame 0 in skip list, add blank frame to poses
Processed 49000-49499 in 737.06 seconds
	Frames dropped for S015C002P008R002A055: 19
	Frames dropped for S015C002P008R002A059: 52
		Frame 0 in skip list, add blank frame to poses
	Frames dropped for S015C002P015R002A059: 32
		Frame 0 in skip list, add blank frame to poses
	Frames dropped for S015C002P015R002A060: 3
	Frames dropped for S015C002P019R001A060: 70
Processed 49500-49999 in 682.01 seconds
Processed 2000 in: 2682.64 seconds
Flowpose samples for ntu dataset generated successfully!
Data saved to ./data/ntu/flow_data/export_tmp
Full filename path: ./data/ntu/flow_data/export_tmp/flow_48k-50k.pkl

+------------------ Job Report: 10286863 (COMPLETED) ------------------+
| Memory (RAM)  [###                 ] 17.9% (4.8 GB peak / 27 GB)     |
| CPU           [#################   ] 85.8% average                   |
| Time          [------->            ] 37.7% (0-00:45:17 / 0-02:00:00) |
|                                                                      |
| Lustre Filesystem:                                                   |
|   Path    Total Read    Total Write    Total IOPS                    |
|   ------  ------------  -------------  ------------                  |
|   /apps   36.9 MB       0 B            43                            |
|   /fred   4.2 GB        18.3 KB        8.7 K                         |
|   OS      4.9 MB        0 B            327                           |
|                                                                      |
| Warnings:                                                            |
|   - Too much memory requested                                        |
|   - Too much time requested                                          |
+----------------------------------------------------------------------+
