Mon Mar  9 13:04:37 AEDT 2026
Extracting LK flow
SLURM_ARRAY_TASK_ID: 27
Start index: 52000
End index: 54000
Extracting flowpose samples for ntudataset with dilation 5...
Found 56578 available skeleton files.

Processing flowpose samples for ntu dataset...
	Index 52000 to 54000
	Skeleton S016C001P040R002A020 to S017C001P008R001A051
	Frames dropped for S016C002P007R002A059: 57
		Frame 0 in skip list, add blank frame to poses
	Frames dropped for S016C002P007R002A060: 9
	Frames dropped for S016C002P008R001A013: 10
	Frames dropped for S016C002P008R001A014: 38
		Frame 0 in skip list, add blank frame to poses
	Frames dropped for S016C002P008R001A060: 21
	Frames dropped for S016C002P008R002A059: 60
		Frame 0 in skip list, add blank frame to poses
Processed 52000-52499 in 702.71 seconds
	Frames dropped for S016C002P021R002A059: 78
		Frame 0 in skip list, add blank frame to poses
	Frames dropped for S016C002P021R002A060: 17
	Frames dropped for S016C002P025R002A059: 47
		Frame 0 in skip list, add blank frame to poses
	Frames dropped for S016C002P039R002A055: 25
	Frames dropped for S016C002P039R002A057: 31
	Frames dropped for S016C002P040R001A009: 19
	Frames dropped for S016C002P040R002A055: 12
	Frames dropped for S016C002P040R002A059: 32
		Frame 0 in skip list, add blank frame to poses
	Frames dropped for S016C002P040R002A060: 56
		Frame 0 in skip list, add blank frame to poses
	Frames dropped for S016C003P007R001A005: 8
	Frames dropped for S016C003P007R001A059: 58
		Frame 0 in skip list, add blank frame to poses
	Frames dropped for S016C003P007R001A060: 1
Processed 52500-52999 in 711.72 seconds
	Frames dropped for S016C003P019R001A059: 62
		Frame 0 in skip list, add blank frame to poses
	Frames dropped for S016C003P019R001A060: 6
	Frames dropped for S016C003P021R001A055: 6
	Frames dropped for S016C003P021R001A059: 73
		Frame 0 in skip list, add blank frame to poses
Processed 53000-53499 in 665.77 seconds
	Frames dropped for S016C003P039R002A043: 14
Processed 53500-53999 in 638.87 seconds
Processed 2000 in: 2719.07 seconds
Flowpose samples for ntu dataset generated successfully!
Data saved to ./data/ntu/flow_data/export_tmp
Full filename path: ./data/ntu/flow_data/export_tmp/flow_52k-54k.pkl

+------------------ Job Report: 10286865 (COMPLETED) ------------------+
| Memory (RAM)  [###                 ] 19.4% (5.2 GB peak / 27 GB)     |
| CPU           [################    ] 80.9% average                   |
| Time          [------->            ] 38.2% (0-00:45:54 / 0-02:00:00) |
|                                                                      |
| Lustre Filesystem:                                                   |
|   Path    Total Read    Total Write    Total IOPS                    |
|   ------  ------------  -------------  ------------                  |
|   /apps   3.7 MB        0 B            159                           |
|   /fred   4.5 GB        25.4 KB        9.7 K                         |
|   OS      5.3 MB        0 B            546                           |
|                                                                      |
| Warnings:                                                            |
|   - Too much memory requested                                        |
|   - Too much time requested                                          |
+----------------------------------------------------------------------+
