Mon Mar  9 13:04:37 AEDT 2026
Extracting LK flow
SLURM_ARRAY_TASK_ID: 9
Start index: 16000
End index: 18000
Extracting flowpose samples for ntudataset with dilation 5...
Found 56578 available skeleton files.

Processing flowpose samples for ntu dataset...
	Index 16000 to 18000
	Skeleton S006C002P024R002A036 to S007C001P018R002A005
	Frames dropped for S006C003P007R001A014: 28
	Frames dropped for S006C003P008R001A014: 13
	Frames dropped for S006C003P008R001A059: 51
		Frame 0 in skip list, add blank frame to poses
	Frames dropped for S006C003P008R001A060: 5
Processed 16000-16499 in 1262.98 seconds
	Frames dropped for S006C003P019R001A059: 38
		Frame 0 in skip list, add blank frame to poses
	Frames dropped for S006C003P019R001A060: 16
	Frames dropped for S006C003P019R002A050: 18
		Frame 0 in skip list, add blank frame to poses
	Frames dropped for S006C003P022R001A059: 66
		Frame 0 in skip list, add blank frame to poses
Processed 16500-16999 in 976.07 seconds
	Frames dropped for S006C003P023R001A060: 5
	Frames dropped for S006C003P024R002A055: 24
Processed 17000-17499 in 818.37 seconds
	Frames dropped for S007C001P015R001A055: 10
	Frames dropped for S007C001P018R001A014: 33
Processed 17500-17999 in 782.10 seconds
Processed 2000 in: 3839.53 seconds
Flowpose samples for ntu dataset generated successfully!
Data saved to ./data/ntu/flow_data/export_tmp
Full filename path: ./data/ntu/flow_data/export_tmp/flow_16k-18k.pkl

+------------------ Job Report: 10286603 (COMPLETED) ------------------+
| Memory (RAM)  [###                 ] 17.7% (4.8 GB peak / 27 GB)     |
| CPU           [###############     ] 77.8% average                   |
| Time          [---------->         ] 53.8% (0-01:04:35 / 0-02:00:00) |
|                                                                      |
| Lustre Filesystem:                                                   |
|   Path    Total Read    Total Write    Total IOPS                    |
|   ------  ------------  -------------  ------------                  |
|   /apps   76 KB         0 B            11                            |
|   /fred   4.9 GB        11 KB          5.9 K                         |
|   OS      0 B           0 B            11                            |
|                                                                      |
| Warnings:                                                            |
|   - Too much memory requested                                        |
|   - Too much time requested                                          |
+----------------------------------------------------------------------+
