Mon Mar  9 13:04:37 AEDT 2026
Extracting LK flow
SLURM_ARRAY_TASK_ID: 6
Start index: 10000
End index: 12000
Extracting flowpose samples for ntudataset with dilation 5...
Found 56578 available skeleton files.

Processing flowpose samples for ntu dataset...
	Index 10000 to 12000
	Skeleton S004C002P007R002A002 to S005C002P013R001A034
	Frames dropped for S004C002P008R001A010: 31
		Frame 0 in skip list, add blank frame to poses
	Frames dropped for S004C002P020R001A060: 5
	Frames dropped for S004C003P003R001A059: 28
		Frame 0 in skip list, add blank frame to poses
Processed 10000-10499 in 1389.51 seconds
	Frames dropped for S005C001P004R001A059: 55
		Frame 0 in skip list, add blank frame to poses
Processed 10500-10999 in 949.56 seconds
	Frames dropped for S005C001P015R002A042: 6
	Frames dropped for S005C001P016R002A042: 30
Processed 11000-11499 in 757.05 seconds
	Frames dropped for S005C002P004R001A059: 51
	Frames dropped for S005C002P010R002A055: 6
Processed 11500-11999 in 805.86 seconds
Processed 2000 in: 3901.98 seconds
Flowpose samples for ntu dataset generated successfully!
Data saved to ./data/ntu/flow_data/export_tmp
Full filename path: ./data/ntu/flow_data/export_tmp/flow_10k-12k.pkl

+------------------ Job Report: 10286600 (COMPLETED) ------------------+
| Memory (RAM)  [###                 ] 16.5% (4.5 GB peak / 27 GB)     |
| CPU           [###############     ] 77.6% average                   |
| Time          [---------->         ] 54.7% (0-01:05:37 / 0-02:00:00) |
|                                                                      |
| Lustre Filesystem:                                                   |
|   Path    Total Read    Total Write    Total IOPS                    |
|   ------  ------------  -------------  ------------                  |
|   /apps   0 B           0 B            39                            |
|   /fred   5.1 GB        7.1 KB         8 K                           |
|   OS      108 KB        0 B            212                           |
|                                                                      |
| Warnings:                                                            |
|   - Too much memory requested                                        |
|   - Too much time requested                                          |
+----------------------------------------------------------------------+
