Mon Mar  9 13:04:37 AEDT 2026
Extracting LK flow
SLURM_ARRAY_TASK_ID: 3
Start index: 4000
End index: 6000
Extracting flowpose samples for ntudataset with dilation 5...
Found 56578 available skeleton files.

Processing flowpose samples for ntu dataset...
	Index 4000 to 6000
	Skeleton S002C002P003R001A049 to S002C003P014R001A013
	Frames dropped for S002C002P007R002A055: 29
	Frames dropped for S002C002P009R001A055: 43
	Frames dropped for S002C002P010R001A001: 5
		Frame 0 in skip list, add blank frame to poses
	Frames dropped for S002C002P010R001A055: 7
Processed 4000-4499 in 720.23 seconds
	Frames dropped for S002C002P012R001A042: 4
	Frames dropped for S002C002P014R001A055: 9
Processed 4500-4999 in 725.72 seconds
Processed 5000-5499 in 702.48 seconds
	Frames dropped for S002C003P011R001A055: 47
Processed 5500-5999 in 694.76 seconds
Processed 2000 in: 2843.20 seconds
Flowpose samples for ntu dataset generated successfully!
Data saved to ./data/ntu/flow_data/export_tmp
Full filename path: ./data/ntu/flow_data/export_tmp/flow_4k-6k.pkl

+------------------ Job Report: 10286597 (COMPLETED) ------------------+
| Memory (RAM)  [###                 ] 17.8% (4.8 GB peak / 27 GB)     |
| CPU           [#################   ] 86.0% average                   |
| Time          [------->            ] 40.0% (0-00:47:58 / 0-02:00:00) |
|                                                                      |
| Lustre Filesystem:                                                   |
|   Path    Total Read    Total Write    Total IOPS                    |
|   ------  ------------  -------------  ------------                  |
|   /apps   16 KB         0 B            35                            |
|   /fred   4 GB          6.2 KB         8 K                           |
|   OS      372 KB        0 B            204                           |
|                                                                      |
| Warnings:                                                            |
|   - Too much memory requested                                        |
|   - Too much time requested                                          |
+----------------------------------------------------------------------+
