Mon Mar  9 13:04:38 AEDT 2026
Extracting LK flow
SLURM_ARRAY_TASK_ID: 14
Start index: 26000
End index: 28000
Extracting flowpose samples for ntudataset with dilation 5...
Found 56578 available skeleton files.

Processing flowpose samples for ntu dataset...
	Index 26000 to 28000
	Skeleton S008C003P032R002A051 to S009C002P019R002A034
	Frames dropped for S008C003P033R001A055: 31
	Frames dropped for S008C003P033R001A059: 46
		Frame 0 in skip list, add blank frame to poses
	Frames dropped for S008C003P033R002A042: 41
	Frames dropped for S008C003P034R001A059: 34
		Frame 0 in skip list, add blank frame to poses
	Frames dropped for S008C003P034R002A042: 29
	Frames dropped for S008C003P034R002A043: 14
	Frames dropped for S008C003P035R002A043: 10
	Frames dropped for S008C003P036R001A055: 26
	Frames dropped for S008C003P036R001A059: 59
		Frame 0 in skip list, add blank frame to poses
Processed 26000-26499 in 1135.50 seconds
Processed 26500-26999 in 1018.55 seconds
	Frames dropped for S009C001P025R002A060: 10
	Frames dropped for S009C002P007R001A002: 10
		Frame 0 in skip list, add blank frame to poses
Processed 27000-27499 in 1003.65 seconds
	Frames dropped for S009C002P019R001A003: 23
		Frame 0 in skip list, add blank frame to poses
	Frames dropped for S009C002P019R001A055: 6
Processed 27500-27999 in 794.64 seconds
Processed 2000 in: 3952.35 seconds
Flowpose samples for ntu dataset generated successfully!
Data saved to ./data/ntu/flow_data/export_tmp
Full filename path: ./data/ntu/flow_data/export_tmp/flow_26k-28k.pkl

+------------------ Job Report: 10286852 (COMPLETED) ------------------+
| Memory (RAM)  [####                ] 21.7% (5.8 GB peak / 27 GB)     |
| CPU           [###############     ] 79.0% average                   |
| Time          [----------->        ] 55.4% (0-01:06:28 / 0-02:00:00) |
|                                                                      |
| Lustre Filesystem:                                                   |
|   Path    Total Read    Total Write    Total IOPS                    |
|   ------  ------------  -------------  ------------                  |
|   /apps   0 B           0 B            29                            |
|   /fred   4.5 GB        12.5 KB        8 K                           |
|   OS      412 KB        0 B            165                           |
|                                                                      |
| Warnings:                                                            |
|   - Too much memory requested                                        |
|   - Too much time requested                                          |
+----------------------------------------------------------------------+
