Mon Mar  9 13:04:38 AEDT 2026
Extracting LK flow
SLURM_ARRAY_TASK_ID: 26
Start index: 50000
End index: 52000
Extracting flowpose samples for ntudataset with dilation 5...
Found 56578 available skeleton files.

Processing flowpose samples for ntu dataset...
	Index 50000 to 52000
	Skeleton S015C002P019R002A040 to S016C001P040R002A019
	Frames dropped for S015C002P025R002A055: 7
	Frames dropped for S015C002P025R002A059: 36
		Frame 0 in skip list, add blank frame to poses
	Frames dropped for S015C002P037R001A060: 6
	Frames dropped for S015C003P007R001A059: 32
		Frame 0 in skip list, add blank frame to poses
	Frames dropped for S015C003P008R002A013: 27
		Frame 0 in skip list, add blank frame to poses
Processed 50000-50499 in 639.87 seconds
	Frames dropped for S015C003P015R002A008: 19
	Frames dropped for S015C003P016R002A008: 2
Processed 50500-50999 in 565.08 seconds
	Frames dropped for S015C003P037R001A055: 27
	Frames dropped for S016C001P007R002A008: 4
	Frames dropped for S016C001P008R001A060: 13
	Frames dropped for S016C001P008R002A059: 42
		Frame 0 in skip list, add blank frame to poses
	Frames dropped for S016C001P019R001A014: 3
		Frame 0 in skip list, add blank frame to poses
Processed 51000-51499 in 620.11 seconds
	Frames dropped for S016C001P019R002A011: 29
Processed 51500-51999 in 641.70 seconds
Processed 2000 in: 2466.77 seconds
Flowpose samples for ntu dataset generated successfully!
Data saved to ./data/ntu/flow_data/export_tmp
Full filename path: ./data/ntu/flow_data/export_tmp/flow_50k-52k.pkl

+------------------ Job Report: 10286864 (COMPLETED) ------------------+
| Memory (RAM)  [###                 ] 19.2% (5.2 GB peak / 27 GB)     |
| CPU           [################    ] 84.9% average                   |
| Time          [------>             ] 34.8% (0-00:41:43 / 0-02:00:00) |
|                                                                      |
| Lustre Filesystem:                                                   |
|   Path    Total Read    Total Write    Total IOPS                    |
|   ------  ------------  -------------  ------------                  |
|   /apps   100 KB        0 B            42                            |
|   /fred   4.6 GB        13.6 KB        9 K                           |
|   OS      520 KB        0 B            255                           |
|                                                                      |
| Warnings:                                                            |
|   - Too much memory requested                                        |
|   - Too much time requested                                          |
+----------------------------------------------------------------------+
