Mon Mar  9 13:04:39 AEDT 2026
Extracting LK flow
SLURM_ARRAY_TASK_ID: 23
Start index: 44000
End index: 46000
Extracting flowpose samples for ntudataset with dilation 5...
Found 56578 available skeleton files.

Processing flowpose samples for ntu dataset...
	Index 44000 to 46000
	Skeleton S013C003P008R002A012 to S014C001P037R001A038
	Frames dropped for S013C003P018R001A055: 6
Processed 44000-44499 in 601.07 seconds
	Frames dropped for S013C003P025R001A055: 13
	Frames dropped for S013C003P025R001A059: 42
		Frame 0 in skip list, add blank frame to poses
	Frames dropped for S013C003P025R002A059: 34
		Frame 0 in skip list, add blank frame to poses
	Frames dropped for S013C003P025R002A060: 11
Processed 44500-44999 in 627.15 seconds
	Frames dropped for S013C003P037R002A055: 16
	Frames dropped for S014C001P007R002A059: 51
		Frame 0 in skip list, add blank frame to poses
	Frames dropped for S014C001P007R002A060: 6
	Frames dropped for S014C001P008R002A060: 27
Processed 45000-45499 in 697.44 seconds
	Frames dropped for S014C001P025R002A060: 7
Processed 45500-45999 in 685.58 seconds
Processed 2000 in: 2611.24 seconds
Flowpose samples for ntu dataset generated successfully!
Data saved to ./data/ntu/flow_data/export_tmp
Full filename path: ./data/ntu/flow_data/export_tmp/flow_44k-46k.pkl

+------------------ Job Report: 10286861 (COMPLETED) ------------------+
| Memory (RAM)  [###                 ] 18.4% (5 GB peak / 27 GB)       |
| CPU           [################    ] 84.1% average                   |
| Time          [------->            ] 36.8% (0-00:44:06 / 0-02:00:00) |
|                                                                      |
| Lustre Filesystem:                                                   |
|   Path    Total Read    Total Write    Total IOPS                    |
|   ------  ------------  -------------  ------------                  |
|   /apps   0 B           0 B            41                            |
|   /fred   5.8 GB        9 KB           8.5 K                         |
|   OS      592 KB        0 B            190                           |
|                                                                      |
| Warnings:                                                            |
|   - Too much memory requested                                        |
|   - Too much time requested                                          |
+----------------------------------------------------------------------+
