Copying file: ./data/ntu/aligned_data/ntu_CS-flowpose_D4_aligned.npz to /var/tmp/jobfs/data
Dataset copied to JOBFS: ntu_CS-flowpose_D4_aligned.npz
Data path: /var/tmp/jobfs/data/ntu_CS-flowpose_D4_aligned.npz
Run name: ntu_CS_cnn_D4

### Libraries loaded
feeder: feeders.ntu_rgb_d.Feeder
feeder_args:
  data_paths: {'CS': './data/ntu/aligned_data/ntu_CS-flowpose_D3_aligned.npz', 'CV': './data/ntu/aligned_data/ntu_CV-flowpose_D3_aligned.npz'}
  label_path: ./data/ntu/statistics/ntu_rgbd-annotations.yaml
  p_interval: [0.5, 1]
  random_choose: True
  random_shift: True
  window_size: 64
  random_move: True
  random_rot: True
  average_flow: False
  absolute_flow: False
  no_flow: False
  no_Z: True
extractor:
  preprocessed: True
  pose: {'weights': 'pretrained_models/yolo11x-pose.pt'}
  flow: {'weights': 'pretrained_models/raft_large.pt', 'imsize': [1080, 1920], 'minibatch_size': 3}
  flowpose: {'window_size': 5, 'threshold': 0.05, 'loop': False, 'norm': False, 'match_pose': False, 'ntu': True, 'dilation': 3}
model: model.infogcn2.sode.SODE
model_args:
  num_class: 60
  num_point: 25
  num_person: 2
  graph: graph.ntu_rgb_d.Graph
  pose_channels: 2
  flow_channels: 50
  embed_channels: 64
  num_head: 3
  ode_method: euler
  depth: 4
  device: 0
  T: 64
  n_step: 3
  SAGC_proj: True
  num_cls: 10
  n_sample: 1
  backbone: transformer
  cnn: True
  use_mask: True
ignore_weights: []
phase: train
optim:
  base_lr: 0.1
  nesterov: True
  weight_decay: 0.0003
  step: [50, 60]
  gamma: 0.1
lambda_1: 1
lambda_2: 0.1
lambda_3: 0.001
lambda_4: 0.0
lambda_5: 0.0
num_epoch: 70
device: 0
batch_size: 256
forward_batch_size: 128
test_batch_size: 256
half: False
checkpoint_freq: 10
save_location: ./results/ntu/
dataset: ntu
model_type: cnn
evaluation: CS
run_name: ntu_CS_cnn_D4
description: train ntu CS cnn with dilation 4 TESTING n_step = 4
data_path_overwrite: /var/tmp/jobfs/data/ntu_CS-flowpose_D4_aligned.npz
verbose: True
### Arguments loaded
	Output device: cuda:0
	Temporal encoder: transformer
	Model total number of params: 620416
	Loading weights from ./results/ntu/CS/train/ntu_CS_cnn_D4.pt
	Total number of weights removed: 0
	Pretrained model loaded
### Model created
	Loaded data using mmap mode
	Self.data assigned
	Self.labels assigned
	Assigned self.data to unique split (train)
	Using memory-mapped data - skipping NaN filtering to preserve memory efficiency
	Finished loading data!
	Loaded data using mmap mode
	Assigned self.data to unique split (test)
	Using memory-mapped data - skipping NaN filtering to preserve memory efficiency
	Finished loading data!
### Dataloaders created
	Tracking:
		epoch
		train_time
		train_loss
		lr
		test_time
		test_loss
		train_ACC
		test_ACC
		train_AUC
		test_AUC
		train_cls_loss
		test_cls_loss
		train_feature_loss
		test_feature_loss
		train_recon_loss
		test_recon_loss
	Resuming from checkpoint at epoch 50
		1 EPOCH BEST TEST ACC: 0.04102569818496704
			Train time: 575.29 seconds
			Test time: 165.10 seconds
		2 EPOCH BEST TEST ACC: 0.12365613877773285
			Train time: 586.99 seconds
			Test time: 163.65 seconds
		3 EPOCH BEST TEST ACC: 0.2018948793411255
			Train time: 573.53 seconds
			Test time: 162.71 seconds
		4 EPOCH BEST TEST ACC: 0.3425511419773102
			Train time: 577.64 seconds
			Test time: 157.38 seconds
		5 EPOCH BEST TEST ACC: 0.4310555160045624
			Train time: 554.40 seconds
			Test time: 156.37 seconds
		6 EPOCH BEST TEST ACC: 0.4742230772972107
			Train time: 567.58 seconds
			Test time: 156.08 seconds
		7 EPOCH BEST TEST ACC: 0.5025304555892944
			Train time: 552.78 seconds
			Test time: 155.98 seconds
		8 EPOCH BEST TEST ACC: 0.5541818737983704
			Train time: 552.31 seconds
			Test time: 156.25 seconds
		9 EPOCH BEST TEST ACC: 0.5315987467765808
			Train time: 553.71 seconds
			Test time: 157.98 seconds
		10 EPOCH BEST TEST ACC: 0.5767432451248169
			Train time: 545.57 seconds
			Test time: 154.93 seconds
		11 EPOCH BEST TEST ACC: 0.577799916267395
			Train time: 542.55 seconds
			Test time: 155.07 seconds
		12 EPOCH BEST TEST ACC: 0.5939205884933472
			Train time: 547.65 seconds
			Test time: 156.03 seconds
		13 EPOCH BEST TEST ACC: 0.6106752753257751
			Train time: 546.28 seconds
			Test time: 155.68 seconds
		14 EPOCH BEST TEST ACC: 0.6179063320159912
			Train time: 550.63 seconds
			Test time: 156.14 seconds
		15 EPOCH BEST TEST ACC: 0.6158630847930908
			Train time: 541.76 seconds
			Test time: 155.57 seconds
		16 EPOCH BEST TEST ACC: 0.6283539533615112
			Train time: 539.51 seconds
			Test time: 154.81 seconds
		17 EPOCH BEST TEST ACC: 0.6246730089187622
			Train time: 544.72 seconds
			Test time: 154.03 seconds
		18 EPOCH BEST TEST ACC: 0.632096529006958
			Train time: 553.65 seconds
			Test time: 154.59 seconds
		19 EPOCH BEST TEST ACC: 0.6369905471801758
			Train time: 561.40 seconds
			Test time: 154.70 seconds
		20 EPOCH BEST TEST ACC: 0.6397815346717834
			Train time: 549.24 seconds
			Test time: 158.17 seconds
		21 EPOCH BEST TEST ACC: 0.637519359588623
			Train time: 549.33 seconds
			Test time: 154.12 seconds
		22 EPOCH BEST TEST ACC: 0.6393929719924927
			Train time: 550.35 seconds
			Test time: 155.03 seconds
		23 EPOCH BEST TEST ACC: 0.6561059951782227
			Train time: 548.41 seconds
			Test time: 155.40 seconds
		24 EPOCH BEST TEST ACC: 0.6493411064147949
			Train time: 542.75 seconds
			Test time: 153.50 seconds
		25 EPOCH BEST TEST ACC: 0.6493316888809204
			Train time: 545.32 seconds
			Test time: 153.51 seconds
		26 EPOCH BEST TEST ACC: 0.654753565788269
			Train time: 550.72 seconds
			Test time: 158.98 seconds
		27 EPOCH BEST TEST ACC: 0.6544028520584106
			Train time: 574.68 seconds
			Test time: 166.39 seconds
		28 EPOCH BEST TEST ACC: 0.6570337414741516
			Train time: 592.25 seconds
			Test time: 160.20 seconds
		29 EPOCH BEST TEST ACC: 0.6592344045639038
			Train time: 624.07 seconds
			Test time: 190.29 seconds
		30 EPOCH BEST TEST ACC: 0.6562585234642029
			Train time: 693.69 seconds
			Test time: 202.59 seconds
		31 EPOCH BEST TEST ACC: 0.6545621156692505
			Train time: 681.93 seconds
			Test time: 193.58 seconds
		32 EPOCH BEST TEST ACC: 0.6538598537445068
			Train time: 684.43 seconds
			Test time: 194.68 seconds
		33 EPOCH BEST TEST ACC: 0.6590722799301147
			Train time: 687.80 seconds
			Test time: 197.95 seconds
		34 EPOCH BEST TEST ACC: 0.6567399501800537
			Train time: 686.87 seconds
			Test time: 191.80 seconds
		35 EPOCH BEST TEST ACC: 0.6612008810043335
			Train time: 671.00 seconds
			Test time: 202.63 seconds
		36 EPOCH BEST TEST ACC: 0.6602588295936584
			Train time: 667.31 seconds
			Test time: 190.61 seconds
		37 EPOCH BEST TEST ACC: 0.6661546230316162
			Train time: 677.03 seconds
			Test time: 200.95 seconds
		38 EPOCH BEST TEST ACC: 0.6644449234008789
			Train time: 676.84 seconds
			Test time: 192.21 seconds
		39 EPOCH BEST TEST ACC: 0.6623731851577759
			Train time: 675.63 seconds
			Test time: 200.44 seconds
		40 EPOCH BEST TEST ACC: 0.66682368516922
			Train time: 853.05 seconds
			Test time: 414.26 seconds
		41 EPOCH BEST TEST ACC: 0.6692934036254883
			Train time: 951.00 seconds
			Test time: 454.17 seconds
		42 EPOCH BEST TEST ACC: 0.6672577261924744
			Train time: 1060.22 seconds
			Test time: 380.47 seconds
		43 EPOCH BEST TEST ACC: 0.663841187953949
			Train time: 1274.65 seconds
			Test time: 447.94 seconds
		44 EPOCH BEST TEST ACC: 0.6641037464141846
			Train time: 950.10 seconds
			Test time: 197.31 seconds
		45 EPOCH BEST TEST ACC: 0.6654636859893799
			Train time: 674.58 seconds
			Test time: 196.90 seconds
		46 EPOCH BEST TEST ACC: 0.66713547706604
			Train time: 666.33 seconds
			Test time: 185.35 seconds
		47 EPOCH BEST TEST ACC: 0.6707046031951904
			Train time: 668.04 seconds
			Test time: 192.11 seconds
		48 EPOCH BEST TEST ACC: 0.6669734120368958
			Train time: 1122.09 seconds
			Test time: 414.83 seconds
		49 EPOCH BEST TEST ACC: 0.6753512620925903
			Train time: 1360.85 seconds
			Test time: 427.95 seconds
		50 EPOCH BEST TEST ACC: 0.662558913230896
			Train time: 1359.95 seconds
			Test time: 437.58 seconds
		51 EPOCH BEST TEST AUC: 0.6958759427070618
			Train time: 565.02 seconds
			Test time: 160.53 seconds
		52 EPOCH BEST TEST AUC: 0.6960417032241821
			Train time: 552.93 seconds
			Test time: 160.90 seconds
		53 EPOCH BEST TEST AUC: 0.69724440574646
			Train time: 557.26 seconds
			Test time: 160.41 seconds
		54 EPOCH BEST TEST AUC: 0.6976215839385986
			Train time: 560.26 seconds
			Test time: 159.78 seconds
		55 EPOCH BEST TEST AUC: 0.6976215839385986
			Train time: 561.68 seconds
			Test time: 160.48 seconds
		56 EPOCH BEST TEST AUC: 0.6976215839385986
			Train time: 561.58 seconds
			Test time: 160.13 seconds
		57 EPOCH BEST TEST AUC: 0.6976215839385986
			Train time: 565.00 seconds
			Test time: 162.27 seconds
		58 EPOCH BEST TEST AUC: 0.6986376047134399
			Train time: 560.48 seconds
			Test time: 161.47 seconds
		59 EPOCH BEST TEST AUC: 0.6986376047134399
			Train time: 565.51 seconds
			Test time: 161.58 seconds
		60 EPOCH BEST TEST AUC: 0.6986376047134399
			Train time: 563.37 seconds
			Test time: 161.93 seconds
		61 EPOCH BEST TEST AUC: 0.6992260813713074
			Train time: 590.17 seconds
			Test time: 187.20 seconds
		62 EPOCH BEST TEST AUC: 0.6993900537490845
			Train time: 606.08 seconds
			Test time: 160.67 seconds
		63 EPOCH BEST TEST AUC: 0.6993900537490845
			Train time: 556.78 seconds
			Test time: 159.88 seconds
		64 EPOCH BEST TEST AUC: 0.6995625495910645
			Train time: 555.98 seconds
			Test time: 160.12 seconds
		65 EPOCH BEST TEST AUC: 0.6995625495910645
			Train time: 559.55 seconds
			Test time: 159.93 seconds
		66 EPOCH BEST TEST AUC: 0.6995625495910645
			Train time: 555.59 seconds
			Test time: 160.78 seconds
		67 EPOCH BEST TEST AUC: 0.6995625495910645
			Train time: 558.13 seconds
			Test time: 160.72 seconds
		68 EPOCH BEST TEST AUC: 0.6995625495910645
			Train time: 563.84 seconds
			Test time: 160.58 seconds
		69 EPOCH BEST TEST AUC: 0.6995625495910645
			Train time: 562.03 seconds
			Test time: 160.72 seconds
		70 EPOCH BEST TEST AUC: 0.6995625495910645
			Train time: 566.19 seconds
			Test time: 161.06 seconds
	Training time:         16:19:31
	Best train AUC: 0.846001923084259
	Best test AUC: 0.6995625495910645

+------------------ Job Report: 3654707 (COMPLETED) -------------------+
| Memory (RAM)  [###############     ] 79.3% (7.9 GB peak / 10 GB)     |
| CPU           [############        ] 61.4% average                   |
| GPU           [####                ] 22.5% average                   |
| Time          [---------------->   ] 82.9% (0-04:08:39 / 0-05:00:00) |
|                                                                      |
| Lustre Filesystem:                                                   |
|   Path    Total Read    Total Write    Total IOPS                    |
|   ------  ------------  -------------  ------------                  |
|   /apps   8.4 MB        0 B            230                           |
|   /fred   172.5 GB      7 MB           6.7 K                         |
|   /home   0 B           0 B            4                             |
|   OS      11.8 MB       0 B            413                           |
|                                                                      |
| Warnings:                                                            |
|   - CPU usage is low                                                 |
|   - GPU usage is low                                                 |
+----------------------------------------------------------------------+
