Copying file: ./data/ucf101/aligned_data/ucf101_01_D1.npz to /var/tmp/jobfs/data
Dataset copied to JOBFS: ucf101_01_D1.npz
Data path: /var/tmp/jobfs/data/ucf101_01_D1.npz
Run name: ucf101_1_cnn_SA-GC

### Libraries loaded
feeder: feeders.ucf101.Feeder
feeder_args:
  data_paths: {1: './data/ucf101/aligned_data/ucf101_01.npz', 2: './data/ucf101/aligned_data/ucf101_02.npz', 3: './data/ucf101/aligned_data/ucf101_03.npz'}
  label_path: ./data/ucf101/statistics/ucf101_annotations.yaml
  p_interval: [0.5, 1]
  random_shift: True
  random_choose: True
  window_size: 64
  random_move: True
  random_rot: True
  average_flow: False
  absolute_flow: False
  no_flow: False
extractor:
  data_paths: {'rgb_path': '../Datasets/UCF-101/', 'pose_path': './data/ucf101/pose/', 'flow_path': './data/ucf101/flow/', 'flowpose_path': './data/ucf101/flowpose/'}
  preprocessed: True
  pose: {'weights': 'pretrained_models/yolo11x-pose.pt'}
  flow: {'weights': 'pretrained_models/raft_large.pt', 'imsize': [240, 320], 'minibatch_size': 16}
  flowpose: {'window_size': 5, 'threshold': 0.05, 'loop': False}
model: model.infogcn2.sode.SODE
model_args:
  num_class: 101
  num_point: 17
  num_person: 2
  graph: graph.yolo_pose.Graph
  pose_channels: 3
  flow_channels: 50
  embed_channels: 64
  num_head: 3
  ode_method: euler
  depth: 4
  device: 0
  T: 64
  n_step: 3
  SAGC_proj: True
  num_cls: 1
  n_sample: 1
  backbone: transformer
  cnn: True
ignore_weights: []
phase: train
optim:
  base_lr: 0.1
  nesterov: True
  weight_decay: 0.0003
  step: [50, 60]
  gamma: 0.1
lambda_1: 1
lambda_2: 0.1
lambda_3: 0.001
lambda_4: 0.0
lambda_5: 0.0
num_epoch: 70
device: 0
batch_size: 128
forward_batch_size: 128
test_batch_size: 256
half: False
checkpoint_freq: 10
save_location: ./results/ucf101/
dataset: ucf101
model_type: cnn
evaluation: 1
run_name: ucf101_1_cnn_SA-GC
description: train ucf101 1 cnn SA-GC cls and recon heads
data_path_overwrite: /var/tmp/jobfs/data/ucf101_01_D1.npz
verbose: True
### Arguments loaded
	Output device: cuda:0
	Temporal encoder: transformer
	Model total number of params: 733754
	Loading weights from ./results/ucf101/1/train/ucf101_1_cnn_SA-GC.pt
	Total number of weights removed: 0
	Pretrained model loaded
### Model created
	Loaded data using mmap mode
	Self.data assigned
	Self.labels assigned
	Assigned self.data to unique split (train)
	Using memory-mapped data - skipping NaN filtering to preserve memory efficiency
	Finished loading data!
	Loaded data using mmap mode
	Assigned self.data to unique split (test)
	Using memory-mapped data - skipping NaN filtering to preserve memory efficiency
	Finished loading data!
### Dataloaders created
	Tracking:
		epoch
		train_time
		train_loss
		lr
		test_time
		test_loss
		train_ACC
		test_ACC
		train_AUC
		test_AUC
		train_cls_loss
		test_cls_loss
		train_feature_loss
		test_feature_loss
		train_recon_loss
		test_recon_loss
	Resuming from checkpoint at epoch 60
		1 EPOCH BEST TEST ACC: 0.04110648110508919
			Train time: 88.18 seconds
			Test time: 18.32 seconds
		2 EPOCH BEST TEST ACC: 0.0841624066233635
			Train time: 78.89 seconds
			Test time: 18.03 seconds
		3 EPOCH BEST TEST ACC: 0.12613017857074738
			Train time: 79.45 seconds
			Test time: 18.75 seconds
		4 EPOCH BEST TEST ACC: 0.14653636515140533
			Train time: 79.78 seconds
			Test time: 18.19 seconds
		5 EPOCH BEST TEST ACC: 0.2228589653968811
			Train time: 80.26 seconds
			Test time: 18.30 seconds
		6 EPOCH BEST TEST ACC: 0.24029895663261414
			Train time: 80.54 seconds
			Test time: 18.55 seconds
		7 EPOCH BEST TEST ACC: 0.24968908727169037
			Train time: 80.73 seconds
			Test time: 18.51 seconds
		8 EPOCH BEST TEST ACC: 0.2829263210296631
			Train time: 80.24 seconds
			Test time: 18.46 seconds
		9 EPOCH BEST TEST ACC: 0.32476806640625
			Train time: 80.57 seconds
			Test time: 18.58 seconds
		10 EPOCH BEST TEST ACC: 0.33910322189331055
			Train time: 80.37 seconds
			Test time: 18.57 seconds
		11 EPOCH BEST TEST ACC: 0.34928324818611145
			Train time: 80.49 seconds
			Test time: 18.53 seconds
		12 EPOCH BEST TEST ACC: 0.3594211935997009
			Train time: 81.12 seconds
			Test time: 18.68 seconds
		13 EPOCH BEST TEST ACC: 0.3589632213115692
			Train time: 80.99 seconds
			Test time: 18.52 seconds
		14 EPOCH BEST TEST ACC: 0.4022712707519531
			Train time: 80.37 seconds
			Test time: 18.57 seconds
		15 EPOCH BEST TEST ACC: 0.3798862099647522
			Train time: 79.73 seconds
			Test time: 18.64 seconds
		16 EPOCH BEST TEST ACC: 0.4177324175834656
			Train time: 81.02 seconds
			Test time: 18.54 seconds
		17 EPOCH BEST TEST ACC: 0.4181399345397949
			Train time: 80.73 seconds
			Test time: 18.47 seconds
		18 EPOCH BEST TEST ACC: 0.41909366846084595
			Train time: 80.12 seconds
			Test time: 18.66 seconds
		19 EPOCH BEST TEST ACC: 0.4347648620605469
			Train time: 81.19 seconds
			Test time: 18.46 seconds
		20 EPOCH BEST TEST ACC: 0.4381301999092102
			Train time: 81.17 seconds
			Test time: 18.53 seconds
		21 EPOCH BEST TEST ACC: 0.4551962614059448
			Train time: 80.05 seconds
			Test time: 18.57 seconds
		22 EPOCH BEST TEST ACC: 0.4350253641605377
			Train time: 80.29 seconds
			Test time: 18.69 seconds
		23 EPOCH BEST TEST ACC: 0.4498898983001709
			Train time: 80.85 seconds
			Test time: 18.66 seconds
		24 EPOCH BEST TEST ACC: 0.4578641653060913
			Train time: 80.13 seconds
			Test time: 18.46 seconds
		25 EPOCH BEST TEST ACC: 0.4801567792892456
			Train time: 81.04 seconds
			Test time: 18.70 seconds
		26 EPOCH BEST TEST ACC: 0.4799004793167114
			Train time: 81.70 seconds
			Test time: 18.83 seconds
		27 EPOCH BEST TEST ACC: 0.4835178852081299
			Train time: 80.70 seconds
			Test time: 18.70 seconds
		28 EPOCH BEST TEST ACC: 0.48936623334884644
			Train time: 81.65 seconds
			Test time: 18.70 seconds
		29 EPOCH BEST TEST ACC: 0.483396053314209
			Train time: 80.89 seconds
			Test time: 18.73 seconds
		30 EPOCH BEST TEST ACC: 0.4773838520050049
			Train time: 81.30 seconds
			Test time: 18.50 seconds
		31 EPOCH BEST TEST ACC: 0.500529408454895
			Train time: 79.69 seconds
			Test time: 18.52 seconds
		32 EPOCH BEST TEST ACC: 0.4656997323036194
			Train time: 79.11 seconds
			Test time: 18.66 seconds
		33 EPOCH BEST TEST ACC: 0.4849337637424469
			Train time: 79.14 seconds
			Test time: 18.44 seconds
		34 EPOCH BEST TEST ACC: 0.4936516582965851
			Train time: 82.88 seconds
			Test time: 19.30 seconds
		35 EPOCH BEST TEST ACC: 0.4894040524959564
			Train time: 83.51 seconds
			Test time: 18.75 seconds
		36 EPOCH BEST TEST ACC: 0.4829590916633606
			Train time: 87.31 seconds
			Test time: 20.48 seconds
		37 EPOCH BEST TEST ACC: 0.4955170750617981
			Train time: 84.60 seconds
			Test time: 19.17 seconds
		38 EPOCH BEST TEST ACC: 0.5004159212112427
			Train time: 83.60 seconds
			Test time: 20.33 seconds
		39 EPOCH BEST TEST ACC: 0.5158854722976685
			Train time: 85.06 seconds
			Test time: 19.17 seconds
		40 EPOCH BEST TEST ACC: 0.5056508779525757
			Train time: 83.79 seconds
			Test time: 19.99 seconds
		41 EPOCH BEST TEST ACC: 0.4984286427497864
			Train time: 84.53 seconds
			Test time: 19.42 seconds
		42 EPOCH BEST TEST ACC: 0.5142048597335815
			Train time: 83.25 seconds
			Test time: 19.86 seconds
		43 EPOCH BEST TEST ACC: 0.4996638596057892
			Train time: 85.01 seconds
			Test time: 19.23 seconds
		44 EPOCH BEST TEST ACC: 0.5154232978820801
			Train time: 83.50 seconds
			Test time: 19.73 seconds
		45 EPOCH BEST TEST ACC: 0.5286157131195068
			Train time: 83.76 seconds
			Test time: 19.19 seconds
		46 EPOCH BEST TEST ACC: 0.5187675952911377
			Train time: 81.12 seconds
			Test time: 19.57 seconds
		47 EPOCH BEST TEST ACC: 0.5351530313491821
			Train time: 81.99 seconds
			Test time: 18.37 seconds
		48 EPOCH BEST TEST ACC: 0.5084826350212097
			Train time: 84.33 seconds
			Test time: 18.99 seconds
		49 EPOCH BEST TEST ACC: 0.5168476104736328
			Train time: 84.55 seconds
			Test time: 19.74 seconds
		50 EPOCH BEST TEST ACC: 0.513696551322937
			Train time: 85.71 seconds
			Test time: 20.42 seconds
		51 EPOCH BEST TEST ACC: 0.572411060333252
			Train time: 80.01 seconds
			Test time: 18.52 seconds
		52 EPOCH BEST TEST ACC: 0.573637843132019
			Train time: 83.17 seconds
			Test time: 19.18 seconds
		53 EPOCH BEST TEST ACC: 0.5783854722976685
			Train time: 84.27 seconds
			Test time: 18.73 seconds
		54 EPOCH BEST TEST ACC: 0.575398325920105
			Train time: 83.03 seconds
			Test time: 19.97 seconds
		55 EPOCH BEST TEST ACC: 0.5707725286483765
			Train time: 83.74 seconds
			Test time: 18.90 seconds
		56 EPOCH BEST TEST ACC: 0.5801836252212524
			Train time: 82.64 seconds
			Test time: 19.57 seconds
		57 EPOCH BEST TEST ACC: 0.5755536556243896
			Train time: 82.44 seconds
			Test time: 18.75 seconds
		58 EPOCH BEST TEST ACC: 0.5785577297210693
			Train time: 81.39 seconds
			Test time: 19.23 seconds
		59 EPOCH BEST TEST ACC: 0.5757343769073486
			Train time: 81.89 seconds
			Test time: 18.21 seconds
		60 EPOCH BEST TEST ACC: 0.573793351650238
			Train time: 81.60 seconds
			Test time: 18.77 seconds
		61 EPOCH BEST TEST AUC: 0.5813306570053101
			Train time: 91.70 seconds
			Test time: 19.72 seconds
		62 EPOCH BEST TEST AUC: 0.5813306570053101
			Train time: 82.99 seconds
			Test time: 19.20 seconds
		63 EPOCH BEST TEST AUC: 0.5817885994911194
			Train time: 82.96 seconds
			Test time: 19.39 seconds
		64 EPOCH BEST TEST AUC: 0.5817885994911194
			Train time: 82.96 seconds
			Test time: 19.30 seconds
		65 EPOCH BEST TEST AUC: 0.5817885994911194
			Train time: 82.78 seconds
			Test time: 19.12 seconds
		66 EPOCH BEST TEST AUC: 0.5817885994911194
			Train time: 82.98 seconds
			Test time: 19.27 seconds
		67 EPOCH BEST TEST AUC: 0.5817885994911194
			Train time: 82.99 seconds
			Test time: 19.33 seconds
		68 EPOCH BEST TEST AUC: 0.5817885994911194
			Train time: 83.80 seconds
			Test time: 19.48 seconds
		69 EPOCH BEST TEST AUC: 0.5817885994911194
			Train time: 83.47 seconds
			Test time: 19.23 seconds
		70 EPOCH BEST TEST AUC: 0.5817885994911194
			Train time: 84.09 seconds
			Test time: 19.34 seconds
	Training time:         1:58:02
	Best train AUC: 0.8659619092941284
	Best test AUC: 0.5817885994911194
