Copying file: ./data/ucf101/aligned_data/ucf101_01_D1.npz to /var/tmp/jobfs/data
Dataset copied to JOBFS: ucf101_01_D1.npz
Data path: /var/tmp/jobfs/data/ucf101_01_D1.npz
Run name: ucf101_1_base_SA-GC

### Libraries loaded
feeder: feeders.ucf101.Feeder
feeder_args:
  data_paths: {1: './data/ucf101/aligned_data/ucf101_01.npz', 2: './data/ucf101/aligned_data/ucf101_02.npz', 3: './data/ucf101/aligned_data/ucf101_03.npz'}
  label_path: ./data/ucf101/statistics/ucf101_annotations.yaml
  p_interval: [0.5, 1]
  random_shift: True
  random_choose: True
  window_size: 64
  random_move: True
  random_rot: True
  average_flow: False
  absolute_flow: False
  no_flow: True
extractor:
  data_paths: {'rgb_path': '../Datasets/UCF-101/', 'pose_path': './data/ucf101/pose/', 'flow_path': './data/ucf101/flow/', 'flowpose_path': './data/ucf101/flowpose/'}
  pose: {'weights': 'pretrained_models/yolo11x-pose.pt'}
  flow: {'weights': 'pretrained_models/raft_large.pt', 'imsize': [240, 320], 'minibatch_size': 16}
  flowpose: {'window_size': 5, 'threshold': 0.05, 'loop': False, 'norm': False, 'match_pose': False, 'ntu': False, 'dilation': 3}
model: model.infogcn2.sode.SODE
model_args:
  num_class: 101
  num_point: 17
  num_person: 2
  graph: graph.yolo_pose.Graph
  pose_channels: 3
  flow_channels: 0
  embed_channels: 64
  num_head: 3
  ode_method: euler
  depth: 4
  device: 0
  T: 64
  n_step: 3
  SAGC_proj: True
  num_cls: 10
  n_sample: 1
  backbone: transformer
  cnn: False
ignore_weights: []
phase: train
optim:
  base_lr: 0.1
  nesterov: True
  weight_decay: 0.0003
  step: [50, 60]
  gamma: 0.1
lambda_1: 1
lambda_2: 0.1
lambda_3: 0.001
lambda_4: 0.0
lambda_5: 0.0
num_epoch: 70
device: 0
batch_size: 256
forward_batch_size: 128
test_batch_size: 256
half: False
checkpoint_freq: 10
save_location: ./results/ucf101/
dataset: ucf101
model_type: base
evaluation: 1
run_name: ucf101_1_base_SA-GC
description: train ucf101 1 base SA-GC cls and recon heads
data_path_overwrite: /var/tmp/jobfs/data/ucf101_01_D1.npz
verbose: True
### Arguments loaded
	Output device: cuda:0
	Temporal encoder: transformer
	Model total number of params: 727053
	Loading weights from ./results/ucf101/1/train/ucf101_1_base_SA-GC.pt
	Checkpoint file does not yet exist
		([Errno 2] No such file or directory: './results/ucf101/1/train/ucf101_1_base_SA-GC.pt')
### Model created
	Loaded data using mmap mode
	Self.data assigned
	Self.labels assigned
	Assigned self.data to unique split (train)
	Using memory-mapped data - skipping NaN filtering to preserve memory efficiency
	Finished loading data!
	Loaded data using mmap mode
	Assigned self.data to unique split (test)
	Using memory-mapped data - skipping NaN filtering to preserve memory efficiency
	Finished loading data!
### Dataloaders created
	Tracking:
		epoch
		train_time
		train_loss
		lr
		test_time
		test_loss
		train_ACC
		test_ACC
		train_AUC
		test_AUC
		train_cls_loss
		test_cls_loss
		train_feature_loss
		test_feature_loss
		train_recon_loss
		test_recon_loss
	Created new checkpoint file: ./results/ucf101/1/train/ucf101_1_base_SA-GC.pt
		1 EPOCH BEST TEST AUC: 0.010171584784984589
			Train time: 48.63 seconds
			Test time: 11.10 seconds
		2 EPOCH BEST TEST AUC: 0.015221664682030678
			Train time: 41.91 seconds
			Test time: 11.18 seconds
		3 EPOCH BEST TEST AUC: 0.024775642901659012
			Train time: 42.26 seconds
			Test time: 11.23 seconds
		4 EPOCH BEST TEST AUC: 0.03187180683016777
			Train time: 42.61 seconds
			Test time: 11.39 seconds
		5 EPOCH BEST TEST AUC: 0.04238790273666382
			Train time: 43.18 seconds
			Test time: 11.44 seconds
		6 EPOCH BEST TEST AUC: 0.05295862257480621
			Train time: 43.33 seconds
			Test time: 11.52 seconds
		7 EPOCH BEST TEST AUC: 0.06157989054918289
			Train time: 43.58 seconds
			Test time: 11.50 seconds
		8 EPOCH BEST TEST AUC: 0.07229766249656677
			Train time: 43.32 seconds
			Test time: 11.49 seconds
		9 EPOCH BEST TEST AUC: 0.07603690028190613
			Train time: 43.47 seconds
			Test time: 11.44 seconds
		10 EPOCH BEST TEST AUC: 0.08460355550050735
			Train time: 43.50 seconds
			Test time: 11.56 seconds
		11 EPOCH BEST TEST AUC: 0.09809844195842743
			Train time: 43.47 seconds
			Test time: 11.59 seconds
		12 EPOCH BEST TEST AUC: 0.11837439239025116
			Train time: 43.41 seconds
			Test time: 11.53 seconds
		13 EPOCH BEST TEST AUC: 0.12142040580511093
			Train time: 43.37 seconds
			Test time: 11.72 seconds
		14 EPOCH BEST TEST AUC: 0.1418013870716095
			Train time: 43.53 seconds
			Test time: 11.68 seconds
		15 EPOCH BEST TEST AUC: 0.1701776385307312
			Train time: 43.48 seconds
			Test time: 11.68 seconds
		16 EPOCH BEST TEST AUC: 0.1701776385307312
			Train time: 43.58 seconds
			Test time: 11.67 seconds
		17 EPOCH BEST TEST AUC: 0.19472219049930573
			Train time: 43.43 seconds
			Test time: 11.68 seconds
		18 EPOCH BEST TEST AUC: 0.20354512333869934
			Train time: 43.59 seconds
			Test time: 11.72 seconds
		19 EPOCH BEST TEST AUC: 0.21058246493339539
			Train time: 43.49 seconds
			Test time: 11.72 seconds
		20 EPOCH BEST TEST AUC: 0.21903149783611298
			Train time: 43.51 seconds
			Test time: 11.76 seconds
		21 EPOCH BEST TEST AUC: 0.2202540934085846
			Train time: 43.66 seconds
			Test time: 11.68 seconds
		22 EPOCH BEST TEST AUC: 0.24870595335960388
			Train time: 43.73 seconds
			Test time: 11.72 seconds
		23 EPOCH BEST TEST AUC: 0.24870595335960388
			Train time: 43.70 seconds
			Test time: 11.70 seconds
		24 EPOCH BEST TEST AUC: 0.2704734206199646
			Train time: 43.64 seconds
			Test time: 11.76 seconds
		25 EPOCH BEST TEST AUC: 0.2704734206199646
			Train time: 43.51 seconds
			Test time: 11.75 seconds
		26 EPOCH BEST TEST AUC: 0.2704734206199646
			Train time: 43.55 seconds
			Test time: 11.73 seconds
		27 EPOCH BEST TEST AUC: 0.27190184593200684
			Train time: 43.65 seconds
			Test time: 11.75 seconds
		28 EPOCH BEST TEST AUC: 0.292539119720459
			Train time: 43.53 seconds
			Test time: 11.72 seconds
		29 EPOCH BEST TEST AUC: 0.3142603635787964
			Train time: 43.54 seconds
			Test time: 11.70 seconds
		30 EPOCH BEST TEST AUC: 0.3217346668243408
			Train time: 43.60 seconds
			Test time: 11.69 seconds
		31 EPOCH BEST TEST AUC: 0.3217346668243408
			Train time: 43.53 seconds
			Test time: 11.70 seconds
		32 EPOCH BEST TEST AUC: 0.3217346668243408
			Train time: 43.74 seconds
			Test time: 11.71 seconds
		33 EPOCH BEST TEST AUC: 0.34288451075553894
			Train time: 43.69 seconds
			Test time: 11.78 seconds
		34 EPOCH BEST TEST AUC: 0.3577532172203064
			Train time: 43.49 seconds
			Test time: 11.69 seconds
		35 EPOCH BEST TEST AUC: 0.3577532172203064
			Train time: 43.47 seconds
			Test time: 11.69 seconds
		36 EPOCH BEST TEST AUC: 0.3643242120742798
			Train time: 43.50 seconds
			Test time: 11.66 seconds
		37 EPOCH BEST TEST AUC: 0.3643242120742798
			Train time: 43.51 seconds
			Test time: 11.71 seconds
		38 EPOCH BEST TEST AUC: 0.37311357259750366
			Train time: 43.49 seconds
			Test time: 11.70 seconds
		39 EPOCH BEST TEST AUC: 0.37907111644744873
			Train time: 43.51 seconds
			Test time: 11.72 seconds
		40 EPOCH BEST TEST AUC: 0.37907111644744873
			Train time: 43.70 seconds
			Test time: 11.75 seconds
		41 EPOCH BEST TEST AUC: 0.37907111644744873
			Train time: 43.61 seconds
			Test time: 11.64 seconds
		42 EPOCH BEST TEST AUC: 0.37907111644744873
			Train time: 43.54 seconds
			Test time: 11.73 seconds
		43 EPOCH BEST TEST AUC: 0.3865034282207489
			Train time: 43.53 seconds
			Test time: 11.75 seconds
		44 EPOCH BEST TEST AUC: 0.39372140169143677
			Train time: 43.79 seconds
			Test time: 11.75 seconds
		45 EPOCH BEST TEST AUC: 0.4055735468864441
			Train time: 43.59 seconds
			Test time: 11.79 seconds
		46 EPOCH BEST TEST AUC: 0.4324709177017212
			Train time: 43.56 seconds
			Test time: 11.76 seconds
		47 EPOCH BEST TEST AUC: 0.4324709177017212
			Train time: 43.65 seconds
			Test time: 11.77 seconds
		48 EPOCH BEST TEST AUC: 0.4324709177017212
			Train time: 43.74 seconds
			Test time: 11.74 seconds
		49 EPOCH BEST TEST AUC: 0.4324709177017212
			Train time: 43.45 seconds
			Test time: 11.62 seconds
		50 EPOCH BEST TEST AUC: 0.44802868366241455
			Train time: 43.44 seconds
			Test time: 12.25 seconds
		51 EPOCH BEST TEST AUC: 0.469598650932312
			Train time: 43.30 seconds
			Test time: 11.54 seconds
		52 EPOCH BEST TEST AUC: 0.469598650932312
			Train time: 43.53 seconds
			Test time: 11.53 seconds
		53 EPOCH BEST TEST AUC: 0.4702162742614746
			Train time: 43.43 seconds
			Test time: 11.60 seconds
		54 EPOCH BEST TEST AUC: 0.4718758463859558
			Train time: 43.50 seconds
			Test time: 11.63 seconds
		55 EPOCH BEST TEST AUC: 0.4718758463859558
			Train time: 44.61 seconds
			Test time: 12.60 seconds
		56 EPOCH BEST TEST AUC: 0.4718758463859558
			Train time: 46.55 seconds
			Test time: 13.77 seconds
		57 EPOCH BEST TEST AUC: 0.4728127121925354
			Train time: 47.04 seconds
			Test time: 12.73 seconds
		58 EPOCH BEST TEST AUC: 0.4728127121925354
			Train time: 46.64 seconds
			Test time: 12.64 seconds
		59 EPOCH BEST TEST AUC: 0.47337573766708374
			Train time: 52.73 seconds
			Test time: 14.23 seconds
		60 EPOCH BEST TEST AUC: 0.4743378460407257
			Train time: 49.92 seconds
			Test time: 12.73 seconds
		61 EPOCH BEST TEST AUC: 0.47644275426864624
			Train time: 46.88 seconds
			Test time: 13.05 seconds
		62 EPOCH BEST TEST AUC: 0.4767662286758423
			Train time: 48.47 seconds
			Test time: 12.96 seconds
		63 EPOCH BEST TEST AUC: 0.47758132219314575
			Train time: 49.46 seconds
			Test time: 13.33 seconds
		64 EPOCH BEST TEST AUC: 0.4777451753616333
			Train time: 47.70 seconds
			Test time: 12.41 seconds
		65 EPOCH BEST TEST AUC: 0.4777451753616333
			Train time: 47.20 seconds
			Test time: 13.24 seconds
		66 EPOCH BEST TEST AUC: 0.4777451753616333
			Train time: 49.01 seconds
			Test time: 13.60 seconds
		67 EPOCH BEST TEST AUC: 0.47782498598098755
			Train time: 49.38 seconds
			Test time: 12.50 seconds
		68 EPOCH BEST TEST AUC: 0.47840481996536255
			Train time: 47.33 seconds
			Test time: 12.57 seconds
		69 EPOCH BEST TEST AUC: 0.47842156887054443
			Train time: 47.50 seconds
			Test time: 13.03 seconds
		70 EPOCH BEST TEST AUC: 0.47842156887054443
			Train time: 48.29 seconds
			Test time: 13.12 seconds
	Training time:         1:05:58
	Best train AUC: 0.7136660814285278
	Best test AUC: 0.47842156887054443

+------------------ Job Report: 4425259 (COMPLETED) -------------------+
| Memory (RAM)  [#####               ] 25.5% (1.3 GB peak / 5 GB)      |
| CPU           [########            ] 43.7% average                   |
| GPU           [###############     ] 77.2% average                   |
| Time          [----------->        ] 55.7% (0-01:06:53 / 0-02:00:00) |
|                                                                      |
| Lustre Filesystem:                                                   |
|   Path    Total Read    Total Write    Total IOPS                    |
|   ------  ------------  -------------  ------------                  |
|   /apps   30.7 MB       0 B            20                            |
|   /fred   4.3 GB        41.9 MB        2 K                           |
|   /home   0 B           0 B            3                             |
|   OS      68.1 MB       0 B            212                           |
|                                                                      |
| Warnings:                                                            |
|   - Too much memory requested                                        |
|   - CPU usage is low                                                 |
|   - Too much time requested                                          |
+----------------------------------------------------------------------+
