Copying file: ./data/ucf101/aligned_data/ucf101_02_D1.npz to /var/tmp/jobfs/data
Dataset copied to JOBFS: ucf101_02_D1.npz
Data path: /var/tmp/jobfs/data/ucf101_02_D1.npz
Run name: msg3d_ucf101_2_avg_D1

### Libraries loaded
feeder: feeders.ucf101.Feeder
feeder_args:
  data_paths: {1: './data/ucf101/aligned_data/ucf101_01_D1.npz', 2: './data/ucf101/aligned_data/ucf101_02_D1.npz', 3: './data/ucf101/aligned_data/ucf101_03_D1.npz'}
  label_path: ./data/ucf101/statistics/ucf101_annotations.yaml
  p_interval: [0.5, 1]
  random_choose: True
  random_shift: True
  window_size: 64
  random_move: True
  random_rot: True
  average_flow: True
  absolute_flow: False
  no_flow: False
extractor:
  data_paths: {'rgb_path': '../Datasets/UCF-101/', 'pose_path': './data/ucf101/pose/', 'flow_path': './data/ucf101/flow/', 'flowpose_path': './data/ucf101/flowpose/'}
  pose: {'weights': 'pretrained_models/yolo11x-pose.pt'}
  flow: {'weights': 'pretrained_models/raft_large.pt', 'imsize': [240, 320], 'minibatch_size': 16}
  flowpose: {'window_size': 5, 'threshold': 0.05, 'loop': False, 'norm': False, 'match_pose': False, 'ntu': False, 'dilation': 3}
model: models.msg3d.TEST_MODEL
model_args:
  num_class: 101
  num_point: 17
  num_person: 2
  num_gcn_scales: 2
  num_g3d_scales: 3
  graph: graph.yolo_pose.Graph
  pose_channels: 3
  flow_channels: 2
  cnn: False
ignore_weights: []
phase: train
optim:
  base_lr: 0.05
  nesterov: True
  weight_decay: 0.0003
  step: [30, 40]
  gamma: 0.1
lambda_1: 1
trainer: training.train_msg3d.train_network
num_epoch: 50
device: 0
batch_size: 128
forward_batch_size: 128
test_batch_size: 128
half: False
checkpoint_freq: 10
save_location: ./results/msg3d/ntu/
model_type: msg3d
dataset: ucf101
flow_embedding: avg
evaluation: 2
run_name: msg3d_ucf101_2_avg_D1
description: msg3d_train ucf101 2 avg dilation 1...
data_path_overwrite: /var/tmp/jobfs/data/ucf101_02_D1.npz
verbose: True
### Arguments loaded
	Output device: cuda:0
	Model total number of params: 570139
	Loading weights from ./results/msg3d/ntu/2/train/msg3d_ucf101_2_avg_D1.pt
	Checkpoint file does not yet exist
		([Errno 2] No such file or directory: './results/msg3d/ntu/2/train/msg3d_ucf101_2_avg_D1.pt')
### Model created
	Loaded data using mmap mode
	Self.data assigned
	Self.labels assigned
	Assigned self.data to unique split (train)
	Using memory-mapped data - skipping NaN filtering to preserve memory efficiency
	Finished loading data!
	Loaded data using mmap mode
	Assigned self.data to unique split (test)
	Using memory-mapped data - skipping NaN filtering to preserve memory efficiency
	Finished loading data!
### Dataloaders created
	Tracking:
		epoch
		train_time
		train_loss
		lr
		test_time
		test_loss
		train_ACC
		test_ACC
		train_cls_loss
		test_cls_loss
	Created new checkpoint file: ./results/msg3d/ntu/2/train/msg3d_ucf101_2_avg_D1.pt
		1 EPOCH BEST TEST ACC: 0.17593862116336823
			Train time: 63.38 seconds
			Test time: 13.07 seconds
		2 EPOCH BEST TEST ACC: 0.2688407897949219
			Train time: 55.25 seconds
			Test time: 11.96 seconds
		3 EPOCH BEST TEST ACC: 0.3088517487049103
			Train time: 56.00 seconds
			Test time: 12.04 seconds
		4 EPOCH BEST TEST ACC: 0.33762675523757935
			Train time: 56.07 seconds
			Test time: 12.01 seconds
		5 EPOCH BEST TEST ACC: 0.3973691463470459
			Train time: 56.02 seconds
			Test time: 12.04 seconds
		6 EPOCH BEST TEST ACC: 0.4431351125240326
			Train time: 56.09 seconds
			Test time: 12.04 seconds
		7 EPOCH BEST TEST ACC: 0.4431351125240326
			Train time: 56.03 seconds
			Test time: 12.05 seconds
		8 EPOCH BEST TEST ACC: 0.4584817886352539
			Train time: 56.04 seconds
			Test time: 12.01 seconds
		9 EPOCH BEST TEST ACC: 0.47766512632369995
			Train time: 56.12 seconds
			Test time: 12.05 seconds
		10 EPOCH BEST TEST ACC: 0.47766512632369995
			Train time: 56.00 seconds
			Test time: 12.06 seconds
		11 EPOCH BEST TEST ACC: 0.4825979769229889
			Train time: 56.04 seconds
			Test time: 12.04 seconds
		12 EPOCH BEST TEST ACC: 0.4921896457672119
			Train time: 56.24 seconds
			Test time: 12.17 seconds
		13 EPOCH BEST TEST ACC: 0.4921896457672119
			Train time: 56.27 seconds
			Test time: 12.06 seconds
		14 EPOCH BEST TEST ACC: 0.5009591579437256
			Train time: 55.91 seconds
			Test time: 11.64 seconds
		15 EPOCH BEST TEST ACC: 0.511372983455658
			Train time: 53.49 seconds
			Test time: 11.60 seconds
		16 EPOCH BEST TEST ACC: 0.5127432346343994
			Train time: 53.49 seconds
			Test time: 11.58 seconds
		17 EPOCH BEST TEST ACC: 0.5127432346343994
			Train time: 53.38 seconds
			Test time: 11.76 seconds
		18 EPOCH BEST TEST ACC: 0.5357632637023926
			Train time: 53.87 seconds
			Test time: 11.85 seconds
		19 EPOCH BEST TEST ACC: 0.5513839721679688
			Train time: 55.57 seconds
			Test time: 11.83 seconds
		20 EPOCH BEST TEST ACC: 0.5549466013908386
			Train time: 63.27 seconds
			Test time: 127.05 seconds
		21 EPOCH BEST TEST ACC: 0.5549466013908386
			Train time: 364.60 seconds
			Test time: 130.32 seconds
		22 EPOCH BEST TEST ACC: 0.5552206039428711
			Train time: 380.08 seconds
			Test time: 128.58 seconds
		23 EPOCH BEST TEST ACC: 0.5552206039428711
			Train time: 357.50 seconds
			Test time: 146.98 seconds
		24 EPOCH BEST TEST ACC: 0.5552206039428711
			Train time: 363.97 seconds
			Test time: 132.21 seconds
		25 EPOCH BEST TEST ACC: 0.5552206039428711
			Train time: 355.35 seconds
			Test time: 122.25 seconds
		26 EPOCH BEST TEST ACC: 0.5615237355232239
			Train time: 359.59 seconds
			Test time: 150.47 seconds
		27 EPOCH BEST TEST ACC: 0.563442051410675
			Train time: 352.65 seconds
			Test time: 136.94 seconds
		28 EPOCH BEST TEST ACC: 0.563442051410675
			Train time: 375.49 seconds
			Test time: 132.74 seconds
		29 EPOCH BEST TEST ACC: 0.563442051410675
			Train time: 375.09 seconds
			Test time: 138.87 seconds
		30 EPOCH BEST TEST ACC: 0.5691970586776733
			Train time: 381.63 seconds
			Test time: 137.79 seconds
		31 EPOCH BEST TEST ACC: 0.6319539546966553
			Train time: 368.03 seconds
			Test time: 141.09 seconds

+-------------------- Job Report: 5764239 (TIMEOUT) --------------------+
| Memory (RAM)  [########            ] 43.6% (2.2 GB peak / 5 GB)       |
| CPU           [####                ] 24.1% average                    |
| GPU           [#                   ]  6.4% average                    |
| Time          [------------------->] 100.1% (0-02:00:07 / 0-02:00:00) |
|                                                                       |
| Lustre Filesystem:                                                    |
|   Path    Total Read    Total Write    Total IOPS                     |
|   ------  ------------  -------------  ------------                   |
|   /apps   1.3 MB        0 B            204                            |
|   /fred   325.3 GB      14.1 MB        6 K                            |
|   /home   0 B           0 B            2                              |
|   OS      11.3 MB       0 B            485                            |
|                                                                       |
| Warnings:                                                             |
|   - Too much memory requested                                         |
|   - CPU usage is low                                                  |
|   - GPU usage is low                                                  |
+-----------------------------------------------------------------------+
