Copying file: ./data/ntu120/aligned_data/ntu120_CSub-flowpose_D2_aligned.npz to /var/tmp/jobfs/data
Dataset copied to JOBFS: ntu120_CSub-flowpose_D2_aligned.npz
Data path: /var/tmp/jobfs/data/ntu120_CSub-flowpose_D2_aligned.npz
Run name: ntu120_CSub_cnn_D2

### Libraries loaded
feeder: feeders.ntu_rgb_d.Feeder
feeder_args:
  data_paths: {'CSet': './data/ntu120/aligned_data/NTU120_CSet-flowpose_aligned.npz', 'CSub': './data/ntu120/aligned_data/NTU120_CSub-flowpose_aligned.npz'}
  label_path: ./data/ntu120/statistics/ntu_rgbd120-annotations.yaml
  p_interval: [0.5, 1]
  random_choose: True
  random_shift: True
  window_size: 64
  random_move: True
  random_rot: True
  average_flow: False
  absolute_flow: False
  no_flow: False
extractor:
  preprocessed: True
  pose: {'weights': 'pretrained_models/yolo11x-pose.pt'}
  flow: {'weights': 'pretrained_models/raft_large.pt', 'imsize': [1080, 1920], 'minibatch_size': 3}
  flowpose: {'window_size': 5, 'threshold': 0.05, 'loop': False, 'norm': False, 'match_pose': False, 'ntu': True, 'dilation': 3}
model: model.infogcn2.sode.SODE
model_args:
  num_class: 120
  num_point: 25
  num_person: 2
  graph: graph.ntu_rgb_d.Graph
  pose_channels: 3
  flow_channels: 50
  embed_channels: 64
  num_head: 3
  ode_method: euler
  depth: 4
  device: 0
  T: 64
  n_step: 3
  SAGC_proj: True
  num_cls: 10
  n_sample: 1
  backbone: transformer
  cnn: True
ignore_weights: []
phase: train
optim:
  base_lr: 0.1
  nesterov: True
  weight_decay: 0.0003
  step: [50, 60]
  gamma: 0.1
lambda_1: 1
lambda_2: 0.1
lambda_3: 0.001
lambda_4: 0.0
lambda_5: 0.0
num_epoch: 70
device: 0
batch_size: 256
forward_batch_size: 128
test_batch_size: 256
half: False
checkpoint_freq: 10
save_location: ./results/ntu120/
dataset: ntu120
model_type: cnn
evaluation: CSub
run_name: ntu120_CSub_cnn_D2
description: train ntu120 CSub cnn with dilation 2 TESTING n_step = 4
data_path_overwrite: /var/tmp/jobfs/data/ntu120_CSub-flowpose_D2_aligned.npz
verbose: True
### Arguments loaded
	Output device: cuda:0
	Temporal encoder: transformer
	Model total number of params: 697848
	Loading weights from ./results/ntu120/CSub/train/ntu120_CSub_cnn_D2.pt
	Checkpoint file does not yet exist
	([Errno 2] No such file or directory: './results/ntu120/CSub/train/ntu120_CSub_cnn_D2.pt')
### Model created
	Loaded data using mmap mode
	Self.data assigned
	Self.labels assigned
	Assigned self.data to unique split (train)
	Using memory-mapped data - skipping NaN filtering to preserve memory efficiency
	Finished loading data!
	Loaded data using mmap mode
	Assigned self.data to unique split (test)
	Using memory-mapped data - skipping NaN filtering to preserve memory efficiency
	Finished loading data!
### Dataloaders created
	Tracking:
		epoch
		train_time
		train_loss
		lr
		test_time
		test_loss
		train_ACC
		test_ACC
		train_AUC
		test_AUC
		train_cls_loss
		test_cls_loss
		train_feature_loss
		test_feature_loss
		train_recon_loss
		test_recon_loss
	Created new checkpoint file: ./results/ntu120/CSub/train/ntu120_CSub_cnn_D2.pt
		1 EPOCH BEST TEST AUC: 0.010490619577467442
			Train time: 702.53 seconds
			Test time: 355.01 seconds
		2 EPOCH BEST TEST AUC: 0.04907487332820892
			Train time: 728.52 seconds
			Test time: 362.70 seconds
		3 EPOCH BEST TEST AUC: 0.11509701609611511
			Train time: 731.49 seconds
			Test time: 357.58 seconds
		4 EPOCH BEST TEST AUC: 0.21349316835403442
			Train time: 779.36 seconds
			Test time: 458.22 seconds
		5 EPOCH BEST TEST AUC: 0.3251723647117615
			Train time: 933.47 seconds
			Test time: 457.25 seconds
		6 EPOCH BEST TEST AUC: 0.3659316599369049
			Train time: 924.84 seconds
			Test time: 459.96 seconds
		7 EPOCH BEST TEST AUC: 0.42197442054748535
			Train time: 930.24 seconds
			Test time: 464.46 seconds
		8 EPOCH BEST TEST AUC: 0.43190836906433105
			Train time: 886.27 seconds
			Test time: 457.43 seconds
		9 EPOCH BEST TEST AUC: 0.4610922932624817
			Train time: 922.87 seconds
			Test time: 456.49 seconds
		10 EPOCH BEST TEST AUC: 0.47242647409439087
			Train time: 919.18 seconds
			Test time: 466.88 seconds
		11 EPOCH BEST TEST AUC: 0.5003049969673157
			Train time: 911.18 seconds
			Test time: 466.91 seconds
		12 EPOCH BEST TEST AUC: 0.5003049969673157
			Train time: 717.68 seconds
			Test time: 349.80 seconds
		13 EPOCH BEST TEST AUC: 0.5197417736053467
			Train time: 705.03 seconds
			Test time: 355.06 seconds
		14 EPOCH BEST TEST AUC: 0.5197417736053467
			Train time: 711.72 seconds
			Test time: 356.03 seconds
		15 EPOCH BEST TEST AUC: 0.5197417736053467
			Train time: 715.76 seconds
			Test time: 355.21 seconds
		16 EPOCH BEST TEST AUC: 0.5384225249290466
			Train time: 709.80 seconds
			Test time: 346.54 seconds
		17 EPOCH BEST TEST AUC: 0.5429210662841797
			Train time: 698.43 seconds
			Test time: 346.59 seconds
		18 EPOCH BEST TEST AUC: 0.5429210662841797
			Train time: 697.89 seconds
			Test time: 345.67 seconds
		19 EPOCH BEST TEST AUC: 0.5468430519104004
			Train time: 694.01 seconds
			Test time: 343.84 seconds
		20 EPOCH BEST TEST AUC: 0.5468430519104004
			Train time: 694.57 seconds
			Test time: 345.71 seconds
		21 EPOCH BEST TEST AUC: 0.5537142753601074
			Train time: 695.35 seconds
			Test time: 346.06 seconds
		22 EPOCH BEST TEST AUC: 0.5537142753601074
			Train time: 692.61 seconds
			Test time: 343.80 seconds
		23 EPOCH BEST TEST AUC: 0.5590367317199707
			Train time: 702.53 seconds
			Test time: 343.80 seconds
		24 EPOCH BEST TEST AUC: 0.5590367317199707
			Train time: 701.32 seconds
			Test time: 345.21 seconds
		25 EPOCH BEST TEST AUC: 0.5590367317199707
			Train time: 692.42 seconds
			Test time: 350.13 seconds
		26 EPOCH BEST TEST AUC: 0.5590367317199707
			Train time: 701.56 seconds
			Test time: 349.74 seconds
		27 EPOCH BEST TEST AUC: 0.5616202354431152
			Train time: 695.81 seconds
			Test time: 347.09 seconds
		28 EPOCH BEST TEST AUC: 0.5694000124931335
			Train time: 690.26 seconds
			Test time: 346.86 seconds
		29 EPOCH BEST TEST AUC: 0.5770034193992615
			Train time: 693.31 seconds
			Test time: 348.13 seconds
		30 EPOCH BEST TEST AUC: 0.5770034193992615
			Train time: 695.04 seconds
			Test time: 343.33 seconds
		31 EPOCH BEST TEST AUC: 0.5770034193992615
			Train time: 693.23 seconds
			Test time: 343.11 seconds
		32 EPOCH BEST TEST AUC: 0.5770034193992615
			Train time: 695.06 seconds
			Test time: 349.70 seconds
		33 EPOCH BEST TEST AUC: 0.5770034193992615
			Train time: 692.57 seconds
			Test time: 358.26 seconds
		34 EPOCH BEST TEST AUC: 0.5770034193992615
			Train time: 712.81 seconds
			Test time: 356.09 seconds
		35 EPOCH BEST TEST AUC: 0.5770034193992615
			Train time: 722.11 seconds
			Test time: 360.87 seconds
		36 EPOCH BEST TEST AUC: 0.5770034193992615
			Train time: 734.86 seconds
			Test time: 374.33 seconds
		37 EPOCH BEST TEST AUC: 0.5770034193992615
			Train time: 754.08 seconds
			Test time: 374.62 seconds
		38 EPOCH BEST TEST AUC: 0.5796985626220703
			Train time: 742.46 seconds
			Test time: 378.71 seconds
		39 EPOCH BEST TEST AUC: 0.5796985626220703
			Train time: 730.43 seconds
			Test time: 371.52 seconds
		40 EPOCH BEST TEST AUC: 0.5796985626220703
			Train time: 745.22 seconds
			Test time: 371.68 seconds
		41 EPOCH BEST TEST AUC: 0.5822199583053589
			Train time: 739.28 seconds
			Test time: 372.82 seconds
		42 EPOCH BEST TEST AUC: 0.588209331035614
			Train time: 739.98 seconds
			Test time: 367.15 seconds
		43 EPOCH BEST TEST AUC: 0.588209331035614
			Train time: 730.00 seconds
			Test time: 364.16 seconds
		44 EPOCH BEST TEST AUC: 0.588209331035614
			Train time: 734.83 seconds
			Test time: 366.26 seconds
		45 EPOCH BEST TEST AUC: 0.588209331035614
			Train time: 738.70 seconds
			Test time: 377.69 seconds
		46 EPOCH BEST TEST AUC: 0.588209331035614
			Train time: 735.63 seconds
			Test time: 358.57 seconds
		47 EPOCH BEST TEST AUC: 0.588209331035614
			Train time: 714.95 seconds
			Test time: 358.97 seconds
		48 EPOCH BEST TEST AUC: 0.588209331035614
			Train time: 703.70 seconds
			Test time: 353.15 seconds
		49 EPOCH BEST TEST AUC: 0.588209331035614
			Train time: 703.98 seconds
			Test time: 353.55 seconds
		50 EPOCH BEST TEST AUC: 0.588209331035614
			Train time: 712.19 seconds
			Test time: 358.35 seconds
		51 EPOCH BEST TEST AUC: 0.6288894414901733
			Train time: 738.64 seconds
			Test time: 357.48 seconds
		52 EPOCH BEST TEST AUC: 0.6288894414901733
			Train time: 720.83 seconds
			Test time: 371.22 seconds
		53 EPOCH BEST TEST AUC: 0.6294881105422974
			Train time: 726.72 seconds
			Test time: 356.22 seconds
		54 EPOCH BEST TEST AUC: 0.6294881105422974
			Train time: 724.53 seconds
			Test time: 363.52 seconds
		55 EPOCH BEST TEST AUC: 0.6294881105422974
			Train time: 708.67 seconds
			Test time: 356.21 seconds
		56 EPOCH BEST TEST AUC: 0.6294881105422974
			Train time: 720.38 seconds
			Test time: 357.35 seconds
		57 EPOCH BEST TEST AUC: 0.6294881105422974
			Train time: 724.53 seconds
			Test time: 359.52 seconds
		58 EPOCH BEST TEST AUC: 0.6294881105422974
			Train time: 717.76 seconds
			Test time: 364.90 seconds
		59 EPOCH BEST TEST AUC: 0.6294881105422974
			Train time: 728.12 seconds
			Test time: 353.92 seconds
		60 EPOCH BEST TEST AUC: 0.6294881105422974
			Train time: 715.47 seconds
			Test time: 351.74 seconds
		61 EPOCH BEST TEST AUC: 0.6325177550315857
			Train time: 717.19 seconds
			Test time: 358.85 seconds
		62 EPOCH BEST TEST AUC: 0.6325177550315857
			Train time: 723.95 seconds
			Test time: 353.55 seconds
		63 EPOCH BEST TEST AUC: 0.6325177550315857
			Train time: 689.28 seconds
			Test time: 347.67 seconds
		64 EPOCH BEST TEST AUC: 0.6325177550315857
			Train time: 703.51 seconds
			Test time: 363.74 seconds
		65 EPOCH BEST TEST AUC: 0.6325177550315857
			Train time: 724.72 seconds
			Test time: 367.94 seconds
		66 EPOCH BEST TEST AUC: 0.6325177550315857
			Train time: 718.92 seconds
			Test time: 366.64 seconds
		67 EPOCH BEST TEST AUC: 0.6325177550315857
			Train time: 723.32 seconds
			Test time: 364.29 seconds
		68 EPOCH BEST TEST AUC: 0.6325177550315857
			Train time: 730.41 seconds
			Test time: 361.07 seconds
		69 EPOCH BEST TEST AUC: 0.6325177550315857
			Train time: 708.19 seconds
			Test time: 359.66 seconds
		70 EPOCH BEST TEST AUC: 0.6329046487808228
			Train time: 718.87 seconds
			Test time: 358.65 seconds
	Training time:         21:29:30
	Best train AUC: 0.8038870096206665
	Best test AUC: 0.6329046487808228

+------------------ Job Report: 3739870 (COMPLETED) -------------------+
| Memory (RAM)  [###########         ] 56.4% (8.5 GB peak / 15 GB)     |
| CPU           [#########           ] 47.7% average                   |
| GPU           [#####               ] 28.5% average                   |
| Time          [------------------> ] 90.0% (0-21:36:14 / 1-00:00:00) |
|                                                                      |
| Lustre Filesystem:                                                   |
|   Path    Total Read    Total Write      Total IOPS                  |
|   ------  ------------  -------------  ------------                  |
|   /apps   948 KB        0 B                     72                   |
|   /fred   118.4 GB      40.5 MB                922                   |
|   /home   0 B           0 B                      3                   |
|   OS      3.8 MB        0 B                    456                   |
|                                                                      |
| Warnings:                                                            |
|   - CPU usage is low                                                 |
|   - GPU usage is low                                                 |
+----------------------------------------------------------------------+
