Copying file: ./data/ntu120/aligned_data/ntu120_CSub-flowpose_D4_aligned.npz to /var/tmp/jobfs/data
Dataset copied to JOBFS: ntu120_CSub-flowpose_D4_aligned.npz
Data path: /var/tmp/jobfs/data/ntu120_CSub-flowpose_D4_aligned.npz
Run name: ntu120_CSub_avg_D4

### Libraries loaded
feeder: feeders.ntu_rgb_d.Feeder
feeder_args:
  data_paths: {'CSet': './data/ntu120/aligned_data/NTU120_CSet-flowpose_aligned.npz', 'CSub': './data/ntu120/aligned_data/NTU120_CSub-flowpose_aligned.npz'}
  label_path: ./data/ntu120/statistics/ntu_rgbd120-annotations.yaml
  p_interval: [0.5, 1]
  random_choose: True
  random_shift: True
  window_size: 64
  random_move: True
  random_rot: True
  average_flow: True
  absolute_flow: False
  no_flow: False
extractor:
  preprocessed: True
  pose: {'weights': 'pretrained_models/yolo11x-pose.pt'}
  flow: {'weights': 'pretrained_models/raft_large.pt', 'imsize': [1080, 1920], 'minibatch_size': 3}
  flowpose: {'window_size': 5, 'threshold': 0.05, 'loop': False, 'norm': False, 'match_pose': False, 'ntu': True, 'dilation': 3}
model: model.infogcn2.sode.SODE
model_args:
  num_class: 120
  num_point: 25
  num_person: 2
  graph: graph.ntu_rgb_d.Graph
  pose_channels: 3
  flow_channels: 2
  embed_channels: 64
  num_head: 3
  ode_method: euler
  depth: 4
  device: 0
  T: 64
  n_step: 3
  SAGC_proj: True
  num_cls: 10
  n_sample: 1
  backbone: transformer
  cnn: False
ignore_weights: []
phase: train
optim:
  base_lr: 0.1
  nesterov: True
  weight_decay: 0.0003
  step: [50, 60]
  gamma: 0.1
lambda_1: 1
lambda_2: 0.1
lambda_3: 0.001
lambda_4: 0.0
lambda_5: 0.0
num_epoch: 70
device: 0
batch_size: 256
forward_batch_size: 128
test_batch_size: 256
half: False
checkpoint_freq: 10
save_location: ./results/ntu120/
dataset: ntu120
model_type: avg
evaluation: CSub
run_name: ntu120_CSub_avg_D4
description: train ntu120 CSub avg with dilation 4 TESTING n_step = 4
data_path_overwrite: /var/tmp/jobfs/data/ntu120_CSub-flowpose_D4_aligned.npz
verbose: True
### Arguments loaded
	Output device: cuda:0
	Temporal encoder: transformer
	Model total number of params: 691275
	Loading weights from ./results/ntu120/CSub/train/ntu120_CSub_avg_D4.pt
	Checkpoint file does not yet exist
	([Errno 2] No such file or directory: './results/ntu120/CSub/train/ntu120_CSub_avg_D4.pt')
### Model created
	Loaded data using mmap mode
	Self.data assigned
	Self.labels assigned
	Assigned self.data to unique split (train)
	Using memory-mapped data - skipping NaN filtering to preserve memory efficiency
	Finished loading data!
	Loaded data using mmap mode
	Assigned self.data to unique split (test)
	Using memory-mapped data - skipping NaN filtering to preserve memory efficiency
	Finished loading data!
### Dataloaders created
	Tracking:
		epoch
		train_time
		train_loss
		lr
		test_time
		test_loss
		train_ACC
		test_ACC
		train_AUC
		test_AUC
		train_cls_loss
		test_cls_loss
		train_feature_loss
		test_feature_loss
		train_recon_loss
		test_recon_loss
	Created new checkpoint file: ./results/ntu120/CSub/train/ntu120_CSub_avg_D4.pt
		1 EPOCH BEST TEST AUC: 0.014858156442642212
			Train time: 626.77 seconds
			Test time: 344.16 seconds
		2 EPOCH BEST TEST AUC: 0.06295046210289001
			Train time: 630.66 seconds
			Test time: 335.06 seconds
		3 EPOCH BEST TEST AUC: 0.13204029202461243
			Train time: 621.89 seconds
			Test time: 342.69 seconds
		4 EPOCH BEST TEST AUC: 0.22628217935562134
			Train time: 633.80 seconds
			Test time: 345.47 seconds
		5 EPOCH BEST TEST AUC: 0.30260589718818665
			Train time: 675.09 seconds
			Test time: 365.00 seconds
		6 EPOCH BEST TEST AUC: 0.38131946325302124
			Train time: 666.69 seconds
			Test time: 364.47 seconds
		7 EPOCH BEST TEST AUC: 0.4153265953063965
			Train time: 665.11 seconds
			Test time: 363.07 seconds
		8 EPOCH BEST TEST AUC: 0.4224012494087219
			Train time: 664.95 seconds
			Test time: 364.37 seconds
		9 EPOCH BEST TEST AUC: 0.47409671545028687
			Train time: 663.53 seconds
			Test time: 364.89 seconds
		10 EPOCH BEST TEST AUC: 0.4966413676738739
			Train time: 664.36 seconds
			Test time: 362.84 seconds
		11 EPOCH BEST TEST AUC: 0.4966413676738739
			Train time: 664.37 seconds
			Test time: 365.03 seconds
		12 EPOCH BEST TEST AUC: 0.506584882736206
			Train time: 667.74 seconds
			Test time: 376.13 seconds
		13 EPOCH BEST TEST AUC: 0.510027289390564
			Train time: 663.42 seconds
			Test time: 355.79 seconds
		14 EPOCH BEST TEST AUC: 0.523412823677063
			Train time: 629.15 seconds
			Test time: 340.85 seconds
		15 EPOCH BEST TEST AUC: 0.5393845438957214
			Train time: 622.76 seconds
			Test time: 340.56 seconds
		16 EPOCH BEST TEST AUC: 0.5393845438957214
			Train time: 612.38 seconds
			Test time: 327.14 seconds
		17 EPOCH BEST TEST AUC: 0.5459126234054565
			Train time: 599.73 seconds
			Test time: 326.33 seconds
		18 EPOCH BEST TEST AUC: 0.5492000579833984
			Train time: 599.95 seconds
			Test time: 325.82 seconds
		19 EPOCH BEST TEST AUC: 0.5518715381622314
			Train time: 614.15 seconds
			Test time: 358.00 seconds
		20 EPOCH BEST TEST AUC: 0.5518715381622314
			Train time: 657.13 seconds
			Test time: 357.90 seconds
		21 EPOCH BEST TEST AUC: 0.5541365146636963
			Train time: 631.24 seconds
			Test time: 330.66 seconds
		22 EPOCH BEST TEST AUC: 0.5655872821807861
			Train time: 597.76 seconds
			Test time: 326.34 seconds
		23 EPOCH BEST TEST AUC: 0.5655872821807861
			Train time: 594.01 seconds
			Test time: 324.53 seconds
		24 EPOCH BEST TEST AUC: 0.5730639696121216
			Train time: 593.00 seconds
			Test time: 328.03 seconds
		25 EPOCH BEST TEST AUC: 0.5730639696121216
			Train time: 599.56 seconds
			Test time: 327.74 seconds
		26 EPOCH BEST TEST AUC: 0.5730639696121216
			Train time: 603.92 seconds
			Test time: 333.09 seconds
		27 EPOCH BEST TEST AUC: 0.5730639696121216
			Train time: 602.54 seconds
			Test time: 329.18 seconds
		28 EPOCH BEST TEST AUC: 0.5730639696121216
			Train time: 606.19 seconds
			Test time: 338.45 seconds
		29 EPOCH BEST TEST AUC: 0.5730639696121216
			Train time: 616.36 seconds
			Test time: 339.00 seconds
		30 EPOCH BEST TEST AUC: 0.5772945880889893
			Train time: 621.32 seconds
			Test time: 339.07 seconds
		31 EPOCH BEST TEST AUC: 0.5776165127754211
			Train time: 618.34 seconds
			Test time: 339.08 seconds
		32 EPOCH BEST TEST AUC: 0.5776165127754211
			Train time: 619.17 seconds
			Test time: 337.35 seconds
		33 EPOCH BEST TEST AUC: 0.5776165127754211
			Train time: 622.60 seconds
			Test time: 340.74 seconds
		34 EPOCH BEST TEST AUC: 0.5776165127754211
			Train time: 642.42 seconds
			Test time: 351.58 seconds
		35 EPOCH BEST TEST AUC: 0.5776165127754211
			Train time: 634.77 seconds
			Test time: 351.31 seconds
		36 EPOCH BEST TEST AUC: 0.5776165127754211
			Train time: 640.76 seconds
			Test time: 354.13 seconds
		37 EPOCH BEST TEST AUC: 0.5776165127754211
			Train time: 639.21 seconds
			Test time: 350.25 seconds
		38 EPOCH BEST TEST AUC: 0.5776165127754211
			Train time: 637.00 seconds
			Test time: 355.41 seconds
		39 EPOCH BEST TEST AUC: 0.5776165127754211
			Train time: 650.19 seconds
			Test time: 343.34 seconds
		40 EPOCH BEST TEST AUC: 0.5776165127754211
			Train time: 618.83 seconds
			Test time: 338.28 seconds
		41 EPOCH BEST TEST AUC: 0.5776165127754211
			Train time: 602.58 seconds
			Test time: 329.69 seconds
		42 EPOCH BEST TEST AUC: 0.5776165127754211
			Train time: 623.44 seconds
			Test time: 343.18 seconds
		43 EPOCH BEST TEST AUC: 0.5846123099327087
			Train time: 637.29 seconds
			Test time: 387.36 seconds
		44 EPOCH BEST TEST AUC: 0.5846123099327087
			Train time: 664.70 seconds
			Test time: 336.86 seconds
		45 EPOCH BEST TEST AUC: 0.5846123099327087
			Train time: 608.85 seconds
			Test time: 337.88 seconds
		46 EPOCH BEST TEST AUC: 0.5846123099327087
			Train time: 612.56 seconds
			Test time: 337.60 seconds
		47 EPOCH BEST TEST AUC: 0.5846123099327087
			Train time: 613.05 seconds
			Test time: 337.14 seconds
		48 EPOCH BEST TEST AUC: 0.5846123099327087
			Train time: 618.91 seconds
			Test time: 338.68 seconds
		49 EPOCH BEST TEST AUC: 0.5846123099327087
			Train time: 617.27 seconds
			Test time: 329.92 seconds
		50 EPOCH BEST TEST AUC: 0.5846123099327087
			Train time: 593.96 seconds
			Test time: 325.29 seconds
		51 EPOCH BEST TEST AUC: 0.6149613857269287
			Train time: 591.03 seconds
			Test time: 322.63 seconds
		52 EPOCH BEST TEST AUC: 0.6180124282836914
			Train time: 587.77 seconds
			Test time: 322.56 seconds
		53 EPOCH BEST TEST AUC: 0.6180124282836914
			Train time: 587.43 seconds
			Test time: 321.35 seconds
		54 EPOCH BEST TEST AUC: 0.6184018850326538
			Train time: 586.86 seconds
			Test time: 322.02 seconds
		55 EPOCH BEST TEST AUC: 0.6184018850326538
			Train time: 591.80 seconds
			Test time: 321.78 seconds
		56 EPOCH BEST TEST AUC: 0.6185681819915771
			Train time: 594.98 seconds
			Test time: 322.80 seconds
		57 EPOCH BEST TEST AUC: 0.6185681819915771
			Train time: 586.40 seconds
			Test time: 321.67 seconds
		58 EPOCH BEST TEST AUC: 0.6185681819915771
			Train time: 589.78 seconds
			Test time: 318.63 seconds
		59 EPOCH BEST TEST AUC: 0.6185681819915771
			Train time: 587.10 seconds
			Test time: 319.60 seconds
		60 EPOCH BEST TEST AUC: 0.6185681819915771
			Train time: 585.95 seconds
			Test time: 317.95 seconds
		61 EPOCH BEST TEST AUC: 0.6190600991249084
			Train time: 584.67 seconds
			Test time: 318.09 seconds
		62 EPOCH BEST TEST AUC: 0.6199156045913696
			Train time: 582.69 seconds
			Test time: 319.78 seconds
		63 EPOCH BEST TEST AUC: 0.6199156045913696
			Train time: 588.04 seconds
			Test time: 318.32 seconds
		64 EPOCH BEST TEST AUC: 0.6199156045913696
			Train time: 588.89 seconds
			Test time: 318.85 seconds
		65 EPOCH BEST TEST AUC: 0.6199156045913696
			Train time: 583.57 seconds
			Test time: 318.20 seconds
		66 EPOCH BEST TEST AUC: 0.6199156045913696
			Train time: 587.30 seconds
			Test time: 317.80 seconds
		67 EPOCH BEST TEST AUC: 0.6199156045913696
			Train time: 586.66 seconds
			Test time: 318.14 seconds
		68 EPOCH BEST TEST AUC: 0.6199156045913696
			Train time: 584.83 seconds
			Test time: 318.76 seconds
		69 EPOCH BEST TEST AUC: 0.6207867860794067
			Train time: 584.77 seconds
			Test time: 318.68 seconds
		70 EPOCH BEST TEST AUC: 0.6207867860794067
			Train time: 582.63 seconds
			Test time: 317.86 seconds
	Training time:         18:32:50
	Best train AUC: 0.8049520254135132
	Best test AUC: 0.6207867860794067

+------------------ Job Report: 3813268 (COMPLETED) -------------------+
| Memory (RAM)  [####                ] 23.6% (1.7 GB peak / 7 GB)      |
| CPU           [#########           ] 49.8% average                   |
| GPU           [#####               ] 28.3% average                   |
| Time          [------------------->] 96.0% (0-20:09:36 / 0-21:00:00) |
|                                                                      |
| Lustre Filesystem:                                                   |
|   Path    Total Read    Total Write    Total IOPS                    |
|   ------  ------------  -------------  ------------                  |
|   /apps   10.4 MB       0 B            372                           |
|   /fred   342.1 GB      40.2 MB        4.6 K                         |
|   /home   0 B           0 B            3                             |
|   OS      4.4 MB        0 B            91                            |
|                                                                      |
| Warnings:                                                            |
|   - Too much memory requested                                        |
|   - CPU usage is low                                                 |
|   - GPU usage is low                                                 |
+----------------------------------------------------------------------+
