Copying file: ./data/ntu120/aligned_data/ntu120_CSub-flowpose_D4_aligned.npz to /var/tmp/jobfs/data
Dataset copied to JOBFS: ntu120_CSub-flowpose_D4_aligned.npz
Data path: /var/tmp/jobfs/data/ntu120_CSub-flowpose_D4_aligned.npz
Run name: ntu120_CSub_cnn_D4

### Libraries loaded
feeder: feeders.ntu_rgb_d.Feeder
feeder_args:
  data_paths: {'CSet': './data/ntu120/aligned_data/NTU120_CSet-flowpose_aligned.npz', 'CSub': './data/ntu120/aligned_data/NTU120_CSub-flowpose_aligned.npz'}
  label_path: ./data/ntu120/statistics/ntu_rgbd120-annotations.yaml
  p_interval: [0.5, 1]
  random_choose: True
  random_shift: True
  window_size: 64
  random_move: True
  random_rot: True
  average_flow: False
  absolute_flow: False
  no_flow: False
extractor:
  preprocessed: True
  pose: {'weights': 'pretrained_models/yolo11x-pose.pt'}
  flow: {'weights': 'pretrained_models/raft_large.pt', 'imsize': [1080, 1920], 'minibatch_size': 3}
  flowpose: {'window_size': 5, 'threshold': 0.05, 'loop': False, 'norm': False, 'match_pose': False, 'ntu': True, 'dilation': 3}
model: model.infogcn2.sode.SODE
model_args:
  num_class: 120
  num_point: 25
  num_person: 2
  graph: graph.ntu_rgb_d.Graph
  pose_channels: 3
  flow_channels: 50
  embed_channels: 64
  num_head: 3
  ode_method: euler
  depth: 4
  device: 0
  T: 64
  n_step: 3
  SAGC_proj: True
  num_cls: 10
  n_sample: 1
  backbone: transformer
  cnn: True
ignore_weights: []
phase: train
optim:
  base_lr: 0.1
  nesterov: True
  weight_decay: 0.0003
  step: [50, 60]
  gamma: 0.1
lambda_1: 1
lambda_2: 0.1
lambda_3: 0.001
lambda_4: 0.0
lambda_5: 0.0
num_epoch: 70
device: 0
batch_size: 256
forward_batch_size: 128
test_batch_size: 256
half: False
checkpoint_freq: 10
save_location: ./results/ntu120/
dataset: ntu120
model_type: cnn
evaluation: CSub
run_name: ntu120_CSub_cnn_D4
description: train ntu120 CSub cnn with dilation 4 TESTING n_step = 4
data_path_overwrite: /var/tmp/jobfs/data/ntu120_CSub-flowpose_D4_aligned.npz
verbose: True
### Arguments loaded
	Output device: cuda:0
	Temporal encoder: transformer
	Model total number of params: 697848
	Loading weights from ./results/ntu120/CSub/train/ntu120_CSub_cnn_D4.pt
	Checkpoint file does not yet exist
	([Errno 2] No such file or directory: './results/ntu120/CSub/train/ntu120_CSub_cnn_D4.pt')
### Model created
	Loaded data using mmap mode
	Self.data assigned
	Self.labels assigned
	Assigned self.data to unique split (train)
	Using memory-mapped data - skipping NaN filtering to preserve memory efficiency
	Finished loading data!
	Loaded data using mmap mode
	Assigned self.data to unique split (test)
	Using memory-mapped data - skipping NaN filtering to preserve memory efficiency
	Finished loading data!
### Dataloaders created
	Tracking:
		epoch
		train_time
		train_loss
		lr
		test_time
		test_loss
		train_ACC
		test_ACC
		train_AUC
		test_AUC
		train_cls_loss
		test_cls_loss
		train_feature_loss
		test_feature_loss
		train_recon_loss
		test_recon_loss
	Created new checkpoint file: ./results/ntu120/CSub/train/ntu120_CSub_cnn_D4.pt
		1 EPOCH BEST TEST AUC: 0.011361180804669857
			Train time: 706.40 seconds
			Test time: 356.83 seconds
		2 EPOCH BEST TEST AUC: 0.037547074258327484
			Train time: 710.23 seconds
			Test time: 357.52 seconds
		3 EPOCH BEST TEST AUC: 0.11194004118442535
			Train time: 750.00 seconds
			Test time: 474.77 seconds
		4 EPOCH BEST TEST AUC: 0.2043825089931488
			Train time: 795.98 seconds
			Test time: 385.86 seconds
		5 EPOCH BEST TEST AUC: 0.30065274238586426
			Train time: 794.81 seconds
			Test time: 387.41 seconds
		6 EPOCH BEST TEST AUC: 0.34572863578796387
			Train time: 792.58 seconds
			Test time: 389.70 seconds
		7 EPOCH BEST TEST AUC: 0.34572863578796387
			Train time: 769.20 seconds
			Test time: 394.47 seconds
		8 EPOCH BEST TEST AUC: 0.37807929515838623
			Train time: 789.38 seconds
			Test time: 419.96 seconds
		9 EPOCH BEST TEST AUC: 0.44361692667007446
			Train time: 852.82 seconds
			Test time: 437.75 seconds
		10 EPOCH BEST TEST AUC: 0.4466830790042877
			Train time: 847.71 seconds
			Test time: 421.43 seconds
		11 EPOCH BEST TEST AUC: 0.482430100440979
			Train time: 853.73 seconds
			Test time: 424.01 seconds
		12 EPOCH BEST TEST AUC: 0.5035721063613892
			Train time: 848.82 seconds
			Test time: 428.08 seconds
		13 EPOCH BEST TEST AUC: 0.5130504369735718
			Train time: 853.90 seconds
			Test time: 429.24 seconds
		14 EPOCH BEST TEST AUC: 0.5330926775932312
			Train time: 842.26 seconds
			Test time: 421.22 seconds
		15 EPOCH BEST TEST AUC: 0.5330926775932312
			Train time: 842.81 seconds
			Test time: 430.27 seconds
		16 EPOCH BEST TEST AUC: 0.5330926775932312
			Train time: 852.11 seconds
			Test time: 416.69 seconds
		17 EPOCH BEST TEST AUC: 0.5330926775932312
			Train time: 815.56 seconds
			Test time: 393.53 seconds
		18 EPOCH BEST TEST AUC: 0.5524177551269531
			Train time: 777.89 seconds
			Test time: 391.68 seconds
		19 EPOCH BEST TEST AUC: 0.5524177551269531
			Train time: 790.99 seconds
			Test time: 398.94 seconds
		20 EPOCH BEST TEST AUC: 0.553970217704773
			Train time: 760.90 seconds
			Test time: 381.64 seconds
		21 EPOCH BEST TEST AUC: 0.5544344782829285
			Train time: 739.61 seconds
			Test time: 374.58 seconds
		22 EPOCH BEST TEST AUC: 0.571923017501831
			Train time: 859.78 seconds
			Test time: 444.64 seconds
		23 EPOCH BEST TEST AUC: 0.571923017501831
			Train time: 908.05 seconds
			Test time: 418.28 seconds
		24 EPOCH BEST TEST AUC: 0.571923017501831
			Train time: 778.09 seconds
			Test time: 373.46 seconds
		25 EPOCH BEST TEST AUC: 0.571923017501831
			Train time: 743.48 seconds
			Test time: 363.05 seconds
		26 EPOCH BEST TEST AUC: 0.571923017501831
			Train time: 722.02 seconds
			Test time: 353.24 seconds
		27 EPOCH BEST TEST AUC: 0.571923017501831
			Train time: 700.35 seconds
			Test time: 348.23 seconds
		28 EPOCH BEST TEST AUC: 0.571923017501831
			Train time: 698.38 seconds
			Test time: 354.78 seconds
		29 EPOCH BEST TEST AUC: 0.571923017501831
			Train time: 689.59 seconds
			Test time: 341.94 seconds
		30 EPOCH BEST TEST AUC: 0.571923017501831
			Train time: 688.82 seconds
			Test time: 341.68 seconds
		31 EPOCH BEST TEST AUC: 0.5734339952468872
			Train time: 683.62 seconds
			Test time: 345.83 seconds
		32 EPOCH BEST TEST AUC: 0.5734339952468872
			Train time: 690.42 seconds
			Test time: 345.90 seconds
		33 EPOCH BEST TEST AUC: 0.5734339952468872
			Train time: 695.97 seconds
			Test time: 346.23 seconds
		34 EPOCH BEST TEST AUC: 0.5734339952468872
			Train time: 700.19 seconds
			Test time: 359.28 seconds
		35 EPOCH BEST TEST AUC: 0.5876526236534119
			Train time: 716.02 seconds
			Test time: 357.84 seconds
		36 EPOCH BEST TEST AUC: 0.5876526236534119
			Train time: 715.18 seconds
			Test time: 362.16 seconds
		37 EPOCH BEST TEST AUC: 0.5876526236534119
			Train time: 741.27 seconds
			Test time: 405.10 seconds
		38 EPOCH BEST TEST AUC: 0.5876526236534119
			Train time: 763.97 seconds
			Test time: 374.52 seconds
		39 EPOCH BEST TEST AUC: 0.5876526236534119
			Train time: 787.52 seconds
			Test time: 413.53 seconds
		40 EPOCH BEST TEST AUC: 0.5876526236534119
			Train time: 818.66 seconds
			Test time: 400.44 seconds
		41 EPOCH BEST TEST AUC: 0.5876526236534119
			Train time: 748.34 seconds
			Test time: 371.71 seconds
		42 EPOCH BEST TEST AUC: 0.5876526236534119
			Train time: 724.16 seconds
			Test time: 365.51 seconds
		43 EPOCH BEST TEST AUC: 0.5876526236534119
			Train time: 716.02 seconds
			Test time: 362.83 seconds
		44 EPOCH BEST TEST AUC: 0.5876526236534119
			Train time: 714.69 seconds
			Test time: 365.96 seconds
		45 EPOCH BEST TEST AUC: 0.5876526236534119
			Train time: 718.52 seconds
			Test time: 360.95 seconds
		46 EPOCH BEST TEST AUC: 0.5876526236534119
			Train time: 722.07 seconds
			Test time: 354.35 seconds
		47 EPOCH BEST TEST AUC: 0.5876526236534119
			Train time: 693.65 seconds
			Test time: 343.90 seconds
		48 EPOCH BEST TEST AUC: 0.5876526236534119
			Train time: 685.19 seconds
			Test time: 346.09 seconds
		49 EPOCH BEST TEST AUC: 0.5891141891479492
			Train time: 688.24 seconds
			Test time: 342.53 seconds
		50 EPOCH BEST TEST AUC: 0.5891141891479492
			Train time: 688.27 seconds
			Test time: 345.40 seconds
		51 EPOCH BEST TEST AUC: 0.6310979127883911
			Train time: 685.45 seconds
			Test time: 345.55 seconds
		52 EPOCH BEST TEST AUC: 0.6310979127883911
			Train time: 692.19 seconds
			Test time: 343.91 seconds
		53 EPOCH BEST TEST AUC: 0.6310979127883911
			Train time: 683.24 seconds
			Test time: 346.01 seconds
		54 EPOCH BEST TEST AUC: 0.6310979127883911
			Train time: 689.12 seconds
			Test time: 340.65 seconds
		55 EPOCH BEST TEST AUC: 0.6319494247436523
			Train time: 689.97 seconds
			Test time: 345.71 seconds
		56 EPOCH BEST TEST AUC: 0.6319494247436523
			Train time: 685.53 seconds
			Test time: 346.55 seconds
		57 EPOCH BEST TEST AUC: 0.6330522894859314
			Train time: 699.00 seconds
			Test time: 345.53 seconds
		58 EPOCH BEST TEST AUC: 0.6330522894859314
			Train time: 677.55 seconds
			Test time: 345.58 seconds
		59 EPOCH BEST TEST AUC: 0.6335113644599915
			Train time: 688.52 seconds
			Test time: 349.24 seconds
		60 EPOCH BEST TEST AUC: 0.6335113644599915
			Train time: 682.75 seconds
			Test time: 349.91 seconds
		61 EPOCH BEST TEST AUC: 0.633565366268158
			Train time: 690.95 seconds
			Test time: 344.24 seconds
		62 EPOCH BEST TEST AUC: 0.6347283720970154
			Train time: 691.22 seconds
			Test time: 346.49 seconds
		63 EPOCH BEST TEST AUC: 0.6358115673065186
			Train time: 691.18 seconds
			Test time: 344.56 seconds
		64 EPOCH BEST TEST AUC: 0.6358115673065186
			Train time: 677.35 seconds
			Test time: 344.93 seconds
		65 EPOCH BEST TEST AUC: 0.6360530853271484
			Train time: 686.03 seconds
			Test time: 345.87 seconds
		66 EPOCH BEST TEST AUC: 0.636878490447998
			Train time: 723.68 seconds
			Test time: 361.57 seconds
		67 EPOCH BEST TEST AUC: 0.636878490447998
			Train time: 713.97 seconds
			Test time: 349.80 seconds
		68 EPOCH BEST TEST AUC: 0.636878490447998
			Train time: 695.17 seconds
			Test time: 364.35 seconds
		69 EPOCH BEST TEST AUC: 0.636878490447998
			Train time: 718.45 seconds
			Test time: 359.74 seconds
		70 EPOCH BEST TEST AUC: 0.636878490447998
			Train time: 691.43 seconds
			Test time: 346.11 seconds
	Training time:         21:38:52
	Best train AUC: 0.8060966730117798
	Best test AUC: 0.636878490447998

+------------------ Job Report: 3813266 (COMPLETED) -------------------+
| Memory (RAM)  [###########         ] 56.9% (8.5 GB peak / 15 GB)     |
| CPU           [#########           ] 48.6% average                   |
| GPU           [#####               ] 27.6% average                   |
| Time          [------------------> ] 90.9% (0-21:48:46 / 1-00:00:00) |
|                                                                      |
| Lustre Filesystem:                                                   |
|   Path    Total Read    Total Write      Total IOPS                  |
|   ------  ------------  -------------  ------------                  |
|   /apps   9.7 MB        0 B                    197                   |
|   /fred   341 GB        40.5 MB                419                   |
|   /home   0 B           0 B                      3                   |
|   OS      3.8 MB        0 B                    105                   |
|                                                                      |
| Warnings:                                                            |
|   - CPU usage is low                                                 |
|   - GPU usage is low                                                 |
+----------------------------------------------------------------------+
