Dataset copied to JOBFS: NTU120_CSub-pose_aligned.npz
### Libraries loaded
feeder: feeders.ntu_rgb_d.Feeder
feeder_args:
  data_paths: {'CSet': './data/ntu120/aligned_data/NTU120_CSet-pose_aligned.npz', 'CSub': './data/ntu120/aligned_data/NTU120_CSub-pose_aligned.npz'}
  label_path: ./data/ntu120/statistics/ntu_rgbd120-annotations.yaml
  p_interval: [0.5, 1]
  random_choose: True
  random_shift: True
  window_size: 64
  random_move: True
  random_rot: True
  average_flow: False
  absolute_flow: False
  no_flow: True
extractor:
  preprocessed: True
  pose: {'weights': 'pretrained_models/yolo11x-pose.pt'}
  flow: {'weights': 'pretrained_models/raft_large.pt', 'imsize': [240, 320], 'minibatch_size': 16}
  flowpose: {'window_size': 5, 'threshold': 0.05, 'loop': False, 'norm': False, 'match_pose': False, 'ntu': True}
model: model.infogcn2.sode.SODE
model_args:
  num_class: 120
  num_point: 25
  num_person: 2
  graph: graph.ntu_rgb_d.Graph
  pose_channels: 3
  flow_channels: 0
  embed_channels: 64
  num_head: 3
  ode_method: euler
  depth: 4
  device: 0
  T: 64
  n_step: 3
  SAGC_proj: True
  num_cls: 10
  n_sample: 1
  backbone: transformer
  cnn: False
ignore_weights: []
phase: train
optim:
  base_lr: 0.1
  nesterov: True
  weight_decay: 0.0003
  step: [50, 60]
  gamma: 0.1
lambda_1: 1
lambda_2: 0.1
lambda_3: 0.001
lambda_4: 0.0
lambda_5: 0.0
num_epoch: 70
device: 0
batch_size: 256
forward_batch_size: 128
test_batch_size: 256
half: False
checkpoint_freq: 10
save_location: ./results/ntu120/
dataset: ntu120
model_type: base
evaluation: CSub
run_name: ntu120_CSub_base
description: train ntu120 {evaluation} {model_type}
data_path_overwrite: /var/tmp/jobfs/data
verbose: True
### Arguments loaded
	Output device: cuda:0
	Temporal encoder: transformer
	Model total number of params: 691147
	Loading weights from ./results/ntu120/CSub/train/ntu120_CSub_base.pt
	Checkpoint file does not yet exist
	([Errno 2] No such file or directory: './results/ntu120/CSub/train/ntu120_CSub_base.pt')
### Model created
	Loaded data using mmap mode
	Self.data assigned
	Self.labels assigned
	Assigned self.data to unique split (train)
	Using memory-mapped data - skipping NaN filtering to preserve memory efficiency
	Finished loading data!
	Loaded data using mmap mode
	Assigned self.data to unique split (test)
	Using memory-mapped data - skipping NaN filtering to preserve memory efficiency
	Finished loading data!
### Dataloaders created
	Tracking:
		epoch
		train_time
		train_loss
		lr
		test_time
		test_loss
		train_ACC
		test_ACC
		train_AUC
		test_AUC
		train_cls_loss
		test_cls_loss
		train_feature_loss
		test_feature_loss
		train_recon_loss
		test_recon_loss
	Created new checkpoint file: ./results/ntu120/CSub/train/ntu120_CSub_base.pt
		1 EPOCH BEST TEST AUC: 0.012028908357024193
			Train time: 254.52 seconds
			Test time: 78.13 seconds
		2 EPOCH BEST TEST AUC: 0.04227393865585327
			Train time: 240.58 seconds
			Test time: 80.66 seconds
		3 EPOCH BEST TEST AUC: 0.06828615069389343
			Train time: 240.93 seconds
			Test time: 77.53 seconds
		4 EPOCH BEST TEST AUC: 0.15647706389427185
			Train time: 240.28 seconds
			Test time: 77.63 seconds
		5 EPOCH BEST TEST AUC: 0.2378959059715271
			Train time: 240.36 seconds
			Test time: 77.56 seconds
		6 EPOCH BEST TEST AUC: 0.2482757419347763
			Train time: 240.16 seconds
			Test time: 77.80 seconds
		7 EPOCH BEST TEST AUC: 0.328609824180603
			Train time: 240.42 seconds
			Test time: 77.55 seconds
		8 EPOCH BEST TEST AUC: 0.3519207537174225
			Train time: 240.15 seconds
			Test time: 77.27 seconds
		9 EPOCH BEST TEST AUC: 0.38979676365852356
			Train time: 240.03 seconds
			Test time: 77.45 seconds
		10 EPOCH BEST TEST AUC: 0.39510083198547363
			Train time: 240.29 seconds
			Test time: 77.54 seconds
		11 EPOCH BEST TEST AUC: 0.39510083198547363
			Train time: 240.34 seconds
			Test time: 78.13 seconds
		12 EPOCH BEST TEST AUC: 0.441250741481781
			Train time: 240.34 seconds
			Test time: 77.37 seconds
		13 EPOCH BEST TEST AUC: 0.441250741481781
			Train time: 240.25 seconds
			Test time: 77.58 seconds
		14 EPOCH BEST TEST AUC: 0.46805769205093384
			Train time: 240.12 seconds
			Test time: 78.05 seconds
		15 EPOCH BEST TEST AUC: 0.46806079149246216
			Train time: 240.30 seconds
			Test time: 77.55 seconds
		16 EPOCH BEST TEST AUC: 0.46806079149246216
			Train time: 240.07 seconds
			Test time: 77.25 seconds
		17 EPOCH BEST TEST AUC: 0.48299410939216614
			Train time: 240.01 seconds
			Test time: 77.41 seconds
		18 EPOCH BEST TEST AUC: 0.48299410939216614
			Train time: 240.13 seconds
			Test time: 77.65 seconds
		19 EPOCH BEST TEST AUC: 0.4885406196117401
			Train time: 240.18 seconds
			Test time: 77.65 seconds
		20 EPOCH BEST TEST AUC: 0.4885406196117401
			Train time: 240.14 seconds
			Test time: 77.43 seconds
		21 EPOCH BEST TEST AUC: 0.4885406196117401
			Train time: 239.97 seconds
			Test time: 77.21 seconds
		22 EPOCH BEST TEST AUC: 0.5083272457122803
			Train time: 239.94 seconds
			Test time: 77.27 seconds
		23 EPOCH BEST TEST AUC: 0.5083272457122803
			Train time: 239.93 seconds
			Test time: 77.00 seconds
		24 EPOCH BEST TEST AUC: 0.5083272457122803
			Train time: 239.98 seconds
			Test time: 77.72 seconds
		25 EPOCH BEST TEST AUC: 0.5083272457122803
			Train time: 240.07 seconds
			Test time: 77.54 seconds
		26 EPOCH BEST TEST AUC: 0.5084601044654846
			Train time: 240.30 seconds
			Test time: 77.67 seconds
		27 EPOCH BEST TEST AUC: 0.5084601044654846
			Train time: 240.09 seconds
			Test time: 77.56 seconds
		28 EPOCH BEST TEST AUC: 0.5084601044654846
			Train time: 240.37 seconds
			Test time: 77.67 seconds
		29 EPOCH BEST TEST AUC: 0.5084601044654846
			Train time: 240.29 seconds
			Test time: 77.27 seconds
		30 EPOCH BEST TEST AUC: 0.5125566720962524
			Train time: 240.46 seconds
			Test time: 77.46 seconds
		31 EPOCH BEST TEST AUC: 0.5195668935775757
			Train time: 240.23 seconds
			Test time: 77.74 seconds
		32 EPOCH BEST TEST AUC: 0.5195668935775757
			Train time: 240.31 seconds
			Test time: 77.47 seconds
		33 EPOCH BEST TEST AUC: 0.5195668935775757
			Train time: 240.49 seconds
			Test time: 77.48 seconds
		34 EPOCH BEST TEST AUC: 0.5195668935775757
			Train time: 240.12 seconds
			Test time: 77.45 seconds
		35 EPOCH BEST TEST AUC: 0.5195668935775757
			Train time: 240.23 seconds
			Test time: 77.67 seconds
		36 EPOCH BEST TEST AUC: 0.5195668935775757
			Train time: 240.53 seconds
			Test time: 77.56 seconds
		37 EPOCH BEST TEST AUC: 0.5195668935775757
			Train time: 240.20 seconds
			Test time: 77.67 seconds
		38 EPOCH BEST TEST AUC: 0.5195668935775757
			Train time: 240.28 seconds
			Test time: 77.58 seconds
		39 EPOCH BEST TEST AUC: 0.5195668935775757
			Train time: 240.38 seconds
			Test time: 77.74 seconds
		40 EPOCH BEST TEST AUC: 0.5195668935775757
			Train time: 240.32 seconds
			Test time: 77.42 seconds
		41 EPOCH BEST TEST AUC: 0.5195668935775757
			Train time: 240.41 seconds
			Test time: 77.52 seconds
		42 EPOCH BEST TEST AUC: 0.5271120071411133
			Train time: 240.57 seconds
			Test time: 77.88 seconds
		43 EPOCH BEST TEST AUC: 0.5271120071411133
			Train time: 240.34 seconds
			Test time: 77.31 seconds
		44 EPOCH BEST TEST AUC: 0.5271120071411133
			Train time: 240.34 seconds
			Test time: 77.91 seconds
		45 EPOCH BEST TEST AUC: 0.5271120071411133
			Train time: 240.50 seconds
			Test time: 77.54 seconds
		46 EPOCH BEST TEST AUC: 0.5272166132926941
			Train time: 240.04 seconds
			Test time: 77.42 seconds
		47 EPOCH BEST TEST AUC: 0.5272166132926941
			Train time: 240.26 seconds
			Test time: 77.71 seconds
		48 EPOCH BEST TEST AUC: 0.5279202461242676
			Train time: 240.12 seconds
			Test time: 77.49 seconds
		49 EPOCH BEST TEST AUC: 0.5305531024932861
			Train time: 240.23 seconds
			Test time: 77.19 seconds
		50 EPOCH BEST TEST AUC: 0.5305531024932861
			Train time: 240.21 seconds
			Test time: 77.71 seconds
		51 EPOCH BEST TEST AUC: 0.5565701723098755
			Train time: 240.65 seconds
			Test time: 77.56 seconds
		52 EPOCH BEST TEST AUC: 0.5608100891113281
			Train time: 240.54 seconds
			Test time: 77.56 seconds
		53 EPOCH BEST TEST AUC: 0.5622106194496155
			Train time: 240.28 seconds
			Test time: 77.20 seconds
		54 EPOCH BEST TEST AUC: 0.5622106194496155
			Train time: 240.42 seconds
			Test time: 77.68 seconds
		55 EPOCH BEST TEST AUC: 0.5622106194496155
			Train time: 240.60 seconds
			Test time: 77.55 seconds
		56 EPOCH BEST TEST AUC: 0.5630866289138794
			Train time: 240.28 seconds
			Test time: 77.52 seconds
		57 EPOCH BEST TEST AUC: 0.5630866289138794
			Train time: 240.40 seconds
			Test time: 77.36 seconds
		58 EPOCH BEST TEST AUC: 0.5630866289138794
			Train time: 240.19 seconds
			Test time: 77.51 seconds
		59 EPOCH BEST TEST AUC: 0.5630866289138794
			Train time: 240.35 seconds
			Test time: 77.30 seconds
		60 EPOCH BEST TEST AUC: 0.5630866289138794
			Train time: 240.41 seconds
			Test time: 77.36 seconds
		61 EPOCH BEST TEST AUC: 0.5630866289138794
			Train time: 240.25 seconds
			Test time: 77.49 seconds
		62 EPOCH BEST TEST AUC: 0.5630866289138794
			Train time: 240.52 seconds
			Test time: 77.22 seconds
		63 EPOCH BEST TEST AUC: 0.5630866289138794
			Train time: 240.28 seconds
			Test time: 77.50 seconds
		64 EPOCH BEST TEST AUC: 0.5630866289138794
			Train time: 240.39 seconds
			Test time: 77.34 seconds
		65 EPOCH BEST TEST AUC: 0.5630866289138794
			Train time: 240.52 seconds
			Test time: 77.52 seconds
		66 EPOCH BEST TEST AUC: 0.5630866289138794
			Train time: 240.26 seconds
			Test time: 77.33 seconds
		67 EPOCH BEST TEST AUC: 0.5630866289138794
			Train time: 240.25 seconds
			Test time: 77.35 seconds
		68 EPOCH BEST TEST AUC: 0.5630866289138794
			Train time: 240.19 seconds
			Test time: 77.67 seconds
		69 EPOCH BEST TEST AUC: 0.5630866289138794
			Train time: 240.51 seconds
			Test time: 77.62 seconds
		70 EPOCH BEST TEST AUC: 0.5630866289138794
			Train time: 240.37 seconds
			Test time: 77.44 seconds
	Training time: 6:11:04
	Best train AUC: 0.7658265829086304
	Best test AUC: 0.5630866289138794

+------------------ Job Report: 2298980 (COMPLETED) -------------------+
| Memory (RAM)  [################### ] 99.7% (5 GB peak / 5 GB)        |
| CPU           [################    ] 80.3% average                   |
| GPU           [##################  ] 91.9% average                   |
| Time          [----------------->  ] 89.2% (0-06:14:35 / 0-07:00:00) |
|                                                                      |
| Lustre Filesystem:                                                   |
|   Path    Total Read    Total Write    Total IOPS                    |
|   ------  ------------  -------------  ------------                  |
|   /apps   0 B           0 B            21                            |
|   /fred   19.4 GB       40.1 MB        4.6 K                         |
|   /home   0 B           0 B            1                             |
|   OS      7.3 MB        0 B            368                           |
+----------------------------------------------------------------------+
