Dataset copied to JOBFS: NTU120_CSub-flowpose_aligned.npz
### Libraries loaded
feeder: feeders.ntu_rgb_d.Feeder
feeder_args:
  data_paths: {'CSet': './data/ntu120/aligned_data/NTU120_CSet-flowpose_aligned.npz', 'CSub': './data/ntu120/aligned_data/NTU120_CSub-flowpose_aligned.npz'}
  label_path: ./data/ntu/statistics/ntu_rgbd120-annotations.yaml
  p_interval: [0.5, 1]
  random_choose: True
  random_shift: True
  window_size: 64
  random_move: True
  random_rot: True
  average_flow: True
  absolute_flow: False
  no_flow: False
extractor:
  preprocessed: True
  pose: {'weights': 'pretrained_models/yolo11x-pose.pt'}
  flow: {'weights': 'pretrained_models/raft_large.pt', 'imsize': [240, 320], 'minibatch_size': 16}
  flowpose: {'window_size': 5, 'threshold': 0.05, 'loop': False, 'norm': False, 'match_pose': False, 'ntu': True}
model: model.infogcn2.sode.SODE
model_args:
  num_class: 120
  num_point: 25
  num_person: 2
  graph: graph.ntu_rgb_d.Graph
  pose_channels: 3
  flow_channels: 2
  embed_channels: 64
  num_head: 3
  ode_method: euler
  depth: 4
  device: 0
  T: 64
  n_step: 3
  SAGC_proj: True
  num_cls: 10
  n_sample: 1
  backbone: transformer
  cnn: False
ignore_weights: []
phase: train
optim:
  base_lr: 0.1
  nesterov: True
  weight_decay: 0.0003
  step: [50, 60]
  gamma: 0.1
lambda_1: 1
lambda_2: 0.1
lambda_3: 0.001
lambda_4: 0.0
lambda_5: 0.0
num_epoch: 70
device: 0
batch_size: 256
forward_batch_size: 128
test_batch_size: 256
half: False
checkpoint_freq: 10
save_location: ./results/ntu120/
dataset: ntu120
model_type: avg
evaluation: CSub
run_name: ntu120_CSub_avg
description: train ntu120 {evaluation} {model_type}
data_path_overwrite: /var/tmp/jobfs/data
verbose: True
Could not file label file: './data/ntu/statistics/ntu_rgbd120-annotations.yaml'
Creating empty labels dictionary
### Arguments loaded
	Output device: cuda:0
	Temporal encoder: transformer
	Model total number of params: 691275
	Loading weights from ./results/ntu120/CSub/train/ntu120_CSub_avg.pt
	Total number of weights removed: 0
	Pretrained model loaded
### Model created
	Loaded data using mmap mode
	Self.data assigned
	Self.labels assigned
	Assigned self.data to unique split (train)
	Using memory-mapped data - skipping NaN filtering to preserve memory efficiency
	Finished loading data!
	Loaded data using mmap mode
	Assigned self.data to unique split (test)
	Using memory-mapped data - skipping NaN filtering to preserve memory efficiency
	Finished loading data!
### Dataloaders created
	Tracking:
		epoch
		train_time
		train_loss
		lr
		test_time
		test_loss
		train_ACC
		test_ACC
		train_AUC
		test_AUC
		train_cls_loss
		test_cls_loss
		train_feature_loss
		test_feature_loss
		train_recon_loss
		test_recon_loss
	Resuming from checkpoint at epoch 60
		1 EPOCH BEST TEST ACC: 0.012820299714803696
			Train time: 605.13 seconds
			Test time: 340.37 seconds
		2 EPOCH BEST TEST ACC: 0.03624537214636803
			Train time: 642.56 seconds
			Test time: 345.52 seconds
		3 EPOCH BEST TEST ACC: 0.0806366428732872
			Train time: 649.63 seconds
			Test time: 346.60 seconds
		4 EPOCH BEST TEST ACC: 0.1593284010887146
			Train time: 607.88 seconds
			Test time: 323.79 seconds
		5 EPOCH BEST TEST ACC: 0.22585655748844147
			Train time: 594.58 seconds
			Test time: 320.77 seconds
		6 EPOCH BEST TEST ACC: 0.2821042835712433
			Train time: 589.47 seconds
			Test time: 320.50 seconds
		7 EPOCH BEST TEST ACC: 0.33379024267196655
			Train time: 588.88 seconds
			Test time: 322.70 seconds
		8 EPOCH BEST TEST ACC: 0.3802773356437683
			Train time: 590.92 seconds
			Test time: 324.13 seconds
		9 EPOCH BEST TEST ACC: 0.4008161127567291
			Train time: 591.34 seconds
			Test time: 323.21 seconds
		10 EPOCH BEST TEST ACC: 0.40340232849121094
			Train time: 596.17 seconds
			Test time: 324.18 seconds
		11 EPOCH BEST TEST ACC: 0.43847426772117615
			Train time: 590.73 seconds
			Test time: 321.90 seconds
		12 EPOCH BEST TEST ACC: 0.4411322772502899
			Train time: 593.81 seconds
			Test time: 324.81 seconds
		13 EPOCH BEST TEST ACC: 0.4585772752761841
			Train time: 593.75 seconds
			Test time: 325.38 seconds
		14 EPOCH BEST TEST ACC: 0.4673083424568176
			Train time: 594.71 seconds
			Test time: 327.28 seconds
		15 EPOCH BEST TEST ACC: 0.45643752813339233
			Train time: 602.15 seconds
			Test time: 325.36 seconds
		16 EPOCH BEST TEST ACC: 0.4837489724159241
			Train time: 608.60 seconds
			Test time: 330.74 seconds
		17 EPOCH BEST TEST ACC: 0.48247671127319336
			Train time: 600.81 seconds
			Test time: 327.49 seconds
		18 EPOCH BEST TEST ACC: 0.4435610771179199
			Train time: 597.65 seconds
			Test time: 326.34 seconds
		19 EPOCH BEST TEST ACC: 0.4974870979785919
			Train time: 601.05 seconds
			Test time: 329.61 seconds
		20 EPOCH BEST TEST ACC: 0.4921811819076538
			Train time: 598.96 seconds
			Test time: 326.50 seconds
		21 EPOCH BEST TEST ACC: 0.4994460940361023
			Train time: 592.81 seconds
			Test time: 327.59 seconds
		22 EPOCH BEST TEST ACC: 0.4925119876861572
			Train time: 597.28 seconds
			Test time: 326.04 seconds
		23 EPOCH BEST TEST ACC: 0.5121304392814636
			Train time: 594.86 seconds
			Test time: 323.27 seconds
		24 EPOCH BEST TEST ACC: 0.5035905838012695
			Train time: 588.65 seconds
			Test time: 324.95 seconds
		25 EPOCH BEST TEST ACC: 0.5115984082221985
			Train time: 595.48 seconds
			Test time: 328.95 seconds
		26 EPOCH BEST TEST ACC: 0.5051705837249756
			Train time: 598.89 seconds
			Test time: 326.29 seconds
		27 EPOCH BEST TEST ACC: 0.5118957161903381
			Train time: 601.53 seconds
			Test time: 335.42 seconds
		28 EPOCH BEST TEST ACC: 0.5199590921401978
			Train time: 621.08 seconds
			Test time: 336.87 seconds
		29 EPOCH BEST TEST ACC: 0.5074038505554199
			Train time: 612.77 seconds
			Test time: 344.07 seconds
		30 EPOCH BEST TEST ACC: 0.49755001068115234
			Train time: 622.72 seconds
			Test time: 349.08 seconds
		31 EPOCH BEST TEST ACC: 0.5056854486465454
			Train time: 631.86 seconds
			Test time: 342.07 seconds
		32 EPOCH BEST TEST ACC: 0.5065462589263916
			Train time: 623.98 seconds
			Test time: 334.21 seconds
		33 EPOCH BEST TEST ACC: 0.5222816467285156
			Train time: 646.52 seconds
			Test time: 340.34 seconds
		34 EPOCH BEST TEST ACC: 0.5233719944953918
			Train time: 619.11 seconds
			Test time: 333.86 seconds
		35 EPOCH BEST TEST ACC: 0.5180943012237549
			Train time: 609.39 seconds
			Test time: 333.50 seconds
		36 EPOCH BEST TEST ACC: 0.5194613337516785
			Train time: 617.51 seconds
			Test time: 333.85 seconds
		37 EPOCH BEST TEST ACC: 0.5229982137680054
			Train time: 617.43 seconds
			Test time: 333.79 seconds
		38 EPOCH BEST TEST ACC: 0.5218327045440674
			Train time: 605.57 seconds
			Test time: 332.00 seconds
		39 EPOCH BEST TEST ACC: 0.4937274754047394
			Train time: 602.92 seconds
			Test time: 331.68 seconds
		40 EPOCH BEST TEST ACC: 0.5253094434738159
			Train time: 602.30 seconds
			Test time: 331.61 seconds
		41 EPOCH BEST TEST ACC: 0.5227751135826111
			Train time: 610.54 seconds
			Test time: 331.80 seconds
		42 EPOCH BEST TEST ACC: 0.5203107595443726
			Train time: 604.28 seconds
			Test time: 332.12 seconds
		43 EPOCH BEST TEST ACC: 0.5080397129058838
			Train time: 605.47 seconds
			Test time: 333.89 seconds
		44 EPOCH BEST TEST ACC: 0.5200375914573669
			Train time: 628.81 seconds
			Test time: 348.54 seconds
		45 EPOCH BEST TEST ACC: 0.516021728515625
			Train time: 646.27 seconds
			Test time: 345.90 seconds
		46 EPOCH BEST TEST ACC: 0.4896326959133148
			Train time: 638.34 seconds
			Test time: 357.42 seconds
		47 EPOCH BEST TEST ACC: 0.5323721766471863
			Train time: 655.43 seconds
			Test time: 367.65 seconds
		48 EPOCH BEST TEST ACC: 0.44498246908187866
			Train time: 670.69 seconds
			Test time: 367.08 seconds
		49 EPOCH BEST TEST ACC: 0.5229595303535461
			Train time: 672.58 seconds
			Test time: 363.28 seconds
		50 EPOCH BEST TEST ACC: 0.5091447234153748
			Train time: 660.87 seconds
			Test time: 382.13 seconds
		51 EPOCH BEST TEST ACC: 0.5610684752464294
			Train time: 676.45 seconds
			Test time: 369.80 seconds
		52 EPOCH BEST TEST ACC: 0.565822958946228
			Train time: 648.04 seconds
			Test time: 357.64 seconds
		53 EPOCH BEST TEST ACC: 0.5670055747032166
			Train time: 639.32 seconds
			Test time: 332.36 seconds
		54 EPOCH BEST TEST ACC: 0.5700379610061646
			Train time: 657.07 seconds
			Test time: 353.87 seconds
		55 EPOCH BEST TEST ACC: 0.5620771646499634
			Train time: 649.01 seconds
			Test time: 355.12 seconds
		56 EPOCH BEST TEST ACC: 0.56409752368927
			Train time: 650.87 seconds
			Test time: 356.09 seconds
		57 EPOCH BEST TEST ACC: 0.5680688619613647
			Train time: 659.17 seconds
			Test time: 356.87 seconds
		58 EPOCH BEST TEST ACC: 0.5666698813438416
			Train time: 645.84 seconds
			Test time: 354.54 seconds
		59 EPOCH BEST TEST ACC: 0.5657520294189453
			Train time: 642.17 seconds
			Test time: 353.01 seconds
		60 EPOCH BEST TEST ACC: 0.5599901676177979
			Train time: 655.39 seconds
			Test time: 361.88 seconds
		61 EPOCH BEST TEST AUC: 0.5700379610061646
			Train time: 581.74 seconds
			Test time: 317.92 seconds
		62 EPOCH BEST TEST AUC: 0.5700379610061646
			Train time: 585.87 seconds
			Test time: 323.37 seconds
		63 EPOCH BEST TEST AUC: 0.5700379610061646
			Train time: 588.07 seconds
			Test time: 323.65 seconds
		64 EPOCH BEST TEST AUC: 0.5707176923751831
			Train time: 588.18 seconds
			Test time: 324.23 seconds
		65 EPOCH BEST TEST AUC: 0.5707176923751831
			Train time: 588.31 seconds
			Test time: 323.55 seconds
		66 EPOCH BEST TEST AUC: 0.5707176923751831
			Train time: 587.43 seconds
			Test time: 322.94 seconds
		67 EPOCH BEST TEST AUC: 0.5707176923751831
			Train time: 586.41 seconds
			Test time: 322.52 seconds
		68 EPOCH BEST TEST AUC: 0.5707176923751831
			Train time: 585.12 seconds
			Test time: 317.69 seconds
		69 EPOCH BEST TEST AUC: 0.5707176923751831
			Train time: 581.14 seconds
			Test time: 319.56 seconds
		70 EPOCH BEST TEST AUC: 0.5707643628120422
			Train time: 583.27 seconds
			Test time: 321.12 seconds
	Training time: 18:28:57
	Best train AUC: 0.7620711922645569
	Best test AUC: 0.5707643628120422

+------------------ Job Report: 2390653 (COMPLETED) -------------------+
| Memory (RAM)  [################### ] 100.0% (7 GB peak / 7 GB)       |
| CPU           [##########          ] 50.8% average                   |
| GPU           [#####               ] 28.0% average                   |
| Time          [-->                 ] 14.1% (0-02:41:00 / 0-19:00:00) |
|                                                                      |
| Lustre Filesystem:                                                   |
|   Path    Total Read    Total Write    Total IOPS                    |
|   ------  ------------  -------------  ------------                  |
|   /apps   3.8 MB        0 B            259                           |
|   /fred   338.3 GB      35.7 KB        10.7 K                        |
|   /home   0 B           0 B            3                             |
|   OS      1.8 MB        0 B            260                           |
|                                                                      |
| Warnings:                                                            |
|   - CPU usage is low                                                 |
|   - GPU usage is low                                                 |
|   - Too much time requested                                          |
+----------------------------------------------------------------------+
