Copying file: ./data/ntu120/aligned_data/ntu120_CSub-flowpose_dilation3_aligned.npz to /var/tmp/jobfs/data
Dataset copied to JOBFS: ntu120_CSub-flowpose_dilation3_aligned.npz
Data path: /var/tmp/jobfs/data/ntu120_CSub-flowpose_dilation3_aligned.npz

### Libraries loaded
feeder: feeders.ntu_rgb_d.Feeder
feeder_args:
  data_paths: {'CSet': './data/ntu120/aligned_data/NTU120_CSet-flowpose_aligned.npz', 'CSub': './data/ntu120/aligned_data/NTU120_CSub-flowpose_aligned.npz'}
  label_path: ./data/ntu120/statistics/ntu_rgbd120-annotations.yaml
  p_interval: [0.5, 1]
  random_choose: True
  random_shift: True
  window_size: 64
  random_move: True
  random_rot: True
  average_flow: False
  absolute_flow: {'window_mean': True}
  no_flow: False
extractor:
  preprocessed: True
  pose: {'weights': 'pretrained_models/yolo11x-pose.pt'}
  flow: {'weights': 'pretrained_models/raft_large.pt', 'imsize': [1080, 1920], 'minibatch_size': 3}
  flowpose: {'window_size': 5, 'threshold': 0.05, 'loop': False, 'norm': False, 'match_pose': False, 'ntu': True, 'dilation': 3}
model: model.infogcn2.sode.SODE
model_args:
  num_class: 120
  num_point: 25
  num_person: 2
  graph: graph.ntu_rgb_d.Graph
  pose_channels: 3
  flow_channels: 1
  embed_channels: 64
  num_head: 3
  ode_method: euler
  depth: 4
  device: 0
  T: 64
  n_step: 3
  SAGC_proj: True
  num_cls: 10
  n_sample: 1
  backbone: transformer
  cnn: False
ignore_weights: []
phase: train
optim:
  base_lr: 0.1
  nesterov: True
  weight_decay: 0.0003
  step: [50, 60]
  gamma: 0.1
lambda_1: 1
lambda_2: 0.1
lambda_3: 0.001
lambda_4: 0.0
lambda_5: 0.0
num_epoch: 70
device: 0
batch_size: 256
forward_batch_size: 128
test_batch_size: 256
half: False
checkpoint_freq: 10
save_location: ./results/ntu120/
dataset: ntu120
model_type: abs
evaluation: CSub
run_name: ntu120_CSub_abs_D3
description: train ntu120 CSub abs_D3 re-running to check that base model still performs as expected after the dilation3 extraction
data_path_overwrite: /var/tmp/jobfs/data/ntu120_CSub-flowpose_dilation3_aligned.npz
verbose: True
### Arguments loaded
	Output device: cuda:0
	Temporal encoder: transformer
	Model total number of params: 691211
	Loading weights from ./results/ntu120/CSub/train/ntu120_CSub_abs_D3.pt
	Total number of weights removed: 0
	Pretrained model loaded
### Model created
	Loaded data using mmap mode
	Self.data assigned
	Self.labels assigned
	Assigned self.data to unique split (train)
	Using memory-mapped data - skipping NaN filtering to preserve memory efficiency
	Finished loading data!
	Loaded data using mmap mode
	Assigned self.data to unique split (test)
	Using memory-mapped data - skipping NaN filtering to preserve memory efficiency
	Finished loading data!
### Dataloaders created
	Tracking:
		epoch
		train_time
		train_loss
		lr
		test_time
		test_loss
		train_ACC
		test_ACC
		train_AUC
		test_AUC
		train_cls_loss
		test_cls_loss
		train_feature_loss
		test_feature_loss
		train_recon_loss
		test_recon_loss
	Resuming from checkpoint at epoch 50
		1 EPOCH BEST TEST ACC: 0.012996744364500046
			Train time: 1024.58 seconds
			Test time: 516.75 seconds
		2 EPOCH BEST TEST ACC: 0.055445596575737
			Train time: 921.29 seconds
			Test time: 519.99 seconds
		3 EPOCH BEST TEST ACC: 0.11930805444717407
			Train time: 974.25 seconds
			Test time: 498.75 seconds
		4 EPOCH BEST TEST ACC: 0.20600271224975586
			Train time: 926.44 seconds
			Test time: 522.63 seconds
		5 EPOCH BEST TEST ACC: 0.2759189009666443
			Train time: 976.76 seconds
			Test time: 556.96 seconds
		6 EPOCH BEST TEST ACC: 0.3333618640899658
			Train time: 1000.46 seconds
			Test time: 547.12 seconds
		7 EPOCH BEST TEST ACC: 0.3717712163925171
			Train time: 1000.63 seconds
			Test time: 522.41 seconds
		8 EPOCH BEST TEST ACC: 0.38234132528305054
			Train time: 915.10 seconds
			Test time: 543.57 seconds
		9 EPOCH BEST TEST ACC: 0.41689249873161316
			Train time: 988.95 seconds
			Test time: 481.74 seconds
		10 EPOCH BEST TEST ACC: 0.4672807455062866
			Train time: 815.93 seconds
			Test time: 457.96 seconds
		11 EPOCH BEST TEST ACC: 0.48762246966362
			Train time: 758.93 seconds
			Test time: 338.40 seconds
		12 EPOCH BEST TEST ACC: 0.49531424045562744
			Train time: 616.63 seconds
			Test time: 350.30 seconds
		13 EPOCH BEST TEST ACC: 0.5001350045204163
			Train time: 662.42 seconds
			Test time: 359.14 seconds
		14 EPOCH BEST TEST ACC: 0.5145405530929565
			Train time: 656.10 seconds
			Test time: 339.06 seconds
		15 EPOCH BEST TEST ACC: 0.49671781063079834
			Train time: 621.73 seconds
			Test time: 345.19 seconds
		16 EPOCH BEST TEST ACC: 0.523815393447876
			Train time: 643.99 seconds
			Test time: 347.15 seconds
		17 EPOCH BEST TEST ACC: 0.5250575542449951
			Train time: 633.67 seconds
			Test time: 337.90 seconds
		18 EPOCH BEST TEST ACC: 0.5318198204040527
			Train time: 637.22 seconds
			Test time: 350.90 seconds
		19 EPOCH BEST TEST ACC: 0.5296638011932373
			Train time: 657.39 seconds
			Test time: 359.80 seconds
		20 EPOCH BEST TEST ACC: 0.5465202331542969
			Train time: 663.84 seconds
			Test time: 361.99 seconds
		21 EPOCH BEST TEST ACC: 0.5432807207107544
			Train time: 665.61 seconds
			Test time: 360.88 seconds
		22 EPOCH BEST TEST ACC: 0.5444759726524353
			Train time: 665.51 seconds
			Test time: 360.74 seconds
		23 EPOCH BEST TEST ACC: 0.5540008544921875
			Train time: 636.08 seconds
			Test time: 359.45 seconds
		24 EPOCH BEST TEST ACC: 0.5555710792541504
			Train time: 682.51 seconds
			Test time: 371.14 seconds
		25 EPOCH BEST TEST ACC: 0.5466577410697937
			Train time: 683.24 seconds
			Test time: 365.76 seconds
		26 EPOCH BEST TEST ACC: 0.5527467727661133
			Train time: 668.53 seconds
			Test time: 369.16 seconds
		27 EPOCH BEST TEST ACC: 0.5476890802383423
			Train time: 673.94 seconds
			Test time: 367.87 seconds
		28 EPOCH BEST TEST ACC: 0.5606634616851807
			Train time: 667.11 seconds
			Test time: 387.73 seconds
		29 EPOCH BEST TEST ACC: 0.546633780002594
			Train time: 719.98 seconds
			Test time: 483.93 seconds
		30 EPOCH BEST TEST ACC: 0.5421192646026611
			Train time: 905.12 seconds
			Test time: 469.02 seconds
		31 EPOCH BEST TEST ACC: 0.5499751567840576
			Train time: 1061.08 seconds
			Test time: 594.55 seconds
		32 EPOCH BEST TEST ACC: 0.5639093518257141
			Train time: 908.49 seconds
			Test time: 540.08 seconds
		33 EPOCH BEST TEST ACC: 0.5552178621292114
			Train time: 1022.15 seconds
			Test time: 603.09 seconds
		34 EPOCH BEST TEST ACC: 0.5610010027885437
			Train time: 1027.99 seconds
			Test time: 591.77 seconds
		35 EPOCH BEST TEST ACC: 0.5582929253578186
			Train time: 1046.67 seconds
			Test time: 508.92 seconds
		36 EPOCH BEST TEST ACC: 0.5333826541900635
			Train time: 1009.90 seconds
			Test time: 534.65 seconds
		37 EPOCH BEST TEST ACC: 0.5551985502243042
			Train time: 970.53 seconds
			Test time: 551.16 seconds
		38 EPOCH BEST TEST ACC: 0.5677595734596252
			Train time: 1050.99 seconds
			Test time: 586.77 seconds
		39 EPOCH BEST TEST ACC: 0.5674720406532288
			Train time: 1040.90 seconds
			Test time: 584.70 seconds
		40 EPOCH BEST TEST ACC: 0.5667552351951599
			Train time: 1044.17 seconds
			Test time: 585.79 seconds
		41 EPOCH BEST TEST ACC: 0.5636574625968933
			Train time: 944.50 seconds
			Test time: 598.91 seconds
		42 EPOCH BEST TEST ACC: 0.5692070126533508
			Train time: 1047.09 seconds
			Test time: 460.74 seconds
		43 EPOCH BEST TEST ACC: 0.5749173164367676
			Train time: 1011.63 seconds
			Test time: 521.11 seconds
		44 EPOCH BEST TEST ACC: 0.5716615915298462
			Train time: 957.92 seconds
			Test time: 574.95 seconds
		45 EPOCH BEST TEST ACC: 0.5550788640975952
			Train time: 924.63 seconds
			Test time: 446.95 seconds
		46 EPOCH BEST TEST ACC: 0.5680752992630005
			Train time: 860.12 seconds
			Test time: 470.56 seconds
		47 EPOCH BEST TEST ACC: 0.564933717250824
			Train time: 860.28 seconds
			Test time: 473.92 seconds
		48 EPOCH BEST TEST ACC: 0.569061279296875
			Train time: 856.66 seconds
			Test time: 525.02 seconds
		49 EPOCH BEST TEST ACC: 0.5760785341262817
			Train time: 999.65 seconds
			Test time: 566.41 seconds
		50 EPOCH BEST TEST ACC: 0.5710128545761108
			Train time: 1038.98 seconds
			Test time: 527.16 seconds
		51 EPOCH BEST TEST AUC: 0.6103676557540894
			Train time: 686.28 seconds
			Test time: 422.79 seconds
		52 EPOCH BEST TEST AUC: 0.6118028163909912
			Train time: 654.25 seconds
			Test time: 418.40 seconds
		53 EPOCH BEST TEST AUC: 0.6120120882987976
			Train time: 613.45 seconds
			Test time: 346.73 seconds
		54 EPOCH BEST TEST AUC: 0.6120120882987976
			Train time: 733.90 seconds
			Test time: 325.80 seconds
		55 EPOCH BEST TEST AUC: 0.6120120882987976
			Train time: 752.41 seconds
			Test time: 384.89 seconds
		56 EPOCH BEST TEST AUC: 0.6120120882987976
			Train time: 729.42 seconds
			Test time: 351.44 seconds
		57 EPOCH BEST TEST AUC: 0.6120120882987976
			Train time: 734.23 seconds
			Test time: 326.32 seconds
		58 EPOCH BEST TEST AUC: 0.6125239729881287
			Train time: 745.87 seconds
			Test time: 371.06 seconds
		59 EPOCH BEST TEST AUC: 0.6125239729881287
			Train time: 605.94 seconds
			Test time: 325.87 seconds
		60 EPOCH BEST TEST AUC: 0.6125239729881287
			Train time: 725.10 seconds
			Test time: 368.99 seconds
		61 EPOCH BEST TEST AUC: 0.6143801212310791
			Train time: 727.55 seconds
			Test time: 364.52 seconds
		62 EPOCH BEST TEST AUC: 0.6144921779632568
			Train time: 660.74 seconds
			Test time: 341.37 seconds
		63 EPOCH BEST TEST AUC: 0.6152713298797607
			Train time: 710.94 seconds
			Test time: 320.78 seconds
		64 EPOCH BEST TEST AUC: 0.6152713298797607
			Train time: 598.27 seconds
			Test time: 320.16 seconds
		65 EPOCH BEST TEST AUC: 0.6152713298797607
			Train time: 596.35 seconds
			Test time: 320.41 seconds
		66 EPOCH BEST TEST AUC: 0.6152713298797607
			Train time: 602.45 seconds
			Test time: 334.52 seconds
		67 EPOCH BEST TEST AUC: 0.6153531670570374
			Train time: 704.02 seconds
			Test time: 332.40 seconds
		68 EPOCH BEST TEST AUC: 0.6153531670570374
			Train time: 594.55 seconds
			Test time: 320.28 seconds
		69 EPOCH BEST TEST AUC: 0.6153531670570374
			Train time: 597.03 seconds
			Test time: 321.99 seconds
		70 EPOCH BEST TEST AUC: 0.6153531670570374
			Train time: 595.27 seconds
			Test time: 316.06 seconds
	Training time:         1 day, 0:00:51
	Best train AUC: 0.791546106338501
	Best test AUC: 0.6153531670570374

+------------------ Job Report: 3168859 (COMPLETED) -------------------+
| Memory (RAM)  [####                ] 22.3% (1.6 GB peak / 7 GB)      |
| CPU           [##########          ] 54.9% average                   |
| Time          [-------------->     ] 72.4% (0-05:47:18 / 0-08:00:00) |
|                                                                      |
| Lustre Filesystem:                                                   |
|   No data available                                                  |
|                                                                      |
| Warnings:                                                            |
|   - Too much memory requested                                        |
|   - CPU usage is low                                                 |
+----------------------------------------------------------------------+
