Copying file: ./data/ntu120/aligned_data/ntu120_CSub-flowpose_dilation3_aligned.npz to /var/tmp/jobfs/data
Dataset copied to JOBFS: ntu120_CSub-flowpose_dilation3_aligned.npz
Data path: /var/tmp/jobfs/data/ntu120_CSub-flowpose_dilation3_aligned.npz

### Libraries loaded
feeder: feeders.ntu_rgb_d.Feeder
feeder_args:
  data_paths: {'CSet': './data/ntu120/aligned_data/NTU120_CSet-flowpose_aligned.npz', 'CSub': './data/ntu120/aligned_data/NTU120_CSub-flowpose_aligned.npz'}
  label_path: ./data/ntu120/statistics/ntu_rgbd120-annotations.yaml
  p_interval: [0.5, 1]
  random_choose: True
  random_shift: True
  window_size: 64
  random_move: True
  random_rot: True
  average_flow: False
  absolute_flow: False
  no_flow: False
extractor:
  preprocessed: True
  pose: {'weights': 'pretrained_models/yolo11x-pose.pt'}
  flow: {'weights': 'pretrained_models/raft_large.pt', 'imsize': [1080, 1920], 'minibatch_size': 3}
  flowpose: {'window_size': 5, 'threshold': 0.05, 'loop': False, 'norm': False, 'match_pose': False, 'ntu': True, 'dilation': 3}
model: model.infogcn2.sode.SODE
model_args:
  num_class: 120
  num_point: 25
  num_person: 2
  graph: graph.ntu_rgb_d.Graph
  pose_channels: 3
  flow_channels: 50
  embed_channels: 64
  num_head: 3
  ode_method: euler
  depth: 4
  device: 0
  T: 64
  n_step: 3
  SAGC_proj: True
  num_cls: 10
  n_sample: 1
  backbone: transformer
  cnn: True
ignore_weights: []
phase: train
optim:
  base_lr: 0.1
  nesterov: True
  weight_decay: 0.0003
  step: [50, 60]
  gamma: 0.1
lambda_1: 1
lambda_2: 0.1
lambda_3: 0.001
lambda_4: 0.0
lambda_5: 0.0
num_epoch: 70
device: 0
batch_size: 256
forward_batch_size: 128
test_batch_size: 256
half: False
checkpoint_freq: 10
save_location: ./results/ntu120/
dataset: ntu120
model_type: cnn
evaluation: CSub
run_name: ntu120_CSub_cnn_D3
description: train ntu120 CSub cnn_D3 re-running to check that base model still performs as expected after the dilation3 extraction
data_path_overwrite: /var/tmp/jobfs/data/ntu120_CSub-flowpose_dilation3_aligned.npz
verbose: True
### Arguments loaded
	Output device: cuda:0
	Temporal encoder: transformer
	Model total number of params: 697848
	Loading weights from ./results/ntu120/CSub/train/ntu120_CSub_cnn_D3.pt
	Total number of weights removed: 0
	Pretrained model loaded
### Model created
	Loaded data using mmap mode
	Self.data assigned
	Self.labels assigned
	Assigned self.data to unique split (train)
	Using memory-mapped data - skipping NaN filtering to preserve memory efficiency
	Finished loading data!
	Loaded data using mmap mode
	Assigned self.data to unique split (test)
	Using memory-mapped data - skipping NaN filtering to preserve memory efficiency
	Finished loading data!
### Dataloaders created
	Tracking:
		epoch
		train_time
		train_loss
		lr
		test_time
		test_loss
		train_ACC
		test_ACC
		train_AUC
		test_AUC
		train_cls_loss
		test_cls_loss
		train_feature_loss
		test_feature_loss
		train_recon_loss
		test_recon_loss
	Resuming from checkpoint at epoch 60
		1 EPOCH BEST TEST ACC: 0.01287093199789524
			Train time: 787.21 seconds
			Test time: 379.83 seconds
		2 EPOCH BEST TEST ACC: 0.04844827204942703
			Train time: 782.01 seconds
			Test time: 372.10 seconds
		3 EPOCH BEST TEST ACC: 0.1268749088048935
			Train time: 765.94 seconds
			Test time: 372.29 seconds
		4 EPOCH BEST TEST ACC: 0.21524196863174438
			Train time: 766.31 seconds
			Test time: 358.84 seconds
		5 EPOCH BEST TEST ACC: 0.3217220604419708
			Train time: 725.01 seconds
			Test time: 360.11 seconds
		6 EPOCH BEST TEST ACC: 0.37523961067199707
			Train time: 723.79 seconds
			Test time: 351.37 seconds
		7 EPOCH BEST TEST ACC: 0.4112281799316406
			Train time: 754.56 seconds
			Test time: 394.74 seconds
		8 EPOCH BEST TEST ACC: 0.41275539994239807
			Train time: 795.28 seconds
			Test time: 386.04 seconds
		9 EPOCH BEST TEST ACC: 0.4154343008995056
			Train time: 765.04 seconds
			Test time: 387.75 seconds
		10 EPOCH BEST TEST ACC: 0.4432695508003235
			Train time: 722.39 seconds
			Test time: 340.82 seconds
		11 EPOCH BEST TEST ACC: 0.4868384301662445
			Train time: 676.44 seconds
			Test time: 340.87 seconds
		12 EPOCH BEST TEST ACC: 0.5024431943893433
			Train time: 683.26 seconds
			Test time: 342.45 seconds
		13 EPOCH BEST TEST ACC: 0.47491323947906494
			Train time: 675.99 seconds
			Test time: 337.64 seconds
		14 EPOCH BEST TEST ACC: 0.52935791015625
			Train time: 679.18 seconds
			Test time: 342.06 seconds
		15 EPOCH BEST TEST ACC: 0.5214596390724182
			Train time: 683.46 seconds
			Test time: 343.59 seconds
		16 EPOCH BEST TEST ACC: 0.5330405235290527
			Train time: 692.78 seconds
			Test time: 351.66 seconds
		17 EPOCH BEST TEST ACC: 0.537418782711029
			Train time: 697.35 seconds
			Test time: 341.81 seconds
		18 EPOCH BEST TEST ACC: 0.516162633895874
			Train time: 672.91 seconds
			Test time: 354.19 seconds
		19 EPOCH BEST TEST ACC: 0.5499279499053955
			Train time: 698.39 seconds
			Test time: 348.18 seconds
		20 EPOCH BEST TEST ACC: 0.5440973043441772
			Train time: 689.07 seconds
			Test time: 351.81 seconds
		21 EPOCH BEST TEST ACC: 0.5581443905830383
			Train time: 703.47 seconds
			Test time: 353.65 seconds
		22 EPOCH BEST TEST ACC: 0.5162043571472168
			Train time: 943.66 seconds
			Test time: 503.08 seconds
		23 EPOCH BEST TEST ACC: 0.5469636917114258
			Train time: 1034.95 seconds
			Test time: 503.68 seconds
		24 EPOCH BEST TEST ACC: 0.5575791597366333
			Train time: 1015.13 seconds
			Test time: 490.73 seconds
		25 EPOCH BEST TEST ACC: 0.5279969573020935
			Train time: 1007.96 seconds
			Test time: 481.70 seconds
		26 EPOCH BEST TEST ACC: 0.555742621421814
			Train time: 990.99 seconds
			Test time: 484.72 seconds
		27 EPOCH BEST TEST ACC: 0.5602455139160156
			Train time: 1003.50 seconds
			Test time: 501.10 seconds
		28 EPOCH BEST TEST ACC: 0.5597983598709106
			Train time: 1017.79 seconds
			Test time: 499.99 seconds
		29 EPOCH BEST TEST ACC: 0.5222077369689941
			Train time: 1000.93 seconds
			Test time: 504.51 seconds
		30 EPOCH BEST TEST ACC: 0.5554351806640625
			Train time: 1019.08 seconds
			Test time: 501.64 seconds
		31 EPOCH BEST TEST ACC: 0.5622557401657104
			Train time: 1017.98 seconds
			Test time: 508.27 seconds
		32 EPOCH BEST TEST ACC: 0.5513278245925903
			Train time: 1011.12 seconds
			Test time: 486.29 seconds
		33 EPOCH BEST TEST ACC: 0.5747958421707153
			Train time: 1035.93 seconds
			Test time: 500.70 seconds
		34 EPOCH BEST TEST ACC: 0.5718801021575928
			Train time: 1016.43 seconds
			Test time: 499.61 seconds
		35 EPOCH BEST TEST ACC: 0.5646482706069946
			Train time: 1008.78 seconds
			Test time: 481.67 seconds
		36 EPOCH BEST TEST ACC: 0.5722538232803345
			Train time: 1024.70 seconds
			Test time: 497.11 seconds
		37 EPOCH BEST TEST ACC: 0.5865596532821655
			Train time: 1018.16 seconds
			Test time: 504.39 seconds
		38 EPOCH BEST TEST ACC: 0.5667024254798889
			Train time: 1039.19 seconds
			Test time: 488.70 seconds
		39 EPOCH BEST TEST ACC: 0.5753175020217896
			Train time: 1024.42 seconds
			Test time: 491.79 seconds
		40 EPOCH BEST TEST ACC: 0.5646363496780396
			Train time: 1007.89 seconds
			Test time: 505.48 seconds
		41 EPOCH BEST TEST ACC: 0.5858278274536133
			Train time: 1031.62 seconds
			Test time: 501.72 seconds
		42 EPOCH BEST TEST ACC: 0.5738120675086975
			Train time: 1010.90 seconds
			Test time: 496.06 seconds
		43 EPOCH BEST TEST ACC: 0.5688185095787048
			Train time: 1012.74 seconds
			Test time: 486.27 seconds
		44 EPOCH BEST TEST ACC: 0.572013258934021
			Train time: 1000.75 seconds
			Test time: 497.94 seconds
		45 EPOCH BEST TEST ACC: 0.5857366323471069
			Train time: 1009.03 seconds
			Test time: 494.71 seconds
		46 EPOCH BEST TEST ACC: 0.5893449783325195
			Train time: 1014.95 seconds
			Test time: 504.84 seconds
		47 EPOCH BEST TEST ACC: 0.5823851227760315
			Train time: 1016.15 seconds
			Test time: 515.01 seconds
		48 EPOCH BEST TEST ACC: 0.5777236223220825
			Train time: 999.85 seconds
			Test time: 488.55 seconds
		49 EPOCH BEST TEST ACC: 0.5566509366035461
			Train time: 1015.00 seconds
			Test time: 482.71 seconds
		50 EPOCH BEST TEST ACC: 0.579506516456604
			Train time: 1041.90 seconds
			Test time: 505.41 seconds
		51 EPOCH BEST TEST ACC: 0.6257395148277283
			Train time: 1022.12 seconds
			Test time: 484.99 seconds
		52 EPOCH BEST TEST ACC: 0.62575364112854
			Train time: 1002.99 seconds
			Test time: 501.89 seconds
		53 EPOCH BEST TEST ACC: 0.627583384513855
			Train time: 1034.63 seconds
			Test time: 505.81 seconds
		54 EPOCH BEST TEST ACC: 0.6263737678527832
			Train time: 1013.17 seconds
			Test time: 491.73 seconds
		55 EPOCH BEST TEST ACC: 0.6271059513092041
			Train time: 1021.12 seconds
			Test time: 497.97 seconds
		56 EPOCH BEST TEST ACC: 0.624150276184082
			Train time: 1013.11 seconds
			Test time: 500.83 seconds
		57 EPOCH BEST TEST ACC: 0.6318592429161072
			Train time: 1005.44 seconds
			Test time: 486.34 seconds
		58 EPOCH BEST TEST ACC: 0.6255053877830505
			Train time: 1025.84 seconds
			Test time: 500.46 seconds
		59 EPOCH BEST TEST ACC: 0.6301546096801758
			Train time: 1004.35 seconds
			Test time: 504.56 seconds
		60 EPOCH BEST TEST ACC: 0.6244202852249146
			Train time: 1005.57 seconds
			Test time: 490.59 seconds
		61 EPOCH BEST TEST AUC: 0.6318592429161072
			Train time: 836.19 seconds
			Test time: 453.18 seconds
		62 EPOCH BEST TEST AUC: 0.6318592429161072
			Train time: 802.68 seconds
			Test time: 382.64 seconds
		63 EPOCH BEST TEST AUC: 0.6318592429161072
			Train time: 753.41 seconds
			Test time: 461.63 seconds
		64 EPOCH BEST TEST AUC: 0.6318592429161072
			Train time: 757.94 seconds
			Test time: 465.58 seconds
		65 EPOCH BEST TEST AUC: 0.6318592429161072
			Train time: 903.17 seconds
			Test time: 367.41 seconds
		66 EPOCH BEST TEST AUC: 0.6318592429161072
			Train time: 889.88 seconds
			Test time: 348.69 seconds
		67 EPOCH BEST TEST AUC: 0.6318592429161072
			Train time: 890.16 seconds
			Test time: 379.31 seconds
		68 EPOCH BEST TEST AUC: 0.6318592429161072
			Train time: 702.74 seconds
			Test time: 366.90 seconds
		69 EPOCH BEST TEST AUC: 0.6318592429161072
			Train time: 886.58 seconds
			Test time: 470.14 seconds
		70 EPOCH BEST TEST AUC: 0.6318592429161072
			Train time: 803.47 seconds
			Test time: 365.36 seconds
	Training time:         1 day, 2:04:12
	Best train AUC: 0.8039988279342651
	Best test AUC: 0.6318592429161072

+------------------ Job Report: 3169461 (COMPLETED) -------------------+
| Memory (RAM)  [#########           ] 48.4% (7.3 GB peak / 15 GB)     |
| CPU           [#########           ] 47.9% average                   |
| Time          [-------------->     ] 71.3% (0-03:33:46 / 0-05:00:00) |
|                                                                      |
| Lustre Filesystem:                                                   |
|   No data available                                                  |
|                                                                      |
| Warnings:                                                            |
|   - Too much memory requested                                        |
|   - CPU usage is low                                                 |
+----------------------------------------------------------------------+
