Copying file: ./data/ntu120/aligned_data/ntu120_CSet-flowpose_D5_aligned.npz to /var/tmp/jobfs/data
Dataset copied to JOBFS: ntu120_CSet-flowpose_D5_aligned.npz
Data path: /var/tmp/jobfs/data/ntu120_CSet-flowpose_D5_aligned.npz
Run name: ntu120_CSet_avg_D5

### Libraries loaded
feeder: feeders.ntu_rgb_d.Feeder
feeder_args:
  data_paths: {'CSet': './data/ntu120/aligned_data/NTU120_CSet-flowpose_aligned.npz', 'CSub': './data/ntu120/aligned_data/NTU120_CSub-flowpose_aligned.npz'}
  label_path: ./data/ntu120/statistics/ntu_rgbd120-annotations.yaml
  p_interval: [0.5, 1]
  random_choose: True
  random_shift: True
  window_size: 64
  random_move: True
  random_rot: True
  average_flow: True
  absolute_flow: False
  no_flow: False
extractor:
  preprocessed: True
  pose: {'weights': 'pretrained_models/yolo11x-pose.pt'}
  flow: {'weights': 'pretrained_models/raft_large.pt', 'imsize': [1080, 1920], 'minibatch_size': 3}
  flowpose: {'window_size': 5, 'threshold': 0.05, 'loop': False, 'norm': False, 'match_pose': False, 'ntu': True, 'dilation': 3}
model: model.infogcn2.sode.SODE
model_args:
  num_class: 120
  num_point: 25
  num_person: 2
  graph: graph.ntu_rgb_d.Graph
  pose_channels: 3
  flow_channels: 2
  embed_channels: 64
  num_head: 3
  ode_method: euler
  depth: 4
  device: 0
  T: 64
  n_step: 3
  SAGC_proj: True
  num_cls: 10
  n_sample: 1
  backbone: transformer
  cnn: False
ignore_weights: []
phase: train
optim:
  base_lr: 0.1
  nesterov: True
  weight_decay: 0.0003
  step: [50, 60]
  gamma: 0.1
lambda_1: 1
lambda_2: 0.1
lambda_3: 0.001
lambda_4: 0.0
lambda_5: 0.0
num_epoch: 70
device: 0
batch_size: 256
forward_batch_size: 128
test_batch_size: 256
half: False
checkpoint_freq: 10
save_location: ./results/ntu120/
dataset: ntu120
model_type: avg
evaluation: CSet
run_name: ntu120_CSet_avg_D5
description: train ntu120 CSet avg with dilation 5 TESTING n_step = 4
data_path_overwrite: /var/tmp/jobfs/data/ntu120_CSet-flowpose_D5_aligned.npz
verbose: True
### Arguments loaded
	Output device: cuda:0
	Temporal encoder: transformer
	Model total number of params: 691275
	Loading weights from ./results/ntu120/CSet/train/ntu120_CSet_avg_D5.pt
	Checkpoint file does not yet exist
	([Errno 2] No such file or directory: './results/ntu120/CSet/train/ntu120_CSet_avg_D5.pt')
### Model created
	Loaded data using mmap mode
	Self.data assigned
	Self.labels assigned
	Assigned self.data to unique split (train)
	Using memory-mapped data - skipping NaN filtering to preserve memory efficiency
	Finished loading data!
	Loaded data using mmap mode
	Assigned self.data to unique split (test)
	Using memory-mapped data - skipping NaN filtering to preserve memory efficiency
	Finished loading data!
### Dataloaders created
	Tracking:
		epoch
		train_time
		train_loss
		lr
		test_time
		test_loss
		train_ACC
		test_ACC
		train_AUC
		test_AUC
		train_cls_loss
		test_cls_loss
		train_feature_loss
		test_feature_loss
		train_recon_loss
		test_recon_loss
	Created new checkpoint file: ./results/ntu120/CSet/train/ntu120_CSet_avg_D5.pt
		1 EPOCH BEST TEST AUC: 0.01597781479358673
			Train time: 503.71 seconds
			Test time: 377.04 seconds
		2 EPOCH BEST TEST AUC: 0.06144864484667778
			Train time: 493.79 seconds
			Test time: 363.52 seconds
		3 EPOCH BEST TEST AUC: 0.1378074735403061
			Train time: 489.39 seconds
			Test time: 371.26 seconds
		4 EPOCH BEST TEST AUC: 0.19295141100883484
			Train time: 526.66 seconds
			Test time: 385.14 seconds
		5 EPOCH BEST TEST AUC: 0.31938132643699646
			Train time: 507.63 seconds
			Test time: 386.94 seconds
		6 EPOCH BEST TEST AUC: 0.374250203371048
			Train time: 607.67 seconds
			Test time: 446.27 seconds
		7 EPOCH BEST TEST AUC: 0.42810529470443726
			Train time: 622.33 seconds
			Test time: 459.74 seconds
		8 EPOCH BEST TEST AUC: 0.4445097744464874
			Train time: 651.84 seconds
			Test time: 391.17 seconds
		9 EPOCH BEST TEST AUC: 0.4822778105735779
			Train time: 518.09 seconds
			Test time: 383.46 seconds
		10 EPOCH BEST TEST AUC: 0.5035147666931152
			Train time: 515.74 seconds
			Test time: 381.43 seconds
		11 EPOCH BEST TEST AUC: 0.5207194089889526
			Train time: 513.47 seconds
			Test time: 388.91 seconds
		12 EPOCH BEST TEST AUC: 0.5207194089889526
			Train time: 565.29 seconds
			Test time: 425.84 seconds
		13 EPOCH BEST TEST AUC: 0.5418257713317871
			Train time: 546.43 seconds
			Test time: 383.46 seconds
		14 EPOCH BEST TEST AUC: 0.5441585779190063
			Train time: 533.35 seconds
			Test time: 403.57 seconds
		15 EPOCH BEST TEST AUC: 0.5559724569320679
			Train time: 513.96 seconds
			Test time: 407.58 seconds
		16 EPOCH BEST TEST AUC: 0.5590091347694397
			Train time: 592.60 seconds
			Test time: 439.87 seconds
		17 EPOCH BEST TEST AUC: 0.5659233331680298
			Train time: 617.07 seconds
			Test time: 446.26 seconds
		18 EPOCH BEST TEST AUC: 0.5659233331680298
			Train time: 566.52 seconds
			Test time: 411.94 seconds
		19 EPOCH BEST TEST AUC: 0.5772512555122375
			Train time: 545.83 seconds
			Test time: 446.76 seconds
		20 EPOCH BEST TEST AUC: 0.5772512555122375
			Train time: 496.89 seconds
			Test time: 366.90 seconds
		21 EPOCH BEST TEST AUC: 0.582592248916626
			Train time: 491.07 seconds
			Test time: 369.40 seconds
		22 EPOCH BEST TEST AUC: 0.582592248916626
			Train time: 511.44 seconds
			Test time: 387.59 seconds
		23 EPOCH BEST TEST AUC: 0.5831179618835449
			Train time: 510.23 seconds
			Test time: 397.25 seconds
		24 EPOCH BEST TEST AUC: 0.5849409103393555
			Train time: 515.86 seconds
			Test time: 395.07 seconds
		25 EPOCH BEST TEST AUC: 0.5849409103393555
			Train time: 541.35 seconds
			Test time: 424.98 seconds
		26 EPOCH BEST TEST AUC: 0.5894397497177124
			Train time: 543.76 seconds
			Test time: 383.77 seconds
		27 EPOCH BEST TEST AUC: 0.5946812629699707
			Train time: 583.66 seconds
			Test time: 503.87 seconds
		28 EPOCH BEST TEST AUC: 0.5955597758293152
			Train time: 687.80 seconds
			Test time: 489.48 seconds
		29 EPOCH BEST TEST AUC: 0.5955597758293152
			Train time: 646.51 seconds
			Test time: 473.09 seconds
		30 EPOCH BEST TEST AUC: 0.5955597758293152
			Train time: 610.89 seconds
			Test time: 479.91 seconds
		31 EPOCH BEST TEST AUC: 0.6011008024215698
			Train time: 580.32 seconds
			Test time: 430.21 seconds
		32 EPOCH BEST TEST AUC: 0.6011008024215698
			Train time: 507.67 seconds
			Test time: 387.33 seconds
		33 EPOCH BEST TEST AUC: 0.6011008024215698
			Train time: 529.87 seconds
			Test time: 395.95 seconds
		34 EPOCH BEST TEST AUC: 0.6011008024215698
			Train time: 556.37 seconds
			Test time: 449.75 seconds
		35 EPOCH BEST TEST AUC: 0.6011008024215698
			Train time: 552.27 seconds
			Test time: 420.76 seconds
		36 EPOCH BEST TEST AUC: 0.6011008024215698
			Train time: 562.00 seconds
			Test time: 428.91 seconds
		37 EPOCH BEST TEST AUC: 0.6011008024215698
			Train time: 565.72 seconds
			Test time: 444.71 seconds
		38 EPOCH BEST TEST AUC: 0.6011008024215698
			Train time: 631.03 seconds
			Test time: 414.85 seconds
		39 EPOCH BEST TEST AUC: 0.6011008024215698
			Train time: 533.11 seconds
			Test time: 406.31 seconds
		40 EPOCH BEST TEST AUC: 0.6069937944412231
			Train time: 609.22 seconds
			Test time: 455.28 seconds
		41 EPOCH BEST TEST AUC: 0.6078959107398987
			Train time: 607.00 seconds
			Test time: 425.65 seconds
		42 EPOCH BEST TEST AUC: 0.608687162399292
			Train time: 581.07 seconds
			Test time: 441.09 seconds
		43 EPOCH BEST TEST AUC: 0.608687162399292
			Train time: 530.32 seconds
			Test time: 395.84 seconds
		44 EPOCH BEST TEST AUC: 0.608687162399292
			Train time: 609.64 seconds
			Test time: 399.72 seconds
		45 EPOCH BEST TEST AUC: 0.6113158464431763
			Train time: 510.56 seconds
			Test time: 375.44 seconds
		46 EPOCH BEST TEST AUC: 0.6113158464431763
			Train time: 503.07 seconds
			Test time: 383.03 seconds
		47 EPOCH BEST TEST AUC: 0.6113158464431763
			Train time: 513.08 seconds
			Test time: 380.46 seconds
		48 EPOCH BEST TEST AUC: 0.6113158464431763
			Train time: 519.78 seconds
			Test time: 385.47 seconds
		49 EPOCH BEST TEST AUC: 0.6113158464431763
			Train time: 517.14 seconds
			Test time: 387.01 seconds
		50 EPOCH BEST TEST AUC: 0.6117191314697266
			Train time: 522.37 seconds
			Test time: 384.22 seconds
		51 EPOCH BEST TEST AUC: 0.6383578777313232
			Train time: 524.28 seconds
			Test time: 379.96 seconds
		52 EPOCH BEST TEST AUC: 0.6394307017326355
			Train time: 525.70 seconds
			Test time: 394.65 seconds
		53 EPOCH BEST TEST AUC: 0.6396216750144958
			Train time: 528.86 seconds
			Test time: 390.12 seconds
		54 EPOCH BEST TEST AUC: 0.6396216750144958
			Train time: 531.12 seconds
			Test time: 395.74 seconds
		55 EPOCH BEST TEST AUC: 0.6399750709533691
			Train time: 528.38 seconds
			Test time: 393.77 seconds
		56 EPOCH BEST TEST AUC: 0.6399750709533691
			Train time: 523.50 seconds
			Test time: 396.57 seconds
		57 EPOCH BEST TEST AUC: 0.6399750709533691
			Train time: 596.40 seconds
			Test time: 432.08 seconds
		58 EPOCH BEST TEST AUC: 0.6399750709533691
			Train time: 585.74 seconds
			Test time: 436.42 seconds
		59 EPOCH BEST TEST AUC: 0.6399750709533691
			Train time: 620.82 seconds
			Test time: 422.04 seconds
		60 EPOCH BEST TEST AUC: 0.6399750709533691
			Train time: 579.17 seconds
			Test time: 418.41 seconds
		61 EPOCH BEST TEST AUC: 0.6415131688117981
			Train time: 585.89 seconds
			Test time: 397.81 seconds
		62 EPOCH BEST TEST AUC: 0.6417078375816345
			Train time: 543.24 seconds
			Test time: 379.22 seconds
		63 EPOCH BEST TEST AUC: 0.6417078375816345
			Train time: 522.72 seconds
			Test time: 437.11 seconds
		64 EPOCH BEST TEST AUC: 0.6417078375816345
			Train time: 555.36 seconds
			Test time: 396.97 seconds
		65 EPOCH BEST TEST AUC: 0.6417078375816345
			Train time: 529.94 seconds
			Test time: 397.00 seconds
		66 EPOCH BEST TEST AUC: 0.6417078375816345
			Train time: 615.04 seconds
			Test time: 463.57 seconds
		67 EPOCH BEST TEST AUC: 0.6417078375816345
			Train time: 623.94 seconds
			Test time: 455.13 seconds
		68 EPOCH BEST TEST AUC: 0.6417078375816345
			Train time: 642.96 seconds
			Test time: 466.82 seconds
		69 EPOCH BEST TEST AUC: 0.6417078375816345
			Train time: 610.95 seconds
			Test time: 470.02 seconds
		70 EPOCH BEST TEST AUC: 0.6417078375816345
			Train time: 629.70 seconds
			Test time: 469.94 seconds
	Training time:         18:52:52
	Best train AUC: 0.8070475459098816
	Best test AUC: 0.6417078375816345

+------------------ Job Report: 4002152 (COMPLETED) -------------------+
| Memory (RAM)  [####                ] 23.1% (1.6 GB peak / 7 GB)      |
| CPU           [##########          ] 52.1% average                   |
| GPU           [#####               ] 28.6% average                   |
| Time          [------------------> ] 90.9% (0-19:04:56 / 0-21:00:00) |
|                                                                      |
| Lustre Filesystem:                                                   |
|   Path    Total Read    Total Write    Total IOPS                    |
|   ------  ------------  -------------  ------------                  |
|   /apps   7.9 MB        0 B            371                           |
|   /fred   342.4 GB      40.2 MB        7.2 K                         |
|   /home   0 B           0 B            4                             |
|   OS      24.2 MB       0 B            537                           |
|                                                                      |
| Warnings:                                                            |
|   - Too much memory requested                                        |
|   - CPU usage is low                                                 |
|   - GPU usage is low                                                 |
+----------------------------------------------------------------------+
