Dataset copied to JOBFS: NTU120_CSet-flowpose_aligned.npz
### Libraries loaded
feeder: feeders.ntu_rgb_d.Feeder
feeder_args:
  data_paths: {'CSet': './data/ntu120/aligned_data/NTU120_CSet-flowpose_aligned.npz', 'CSub': './data/ntu120/aligned_data/NTU120_CSub-flowpose_aligned.npz'}
  label_path: ./data/ntu/statistics/ntu_rgbd120-annotations.yaml
  p_interval: [0.5, 1]
  random_choose: True
  random_shift: True
  window_size: 64
  random_move: True
  random_rot: True
  average_flow: False
  absolute_flow: False
  no_flow: False
extractor:
  preprocessed: True
  pose: {'weights': 'pretrained_models/yolo11x-pose.pt'}
  flow: {'weights': 'pretrained_models/raft_large.pt', 'imsize': [240, 320], 'minibatch_size': 16}
  flowpose: {'window_size': 5, 'threshold': 0.05, 'loop': False, 'norm': False, 'match_pose': False, 'ntu': True}
model: model.infogcn2.sode.SODE
model_args:
  num_class: 120
  num_point: 25
  num_person: 2
  graph: graph.ntu_rgb_d.Graph
  pose_channels: 3
  flow_channels: 50
  embed_channels: 64
  num_head: 3
  ode_method: euler
  depth: 4
  device: 0
  T: 64
  n_step: 3
  SAGC_proj: True
  num_cls: 10
  n_sample: 1
  backbone: transformer
  cnn: True
ignore_weights: []
phase: train
optim:
  base_lr: 0.1
  nesterov: True
  weight_decay: 0.0003
  step: [50, 60]
  gamma: 0.1
lambda_1: 1
lambda_2: 0.1
lambda_3: 0.001
lambda_4: 0.0
lambda_5: 0.0
num_epoch: 70
device: 0
batch_size: 256
forward_batch_size: 128
test_batch_size: 256
half: False
checkpoint_freq: 10
save_location: ./results/ntu120/
dataset: ntu120
model_type: cnn
evaluation: CSet
run_name: ntu120_CSet_cnn
description: train ntu120 {evaluation} {model_type}
data_path_overwrite: /var/tmp/jobfs/data
verbose: True
Could not file label file: './data/ntu/statistics/ntu_rgbd120-annotations.yaml'
Creating empty labels dictionary
### Arguments loaded
	Output device: cuda:0
	Temporal encoder: transformer
	Model total number of params: 697848
	Loading weights from ./results/ntu120/CSet/train/ntu120_CSet_cnn.pt
	Checkpoint file does not yet exist
	([Errno 2] No such file or directory: './results/ntu120/CSet/train/ntu120_CSet_cnn.pt')
### Model created
	Loaded data using mmap mode
	Self.data assigned
	Self.labels assigned
	Assigned self.data to unique split (train)
	Using memory-mapped data - skipping NaN filtering to preserve memory efficiency
	Finished loading data!
	Loaded data using mmap mode
	Assigned self.data to unique split (test)
	Using memory-mapped data - skipping NaN filtering to preserve memory efficiency
	Finished loading data!
### Dataloaders created
	Tracking:
		epoch
		train_time
		train_loss
		lr
		test_time
		test_loss
		train_ACC
		test_ACC
		train_AUC
		test_AUC
		train_cls_loss
		test_cls_loss
		train_feature_loss
		test_feature_loss
		train_recon_loss
		test_recon_loss
	Created new checkpoint file: ./results/ntu120/CSet/train/ntu120_CSet_cnn.pt
		1 EPOCH BEST TEST AUC: 0.010829027742147446
			Train time: 605.01 seconds
			Test time: 412.97 seconds
		2 EPOCH BEST TEST AUC: 0.03174940496683121
			Train time: 619.69 seconds
			Test time: 410.90 seconds
		3 EPOCH BEST TEST AUC: 0.0756765678524971
			Train time: 606.95 seconds
			Test time: 411.92 seconds
		4 EPOCH BEST TEST AUC: 0.12533678114414215
			Train time: 603.04 seconds
			Test time: 416.52 seconds
		5 EPOCH BEST TEST AUC: 0.1752825528383255
			Train time: 615.71 seconds
			Test time: 413.97 seconds
		6 EPOCH BEST TEST AUC: 0.24744123220443726
			Train time: 609.77 seconds
			Test time: 417.80 seconds
		7 EPOCH BEST TEST AUC: 0.2908731698989868
			Train time: 611.41 seconds
			Test time: 415.84 seconds
		8 EPOCH BEST TEST AUC: 0.3212888240814209
			Train time: 611.14 seconds
			Test time: 416.35 seconds
		9 EPOCH BEST TEST AUC: 0.3256185054779053
			Train time: 606.85 seconds
			Test time: 412.06 seconds
		10 EPOCH BEST TEST AUC: 0.35218364000320435
			Train time: 605.01 seconds
			Test time: 415.33 seconds
		11 EPOCH BEST TEST AUC: 0.3919093608856201
			Train time: 606.03 seconds
			Test time: 415.13 seconds
		12 EPOCH BEST TEST AUC: 0.40896427631378174
			Train time: 601.97 seconds
			Test time: 413.55 seconds
		13 EPOCH BEST TEST AUC: 0.418914794921875
			Train time: 605.74 seconds
			Test time: 413.59 seconds
		14 EPOCH BEST TEST AUC: 0.418914794921875
			Train time: 604.80 seconds
			Test time: 413.83 seconds
		15 EPOCH BEST TEST AUC: 0.434307336807251
			Train time: 604.16 seconds
			Test time: 418.87 seconds
		16 EPOCH BEST TEST AUC: 0.43686002492904663
			Train time: 611.08 seconds
			Test time: 414.33 seconds
		17 EPOCH BEST TEST AUC: 0.4522280991077423
			Train time: 620.57 seconds
			Test time: 429.57 seconds
		18 EPOCH BEST TEST AUC: 0.4522280991077423
			Train time: 633.96 seconds
			Test time: 430.79 seconds
		19 EPOCH BEST TEST AUC: 0.4545630216598511
			Train time: 633.04 seconds
			Test time: 435.47 seconds
		20 EPOCH BEST TEST AUC: 0.47044995427131653
			Train time: 614.29 seconds
			Test time: 2095.55 seconds
		21 EPOCH BEST TEST AUC: 0.47044995427131653
			Train time: 2212.36 seconds
			Test time: 416.64 seconds
		22 EPOCH BEST TEST AUC: 0.47047069668769836
			Train time: 2634.21 seconds
			Test time: 412.54 seconds
		23 EPOCH BEST TEST AUC: 0.47047069668769836
			Train time: 622.91 seconds
			Test time: 412.28 seconds
		24 EPOCH BEST TEST AUC: 0.4860047996044159
			Train time: 617.76 seconds
			Test time: 414.80 seconds
		25 EPOCH BEST TEST AUC: 0.4860047996044159
			Train time: 615.78 seconds
			Test time: 414.55 seconds
		26 EPOCH BEST TEST AUC: 0.48796066641807556
			Train time: 621.62 seconds
			Test time: 415.09 seconds
		27 EPOCH BEST TEST AUC: 0.48796066641807556
			Train time: 618.10 seconds
			Test time: 416.00 seconds
		28 EPOCH BEST TEST AUC: 0.48804259300231934
			Train time: 612.17 seconds
			Test time: 416.90 seconds
		29 EPOCH BEST TEST AUC: 0.48804259300231934
			Train time: 617.43 seconds
			Test time: 419.56 seconds
		30 EPOCH BEST TEST AUC: 0.49700433015823364
			Train time: 606.14 seconds
			Test time: 420.20 seconds
		31 EPOCH BEST TEST AUC: 0.49700433015823364
			Train time: 617.46 seconds
			Test time: 409.83 seconds
		32 EPOCH BEST TEST AUC: 0.5029703974723816
			Train time: 597.97 seconds
			Test time: 405.13 seconds
		33 EPOCH BEST TEST AUC: 0.507696270942688
			Train time: 603.96 seconds
			Test time: 406.08 seconds
		34 EPOCH BEST TEST AUC: 0.507696270942688
			Train time: 603.43 seconds
			Test time: 408.28 seconds
		35 EPOCH BEST TEST AUC: 0.507696270942688
			Train time: 598.89 seconds
			Test time: 410.64 seconds
		36 EPOCH BEST TEST AUC: 0.507696270942688
			Train time: 595.18 seconds
			Test time: 409.69 seconds
		37 EPOCH BEST TEST AUC: 0.507696270942688
			Train time: 599.25 seconds
			Test time: 404.95 seconds
		38 EPOCH BEST TEST AUC: 0.515857458114624
			Train time: 601.74 seconds
			Test time: 409.12 seconds
		39 EPOCH BEST TEST AUC: 0.515857458114624
			Train time: 605.87 seconds
			Test time: 409.91 seconds
		40 EPOCH BEST TEST AUC: 0.515857458114624
			Train time: 601.84 seconds
			Test time: 412.78 seconds
		41 EPOCH BEST TEST AUC: 0.515857458114624
			Train time: 605.65 seconds
			Test time: 409.01 seconds
		42 EPOCH BEST TEST AUC: 0.515857458114624
			Train time: 613.94 seconds
			Test time: 408.54 seconds
		43 EPOCH BEST TEST AUC: 0.518815815448761
			Train time: 605.77 seconds
			Test time: 409.30 seconds
		44 EPOCH BEST TEST AUC: 0.518815815448761
			Train time: 597.65 seconds
			Test time: 410.85 seconds
		45 EPOCH BEST TEST AUC: 0.518815815448761
			Train time: 580.62 seconds
			Test time: 407.74 seconds
		46 EPOCH BEST TEST AUC: 0.51941978931427
			Train time: 583.50 seconds
			Test time: 405.91 seconds
		47 EPOCH BEST TEST AUC: 0.51941978931427
			Train time: 607.21 seconds
			Test time: 409.01 seconds
		48 EPOCH BEST TEST AUC: 0.51941978931427
			Train time: 609.97 seconds
			Test time: 406.43 seconds
		49 EPOCH BEST TEST AUC: 0.51941978931427
			Train time: 610.55 seconds
			Test time: 407.23 seconds
		50 EPOCH BEST TEST AUC: 0.51941978931427
			Train time: 599.38 seconds
			Test time: 405.06 seconds
		51 EPOCH BEST TEST AUC: 0.561917245388031
			Train time: 602.55 seconds
			Test time: 406.43 seconds
		52 EPOCH BEST TEST AUC: 0.561917245388031
			Train time: 597.48 seconds
			Test time: 404.05 seconds
		53 EPOCH BEST TEST AUC: 0.561917245388031
			Train time: 594.58 seconds
			Test time: 404.18 seconds
		54 EPOCH BEST TEST AUC: 0.561917245388031
			Train time: 597.89 seconds
			Test time: 407.51 seconds
		55 EPOCH BEST TEST AUC: 0.561917245388031
			Train time: 598.12 seconds
			Test time: 405.03 seconds
		56 EPOCH BEST TEST AUC: 0.5640546679496765
			Train time: 599.45 seconds
			Test time: 407.86 seconds
		57 EPOCH BEST TEST AUC: 0.5640546679496765
			Train time: 595.57 seconds
			Test time: 410.75 seconds
		58 EPOCH BEST TEST AUC: 0.5640546679496765
			Train time: 605.66 seconds
			Test time: 409.75 seconds
		59 EPOCH BEST TEST AUC: 0.5657249689102173
			Train time: 596.50 seconds
			Test time: 408.67 seconds
		60 EPOCH BEST TEST AUC: 0.5657249689102173
			Train time: 600.78 seconds
			Test time: 404.27 seconds
		61 EPOCH BEST TEST AUC: 0.5671659111976624
			Train time: 601.61 seconds
			Test time: 408.46 seconds
		62 EPOCH BEST TEST AUC: 0.5682090520858765
			Train time: 603.57 seconds
			Test time: 404.56 seconds
		63 EPOCH BEST TEST AUC: 0.5682090520858765
			Train time: 587.18 seconds
			Test time: 399.94 seconds
		64 EPOCH BEST TEST AUC: 0.5686326026916504
			Train time: 584.96 seconds
			Test time: 402.10 seconds
		65 EPOCH BEST TEST AUC: 0.5686326026916504
			Train time: 592.82 seconds
			Test time: 402.95 seconds
		66 EPOCH BEST TEST AUC: 0.5688503980636597
			Train time: 592.00 seconds
			Test time: 399.89 seconds
		67 EPOCH BEST TEST AUC: 0.5688503980636597
			Train time: 591.88 seconds
			Test time: 402.71 seconds
		68 EPOCH BEST TEST AUC: 0.5688503980636597
			Train time: 592.15 seconds
			Test time: 398.99 seconds
		69 EPOCH BEST TEST AUC: 0.5688503980636597
			Train time: 591.73 seconds
			Test time: 397.18 seconds
		70 EPOCH BEST TEST AUC: 0.569011926651001
			Train time: 588.00 seconds
			Test time: 399.63 seconds
	Training time: 21:13:16
	Best train AUC: 0.7258596420288086
	Best test AUC: 0.569011926651001

+------------------ Job Report: 2290246 (COMPLETED) -------------------+
| Memory (RAM)  [################### ] 100.0% (15 GB peak / 15 GB)     |
| CPU           [#########           ] 45.3% average                   |
| GPU           [#####               ] 27.0% average                   |
| Time          [----------------->  ] 86.6% (0-20:47:38 / 1-00:00:00) |
|                                                                      |
| Lustre Filesystem:                                                   |
|   Path    Total Read    Total Write    Total IOPS                    |
|   ------  ------------  -------------  ------------                  |
|   /apps   3.9 MB        0 B            275                           |
|   /fred   161.2 GB      51.4 MB        2.5 K                         |
|   /home   0 B           0 B            2                             |
|   OS      4 MB          0 B            61                            |
|                                                                      |
| Warnings:                                                            |
|   - CPU usage is low                                                 |
|   - GPU usage is low                                                 |
+----------------------------------------------------------------------+
