Copying file: ./data/ntu120/aligned_data/ntu120_CSet-flowpose_dilation3_aligned.npz to /var/tmp/jobfs/data
Dataset copied to JOBFS: ntu120_CSet-flowpose_dilation3_aligned.npz
Data path: /var/tmp/jobfs/data/ntu120_CSet-flowpose_dilation3_aligned.npz

### Libraries loaded
feeder: feeders.ntu_rgb_d.Feeder
feeder_args:
  data_paths: {'CSet': './data/ntu120/aligned_data/NTU120_CSet-flowpose_aligned.npz', 'CSub': './data/ntu120/aligned_data/NTU120_CSub-flowpose_aligned.npz'}
  label_path: ./data/ntu120/statistics/ntu_rgbd120-annotations.yaml
  p_interval: [0.5, 1]
  random_choose: True
  random_shift: True
  window_size: 64
  random_move: True
  random_rot: True
  average_flow: True
  absolute_flow: False
  no_flow: False
extractor:
  preprocessed: True
  pose: {'weights': 'pretrained_models/yolo11x-pose.pt'}
  flow: {'weights': 'pretrained_models/raft_large.pt', 'imsize': [1080, 1920], 'minibatch_size': 3}
  flowpose: {'window_size': 5, 'threshold': 0.05, 'loop': False, 'norm': False, 'match_pose': False, 'ntu': True, 'dilation': 3}
model: model.infogcn2.sode.SODE
model_args:
  num_class: 120
  num_point: 25
  num_person: 2
  graph: graph.ntu_rgb_d.Graph
  pose_channels: 3
  flow_channels: 2
  embed_channels: 64
  num_head: 3
  ode_method: euler
  depth: 4
  device: 0
  T: 64
  n_step: 3
  SAGC_proj: True
  num_cls: 10
  n_sample: 1
  backbone: transformer
  cnn: False
ignore_weights: []
phase: train
optim:
  base_lr: 0.1
  nesterov: True
  weight_decay: 0.0003
  step: [50, 60]
  gamma: 0.1
lambda_1: 1
lambda_2: 0.1
lambda_3: 0.001
lambda_4: 0.0
lambda_5: 0.0
num_epoch: 70
device: 0
batch_size: 256
forward_batch_size: 128
test_batch_size: 256
half: False
checkpoint_freq: 10
save_location: ./results/ntu120/
dataset: ntu120
model_type: avg
evaluation: CSet
run_name: ntu120_CSet_avg_D3
description: train ntu120 CSet avg_D3 re-running to check that base model still performs as expected after the dilation3 extraction
data_path_overwrite: /var/tmp/jobfs/data/ntu120_CSet-flowpose_dilation3_aligned.npz
verbose: True
### Arguments loaded
	Output device: cuda:0
	Temporal encoder: transformer
	Model total number of params: 691275
	Loading weights from ./results/ntu120/CSet/train/ntu120_CSet_avg_D3.pt
	Checkpoint file does not yet exist
	([Errno 2] No such file or directory: './results/ntu120/CSet/train/ntu120_CSet_avg_D3.pt')
### Model created
	Loaded data using mmap mode
	Self.data assigned
	Self.labels assigned
	Assigned self.data to unique split (train)
	Using memory-mapped data - skipping NaN filtering to preserve memory efficiency
	Finished loading data!
	Loaded data using mmap mode
	Assigned self.data to unique split (test)
	Using memory-mapped data - skipping NaN filtering to preserve memory efficiency
	Finished loading data!
### Dataloaders created
	Tracking:
		epoch
		train_time
		train_loss
		lr
		test_time
		test_loss
		train_ACC
		test_ACC
		train_AUC
		test_AUC
		train_cls_loss
		test_cls_loss
		train_feature_loss
		test_feature_loss
		train_recon_loss
		test_recon_loss
	Created new checkpoint file: ./results/ntu120/CSet/train/ntu120_CSet_avg_D3.pt
		1 EPOCH BEST TEST AUC: 0.01809339039027691
			Train time: 506.26 seconds
			Test time: 369.56 seconds
		2 EPOCH BEST TEST AUC: 0.06072620302438736
			Train time: 508.61 seconds
			Test time: 371.89 seconds
		3 EPOCH BEST TEST AUC: 0.13051027059555054
			Train time: 521.13 seconds
			Test time: 385.73 seconds
		4 EPOCH BEST TEST AUC: 0.23248770833015442
			Train time: 526.74 seconds
			Test time: 384.47 seconds
		5 EPOCH BEST TEST AUC: 0.3075506091117859
			Train time: 530.94 seconds
			Test time: 407.52 seconds
		6 EPOCH BEST TEST AUC: 0.36522912979125977
			Train time: 572.54 seconds
			Test time: 414.47 seconds
		7 EPOCH BEST TEST AUC: 0.39337393641471863
			Train time: 549.40 seconds
			Test time: 406.20 seconds
		8 EPOCH BEST TEST AUC: 0.4483022093772888
			Train time: 563.43 seconds
			Test time: 426.29 seconds
		9 EPOCH BEST TEST AUC: 0.46586549282073975
			Train time: 624.35 seconds
			Test time: 485.85 seconds
		10 EPOCH BEST TEST AUC: 0.47828200459480286
			Train time: 632.22 seconds
			Test time: 471.39 seconds
		11 EPOCH BEST TEST AUC: 0.5023806095123291
			Train time: 622.97 seconds
			Test time: 425.02 seconds
		12 EPOCH BEST TEST AUC: 0.5063285827636719
			Train time: 540.39 seconds
			Test time: 386.54 seconds
		13 EPOCH BEST TEST AUC: 0.5327255725860596
			Train time: 510.53 seconds
			Test time: 369.43 seconds
		14 EPOCH BEST TEST AUC: 0.5333490371704102
			Train time: 532.79 seconds
			Test time: 380.55 seconds
		15 EPOCH BEST TEST AUC: 0.5458307266235352
			Train time: 524.75 seconds
			Test time: 381.56 seconds
		16 EPOCH BEST TEST AUC: 0.5544359087944031
			Train time: 501.44 seconds
			Test time: 380.53 seconds
		17 EPOCH BEST TEST AUC: 0.5579845905303955
			Train time: 538.34 seconds
			Test time: 377.19 seconds
		18 EPOCH BEST TEST AUC: 0.5614782571792603
			Train time: 525.84 seconds
			Test time: 384.45 seconds
		19 EPOCH BEST TEST AUC: 0.5669058561325073
			Train time: 513.07 seconds
			Test time: 379.35 seconds
		20 EPOCH BEST TEST AUC: 0.5715402364730835
			Train time: 519.34 seconds
			Test time: 383.81 seconds
		21 EPOCH BEST TEST AUC: 0.5740251541137695
			Train time: 505.17 seconds
			Test time: 375.38 seconds
		22 EPOCH BEST TEST AUC: 0.5776166319847107
			Train time: 506.50 seconds
			Test time: 373.37 seconds
		23 EPOCH BEST TEST AUC: 0.5776166319847107
			Train time: 522.70 seconds
			Test time: 381.59 seconds
		24 EPOCH BEST TEST AUC: 0.5856039524078369
			Train time: 513.94 seconds
			Test time: 369.78 seconds
		25 EPOCH BEST TEST AUC: 0.5856039524078369
			Train time: 501.83 seconds
			Test time: 370.42 seconds
		26 EPOCH BEST TEST AUC: 0.5856039524078369
			Train time: 511.76 seconds
			Test time: 379.36 seconds
		27 EPOCH BEST TEST AUC: 0.5879919528961182
			Train time: 521.04 seconds
			Test time: 381.10 seconds
		28 EPOCH BEST TEST AUC: 0.5890275239944458
			Train time: 504.68 seconds
			Test time: 379.17 seconds
		29 EPOCH BEST TEST AUC: 0.5890275239944458
			Train time: 525.56 seconds
			Test time: 385.24 seconds
		30 EPOCH BEST TEST AUC: 0.5890406966209412
			Train time: 508.55 seconds
			Test time: 370.95 seconds
		31 EPOCH BEST TEST AUC: 0.5941563844680786
			Train time: 503.15 seconds
			Test time: 373.68 seconds
		32 EPOCH BEST TEST AUC: 0.5941563844680786
			Train time: 511.83 seconds
			Test time: 383.07 seconds
		33 EPOCH BEST TEST AUC: 0.5977315902709961
			Train time: 539.61 seconds
			Test time: 399.46 seconds
		34 EPOCH BEST TEST AUC: 0.5990962982177734
			Train time: 529.26 seconds
			Test time: 402.67 seconds
		35 EPOCH BEST TEST AUC: 0.5990962982177734
			Train time: 537.78 seconds
			Test time: 399.83 seconds
		36 EPOCH BEST TEST AUC: 0.6048098802566528
			Train time: 524.99 seconds
			Test time: 386.87 seconds
		37 EPOCH BEST TEST AUC: 0.6048098802566528
			Train time: 525.78 seconds
			Test time: 394.35 seconds
		38 EPOCH BEST TEST AUC: 0.6048098802566528
			Train time: 540.07 seconds
			Test time: 400.09 seconds
		39 EPOCH BEST TEST AUC: 0.6048098802566528
			Train time: 535.81 seconds
			Test time: 397.86 seconds
		40 EPOCH BEST TEST AUC: 0.6086341142654419
			Train time: 540.93 seconds
			Test time: 402.55 seconds
		41 EPOCH BEST TEST AUC: 0.6086341142654419
			Train time: 530.02 seconds
			Test time: 422.47 seconds
		42 EPOCH BEST TEST AUC: 0.6086341142654419
			Train time: 541.92 seconds
			Test time: 400.75 seconds
		43 EPOCH BEST TEST AUC: 0.6086341142654419
			Train time: 536.25 seconds
			Test time: 406.72 seconds
		44 EPOCH BEST TEST AUC: 0.6086341142654419
			Train time: 536.55 seconds
			Test time: 401.04 seconds
		45 EPOCH BEST TEST AUC: 0.6086341142654419
			Train time: 522.90 seconds
			Test time: 383.45 seconds
		46 EPOCH BEST TEST AUC: 0.6086341142654419
			Train time: 521.40 seconds
			Test time: 390.24 seconds
		47 EPOCH BEST TEST AUC: 0.6086341142654419
			Train time: 544.70 seconds
			Test time: 407.07 seconds
		48 EPOCH BEST TEST AUC: 0.6086341142654419
			Train time: 537.03 seconds
			Test time: 395.57 seconds
		49 EPOCH BEST TEST AUC: 0.6086341142654419
			Train time: 538.13 seconds
			Test time: 402.73 seconds
		50 EPOCH BEST TEST AUC: 0.6086341142654419
			Train time: 538.59 seconds
			Test time: 391.57 seconds
		51 EPOCH BEST TEST AUC: 0.6378757357597351
			Train time: 546.86 seconds
			Test time: 402.02 seconds
		52 EPOCH BEST TEST AUC: 0.6378757357597351
			Train time: 546.19 seconds
			Test time: 390.39 seconds
		53 EPOCH BEST TEST AUC: 0.6394286155700684
			Train time: 534.40 seconds
			Test time: 398.60 seconds
		54 EPOCH BEST TEST AUC: 0.6394286155700684
			Train time: 544.76 seconds
			Test time: 398.83 seconds
		55 EPOCH BEST TEST AUC: 0.6394286155700684
			Train time: 527.48 seconds
			Test time: 402.23 seconds
		56 EPOCH BEST TEST AUC: 0.6394286155700684
			Train time: 556.68 seconds
			Test time: 405.28 seconds
		57 EPOCH BEST TEST AUC: 0.6394286155700684
			Train time: 511.56 seconds
			Test time: 408.38 seconds
		58 EPOCH BEST TEST AUC: 0.6394286155700684
			Train time: 548.68 seconds
			Test time: 403.23 seconds
		59 EPOCH BEST TEST AUC: 0.6394286155700684
			Train time: 529.51 seconds
			Test time: 386.97 seconds
		60 EPOCH BEST TEST AUC: 0.6394286155700684
			Train time: 549.69 seconds
			Test time: 402.61 seconds
		61 EPOCH BEST TEST AUC: 0.6396929025650024
			Train time: 543.52 seconds
			Test time: 397.78 seconds
		62 EPOCH BEST TEST AUC: 0.6403625011444092
			Train time: 524.38 seconds
			Test time: 402.77 seconds
		63 EPOCH BEST TEST AUC: 0.6403625011444092
			Train time: 544.49 seconds
			Test time: 380.01 seconds
		64 EPOCH BEST TEST AUC: 0.6403625011444092
			Train time: 736.75 seconds
			Test time: 400.74 seconds
		65 EPOCH BEST TEST AUC: 0.6403625011444092
			Train time: 506.08 seconds
			Test time: 372.91 seconds
		66 EPOCH BEST TEST AUC: 0.6403625011444092
			Train time: 512.15 seconds
			Test time: 568.20 seconds
		67 EPOCH BEST TEST AUC: 0.6403625011444092
			Train time: 679.80 seconds
			Test time: 530.81 seconds
		68 EPOCH BEST TEST AUC: 0.6403625011444092
			Train time: 638.69 seconds
			Test time: 525.00 seconds
		69 EPOCH BEST TEST AUC: 0.6403625011444092
			Train time: 598.29 seconds
			Test time: 383.60 seconds
		70 EPOCH BEST TEST AUC: 0.6404227018356323
			Train time: 564.02 seconds
			Test time: 574.94 seconds
	Training time:         18:21:22
	Best train AUC: 0.807201623916626
	Best test AUC: 0.6404227018356323

+------------------ Job Report: 2928698 (COMPLETED) -------------------+
| Memory (RAM)  [################### ] 100.0% (7 GB peak / 7 GB)       |
| CPU           [##########          ] 53.2% average                   |
| GPU           [#####               ] 29.2% average                   |
| Time          [------------------->] 97.3% (0-18:29:34 / 0-19:00:00) |
|                                                                      |
| Lustre Filesystem:                                                   |
|   Path    Total Read    Total Write    Total IOPS                    |
|   ------  ------------  -------------  ------------                  |
|   /apps   15.1 MB       0 B            152                           |
|   /fred   168 GB        40.2 MB        1.2 K                         |
|   /home   0 B           0 B            2                             |
|   OS      20.1 MB       0 B            249                           |
|                                                                      |
| Warnings:                                                            |
|   - CPU usage is low                                                 |
|   - GPU usage is low                                                 |
+----------------------------------------------------------------------+
