Mon Nov 24 11:43:07 AM AEDT 2025
Copying file: ./data/ntu120/aligned_data/ntu120_CSet-flowpose_D3_aligned.npz to /var/tmp/jobfs/data
Dataset copied to JOBFS: ntu120_CSet-flowpose_D3_aligned.npz
Data path: /var/tmp/jobfs/data/ntu120_CSet-flowpose_D3_aligned.npz
Run name: infogcn2_ntu120_CSet_cnn_D3

Python script run command arguments:
python main.py -m infogcn2 -d ntu120 -p train -f cnn -e CSet -o 1.0 -r infogcn2_ntu120_CSet_cnn_D3 --desc infogcn2_train ntu120 CSet cnn observation ratio 1.0, retraining model with mean and std norm --data_path_overwrite /var/tmp/jobfs/data/ntu120_CSet-flowpose_D3_aligned.npz -v
### Libraries loaded
feeder: feeders.ntu_rgb_d.Feeder
feeder_args:
  data_paths: {'CSet': './data/ntu120/aligned_data/ntu120_CSet-flowpose_D3_aligned.npz', 'CSub': './data/ntu120/aligned_data/ntu120_CSub-flowpose_D3_aligned.npz'}
  label_path: ./data/ntu120/statistics/ntu_rgbd120-annotations.yaml
  p_interval: [0.5, 1]
  random_choose: True
  random_shift: True
  window_size: 64
  random_move: True
  random_rot: True
  average_flow: False
  absolute_flow: False
  no_flow: False
  no_Z: False
extractor:
  preprocessed: True
  pose: {'weights': 'pretrained_models/yolo11x-pose.pt'}
  flow: {'weights': 'pretrained_models/raft_large.pt', 'imsize': [1080, 1920], 'minibatch_size': 3}
  flowpose: {'window_size': 5, 'threshold': 0.05, 'loop': False, 'norm': False, 'match_pose': False, 'ntu': True, 'dilation': 3}
model: models.infogcn2.sode.SODE
model_args:
  num_class: 120
  num_point: 25
  num_person: 2
  graph: graph.ntu_rgb_d.Graph
  pose_channels: 3
  flow_channels: 50
  embed_channels: 64
  num_head: 3
  ode_method: euler
  depth: 4
  device: 0
  T: 64
  n_step: 3
  SAGC_proj: True
  num_cls: 10
  n_sample: 1
  backbone: transformer
  cnn: True
ignore_weights: []
phase: train
optimiser: torch.optim.SGD
optim_params:
  lr: 0.1
  momentum: 0.9
  weight_decay: 0.0003
  nesterov: True
lambda_1: 1
lambda_2: 0.1
lambda_3: 0.001
lambda_4: 0.0
lambda_5: 0.0
scheduler: torch.optim.lr_scheduler.MultiStepLR
scheduler_params:
  milestones: [50, 60]
  gamma: 0.1
training_function: training.train_infogcn.train_network
testing_function: training.eval_infogcn.eval_network
num_epoch: 70
device: 0
batch_size: 256
forward_batch_size: 128
test_batch_size: 256
half: False
checkpoint_freq: 10
save_location: ./results/infogcn2/ntu120/
model_type: infogcn2
dataset: ntu120
flow_embedding: cnn
evaluation: CSet
obs_ratio: 1.0
run_name: infogcn2_ntu120_CSet_cnn_D3
description: infogcn2_train ntu120 CSet cnn observation ratio 1.0, retraining model with mean and std norm
data_path_overwrite: /var/tmp/jobfs/data/ntu120_CSet-flowpose_D3_aligned.npz
verbose: True
debug: False
### Arguments loaded
	Output device: cuda:0
	Temporal encoder: transformer
	Model total number of params: 697848
	Loading weights from ./results/infogcn2/ntu120/CSet/train/infogcn2_ntu120_CSet_cnn_D3.pt
	Checkpoint file does not yet exist
		([Errno 2] No such file or directory: './results/infogcn2/ntu120/CSet/train/infogcn2_ntu120_CSet_cnn_D3.pt')
### Model created
	Loaded data using mmap mode
	Self.data assigned
	Self.labels assigned
	Assigned self.data to unique split (train)
	Using memory-mapped data - skipping NaN filtering to preserve memory efficiency
	Finished loading data!
### Dataloaders created
	Tracking:
		epoch
		train_time
		train_loss
		lr
		test_time
		test_loss
		train_ACC
		test_ACC
		train_AUC
		test_AUC
		train_cls_loss
		test_cls_loss
		train_feature_loss
		test_feature_loss
		train_recon_loss
		test_recon_loss
	Created new checkpoint file: ./results/infogcn2/ntu120/CSet/train/infogcn2_ntu120_CSet_cnn_D3.pt
		1 EPOCH BEST TRAIN AUC: 0.009230189956724644
			Train time: 611.66 seconds
		2 EPOCH BEST TRAIN AUC: 0.022212009876966476
			Train time: 635.68 seconds
		3 EPOCH BEST TRAIN AUC: 0.0730256736278534
			Train time: 644.92 seconds
		4 EPOCH BEST TRAIN AUC: 0.15993048250675201
			Train time: 647.10 seconds
		5 EPOCH BEST TRAIN AUC: 0.2684440314769745
			Train time: 645.04 seconds
		6 EPOCH BEST TRAIN AUC: 0.35062098503112793
			Train time: 678.45 seconds
		7 EPOCH BEST TRAIN AUC: 0.40507298707962036
			Train time: 619.21 seconds
		8 EPOCH BEST TRAIN AUC: 0.4449527859687805
			Train time: 600.32 seconds
		9 EPOCH BEST TRAIN AUC: 0.4818021059036255
			Train time: 646.77 seconds
		10 EPOCH BEST TRAIN AUC: 0.5116025805473328
			Train time: 648.15 seconds
		11 EPOCH BEST TRAIN AUC: 0.5350134372711182
			Train time: 626.18 seconds
		12 EPOCH BEST TRAIN AUC: 0.5538966059684753
			Train time: 644.21 seconds
		13 EPOCH BEST TRAIN AUC: 0.5716208815574646
			Train time: 664.91 seconds
		14 EPOCH BEST TRAIN AUC: 0.584608793258667
			Train time: 655.60 seconds
		15 EPOCH BEST TRAIN AUC: 0.5979921817779541
			Train time: 618.89 seconds
		16 EPOCH BEST TRAIN AUC: 0.6071681380271912
			Train time: 716.90 seconds
		17 EPOCH BEST TRAIN AUC: 0.6164763569831848
			Train time: 691.17 seconds
		18 EPOCH BEST TRAIN AUC: 0.6248031854629517
			Train time: 823.36 seconds
		19 EPOCH BEST TRAIN AUC: 0.6342370510101318
			Train time: 835.33 seconds
		20 EPOCH BEST TRAIN AUC: 0.6398851871490479
			Train time: 784.03 seconds
		21 EPOCH BEST TRAIN AUC: 0.6456867456436157
			Train time: 625.18 seconds
		22 EPOCH BEST TRAIN AUC: 0.6537315845489502
			Train time: 605.47 seconds
		23 EPOCH BEST TRAIN AUC: 0.658820629119873
			Train time: 614.52 seconds
		24 EPOCH BEST TRAIN AUC: 0.6619167327880859
			Train time: 611.93 seconds
		25 EPOCH BEST TRAIN AUC: 0.6665909290313721
			Train time: 603.02 seconds
		26 EPOCH BEST TRAIN AUC: 0.670769989490509
			Train time: 610.00 seconds
		27 EPOCH BEST TRAIN AUC: 0.6739338040351868
			Train time: 702.71 seconds
		28 EPOCH BEST TRAIN AUC: 0.6786054372787476
			Train time: 705.65 seconds
		29 EPOCH BEST TRAIN AUC: 0.6817976832389832
			Train time: 690.64 seconds
		30 EPOCH BEST TRAIN AUC: 0.6836898326873779
			Train time: 701.52 seconds
		31 EPOCH BEST TRAIN AUC: 0.6867536306381226
			Train time: 690.00 seconds
		32 EPOCH BEST TRAIN AUC: 0.6889908313751221
			Train time: 674.28 seconds
		33 EPOCH BEST TRAIN AUC: 0.6919037103652954
			Train time: 662.10 seconds
		34 EPOCH BEST TRAIN AUC: 0.6950256824493408
			Train time: 665.67 seconds
		35 EPOCH BEST TRAIN AUC: 0.6956409811973572
			Train time: 656.99 seconds
		36 EPOCH BEST TRAIN AUC: 0.6992638111114502
			Train time: 644.15 seconds
		37 EPOCH BEST TRAIN AUC: 0.7009267807006836
			Train time: 624.61 seconds
		38 EPOCH BEST TRAIN AUC: 0.7015833854675293
			Train time: 603.56 seconds
		39 EPOCH BEST TRAIN AUC: 0.7037283182144165
			Train time: 606.49 seconds
		40 EPOCH BEST TRAIN AUC: 0.7054110765457153
			Train time: 578.48 seconds
		41 EPOCH BEST TRAIN AUC: 0.7067946195602417
			Train time: 584.01 seconds
		42 EPOCH BEST TRAIN AUC: 0.7085837721824646
			Train time: 579.81 seconds
		43 EPOCH BEST TRAIN AUC: 0.7090321779251099
			Train time: 576.28 seconds
		44 EPOCH BEST TRAIN AUC: 0.7108718156814575
			Train time: 582.21 seconds
		45 EPOCH BEST TRAIN AUC: 0.7129274606704712
			Train time: 624.21 seconds
		46 EPOCH BEST TRAIN AUC: 0.7131475210189819
			Train time: 652.71 seconds
		47 EPOCH BEST TRAIN AUC: 0.7162505388259888
			Train time: 655.98 seconds
		48 EPOCH BEST TRAIN AUC: 0.7162505388259888
			Train time: 656.88 seconds
		49 EPOCH BEST TRAIN AUC: 0.716844916343689
			Train time: 659.88 seconds
		50 EPOCH BEST TRAIN AUC: 0.718416690826416
			Train time: 666.28 seconds
		51 EPOCH BEST TRAIN AUC: 0.7628962993621826
			Train time: 662.04 seconds
		52 EPOCH BEST TRAIN AUC: 0.7736087441444397
			Train time: 667.68 seconds
		53 EPOCH BEST TRAIN AUC: 0.7775285243988037
			Train time: 669.23 seconds
		54 EPOCH BEST TRAIN AUC: 0.7806025147438049
			Train time: 664.53 seconds
		55 EPOCH BEST TRAIN AUC: 0.7821797132492065
			Train time: 673.59 seconds
		56 EPOCH BEST TRAIN AUC: 0.783339262008667
			Train time: 655.08 seconds
		57 EPOCH BEST TRAIN AUC: 0.7850381135940552
			Train time: 595.16 seconds
		58 EPOCH BEST TRAIN AUC: 0.7869738340377808
			Train time: 594.85 seconds
		59 EPOCH BEST TRAIN AUC: 0.7872802019119263
			Train time: 600.18 seconds
		60 EPOCH BEST TRAIN AUC: 0.7890762686729431
			Train time: 591.49 seconds
		61 EPOCH BEST TRAIN AUC: 0.7982275485992432
			Train time: 596.33 seconds
		62 EPOCH BEST TRAIN AUC: 0.7987338304519653
			Train time: 595.54 seconds
		63 EPOCH BEST TRAIN AUC: 0.7993004322052002
			Train time: 589.34 seconds
		64 EPOCH BEST TRAIN AUC: 0.7996578812599182
			Train time: 588.16 seconds
		65 EPOCH BEST TRAIN AUC: 0.799750566482544
			Train time: 595.01 seconds
		66 EPOCH BEST TRAIN AUC: 0.799750566482544
			Train time: 594.92 seconds
		67 EPOCH BEST TRAIN AUC: 0.8003466725349426
			Train time: 595.06 seconds
		68 EPOCH BEST TRAIN AUC: 0.8003466725349426
			Train time: 591.15 seconds
		69 EPOCH BEST TRAIN AUC: 0.8003466725349426
			Train time: 595.96 seconds
		70 EPOCH BEST TRAIN AUC: 0.8003541231155396
			Train time: 594.53 seconds
	Best train AUC: 0.8003541231155396

+-------------------- Job Report: 7160628 (FAILED) --------------------+
| Memory (RAM)  [##                  ] 11.4% (4 GB peak / 35 GB)       |
| CPU           [###########         ] 57.7% average                   |
| GPU           [######              ] 32.8% average                   |
| Time          [---------->         ] 52.7% (0-12:38:49 / 1-00:00:00) |
|                                                                      |
| Lustre Filesystem:                                                   |
|   Path    Total Read    Total Write    Total IOPS                    |
|   ------  ------------  -------------  ------------                  |
|   /apps   72.7 MB       0 B            229                           |
|   /fred   338.6 GB      37.1 MB        1.1 K                         |
|   /home   0 B           0 B            3                             |
|   OS      2.9 MB        0 B            454                           |
|                                                                      |
| Warnings:                                                            |
|   - Too much memory requested                                        |
|   - CPU usage is low                                                 |
|   - GPU usage is low                                                 |
|   - Too much time requested                                          |
+----------------------------------------------------------------------+
