Copying file: ./data/ntu120/aligned_data/ntu120_CSet-flowpose_D2_aligned.npz to /var/tmp/jobfs/data
Dataset copied to JOBFS: ntu120_CSet-flowpose_D2_aligned.npz
Data path: /var/tmp/jobfs/data/ntu120_CSet-flowpose_D2_aligned.npz
Run name: ntu120_CSet_cnn_D2

### Libraries loaded
feeder: feeders.ntu_rgb_d.Feeder
feeder_args:
  data_paths: {'CSet': './data/ntu120/aligned_data/NTU120_CSet-flowpose_aligned.npz', 'CSub': './data/ntu120/aligned_data/NTU120_CSub-flowpose_aligned.npz'}
  label_path: ./data/ntu120/statistics/ntu_rgbd120-annotations.yaml
  p_interval: [0.5, 1]
  random_choose: True
  random_shift: True
  window_size: 64
  random_move: True
  random_rot: True
  average_flow: False
  absolute_flow: False
  no_flow: False
extractor:
  preprocessed: True
  pose: {'weights': 'pretrained_models/yolo11x-pose.pt'}
  flow: {'weights': 'pretrained_models/raft_large.pt', 'imsize': [1080, 1920], 'minibatch_size': 3}
  flowpose: {'window_size': 5, 'threshold': 0.05, 'loop': False, 'norm': False, 'match_pose': False, 'ntu': True, 'dilation': 3}
model: model.infogcn2.sode.SODE
model_args:
  num_class: 120
  num_point: 25
  num_person: 2
  graph: graph.ntu_rgb_d.Graph
  pose_channels: 3
  flow_channels: 50
  embed_channels: 64
  num_head: 3
  ode_method: euler
  depth: 4
  device: 0
  T: 64
  n_step: 3
  SAGC_proj: True
  num_cls: 10
  n_sample: 1
  backbone: transformer
  cnn: True
ignore_weights: []
phase: train
optim:
  base_lr: 0.1
  nesterov: True
  weight_decay: 0.0003
  step: [50, 60]
  gamma: 0.1
lambda_1: 1
lambda_2: 0.1
lambda_3: 0.001
lambda_4: 0.0
lambda_5: 0.0
num_epoch: 70
device: 0
batch_size: 256
forward_batch_size: 128
test_batch_size: 256
half: False
checkpoint_freq: 10
save_location: ./results/ntu120/
dataset: ntu120
model_type: cnn
evaluation: CSet
run_name: ntu120_CSet_cnn_D2
description: train ntu120 CSet cnn with dilation 2 TESTING n_step = 4
data_path_overwrite: /var/tmp/jobfs/data/ntu120_CSet-flowpose_D2_aligned.npz
verbose: True
### Arguments loaded
	Output device: cuda:0
	Temporal encoder: transformer
	Model total number of params: 697848
	Loading weights from ./results/ntu120/CSet/train/ntu120_CSet_cnn_D2.pt
	Checkpoint file does not yet exist
	([Errno 2] No such file or directory: './results/ntu120/CSet/train/ntu120_CSet_cnn_D2.pt')
### Model created
	Loaded data using mmap mode
	Self.data assigned
	Self.labels assigned
	Assigned self.data to unique split (train)
	Using memory-mapped data - skipping NaN filtering to preserve memory efficiency
	Finished loading data!
	Loaded data using mmap mode
	Assigned self.data to unique split (test)
	Using memory-mapped data - skipping NaN filtering to preserve memory efficiency
	Finished loading data!
### Dataloaders created
	Tracking:
		epoch
		train_time
		train_loss
		lr
		test_time
		test_loss
		train_ACC
		test_ACC
		train_AUC
		test_AUC
		train_cls_loss
		test_cls_loss
		train_feature_loss
		test_feature_loss
		train_recon_loss
		test_recon_loss
	Created new checkpoint file: ./results/ntu120/CSet/train/ntu120_CSet_cnn_D2.pt
		1 EPOCH BEST TEST AUC: 0.011899820528924465
			Train time: 644.98 seconds
			Test time: 398.51 seconds
		2 EPOCH BEST TEST AUC: 0.04078545793890953
			Train time: 597.01 seconds
			Test time: 398.09 seconds
		3 EPOCH BEST TEST AUC: 0.10017737746238708
			Train time: 591.16 seconds
			Test time: 399.59 seconds
		4 EPOCH BEST TEST AUC: 0.16588397324085236
			Train time: 589.43 seconds
			Test time: 578.23 seconds
		5 EPOCH BEST TEST AUC: 0.27384114265441895
			Train time: 1025.40 seconds
			Test time: 725.50 seconds
		6 EPOCH BEST TEST AUC: 0.3342321217060089
			Train time: 1029.66 seconds
			Test time: 742.62 seconds
		7 EPOCH BEST TEST AUC: 0.38538870215415955
			Train time: 1103.34 seconds
			Test time: 745.28 seconds
		8 EPOCH BEST TEST AUC: 0.41703563928604126
			Train time: 1039.91 seconds
			Test time: 757.76 seconds
		9 EPOCH BEST TEST AUC: 0.42330804467201233
			Train time: 1092.64 seconds
			Test time: 757.26 seconds
		10 EPOCH BEST TEST AUC: 0.4806731939315796
			Train time: 1091.75 seconds
			Test time: 764.03 seconds
		11 EPOCH BEST TEST AUC: 0.4943244457244873
			Train time: 1094.46 seconds
			Test time: 755.42 seconds
		12 EPOCH BEST TEST AUC: 0.5190950632095337
			Train time: 1074.59 seconds
			Test time: 412.72 seconds
		13 EPOCH BEST TEST AUC: 0.5190950632095337
			Train time: 587.54 seconds
			Test time: 395.49 seconds
		14 EPOCH BEST TEST AUC: 0.5345012545585632
			Train time: 580.25 seconds
			Test time: 400.05 seconds
		15 EPOCH BEST TEST AUC: 0.5345012545585632
			Train time: 585.98 seconds
			Test time: 395.64 seconds
		16 EPOCH BEST TEST AUC: 0.5478852987289429
			Train time: 584.86 seconds
			Test time: 398.78 seconds
		17 EPOCH BEST TEST AUC: 0.5530133843421936
			Train time: 584.87 seconds
			Test time: 396.00 seconds
		18 EPOCH BEST TEST AUC: 0.5588236451148987
			Train time: 585.63 seconds
			Test time: 399.17 seconds
		19 EPOCH BEST TEST AUC: 0.5629105567932129
			Train time: 588.20 seconds
			Test time: 395.23 seconds
		20 EPOCH BEST TEST AUC: 0.5682616829872131
			Train time: 579.22 seconds
			Test time: 397.82 seconds
		21 EPOCH BEST TEST AUC: 0.5726664662361145
			Train time: 591.12 seconds
			Test time: 398.56 seconds
		22 EPOCH BEST TEST AUC: 0.5726664662361145
			Train time: 583.39 seconds
			Test time: 397.08 seconds
		23 EPOCH BEST TEST AUC: 0.57524573802948
			Train time: 581.95 seconds
			Test time: 395.85 seconds
		24 EPOCH BEST TEST AUC: 0.5827510356903076
			Train time: 587.89 seconds
			Test time: 394.75 seconds
		25 EPOCH BEST TEST AUC: 0.5827510356903076
			Train time: 575.39 seconds
			Test time: 396.72 seconds
		26 EPOCH BEST TEST AUC: 0.5845144987106323
			Train time: 581.29 seconds
			Test time: 397.22 seconds
		27 EPOCH BEST TEST AUC: 0.5845144987106323
			Train time: 582.77 seconds
			Test time: 400.06 seconds
		28 EPOCH BEST TEST AUC: 0.5845144987106323
			Train time: 587.04 seconds
			Test time: 399.80 seconds
		29 EPOCH BEST TEST AUC: 0.5845144987106323
			Train time: 580.68 seconds
			Test time: 394.15 seconds
		30 EPOCH BEST TEST AUC: 0.5845144987106323
			Train time: 587.29 seconds
			Test time: 397.77 seconds
		31 EPOCH BEST TEST AUC: 0.5870333909988403
			Train time: 588.05 seconds
			Test time: 400.81 seconds
		32 EPOCH BEST TEST AUC: 0.5953012704849243
			Train time: 588.31 seconds
			Test time: 395.45 seconds
		33 EPOCH BEST TEST AUC: 0.5953012704849243
			Train time: 587.11 seconds
			Test time: 395.99 seconds
		34 EPOCH BEST TEST AUC: 0.5962669849395752
			Train time: 589.62 seconds
			Test time: 398.00 seconds
		35 EPOCH BEST TEST AUC: 0.5998807549476624
			Train time: 584.64 seconds
			Test time: 398.16 seconds
		36 EPOCH BEST TEST AUC: 0.6027374267578125
			Train time: 586.48 seconds
			Test time: 399.59 seconds
		37 EPOCH BEST TEST AUC: 0.6027374267578125
			Train time: 585.06 seconds
			Test time: 402.22 seconds
		38 EPOCH BEST TEST AUC: 0.6032688617706299
			Train time: 586.32 seconds
			Test time: 397.81 seconds
		39 EPOCH BEST TEST AUC: 0.6032688617706299
			Train time: 585.59 seconds
			Test time: 399.12 seconds
		40 EPOCH BEST TEST AUC: 0.6032688617706299
			Train time: 576.59 seconds
			Test time: 396.87 seconds
		41 EPOCH BEST TEST AUC: 0.6032688617706299
			Train time: 583.82 seconds
			Test time: 397.69 seconds
		42 EPOCH BEST TEST AUC: 0.6044316291809082
			Train time: 586.05 seconds
			Test time: 398.67 seconds
		43 EPOCH BEST TEST AUC: 0.6044316291809082
			Train time: 579.69 seconds
			Test time: 393.86 seconds
		44 EPOCH BEST TEST AUC: 0.6081284284591675
			Train time: 587.66 seconds
			Test time: 401.31 seconds
		45 EPOCH BEST TEST AUC: 0.6081284284591675
			Train time: 579.16 seconds
			Test time: 398.43 seconds
		46 EPOCH BEST TEST AUC: 0.6081284284591675
			Train time: 582.03 seconds
			Test time: 399.16 seconds
		47 EPOCH BEST TEST AUC: 0.6081284284591675
			Train time: 585.55 seconds
			Test time: 400.92 seconds
		48 EPOCH BEST TEST AUC: 0.6081284284591675
			Train time: 583.41 seconds
			Test time: 393.41 seconds
		49 EPOCH BEST TEST AUC: 0.6081284284591675
			Train time: 587.71 seconds
			Test time: 396.24 seconds
		50 EPOCH BEST TEST AUC: 0.6081284284591675
			Train time: 586.90 seconds
			Test time: 398.01 seconds
		51 EPOCH BEST TEST AUC: 0.6396490335464478
			Train time: 579.97 seconds
			Test time: 398.71 seconds
		52 EPOCH BEST TEST AUC: 0.6399650573730469
			Train time: 577.03 seconds
			Test time: 402.02 seconds
		53 EPOCH BEST TEST AUC: 0.6416594982147217
			Train time: 584.59 seconds
			Test time: 398.18 seconds
		54 EPOCH BEST TEST AUC: 0.6416594982147217
			Train time: 577.20 seconds
			Test time: 396.47 seconds
		55 EPOCH BEST TEST AUC: 0.6416594982147217
			Train time: 583.57 seconds
			Test time: 394.84 seconds
		56 EPOCH BEST TEST AUC: 0.6416594982147217
			Train time: 583.98 seconds
			Test time: 397.79 seconds
		57 EPOCH BEST TEST AUC: 0.6429430842399597
			Train time: 581.71 seconds
			Test time: 397.93 seconds
		58 EPOCH BEST TEST AUC: 0.6429430842399597
			Train time: 591.50 seconds
			Test time: 397.65 seconds
		59 EPOCH BEST TEST AUC: 0.6429430842399597
			Train time: 585.12 seconds
			Test time: 397.02 seconds
		60 EPOCH BEST TEST AUC: 0.6429430842399597
			Train time: 579.92 seconds
			Test time: 398.53 seconds
		61 EPOCH BEST TEST AUC: 0.6436689496040344
			Train time: 581.39 seconds
			Test time: 398.65 seconds
		62 EPOCH BEST TEST AUC: 0.6437478065490723
			Train time: 579.02 seconds
			Test time: 397.76 seconds
		63 EPOCH BEST TEST AUC: 0.64410400390625
			Train time: 578.21 seconds
			Test time: 394.70 seconds
		64 EPOCH BEST TEST AUC: 0.64410400390625
			Train time: 578.02 seconds
			Test time: 395.78 seconds
		65 EPOCH BEST TEST AUC: 0.64410400390625
			Train time: 580.02 seconds
			Test time: 396.54 seconds
		66 EPOCH BEST TEST AUC: 0.6441783308982849
			Train time: 579.81 seconds
			Test time: 396.74 seconds
		67 EPOCH BEST TEST AUC: 0.6443383097648621
			Train time: 577.52 seconds
			Test time: 396.98 seconds
		68 EPOCH BEST TEST AUC: 0.6443383097648621
			Train time: 583.90 seconds
			Test time: 397.77 seconds
		69 EPOCH BEST TEST AUC: 0.6443383097648621
			Train time: 577.88 seconds
			Test time: 398.86 seconds
		70 EPOCH BEST TEST AUC: 0.6443383097648621
			Train time: 578.06 seconds
			Test time: 391.68 seconds
	Training time:         20:54:59
	Best train AUC: 0.8011538982391357
	Best test AUC: 0.6443383097648621

+------------------ Job Report: 3739875 (COMPLETED) -------------------+
| Memory (RAM)  [###########         ] 56.8% (8.5 GB peak / 15 GB)     |
| CPU           [#########           ] 48.2% average                   |
| GPU           [####                ] 24.8% average                   |
| Time          [----------------->  ] 87.6% (0-21:01:34 / 1-00:00:00) |
|                                                                      |
| Lustre Filesystem:                                                   |
|   Path    Total Read    Total Write    Total IOPS                    |
|   ------  ------------  -------------  ------------                  |
|   /apps   49.7 MB       0 B            36                            |
|   /fred   113.4 GB      40.5 MB        4.3 K                         |
|   /home   0 B           0 B            1                             |
|   OS      38.1 MB       0 B            458                           |
|                                                                      |
| Warnings:                                                            |
|   - CPU usage is low                                                 |
|   - GPU usage is low                                                 |
+----------------------------------------------------------------------+
