Mon Nov 24 10:57:59 AM AEDT 2025
Copying file: ./data/ucf101/aligned_data/ucf101_03_D1.npz to /var/tmp/jobfs/data
Dataset copied to JOBFS: ucf101_03_D1.npz
Data path: /var/tmp/jobfs/data/ucf101_03_D1.npz
Run name: infogcn2_ucf101_3_base

Python script run command arguments:
python main.py -m infogcn2 -d ucf101 -p train -f base -e 3 -o 1.0 -r infogcn2_ucf101_3_base --desc infogcn2_train ucf101 3 base observation ratio 1.0, retraining model with mean and std norm --data_path_overwrite /var/tmp/jobfs/data/ucf101_03_D1.npz -v
### Libraries loaded
feeder: feeders.ucf101.Feeder
feeder_args:
  data_paths: {1: './data/ucf101/aligned_data/ucf101_01_D1.npz', 2: './data/ucf101/aligned_data/ucf101_02_D1.npz', 3: './data/ucf101/aligned_data/ucf101_03_D1.npz'}
  label_path: ./data/ucf101/statistics/ucf101_annotations.yaml
  p_interval: [0.5, 1]
  random_shift: True
  random_choose: True
  window_size: 64
  random_move: True
  random_rot: True
  average_flow: False
  absolute_flow: False
  no_flow: True
extractor:
  data_paths: {'rgb_path': '../Datasets/UCF-101/', 'pose_path': './data/ucf101/pose/', 'flow_path': './data/ucf101/flow/', 'flowpose_path': './data/ucf101/flowpose/'}
  pose: {'weights': 'pretrained_models/yolo11x-pose.pt'}
  flow: {'weights': 'pretrained_models/raft_large.pt', 'imsize': [240, 320], 'minibatch_size': 16}
  flowpose: {'window_size': 5, 'threshold': 0.05, 'loop': False, 'norm': False, 'match_pose': False, 'ntu': False, 'dilation': 3}
model: models.infogcn2.sode.SODE
model_args:
  num_class: 101
  num_point: 17
  num_person: 2
  graph: graph.yolo_pose.Graph
  pose_channels: 3
  flow_channels: 0
  embed_channels: 64
  num_head: 3
  ode_method: euler
  depth: 4
  device: 0
  T: 64
  n_step: 3
  SAGC_proj: True
  num_cls: 10
  n_sample: 1
  backbone: transformer
  cnn: False
ignore_weights: []
phase: train
optimiser: torch.optim.SGD
optim_params:
  lr: 0.1
  momentum: 0.9
  weight_decay: 0.0003
  nesterov: True
lambda_1: 1
lambda_2: 0.1
lambda_3: 0.001
lambda_4: 0.0
lambda_5: 0.0
scheduler: torch.optim.lr_scheduler.MultiStepLR
scheduler_params:
  milestones: [50, 60]
  gamma: 0.1
training_function: training.train_infogcn.train_network
testing_function: training.eval_infogcn.eval_network
num_epoch: 70
device: 0
batch_size: 256
forward_batch_size: 128
test_batch_size: 256
half: False
checkpoint_freq: 10
save_location: ./results/infogcn2/ucf101/
model_type: infogcn2
dataset: ucf101
flow_embedding: base
evaluation: 3
obs_ratio: 1.0
run_name: infogcn2_ucf101_3_base
description: infogcn2_train ucf101 3 base observation ratio 1.0, retraining model with mean and std norm
data_path_overwrite: /var/tmp/jobfs/data/ucf101_03_D1.npz
verbose: True
debug: False
### Arguments loaded
	Output device: cuda:0
	Temporal encoder: transformer
	Model total number of params: 658061
	Loading weights from ./results/infogcn2/ucf101/3/train/infogcn2_ucf101_3_base.pt
	Checkpoint file does not yet exist
		([Errno 2] No such file or directory: './results/infogcn2/ucf101/3/train/infogcn2_ucf101_3_base.pt')
### Model created
	Loaded data using mmap mode
	Self.data assigned
	Self.labels assigned
	Assigned self.data to unique split (train)
	Using memory-mapped data - skipping NaN filtering to preserve memory efficiency
	Finished loading data!
### Dataloaders created
	Tracking:
		epoch
		train_time
		train_loss
		lr
		test_time
		test_loss
		train_ACC
		test_ACC
		train_AUC
		test_AUC
		train_cls_loss
		test_cls_loss
		train_feature_loss
		test_feature_loss
		train_recon_loss
		test_recon_loss
	Created new checkpoint file: ./results/infogcn2/ucf101/3/train/infogcn2_ucf101_3_base.pt
		1 EPOCH BEST TRAIN AUC: 0.009588068351149559
			Train time: 40.14 seconds
		2 EPOCH BEST TRAIN AUC: 0.011603131890296936
			Train time: 33.01 seconds
		3 EPOCH BEST TRAIN AUC: 0.023135241121053696
			Train time: 33.01 seconds
		4 EPOCH BEST TRAIN AUC: 0.03222779929637909
			Train time: 33.01 seconds
		5 EPOCH BEST TRAIN AUC: 0.03661634773015976
			Train time: 32.85 seconds
		6 EPOCH BEST TRAIN AUC: 0.04968287795782089
			Train time: 32.95 seconds
		7 EPOCH BEST TRAIN AUC: 0.061391718685626984
			Train time: 32.89 seconds
		8 EPOCH BEST TRAIN AUC: 0.07057511806488037
			Train time: 32.96 seconds
		9 EPOCH BEST TRAIN AUC: 0.08187434077262878
			Train time: 33.06 seconds
		10 EPOCH BEST TRAIN AUC: 0.09503667056560516
			Train time: 32.94 seconds
		11 EPOCH BEST TRAIN AUC: 0.10375760495662689
			Train time: 32.93 seconds
		12 EPOCH BEST TRAIN AUC: 0.11818842589855194
			Train time: 32.92 seconds
		13 EPOCH BEST TRAIN AUC: 0.1378716230392456
			Train time: 33.89 seconds
		14 EPOCH BEST TRAIN AUC: 0.15225951373577118
			Train time: 33.15 seconds
		15 EPOCH BEST TRAIN AUC: 0.16758722066879272
			Train time: 32.98 seconds
		16 EPOCH BEST TRAIN AUC: 0.18583840131759644
			Train time: 33.12 seconds
		17 EPOCH BEST TRAIN AUC: 0.2032621055841446
			Train time: 33.05 seconds
		18 EPOCH BEST TRAIN AUC: 0.21791920065879822
			Train time: 32.94 seconds
		19 EPOCH BEST TRAIN AUC: 0.2318314015865326
			Train time: 33.00 seconds
		20 EPOCH BEST TRAIN AUC: 0.25209105014801025
			Train time: 32.93 seconds
		21 EPOCH BEST TRAIN AUC: 0.2669447064399719
			Train time: 33.03 seconds
		22 EPOCH BEST TRAIN AUC: 0.285841703414917
			Train time: 32.94 seconds
		23 EPOCH BEST TRAIN AUC: 0.2988520860671997
			Train time: 32.94 seconds
		24 EPOCH BEST TRAIN AUC: 0.31789445877075195
			Train time: 33.00 seconds
		25 EPOCH BEST TRAIN AUC: 0.3417646586894989
			Train time: 32.98 seconds
		26 EPOCH BEST TRAIN AUC: 0.35510867834091187
			Train time: 32.94 seconds
		27 EPOCH BEST TRAIN AUC: 0.37783265113830566
			Train time: 32.90 seconds
		28 EPOCH BEST TRAIN AUC: 0.39716899394989014
			Train time: 33.00 seconds
		29 EPOCH BEST TRAIN AUC: 0.4177226424217224
			Train time: 33.06 seconds
		30 EPOCH BEST TRAIN AUC: 0.4329099655151367
			Train time: 33.03 seconds
		31 EPOCH BEST TRAIN AUC: 0.45224136114120483
			Train time: 32.93 seconds
		32 EPOCH BEST TRAIN AUC: 0.4678547978401184
			Train time: 32.97 seconds
		33 EPOCH BEST TRAIN AUC: 0.4828025996685028
			Train time: 32.97 seconds
		34 EPOCH BEST TRAIN AUC: 0.49993064999580383
			Train time: 32.92 seconds
		35 EPOCH BEST TRAIN AUC: 0.5173262357711792
			Train time: 32.96 seconds
		36 EPOCH BEST TRAIN AUC: 0.5341438055038452
			Train time: 33.04 seconds
		37 EPOCH BEST TRAIN AUC: 0.5469971895217896
			Train time: 32.99 seconds
		38 EPOCH BEST TRAIN AUC: 0.5594179630279541
			Train time: 32.92 seconds
		39 EPOCH BEST TRAIN AUC: 0.5723440647125244
			Train time: 32.95 seconds
		40 EPOCH BEST TRAIN AUC: 0.5881260633468628
			Train time: 32.97 seconds
		41 EPOCH BEST TRAIN AUC: 0.6047767400741577
			Train time: 32.83 seconds
		42 EPOCH BEST TRAIN AUC: 0.6092280149459839
			Train time: 33.00 seconds
		43 EPOCH BEST TRAIN AUC: 0.6255979537963867
			Train time: 32.95 seconds
		44 EPOCH BEST TRAIN AUC: 0.6363173723220825
			Train time: 33.28 seconds
		45 EPOCH BEST TRAIN AUC: 0.6407769322395325
			Train time: 34.17 seconds
		46 EPOCH BEST TRAIN AUC: 0.6549270153045654
			Train time: 32.94 seconds
		47 EPOCH BEST TRAIN AUC: 0.6638494729995728
			Train time: 32.93 seconds
		48 EPOCH BEST TRAIN AUC: 0.6729568839073181
			Train time: 32.96 seconds
		49 EPOCH BEST TRAIN AUC: 0.6808239221572876
			Train time: 32.93 seconds
		50 EPOCH BEST TRAIN AUC: 0.687838613986969
			Train time: 32.96 seconds
		51 EPOCH BEST TRAIN AUC: 0.7267805933952332
			Train time: 33.01 seconds
		52 EPOCH BEST TRAIN AUC: 0.7392160892486572
			Train time: 32.91 seconds
		53 EPOCH BEST TRAIN AUC: 0.7430167198181152
			Train time: 32.95 seconds
		54 EPOCH BEST TRAIN AUC: 0.7459798455238342
			Train time: 33.00 seconds
		55 EPOCH BEST TRAIN AUC: 0.7459798455238342
			Train time: 32.88 seconds
		56 EPOCH BEST TRAIN AUC: 0.7502907514572144
			Train time: 33.04 seconds
		57 EPOCH BEST TRAIN AUC: 0.7519952654838562
			Train time: 32.93 seconds
		58 EPOCH BEST TRAIN AUC: 0.7519952654838562
			Train time: 32.94 seconds
		59 EPOCH BEST TRAIN AUC: 0.7543225288391113
			Train time: 32.99 seconds
		60 EPOCH BEST TRAIN AUC: 0.7583163380622864
			Train time: 32.97 seconds
		61 EPOCH BEST TRAIN AUC: 0.7624967098236084
			Train time: 33.06 seconds
		62 EPOCH BEST TRAIN AUC: 0.7652103900909424
			Train time: 33.00 seconds
		63 EPOCH BEST TRAIN AUC: 0.7652103900909424
			Train time: 33.03 seconds
		64 EPOCH BEST TRAIN AUC: 0.7655324935913086
			Train time: 33.01 seconds
		65 EPOCH BEST TRAIN AUC: 0.7666391134262085
			Train time: 33.03 seconds
		66 EPOCH BEST TRAIN AUC: 0.7692967057228088
			Train time: 32.99 seconds
		67 EPOCH BEST TRAIN AUC: 0.7692967057228088
			Train time: 32.89 seconds
		68 EPOCH BEST TRAIN AUC: 0.7693793177604675
			Train time: 33.03 seconds
		69 EPOCH BEST TRAIN AUC: 0.7693793177604675
			Train time: 32.94 seconds
		70 EPOCH BEST TRAIN AUC: 0.7693793177604675
			Train time: 32.80 seconds
	Best train AUC: 0.7693793177604675

+-------------------- Job Report: 7160671 (FAILED) --------------------+
| Memory (RAM)  [####                ] 23.8% (1.2 GB peak / 5 GB)      |
| CPU           [#############       ] 69.6% average                   |
| GPU           [###############     ] 78.6% average                   |
| Time          [------>             ] 33.1% (0-00:39:44 / 0-02:00:00) |
|                                                                      |
| Lustre Filesystem:                                                   |
|   Path    Total Read    Total Write    Total IOPS                    |
|   ------  ------------  -------------  ------------                  |
|   /apps   0 B           0 B            23                            |
|   /fred   28.6 GB       35.2 MB        2.6 K                         |
|   /home   0 B           0 B            2                             |
|   OS      1.4 MB        0 B            220                           |
|                                                                      |
| Warnings:                                                            |
|   - Too much memory requested                                        |
|   - CPU usage is low                                                 |
|   - Too much time requested                                          |
+----------------------------------------------------------------------+
