Copying file: ./data/ucf101/aligned_data/ucf101_03_D1.npz to /var/tmp/jobfs/data
Dataset copied to JOBFS: ucf101_03_D1.npz
Data path: /var/tmp/jobfs/data/ucf101_03_D1.npz
Run name: ucf101_3_abs_D1

### Libraries loaded
feeder: feeders.ucf101.Feeder
feeder_args:
  data_paths: {1: './data/ucf101/aligned_data/ucf101_01.npz', 2: './data/ucf101/aligned_data/ucf101_02.npz', 3: './data/ucf101/aligned_data/ucf101_03.npz'}
  label_path: ./data/ucf101/statistics/ucf101_annotations.yaml
  p_interval: [0.5, 1]
  random_shift: True
  random_choose: True
  window_size: 64
  random_move: True
  random_rot: True
  average_flow: False
  absolute_flow: {'window_mean': True}
  no_flow: False
extractor:
  data_paths: {'rgb_path': '../Datasets/UCF-101/', 'pose_path': './data/ucf101/pose/', 'flow_path': './data/ucf101/flow/', 'flowpose_path': './data/ucf101/flowpose/'}
  preprocessed: True
  pose: {'weights': 'pretrained_models/yolo11x-pose.pt'}
  flow: {'weights': 'pretrained_models/raft_large.pt', 'imsize': [240, 320], 'minibatch_size': 16}
  flowpose: {'window_size': 5, 'threshold': 0.05, 'loop': False}
model: model.infogcn2.sode.SODE
model_args:
  num_class: 101
  num_point: 17
  num_person: 2
  graph: graph.yolo_pose.Graph
  pose_channels: 3
  flow_channels: 1
  embed_channels: 64
  num_head: 3
  ode_method: euler
  depth: 4
  device: 0
  T: 64
  n_step: 3
  SAGC_proj: True
  num_cls: 10
  n_sample: 1
  backbone: transformer
  cnn: False
ignore_weights: []
phase: train
optim:
  base_lr: 0.1
  nesterov: True
  weight_decay: 0.0003
  step: [50, 60]
  gamma: 0.1
lambda_1: 1
lambda_2: 0.1
lambda_3: 0.001
lambda_4: 0.0
lambda_5: 0.0
num_epoch: 70
device: 0
batch_size: 256
forward_batch_size: 128
test_batch_size: 256
half: False
checkpoint_freq: 10
save_location: ./results/ucf101/
dataset: ucf101
model_type: abs
evaluation: 3
run_name: ucf101_3_abs_D1
description: train ucf101 3 abs evaluation of ntu120 results!
data_path_overwrite: /var/tmp/jobfs/data/ucf101_03_D1.npz
verbose: True
### Arguments loaded
	Output device: cuda:0
	Temporal encoder: transformer
	Model total number of params: 658125
	Loading weights from ./results/ucf101/3/train/ucf101_3_abs_D1.pt
	Checkpoint file does not yet exist
		([Errno 2] No such file or directory: './results/ucf101/3/train/ucf101_3_abs_D1.pt')
### Model created
	Loaded data using mmap mode
	Self.data assigned
	Self.labels assigned
	Assigned self.data to unique split (train)
	Using memory-mapped data - skipping NaN filtering to preserve memory efficiency
	Finished loading data!
	Loaded data using mmap mode
	Assigned self.data to unique split (test)
	Using memory-mapped data - skipping NaN filtering to preserve memory efficiency
	Finished loading data!
### Dataloaders created
	Tracking:
		epoch
		train_time
		train_loss
		lr
		test_time
		test_loss
		train_ACC
		test_ACC
		train_AUC
		test_AUC
		train_cls_loss
		test_cls_loss
		train_feature_loss
		test_feature_loss
		train_recon_loss
		test_recon_loss
	Created new checkpoint file: ./results/ucf101/3/train/ucf101_3_abs_D1.pt
		1 EPOCH BEST TEST AUC: 0.008818068541586399
			Train time: 70.95 seconds
			Test time: 17.19 seconds
		2 EPOCH BEST TEST AUC: 0.017726382240653038
			Train time: 67.78 seconds
			Test time: 16.84 seconds
		3 EPOCH BEST TEST AUC: 0.02733515575528145
			Train time: 69.77 seconds
			Test time: 17.34 seconds
		4 EPOCH BEST TEST AUC: 0.03341154381632805
			Train time: 69.74 seconds
			Test time: 16.67 seconds
		5 EPOCH BEST TEST AUC: 0.04192879796028137
			Train time: 67.87 seconds
			Test time: 16.60 seconds
		6 EPOCH BEST TEST AUC: 0.06299418956041336
			Train time: 70.57 seconds
			Test time: 16.78 seconds
		7 EPOCH BEST TEST AUC: 0.08021348714828491
			Train time: 69.37 seconds
			Test time: 16.79 seconds
		8 EPOCH BEST TEST AUC: 0.10153241455554962
			Train time: 70.20 seconds
			Test time: 17.73 seconds
		9 EPOCH BEST TEST AUC: 0.10717907547950745
			Train time: 72.23 seconds
			Test time: 16.82 seconds
		10 EPOCH BEST TEST AUC: 0.13377079367637634
			Train time: 70.74 seconds
			Test time: 18.12 seconds
		11 EPOCH BEST TEST AUC: 0.14821404218673706
			Train time: 71.45 seconds
			Test time: 17.61 seconds
		12 EPOCH BEST TEST AUC: 0.15240821242332458
			Train time: 71.86 seconds
			Test time: 17.60 seconds
		13 EPOCH BEST TEST AUC: 0.18312963843345642
			Train time: 71.50 seconds
			Test time: 17.37 seconds
		14 EPOCH BEST TEST AUC: 0.21394991874694824
			Train time: 71.15 seconds
			Test time: 19.12 seconds
		15 EPOCH BEST TEST AUC: 0.2274133712053299
			Train time: 78.73 seconds
			Test time: 20.80 seconds
		16 EPOCH BEST TEST AUC: 0.25597327947616577
			Train time: 77.53 seconds
			Test time: 17.66 seconds
		17 EPOCH BEST TEST AUC: 0.25597327947616577
			Train time: 73.04 seconds
			Test time: 17.96 seconds
		18 EPOCH BEST TEST AUC: 0.25928646326065063
			Train time: 70.52 seconds
			Test time: 17.28 seconds
		19 EPOCH BEST TEST AUC: 0.30242711305618286
			Train time: 69.71 seconds
			Test time: 17.36 seconds
		20 EPOCH BEST TEST AUC: 0.30277949571609497
			Train time: 72.59 seconds
			Test time: 18.24 seconds
		21 EPOCH BEST TEST AUC: 0.30277949571609497
			Train time: 72.51 seconds
			Test time: 16.54 seconds
		22 EPOCH BEST TEST AUC: 0.3091566860675812
			Train time: 70.42 seconds
			Test time: 17.45 seconds
		23 EPOCH BEST TEST AUC: 0.33597618341445923
			Train time: 71.78 seconds
			Test time: 17.98 seconds
		24 EPOCH BEST TEST AUC: 0.33597618341445923
			Train time: 71.58 seconds
			Test time: 17.34 seconds
		25 EPOCH BEST TEST AUC: 0.36435556411743164
			Train time: 71.49 seconds
			Test time: 17.46 seconds
		26 EPOCH BEST TEST AUC: 0.37669312953948975
			Train time: 71.54 seconds
			Test time: 17.37 seconds
		27 EPOCH BEST TEST AUC: 0.38723012804985046
			Train time: 70.45 seconds
			Test time: 17.59 seconds
		28 EPOCH BEST TEST AUC: 0.38723012804985046
			Train time: 71.87 seconds
			Test time: 17.85 seconds
		29 EPOCH BEST TEST AUC: 0.42335325479507446
			Train time: 70.78 seconds
			Test time: 17.32 seconds
		30 EPOCH BEST TEST AUC: 0.42335325479507446
			Train time: 69.98 seconds
			Test time: 17.91 seconds
		31 EPOCH BEST TEST AUC: 0.4440276324748993
			Train time: 70.71 seconds
			Test time: 17.17 seconds
		32 EPOCH BEST TEST AUC: 0.44942930340766907
			Train time: 70.65 seconds
			Test time: 17.08 seconds
		33 EPOCH BEST TEST AUC: 0.4558666944503784
			Train time: 72.28 seconds
			Test time: 18.03 seconds
		34 EPOCH BEST TEST AUC: 0.4558666944503784
			Train time: 71.66 seconds
			Test time: 17.43 seconds
		35 EPOCH BEST TEST AUC: 0.46693652868270874
			Train time: 71.72 seconds
			Test time: 17.64 seconds
		36 EPOCH BEST TEST AUC: 0.4880964756011963
			Train time: 71.70 seconds
			Test time: 17.47 seconds
		37 EPOCH BEST TEST AUC: 0.4880964756011963
			Train time: 71.43 seconds
			Test time: 17.44 seconds
		38 EPOCH BEST TEST AUC: 0.4880964756011963
			Train time: 72.03 seconds
			Test time: 17.29 seconds
		39 EPOCH BEST TEST AUC: 0.49761927127838135
			Train time: 71.84 seconds
			Test time: 17.58 seconds
		40 EPOCH BEST TEST AUC: 0.49761927127838135
			Train time: 71.43 seconds
			Test time: 17.61 seconds
		41 EPOCH BEST TEST AUC: 0.49761927127838135
			Train time: 71.58 seconds
			Test time: 17.51 seconds
		42 EPOCH BEST TEST AUC: 0.5114609003067017
			Train time: 72.03 seconds
			Test time: 17.46 seconds
		43 EPOCH BEST TEST AUC: 0.5114609003067017
			Train time: 71.74 seconds
			Test time: 17.82 seconds
		44 EPOCH BEST TEST AUC: 0.5209879875183105
			Train time: 71.59 seconds
			Test time: 17.93 seconds
		45 EPOCH BEST TEST AUC: 0.5209879875183105
			Train time: 71.90 seconds
			Test time: 17.61 seconds
		46 EPOCH BEST TEST AUC: 0.5209879875183105
			Train time: 71.87 seconds
			Test time: 18.26 seconds
		47 EPOCH BEST TEST AUC: 0.5209879875183105
			Train time: 72.74 seconds
			Test time: 18.38 seconds
		48 EPOCH BEST TEST AUC: 0.5209879875183105
			Train time: 71.28 seconds
			Test time: 17.01 seconds
		49 EPOCH BEST TEST AUC: 0.5290927886962891
			Train time: 69.99 seconds
			Test time: 16.95 seconds
		50 EPOCH BEST TEST AUC: 0.5387745499610901
			Train time: 73.60 seconds
			Test time: 19.48 seconds
		51 EPOCH BEST TEST AUC: 0.5605705380439758
			Train time: 75.03 seconds
			Test time: 19.78 seconds
		52 EPOCH BEST TEST AUC: 0.5620745420455933
			Train time: 71.78 seconds
			Test time: 17.73 seconds
		53 EPOCH BEST TEST AUC: 0.5643864870071411
			Train time: 73.32 seconds
			Test time: 19.40 seconds
		54 EPOCH BEST TEST AUC: 0.5643864870071411
			Train time: 77.45 seconds
			Test time: 17.94 seconds
		55 EPOCH BEST TEST AUC: 0.5643864870071411
			Train time: 73.51 seconds
			Test time: 18.02 seconds
		56 EPOCH BEST TEST AUC: 0.5671238899230957
			Train time: 74.67 seconds
			Test time: 19.25 seconds
		57 EPOCH BEST TEST AUC: 0.5672141313552856
			Train time: 73.86 seconds
			Test time: 17.60 seconds
		58 EPOCH BEST TEST AUC: 0.5672141313552856
			Train time: 73.63 seconds
			Test time: 18.61 seconds
		59 EPOCH BEST TEST AUC: 0.5672141313552856
			Train time: 76.22 seconds
			Test time: 17.79 seconds
		60 EPOCH BEST TEST AUC: 0.5672141313552856
			Train time: 73.05 seconds
			Test time: 18.19 seconds
		61 EPOCH BEST TEST AUC: 0.5676868557929993
			Train time: 75.04 seconds
			Test time: 19.01 seconds
		62 EPOCH BEST TEST AUC: 0.567914605140686
			Train time: 73.60 seconds
			Test time: 17.74 seconds
		63 EPOCH BEST TEST AUC: 0.5683099031448364
			Train time: 75.11 seconds
			Test time: 17.64 seconds
		64 EPOCH BEST TEST AUC: 0.5687267780303955
			Train time: 73.88 seconds
			Test time: 17.50 seconds
		65 EPOCH BEST TEST AUC: 0.5687267780303955
			Train time: 73.65 seconds
			Test time: 18.25 seconds
		66 EPOCH BEST TEST AUC: 0.5687267780303955
			Train time: 70.39 seconds
			Test time: 17.81 seconds
		67 EPOCH BEST TEST AUC: 0.5689502358436584
			Train time: 75.98 seconds
			Test time: 20.16 seconds
		68 EPOCH BEST TEST AUC: 0.5689502358436584
			Train time: 75.07 seconds
			Test time: 17.25 seconds
		69 EPOCH BEST TEST AUC: 0.5689502358436584
			Train time: 73.10 seconds
			Test time: 18.31 seconds
		70 EPOCH BEST TEST AUC: 0.5689502358436584
			Train time: 74.44 seconds
			Test time: 17.96 seconds
	Training time:         1:45:02
	Best train AUC: 0.8263213634490967
	Best test AUC: 0.5689502358436584

+------------------ Job Report: 4267083 (COMPLETED) -------------------+
| Memory (RAM)  [#####               ] 25.7% (1.3 GB peak / 5 GB)      |
| CPU           [############        ] 62.1% average                   |
| GPU           [######              ] 32.8% average                   |
| Time          [----------------->  ] 89.0% (0-01:46:50 / 0-02:00:00) |
|                                                                      |
| Lustre Filesystem:                                                   |
|   Path    Total Read    Total Write    Total IOPS                    |
|   ------  ------------  -------------  ------------                  |
|   /apps   72 MB         0 B            157                           |
|   /fred   30.9 GB       38.6 MB        3.6 K                         |
|   /home   0 B           0 B            4                             |
|   OS      61.8 MB       0 B            992                           |
|                                                                      |
| Warnings:                                                            |
|   - Too much memory requested                                        |
|   - CPU usage is low                                                 |
|   - GPU usage is low                                                 |
+----------------------------------------------------------------------+
