Mon Nov 24 11:01:03 AM AEDT 2025
Copying file: ./data/ucf101/aligned_data/ucf101_03_D1.npz to /var/tmp/jobfs/data
Dataset copied to JOBFS: ucf101_03_D1.npz
Data path: /var/tmp/jobfs/data/ucf101_03_D1.npz
Run name: infogcn2_ucf101_3_cnn_D1

Python script run command arguments:
python main.py -m infogcn2 -d ucf101 -p train -f cnn -e 3 -o 1.0 -r infogcn2_ucf101_3_cnn_D1 --desc infogcn2_train ucf101 3 cnn observation ratio 1.0, retraining model with mean and std norm --data_path_overwrite /var/tmp/jobfs/data/ucf101_03_D1.npz -v
### Libraries loaded
feeder: feeders.ucf101.Feeder
feeder_args:
  data_paths: {1: './data/ucf101/aligned_data/ucf101_01_D1.npz', 2: './data/ucf101/aligned_data/ucf101_02_D1.npz', 3: './data/ucf101/aligned_data/ucf101_03_D1.npz'}
  label_path: ./data/ucf101/statistics/ucf101_annotations.yaml
  p_interval: [0.5, 1]
  random_shift: True
  random_choose: True
  window_size: 64
  random_move: True
  random_rot: True
  average_flow: False
  absolute_flow: False
  no_flow: False
extractor:
  data_paths: {'rgb_path': '../Datasets/UCF-101/', 'pose_path': './data/ucf101/pose/', 'flow_path': './data/ucf101/flow/', 'flowpose_path': './data/ucf101/flowpose/'}
  preprocessed: True
  pose: {'weights': 'pretrained_models/yolo11x-pose.pt'}
  flow: {'weights': 'pretrained_models/raft_large.pt', 'imsize': [240, 320], 'minibatch_size': 16}
  flowpose: {'window_size': 5, 'threshold': 0.05, 'loop': False}
model: models.infogcn2.sode.SODE
model_args:
  num_class: 101
  num_point: 17
  num_person: 2
  graph: graph.yolo_pose.Graph
  pose_channels: 3
  flow_channels: 50
  embed_channels: 64
  num_head: 3
  ode_method: euler
  depth: 4
  device: 0
  T: 64
  n_step: 3
  SAGC_proj: True
  num_cls: 10
  n_sample: 1
  backbone: transformer
  cnn: True
ignore_weights: []
phase: train
optimiser: torch.optim.SGD
optim_params:
  lr: 0.1
  momentum: 0.9
  weight_decay: 0.0003
  nesterov: True
lambda_1: 1
lambda_2: 0.1
lambda_3: 0.001
lambda_4: 0.0
lambda_5: 0.0
scheduler: torch.optim.lr_scheduler.MultiStepLR
scheduler_params:
  milestones: [50, 60]
  gamma: 0.1
training_function: training.train_infogcn.train_network
testing_function: training.eval_infogcn.eval_network
num_epoch: 70
device: 0
batch_size: 256
forward_batch_size: 128
test_batch_size: 256
half: False
checkpoint_freq: 10
save_location: ./results/infogcn2/ucf101/
model_type: infogcn2
dataset: ucf101
flow_embedding: cnn
evaluation: 3
obs_ratio: 1.0
run_name: infogcn2_ucf101_3_cnn_D1
description: infogcn2_train ucf101 3 cnn observation ratio 1.0, retraining model with mean and std norm
data_path_overwrite: /var/tmp/jobfs/data/ucf101_03_D1.npz
verbose: True
debug: False
### Arguments loaded
	Output device: cuda:0
	Temporal encoder: transformer
	Model total number of params: 664762
	Loading weights from ./results/infogcn2/ucf101/3/train/infogcn2_ucf101_3_cnn_D1.pt
	Checkpoint file does not yet exist
		([Errno 2] No such file or directory: './results/infogcn2/ucf101/3/train/infogcn2_ucf101_3_cnn_D1.pt')
### Model created
	Loaded data using mmap mode
	Self.data assigned
	Self.labels assigned
	Assigned self.data to unique split (train)
	Using memory-mapped data - skipping NaN filtering to preserve memory efficiency
	Finished loading data!
### Dataloaders created
	Tracking:
		epoch
		train_time
		train_loss
		lr
		test_time
		test_loss
		train_ACC
		test_ACC
		train_AUC
		test_AUC
		train_cls_loss
		test_cls_loss
		train_feature_loss
		test_feature_loss
		train_recon_loss
		test_recon_loss
	Created new checkpoint file: ./results/infogcn2/ucf101/3/train/infogcn2_ucf101_3_cnn_D1.pt
		1 EPOCH BEST TRAIN AUC: 0.01062698196619749
			Train time: 82.73 seconds
		2 EPOCH BEST TRAIN AUC: 0.01571749523282051
			Train time: 68.89 seconds
		3 EPOCH BEST TRAIN AUC: 0.024869516491889954
			Train time: 70.54 seconds
		4 EPOCH BEST TRAIN AUC: 0.03323037922382355
			Train time: 68.06 seconds
		5 EPOCH BEST TRAIN AUC: 0.03591272607445717
			Train time: 66.75 seconds
		6 EPOCH BEST TRAIN AUC: 0.050436049699783325
			Train time: 65.92 seconds
		7 EPOCH BEST TRAIN AUC: 0.06431686878204346
			Train time: 66.40 seconds
		8 EPOCH BEST TRAIN AUC: 0.08231368660926819
			Train time: 65.28 seconds
		9 EPOCH BEST TRAIN AUC: 0.10472053289413452
			Train time: 65.48 seconds
		10 EPOCH BEST TRAIN AUC: 0.1261809766292572
			Train time: 66.41 seconds
		11 EPOCH BEST TRAIN AUC: 0.15333640575408936
			Train time: 66.83 seconds
		12 EPOCH BEST TRAIN AUC: 0.17666655778884888
			Train time: 73.53 seconds
		13 EPOCH BEST TRAIN AUC: 0.19662724435329437
			Train time: 76.91 seconds
		14 EPOCH BEST TRAIN AUC: 0.22684991359710693
			Train time: 77.31 seconds
		15 EPOCH BEST TRAIN AUC: 0.2443462610244751
			Train time: 74.09 seconds
		16 EPOCH BEST TRAIN AUC: 0.26801830530166626
			Train time: 73.30 seconds
		17 EPOCH BEST TRAIN AUC: 0.29375332593917847
			Train time: 74.20 seconds
		18 EPOCH BEST TRAIN AUC: 0.3227900564670563
			Train time: 74.52 seconds
		19 EPOCH BEST TRAIN AUC: 0.3523387908935547
			Train time: 75.07 seconds
		20 EPOCH BEST TRAIN AUC: 0.38276296854019165
			Train time: 74.29 seconds
		21 EPOCH BEST TRAIN AUC: 0.4112810492515564
			Train time: 73.75 seconds
		22 EPOCH BEST TRAIN AUC: 0.43230047821998596
			Train time: 76.85 seconds
		23 EPOCH BEST TRAIN AUC: 0.4516979455947876
			Train time: 77.90 seconds
		24 EPOCH BEST TRAIN AUC: 0.4795091152191162
			Train time: 77.14 seconds
		25 EPOCH BEST TRAIN AUC: 0.49794864654541016
			Train time: 74.84 seconds
		26 EPOCH BEST TRAIN AUC: 0.5171428918838501
			Train time: 73.33 seconds
		27 EPOCH BEST TRAIN AUC: 0.5351281762123108
			Train time: 75.97 seconds
		28 EPOCH BEST TRAIN AUC: 0.5495557188987732
			Train time: 77.50 seconds
		29 EPOCH BEST TRAIN AUC: 0.5646405816078186
			Train time: 76.21 seconds
		30 EPOCH BEST TRAIN AUC: 0.5771687030792236
			Train time: 74.17 seconds
		31 EPOCH BEST TRAIN AUC: 0.5897132754325867
			Train time: 73.92 seconds
		32 EPOCH BEST TRAIN AUC: 0.6019506454467773
			Train time: 75.78 seconds
		33 EPOCH BEST TRAIN AUC: 0.6129443049430847
			Train time: 77.22 seconds
		34 EPOCH BEST TRAIN AUC: 0.6234358549118042
			Train time: 78.71 seconds
		35 EPOCH BEST TRAIN AUC: 0.6329644918441772
			Train time: 78.12 seconds
		36 EPOCH BEST TRAIN AUC: 0.6443297863006592
			Train time: 75.75 seconds
		37 EPOCH BEST TRAIN AUC: 0.6567933559417725
			Train time: 73.74 seconds
		38 EPOCH BEST TRAIN AUC: 0.6651691198348999
			Train time: 76.29 seconds
		39 EPOCH BEST TRAIN AUC: 0.6727950572967529
			Train time: 77.69 seconds
		40 EPOCH BEST TRAIN AUC: 0.6800987720489502
			Train time: 75.70 seconds
		41 EPOCH BEST TRAIN AUC: 0.6915714144706726
			Train time: 73.84 seconds
		42 EPOCH BEST TRAIN AUC: 0.7035610675811768
			Train time: 75.35 seconds
		43 EPOCH BEST TRAIN AUC: 0.705120325088501
			Train time: 74.18 seconds
		44 EPOCH BEST TRAIN AUC: 0.7125479578971863
			Train time: 76.67 seconds
		45 EPOCH BEST TRAIN AUC: 0.7222846746444702
			Train time: 77.60 seconds
		46 EPOCH BEST TRAIN AUC: 0.7250149250030518
			Train time: 75.07 seconds
		47 EPOCH BEST TRAIN AUC: 0.7326308488845825
			Train time: 77.94 seconds
		48 EPOCH BEST TRAIN AUC: 0.7409603595733643
			Train time: 77.09 seconds
		49 EPOCH BEST TRAIN AUC: 0.7476298213005066
			Train time: 75.04 seconds
		50 EPOCH BEST TRAIN AUC: 0.7518466114997864
			Train time: 75.48 seconds
		51 EPOCH BEST TRAIN AUC: 0.7826985716819763
			Train time: 75.44 seconds
		52 EPOCH BEST TRAIN AUC: 0.7950482368469238
			Train time: 78.09 seconds
		53 EPOCH BEST TRAIN AUC: 0.7982277870178223
			Train time: 77.48 seconds
		54 EPOCH BEST TRAIN AUC: 0.8021456003189087
			Train time: 78.57 seconds
		55 EPOCH BEST TRAIN AUC: 0.8021456003189087
			Train time: 79.15 seconds
		56 EPOCH BEST TRAIN AUC: 0.8032637238502502
			Train time: 76.44 seconds
		57 EPOCH BEST TRAIN AUC: 0.8070197105407715
			Train time: 76.11 seconds
		58 EPOCH BEST TRAIN AUC: 0.8070197105407715
			Train time: 75.66 seconds
		59 EPOCH BEST TRAIN AUC: 0.8093007206916809
			Train time: 75.23 seconds
		60 EPOCH BEST TRAIN AUC: 0.8110151290893555
			Train time: 76.98 seconds
		61 EPOCH BEST TRAIN AUC: 0.8141252994537354
			Train time: 79.29 seconds
		62 EPOCH BEST TRAIN AUC: 0.8144804239273071
			Train time: 77.91 seconds
		63 EPOCH BEST TRAIN AUC: 0.8165615200996399
			Train time: 76.69 seconds
		64 EPOCH BEST TRAIN AUC: 0.8165615200996399
			Train time: 91.92 seconds
		65 EPOCH BEST TRAIN AUC: 0.8165615200996399
			Train time: 360.49 seconds
		66 EPOCH BEST TRAIN AUC: 0.8167283535003662
			Train time: 350.11 seconds
		67 EPOCH BEST TRAIN AUC: 0.8178763389587402
			Train time: 347.60 seconds
		68 EPOCH BEST TRAIN AUC: 0.8178763389587402
			Train time: 377.21 seconds
		69 EPOCH BEST TRAIN AUC: 0.8178763389587402
			Train time: 338.45 seconds
		70 EPOCH BEST TRAIN AUC: 0.8182330131530762
			Train time: 309.79 seconds
	Best train AUC: 0.8182330131530762

+-------------------- Job Report: 7160674 (FAILED) --------------------+
| Memory (RAM)  [###########         ] 57.2% (2.9 GB peak / 5 GB)      |
| CPU           [##########          ] 54.7% average                   |
| GPU           [####                ] 20.7% average                   |
| Time          [------------------->] 96.5% (0-01:55:50 / 0-02:00:00) |
|                                                                      |
| Lustre Filesystem:                                                   |
|   Path    Total Read    Total Write      Total IOPS                  |
|   ------  ------------  -------------  ------------                  |
|   /apps   4.6 MB        0 B                    248                   |
|   /fred   26.4 GB       35.5 MB                 70                   |
|   /home   0 B           0 B                      1                   |
|   OS      1.1 MB        0 B                      9                   |
|                                                                      |
| Warnings:                                                            |
|   - CPU usage is low                                                 |
|   - GPU usage is low                                                 |
+----------------------------------------------------------------------+
