Copying file: ./data/ntu120/aligned_data/ntu120_CSub-pose_aligned.npz to /var/tmp/jobfs/data
Dataset copied to JOBFS: ntu120_CSub-pose_aligned.npz
Data path: /var/tmp/jobfs/data/ntu120_CSub-pose_aligned.npz
Run name: ntu120_CSub_base_D1

### Libraries loaded
feeder: feeders.ntu_rgb_d.Feeder
feeder_args:
  data_paths: {'CSet': './data/ntu120/aligned_data/NTU120_CSet-pose_aligned.npz', 'CSub': './data/ntu120/aligned_data/NTU120_CSub-pose_aligned.npz'}
  label_path: ./data/ntu120/statistics/ntu_rgbd120-annotations.yaml
  p_interval: [0.5, 1]
  random_choose: True
  random_shift: True
  window_size: 64
  random_move: True
  random_rot: True
  average_flow: False
  absolute_flow: False
  no_flow: True
  no_Z: False
extractor:
  preprocessed: True
  pose: {'weights': 'pretrained_models/yolo11x-pose.pt'}
  flow: {'weights': 'pretrained_models/raft_large.pt', 'imsize': [1080, 1920], 'minibatch_size': 3}
  flowpose: {'window_size': 5, 'threshold': 0.05, 'loop': False, 'norm': False, 'match_pose': False, 'ntu': True, 'dilation': 3}
model: model.infogcn2.sode.SODE
model_args:
  num_class: 120
  num_point: 25
  num_person: 2
  graph: graph.ntu_rgb_d.Graph
  pose_channels: 3
  flow_channels: 0
  embed_channels: 64
  num_head: 3
  ode_method: euler
  depth: 4
  device: 0
  T: 64
  n_step: 3
  SAGC_proj: True
  num_cls: 10
  n_sample: 1
  backbone: transformer
  cnn: False
ignore_weights: []
phase: train
optim:
  base_lr: 0.1
  nesterov: True
  weight_decay: 0.0003
  step: [50, 60]
  gamma: 0.1
lambda_1: 1
lambda_2: 0.1
lambda_3: 0.001
lambda_4: 0.0
lambda_5: 0.0
num_epoch: 70
device: 0
batch_size: 256
forward_batch_size: 128
test_batch_size: 256
half: False
checkpoint_freq: 10
save_location: ./results/ntu120/
dataset: ntu120
model_type: base
evaluation: CSub
run_name: ntu120_CSub_base_D1
description: train ntu120 CSub base re-running dilation 1 for testing...
data_path_overwrite: /var/tmp/jobfs/data/ntu120_CSub-pose_aligned.npz
verbose: True
### Arguments loaded
	Output device: cuda:0
	Temporal encoder: transformer
	Model total number of params: 760139
	Loading weights from ./results/ntu120/CSub/train/ntu120_CSub_base_D1.pt
	Checkpoint file does not yet exist
		([Errno 2] No such file or directory: './results/ntu120/CSub/train/ntu120_CSub_base_D1.pt')
### Model created
	Loaded data using mmap mode
	Self.data assigned
	Self.labels assigned
	Assigned self.data to unique split (train)
	Using memory-mapped data - skipping NaN filtering to preserve memory efficiency
	Finished loading data!
	Loaded data using mmap mode
	Assigned self.data to unique split (test)
	Using memory-mapped data - skipping NaN filtering to preserve memory efficiency
	Finished loading data!
### Dataloaders created
	Tracking:
		epoch
		train_time
		train_loss
		lr
		test_time
		test_loss
		train_ACC
		test_ACC
		train_AUC
		test_AUC
		train_cls_loss
		test_cls_loss
		train_feature_loss
		test_feature_loss
		train_recon_loss
		test_recon_loss
	Created new checkpoint file: ./results/ntu120/CSub/train/ntu120_CSub_base_D1.pt
		1 EPOCH BEST TEST AUC: 0.012128637172281742
			Train time: 344.58 seconds
			Test time: 80.28 seconds
		2 EPOCH BEST TEST AUC: 0.024902908131480217
			Train time: 331.35 seconds
			Test time: 79.73 seconds
		3 EPOCH BEST TEST AUC: 0.06923802942037582
			Train time: 330.88 seconds
			Test time: 79.57 seconds
		4 EPOCH BEST TEST AUC: 0.1394064575433731
			Train time: 330.80 seconds
			Test time: 79.52 seconds
		5 EPOCH BEST TEST AUC: 0.1944614201784134
			Train time: 330.57 seconds
			Test time: 79.53 seconds
		6 EPOCH BEST TEST AUC: 0.230692058801651
			Train time: 330.76 seconds
			Test time: 79.70 seconds
		7 EPOCH BEST TEST AUC: 0.2917415201663971
			Train time: 330.83 seconds
			Test time: 79.62 seconds
		8 EPOCH BEST TEST AUC: 0.33559611439704895
			Train time: 330.64 seconds
			Test time: 79.47 seconds
		9 EPOCH BEST TEST AUC: 0.3537634313106537
			Train time: 330.76 seconds
			Test time: 79.53 seconds
		10 EPOCH BEST TEST AUC: 0.38137590885162354
			Train time: 330.56 seconds
			Test time: 79.26 seconds
		11 EPOCH BEST TEST AUC: 0.40445762872695923
			Train time: 330.71 seconds
			Test time: 79.58 seconds
		12 EPOCH BEST TEST AUC: 0.4272158741950989
			Train time: 330.65 seconds
			Test time: 79.59 seconds
		13 EPOCH BEST TEST AUC: 0.44238364696502686
			Train time: 332.51 seconds
			Test time: 82.57 seconds
		14 EPOCH BEST TEST AUC: 0.44238364696502686
			Train time: 336.68 seconds
			Test time: 82.35 seconds
		15 EPOCH BEST TEST AUC: 0.45330387353897095
			Train time: 333.00 seconds
			Test time: 82.62 seconds
		16 EPOCH BEST TEST AUC: 0.45330387353897095
			Train time: 331.01 seconds
			Test time: 79.51 seconds
		17 EPOCH BEST TEST AUC: 0.459947407245636
			Train time: 330.57 seconds
			Test time: 79.44 seconds
		18 EPOCH BEST TEST AUC: 0.4696303606033325
			Train time: 330.58 seconds
			Test time: 79.51 seconds
		19 EPOCH BEST TEST AUC: 0.47000932693481445
			Train time: 330.45 seconds
			Test time: 79.50 seconds
		20 EPOCH BEST TEST AUC: 0.47000932693481445
			Train time: 330.46 seconds
			Test time: 79.40 seconds
		21 EPOCH BEST TEST AUC: 0.47000932693481445
			Train time: 330.69 seconds
			Test time: 79.42 seconds
		22 EPOCH BEST TEST AUC: 0.4808230996131897
			Train time: 330.55 seconds
			Test time: 79.46 seconds
		23 EPOCH BEST TEST AUC: 0.4808230996131897
			Train time: 330.50 seconds
			Test time: 79.48 seconds
		24 EPOCH BEST TEST AUC: 0.494003027677536
			Train time: 330.67 seconds
			Test time: 79.46 seconds
		25 EPOCH BEST TEST AUC: 0.494003027677536
			Train time: 330.87 seconds
			Test time: 82.83 seconds
		26 EPOCH BEST TEST AUC: 0.494003027677536
			Train time: 333.09 seconds
			Test time: 83.07 seconds
		27 EPOCH BEST TEST AUC: 0.494003027677536
			Train time: 333.94 seconds
			Test time: 82.79 seconds
		28 EPOCH BEST TEST AUC: 0.494003027677536
			Train time: 332.59 seconds
			Test time: 80.16 seconds
		29 EPOCH BEST TEST AUC: 0.494003027677536
			Train time: 330.79 seconds
			Test time: 79.44 seconds
		30 EPOCH BEST TEST AUC: 0.494003027677536
			Train time: 330.63 seconds
			Test time: 79.49 seconds
		31 EPOCH BEST TEST AUC: 0.5058649778366089
			Train time: 330.54 seconds
			Test time: 79.40 seconds
		32 EPOCH BEST TEST AUC: 0.5058649778366089
			Train time: 330.65 seconds
			Test time: 79.51 seconds
		33 EPOCH BEST TEST AUC: 0.5058649778366089
			Train time: 330.62 seconds
			Test time: 79.50 seconds
		34 EPOCH BEST TEST AUC: 0.5058649778366089
			Train time: 330.56 seconds
			Test time: 79.55 seconds
		35 EPOCH BEST TEST AUC: 0.5058649778366089
			Train time: 330.71 seconds
			Test time: 79.39 seconds
		36 EPOCH BEST TEST AUC: 0.5079188346862793
			Train time: 330.64 seconds
			Test time: 79.48 seconds
		37 EPOCH BEST TEST AUC: 0.5079188346862793
			Train time: 330.77 seconds
			Test time: 79.56 seconds
		38 EPOCH BEST TEST AUC: 0.5093046426773071
			Train time: 330.79 seconds
			Test time: 79.46 seconds
		39 EPOCH BEST TEST AUC: 0.5093046426773071
			Train time: 330.68 seconds
			Test time: 79.52 seconds
		40 EPOCH BEST TEST AUC: 0.5135883688926697
			Train time: 330.66 seconds
			Test time: 79.48 seconds
		41 EPOCH BEST TEST AUC: 0.5135883688926697
			Train time: 330.59 seconds
			Test time: 79.47 seconds
		42 EPOCH BEST TEST AUC: 0.5135883688926697
			Train time: 330.53 seconds
			Test time: 79.51 seconds
		43 EPOCH BEST TEST AUC: 0.5135883688926697
			Train time: 330.51 seconds
			Test time: 79.58 seconds
		44 EPOCH BEST TEST AUC: 0.5135883688926697
			Train time: 330.60 seconds
			Test time: 79.48 seconds
		45 EPOCH BEST TEST AUC: 0.5135883688926697
			Train time: 330.51 seconds
			Test time: 79.48 seconds
		46 EPOCH BEST TEST AUC: 0.5173704028129578
			Train time: 330.66 seconds
			Test time: 79.47 seconds
		47 EPOCH BEST TEST AUC: 0.5173704028129578
			Train time: 330.69 seconds
			Test time: 79.40 seconds
		48 EPOCH BEST TEST AUC: 0.5204153656959534
			Train time: 330.62 seconds
			Test time: 79.53 seconds
		49 EPOCH BEST TEST AUC: 0.5204153656959534
			Train time: 330.53 seconds
			Test time: 79.44 seconds
		50 EPOCH BEST TEST AUC: 0.5204153656959534
			Train time: 330.51 seconds
			Test time: 79.47 seconds
		51 EPOCH BEST TEST AUC: 0.5515680909156799
			Train time: 330.79 seconds
			Test time: 79.64 seconds
		52 EPOCH BEST TEST AUC: 0.5515680909156799
			Train time: 330.64 seconds
			Test time: 79.63 seconds
		53 EPOCH BEST TEST AUC: 0.5515680909156799
			Train time: 330.71 seconds
			Test time: 79.55 seconds
		54 EPOCH BEST TEST AUC: 0.5515680909156799
			Train time: 330.81 seconds
			Test time: 79.53 seconds
		55 EPOCH BEST TEST AUC: 0.5515680909156799
			Train time: 330.67 seconds
			Test time: 79.53 seconds
		56 EPOCH BEST TEST AUC: 0.5546430945396423
			Train time: 330.80 seconds
			Test time: 79.57 seconds
		57 EPOCH BEST TEST AUC: 0.555100679397583
			Train time: 330.79 seconds
			Test time: 79.54 seconds
		58 EPOCH BEST TEST AUC: 0.555100679397583
			Train time: 330.56 seconds
			Test time: 79.61 seconds
		59 EPOCH BEST TEST AUC: 0.555100679397583
			Train time: 330.66 seconds
			Test time: 79.70 seconds
		60 EPOCH BEST TEST AUC: 0.555100679397583
			Train time: 330.78 seconds
			Test time: 79.56 seconds
		61 EPOCH BEST TEST AUC: 0.5554554462432861
			Train time: 330.95 seconds
			Test time: 79.38 seconds

+-------------------- Job Report: 4877089 (TIMEOUT) --------------------+
| Memory (RAM)  [#####               ] 28.3% (1.4 GB peak / 5 GB)       |
| CPU           [###############     ] 79.0% average                    |
| GPU           [################### ] 96.5% average                    |
| Time          [------------------->] 100.1% (0-07:00:16 / 0-07:00:00) |
|                                                                       |
| Lustre Filesystem:                                                    |
|   Path    Total Read    Total Write      Total IOPS                   |
|   ------  ------------  -------------  ------------                   |
|   /apps   18.9 MB       0 B                    232                    |
|   /fred   19.9 GB       43.4 MB                368                    |
|   OS      42.4 MB       0 B                     76                    |
|                                                                       |
| Warnings:                                                             |
|   - Too much memory requested                                         |
+-----------------------------------------------------------------------+
