Copying file: ./data/ntu120/aligned_data/ntu120_CSub-flowpose_D5_aligned.npz to /var/tmp/jobfs/data
Dataset copied to JOBFS: ntu120_CSub-flowpose_D5_aligned.npz
Data path: /var/tmp/jobfs/data/ntu120_CSub-flowpose_D5_aligned.npz
Run name: ntu120_CSub_abs_D5

### Libraries loaded
feeder: feeders.ntu_rgb_d.Feeder
feeder_args:
  data_paths: {'CSet': './data/ntu120/aligned_data/NTU120_CSet-flowpose_aligned.npz', 'CSub': './data/ntu120/aligned_data/NTU120_CSub-flowpose_aligned.npz'}
  label_path: ./data/ntu120/statistics/ntu_rgbd120-annotations.yaml
  p_interval: [0.5, 1]
  random_choose: True
  random_shift: True
  window_size: 64
  random_move: True
  random_rot: True
  average_flow: False
  absolute_flow: {'window_mean': True}
  no_flow: False
extractor:
  preprocessed: True
  pose: {'weights': 'pretrained_models/yolo11x-pose.pt'}
  flow: {'weights': 'pretrained_models/raft_large.pt', 'imsize': [1080, 1920], 'minibatch_size': 3}
  flowpose: {'window_size': 5, 'threshold': 0.05, 'loop': False, 'norm': False, 'match_pose': False, 'ntu': True, 'dilation': 3}
model: model.infogcn2.sode.SODE
model_args:
  num_class: 120
  num_point: 25
  num_person: 2
  graph: graph.ntu_rgb_d.Graph
  pose_channels: 3
  flow_channels: 1
  embed_channels: 64
  num_head: 3
  ode_method: euler
  depth: 4
  device: 0
  T: 64
  n_step: 3
  SAGC_proj: True
  num_cls: 10
  n_sample: 1
  backbone: transformer
  cnn: False
ignore_weights: []
phase: train
optim:
  base_lr: 0.1
  nesterov: True
  weight_decay: 0.0003
  step: [50, 60]
  gamma: 0.1
lambda_1: 1
lambda_2: 0.1
lambda_3: 0.001
lambda_4: 0.0
lambda_5: 0.0
num_epoch: 70
device: 0
batch_size: 256
forward_batch_size: 128
test_batch_size: 256
half: False
checkpoint_freq: 10
save_location: ./results/ntu120/
dataset: ntu120
model_type: abs
evaluation: CSub
run_name: ntu120_CSub_abs_D5
description: train ntu120 CSub abs with dilation 5 TESTING n_step = 4
data_path_overwrite: /var/tmp/jobfs/data/ntu120_CSub-flowpose_D5_aligned.npz
verbose: True
### Arguments loaded
	Output device: cuda:0
	Temporal encoder: transformer
	Model total number of params: 691211
	Loading weights from ./results/ntu120/CSub/train/ntu120_CSub_abs_D5.pt
	Checkpoint file does not yet exist
	([Errno 2] No such file or directory: './results/ntu120/CSub/train/ntu120_CSub_abs_D5.pt')
### Model created
	Loaded data using mmap mode
	Self.data assigned
	Self.labels assigned
	Assigned self.data to unique split (train)
	Using memory-mapped data - skipping NaN filtering to preserve memory efficiency
	Finished loading data!
	Loaded data using mmap mode
	Assigned self.data to unique split (test)
	Using memory-mapped data - skipping NaN filtering to preserve memory efficiency
	Finished loading data!
### Dataloaders created
	Tracking:
		epoch
		train_time
		train_loss
		lr
		test_time
		test_loss
		train_ACC
		test_ACC
		train_AUC
		test_AUC
		train_cls_loss
		test_cls_loss
		train_feature_loss
		test_feature_loss
		train_recon_loss
		test_recon_loss
	Created new checkpoint file: ./results/ntu120/CSub/train/ntu120_CSub_abs_D5.pt
		1 EPOCH BEST TEST AUC: 0.016674768179655075
			Train time: 641.43 seconds
			Test time: 348.97 seconds
		2 EPOCH BEST TEST AUC: 0.051943711936473846
			Train time: 646.67 seconds
			Test time: 350.03 seconds
		3 EPOCH BEST TEST AUC: 0.11849487572908401
			Train time: 650.57 seconds
			Test time: 351.25 seconds
		4 EPOCH BEST TEST AUC: 0.20998117327690125
			Train time: 641.07 seconds
			Test time: 355.46 seconds
		5 EPOCH BEST TEST AUC: 0.2693668305873871
			Train time: 641.95 seconds
			Test time: 353.46 seconds
		6 EPOCH BEST TEST AUC: 0.3412337303161621
			Train time: 642.22 seconds
			Test time: 354.41 seconds
		7 EPOCH BEST TEST AUC: 0.38973817229270935
			Train time: 642.81 seconds
			Test time: 352.58 seconds
		8 EPOCH BEST TEST AUC: 0.40052521228790283
			Train time: 643.71 seconds
			Test time: 353.82 seconds
		9 EPOCH BEST TEST AUC: 0.4688659906387329
			Train time: 647.47 seconds
			Test time: 353.58 seconds
		10 EPOCH BEST TEST AUC: 0.4688659906387329
			Train time: 639.20 seconds
			Test time: 355.30 seconds
		11 EPOCH BEST TEST AUC: 0.4898993670940399
			Train time: 642.67 seconds
			Test time: 355.74 seconds
		12 EPOCH BEST TEST AUC: 0.49681416153907776
			Train time: 641.55 seconds
			Test time: 355.23 seconds
		13 EPOCH BEST TEST AUC: 0.5138893723487854
			Train time: 640.66 seconds
			Test time: 354.22 seconds
		14 EPOCH BEST TEST AUC: 0.5156657695770264
			Train time: 726.32 seconds
			Test time: 358.81 seconds
		15 EPOCH BEST TEST AUC: 0.5241996049880981
			Train time: 651.75 seconds
			Test time: 360.13 seconds
		16 EPOCH BEST TEST AUC: 0.5277950763702393
			Train time: 652.70 seconds
			Test time: 358.19 seconds
		17 EPOCH BEST TEST AUC: 0.5290169715881348
			Train time: 652.88 seconds
			Test time: 360.94 seconds
		18 EPOCH BEST TEST AUC: 0.5398598313331604
			Train time: 647.51 seconds
			Test time: 361.37 seconds
		19 EPOCH BEST TEST AUC: 0.5398598313331604
			Train time: 653.51 seconds
			Test time: 359.19 seconds
		20 EPOCH BEST TEST AUC: 0.5487649440765381
			Train time: 645.69 seconds
			Test time: 358.65 seconds
		21 EPOCH BEST TEST AUC: 0.5487649440765381
			Train time: 645.03 seconds
			Test time: 358.96 seconds
		22 EPOCH BEST TEST AUC: 0.5487649440765381
			Train time: 646.63 seconds
			Test time: 359.81 seconds
		23 EPOCH BEST TEST AUC: 0.5487649440765381
			Train time: 640.83 seconds
			Test time: 322.43 seconds
		24 EPOCH BEST TEST AUC: 0.5506484508514404
			Train time: 590.98 seconds
			Test time: 323.06 seconds
		25 EPOCH BEST TEST AUC: 0.5520652532577515
			Train time: 601.94 seconds
			Test time: 328.52 seconds
		26 EPOCH BEST TEST AUC: 0.5520652532577515
			Train time: 604.92 seconds
			Test time: 328.42 seconds
		27 EPOCH BEST TEST AUC: 0.5520652532577515
			Train time: 575.16 seconds
			Test time: 318.83 seconds
		28 EPOCH BEST TEST AUC: 0.5604661107063293
			Train time: 582.50 seconds
			Test time: 327.85 seconds
		29 EPOCH BEST TEST AUC: 0.5604661107063293
			Train time: 593.55 seconds
			Test time: 327.41 seconds
		30 EPOCH BEST TEST AUC: 0.5649913549423218
			Train time: 598.61 seconds
			Test time: 327.86 seconds
		31 EPOCH BEST TEST AUC: 0.5659515261650085
			Train time: 599.84 seconds
			Test time: 327.21 seconds
		32 EPOCH BEST TEST AUC: 0.5659515261650085
			Train time: 595.43 seconds
			Test time: 328.51 seconds
		33 EPOCH BEST TEST AUC: 0.5659515261650085
			Train time: 606.37 seconds
			Test time: 323.95 seconds
		34 EPOCH BEST TEST AUC: 0.5659515261650085
			Train time: 603.53 seconds
			Test time: 329.91 seconds
		35 EPOCH BEST TEST AUC: 0.5670985579490662
			Train time: 605.63 seconds
			Test time: 320.69 seconds
		36 EPOCH BEST TEST AUC: 0.5670985579490662
			Train time: 787.11 seconds
			Test time: 468.66 seconds
		37 EPOCH BEST TEST AUC: 0.5747718811035156
			Train time: 835.93 seconds
			Test time: 448.93 seconds
		38 EPOCH BEST TEST AUC: 0.5747718811035156
			Train time: 801.22 seconds
			Test time: 465.12 seconds
		39 EPOCH BEST TEST AUC: 0.5747718811035156
			Train time: 701.73 seconds
			Test time: 318.90 seconds
		40 EPOCH BEST TEST AUC: 0.5787488222122192
			Train time: 591.02 seconds
			Test time: 345.15 seconds
		41 EPOCH BEST TEST AUC: 0.5787488222122192
			Train time: 694.73 seconds
			Test time: 384.03 seconds
		42 EPOCH BEST TEST AUC: 0.5787488222122192
			Train time: 760.26 seconds
			Test time: 432.27 seconds
		43 EPOCH BEST TEST AUC: 0.5787488222122192
			Train time: 758.68 seconds
			Test time: 400.86 seconds
		44 EPOCH BEST TEST AUC: 0.5813629627227783
			Train time: 710.14 seconds
			Test time: 368.94 seconds
		45 EPOCH BEST TEST AUC: 0.5813629627227783
			Train time: 584.35 seconds
			Test time: 321.49 seconds
		46 EPOCH BEST TEST AUC: 0.5813629627227783
			Train time: 587.11 seconds
			Test time: 322.86 seconds
		47 EPOCH BEST TEST AUC: 0.5813629627227783
			Train time: 599.18 seconds
			Test time: 330.50 seconds
		48 EPOCH BEST TEST AUC: 0.5813629627227783
			Train time: 599.70 seconds
			Test time: 324.44 seconds
		49 EPOCH BEST TEST AUC: 0.5813629627227783
			Train time: 601.41 seconds
			Test time: 328.55 seconds
		50 EPOCH BEST TEST AUC: 0.5813629627227783
			Train time: 601.13 seconds
			Test time: 328.80 seconds
		51 EPOCH BEST TEST AUC: 0.6144406199455261
			Train time: 597.85 seconds
			Test time: 328.32 seconds
		52 EPOCH BEST TEST AUC: 0.615447998046875
			Train time: 593.88 seconds
			Test time: 327.48 seconds
		53 EPOCH BEST TEST AUC: 0.615447998046875
			Train time: 608.99 seconds
			Test time: 329.61 seconds
		54 EPOCH BEST TEST AUC: 0.6154879331588745
			Train time: 610.55 seconds
			Test time: 328.96 seconds
		55 EPOCH BEST TEST AUC: 0.6154879331588745
			Train time: 594.81 seconds
			Test time: 323.30 seconds
		56 EPOCH BEST TEST AUC: 0.6154879331588745
			Train time: 594.17 seconds
			Test time: 325.79 seconds
		57 EPOCH BEST TEST AUC: 0.6154879331588745
			Train time: 596.52 seconds
			Test time: 325.64 seconds
		58 EPOCH BEST TEST AUC: 0.6154879331588745
			Train time: 632.94 seconds
			Test time: 335.14 seconds
		59 EPOCH BEST TEST AUC: 0.6157881021499634
			Train time: 597.55 seconds
			Test time: 603.09 seconds
		60 EPOCH BEST TEST AUC: 0.6169580817222595
			Train time: 1082.55 seconds
			Test time: 604.89 seconds
		61 EPOCH BEST TEST AUC: 0.6194506883621216
			Train time: 881.72 seconds
			Test time: 443.81 seconds
		62 EPOCH BEST TEST AUC: 0.6194506883621216
			Train time: 723.04 seconds
			Test time: 435.03 seconds
		63 EPOCH BEST TEST AUC: 0.6194506883621216
			Train time: 773.62 seconds
			Test time: 432.09 seconds
		64 EPOCH BEST TEST AUC: 0.6194506883621216
			Train time: 804.26 seconds
			Test time: 443.07 seconds
		65 EPOCH BEST TEST AUC: 0.6194506883621216
			Train time: 778.94 seconds
			Test time: 326.46 seconds
		66 EPOCH BEST TEST AUC: 0.6194506883621216
			Train time: 638.20 seconds
			Test time: 344.07 seconds
		67 EPOCH BEST TEST AUC: 0.6194506883621216
			Train time: 631.41 seconds
			Test time: 420.99 seconds
		68 EPOCH BEST TEST AUC: 0.6194506883621216
			Train time: 714.30 seconds
			Test time: 387.61 seconds
		69 EPOCH BEST TEST AUC: 0.6194506883621216
			Train time: 684.53 seconds
			Test time: 386.65 seconds
		70 EPOCH BEST TEST AUC: 0.6194506883621216
			Train time: 704.80 seconds
			Test time: 393.41 seconds
	Training time:         19:54:01
	Best train AUC: 0.7946608662605286
	Best test AUC: 0.6194506883621216

+------------------ Job Report: 4002307 (COMPLETED) -------------------+
| Memory (RAM)  [####                ] 22.1% (1.5 GB peak / 7 GB)      |
| CPU           [##########          ] 54.9% average                   |
| GPU           [#####               ] 29.8% average                   |
| Time          [------------------->] 95.7% (0-20:05:53 / 0-21:00:00) |
|                                                                      |
| Lustre Filesystem:                                                   |
|   Path    Total Read    Total Write    Total IOPS                    |
|   ------  ------------  -------------  ------------                  |
|   /apps   724.4 MB      0 B            83                            |
|   /fred   338.8 GB      40.2 MB        1.5 K                         |
|   /home   0 B           0 B            1                             |
|   OS      3.9 MB        0 B            54                            |
|                                                                      |
| Warnings:                                                            |
|   - Too much memory requested                                        |
|   - CPU usage is low                                                 |
|   - GPU usage is low                                                 |
+----------------------------------------------------------------------+
