Copying file: ./data/ntu120/aligned_data/ntu120_CSet-flowpose_D3_aligned.npz to /var/tmp/jobfs/data
Dataset copied to JOBFS: ntu120_CSet-flowpose_D3_aligned.npz
Data path: /var/tmp/jobfs/data/ntu120_CSet-flowpose_D3_aligned.npz
Run name: msg3d_ntu120_CSet_avg_D3

### Libraries loaded
feeder: feeders.ntu_rgb_d.Feeder
feeder_args:
  data_paths: {'CSet': './data/ntu120/aligned_data/ntu120_CSet-flowpose_D3_aligned.npz', 'CSub': './data/ntu120/aligned_data/ntu120_CSub-flowpose_D3_aligned.npz'}
  label_path: ./data/ntu/statistics/ntu_rgbd-annotations.yaml
  p_interval: [0.5, 1]
  random_choose: True
  random_shift: True
  window_size: 64
  random_move: True
  random_rot: True
  average_flow: True
  absolute_flow: False
  no_flow: False
  no_Z: False
extractor:
  preprocessed: True
  pose: {'weights': 'pretrained_models/yolo11x-pose.pt'}
  flow: {'weights': 'pretrained_models/raft_large.pt', 'imsize': [1080, 1920], 'minibatch_size': 3}
  flowpose: {'window_size': 5, 'threshold': 0.05, 'loop': False, 'norm': False, 'match_pose': False, 'ntu': True, 'dilation': 3}
model: models.msg3d.TEST_MODEL
model_args:
  num_class: 120
  num_point: 25
  num_person: 2
  num_gcn_scales: 2
  num_g3d_scales: 3
  graph: graph.ntu_rgb_d.Graph
  pose_channels: 3
  flow_channels: 2
  cnn: False
ignore_weights: []
phase: train
optim:
  base_lr: 0.05
  nesterov: True
  weight_decay: 0.0003
  step: [30, 50]
  gamma: 0.1
lambda_1: 1
trainer: training.train_msg3d.train_network
num_epoch: 60
device: 0
batch_size: 128
forward_batch_size: 128
test_batch_size: 128
half: False
checkpoint_freq: 10
save_location: ./results/msg3d/ntu120/
model_type: msg3d
dataset: ntu120
flow_embedding: avg
evaluation: CSet
run_name: msg3d_ntu120_CSet_avg_D3
description: msg3d_train ntu120 CSet avg dilation 3...
data_path_overwrite: /var/tmp/jobfs/data/ntu120_CSet-flowpose_D3_aligned.npz
verbose: True
### Arguments loaded
	Output device: cuda:0
	Model total number of params: 643854
	Loading weights from ./results/msg3d/ntu120/CSet/train/msg3d_ntu120_CSet_avg_D3.pt
	Checkpoint file does not yet exist
		([Errno 2] No such file or directory: './results/msg3d/ntu120/CSet/train/msg3d_ntu120_CSet_avg_D3.pt')
### Model created
	Loaded data using mmap mode
	Self.data assigned
	Self.labels assigned
	Assigned self.data to unique split (train)
	Using memory-mapped data - skipping NaN filtering to preserve memory efficiency
	Finished loading data!
	Loaded data using mmap mode
	Assigned self.data to unique split (test)
	Using memory-mapped data - skipping NaN filtering to preserve memory efficiency
	Finished loading data!
### Dataloaders created
	Tracking:
		epoch
		train_time
		train_loss
		lr
		test_time
		test_loss
		train_ACC
		test_ACC
		train_cls_loss
		test_cls_loss
	Created new checkpoint file: ./results/msg3d/ntu120/CSet/train/msg3d_ntu120_CSet_avg_D3.pt
		1 EPOCH BEST TEST ACC: 0.3904198110103607
			Train time: 492.19 seconds
			Test time: 369.63 seconds
		2 EPOCH BEST TEST ACC: 0.5608049631118774
			Train time: 503.93 seconds
			Test time: 375.41 seconds
		3 EPOCH BEST TEST ACC: 0.6220219135284424
			Train time: 507.87 seconds
			Test time: 376.12 seconds
		4 EPOCH BEST TEST ACC: 0.658943772315979
			Train time: 509.62 seconds
			Test time: 377.48 seconds
		5 EPOCH BEST TEST ACC: 0.6770516037940979
			Train time: 505.67 seconds
			Test time: 377.81 seconds
		6 EPOCH BEST TEST ACC: 0.6770516037940979
			Train time: 506.33 seconds
			Test time: 377.55 seconds
		7 EPOCH BEST TEST ACC: 0.7186979651451111
			Train time: 504.93 seconds
			Test time: 376.97 seconds
		8 EPOCH BEST TEST ACC: 0.7186979651451111
			Train time: 503.98 seconds
			Test time: 377.28 seconds
		9 EPOCH BEST TEST ACC: 0.7186979651451111
			Train time: 507.76 seconds
			Test time: 377.48 seconds
		10 EPOCH BEST TEST ACC: 0.7338802814483643
			Train time: 505.95 seconds
			Test time: 384.43 seconds
		11 EPOCH BEST TEST ACC: 0.7404878735542297
			Train time: 506.76 seconds
			Test time: 385.20 seconds
		12 EPOCH BEST TEST ACC: 0.7404878735542297
			Train time: 505.46 seconds
			Test time: 379.71 seconds
		13 EPOCH BEST TEST ACC: 0.7557879090309143
			Train time: 502.70 seconds
			Test time: 380.12 seconds
		14 EPOCH BEST TEST ACC: 0.7600752711296082
			Train time: 504.84 seconds
			Test time: 379.55 seconds
		15 EPOCH BEST TEST ACC: 0.7600752711296082
			Train time: 506.99 seconds
			Test time: 380.08 seconds
		16 EPOCH BEST TEST ACC: 0.7622946500778198
			Train time: 510.32 seconds
			Test time: 381.26 seconds
		17 EPOCH BEST TEST ACC: 0.7635051608085632
			Train time: 510.72 seconds
			Test time: 381.07 seconds
		18 EPOCH BEST TEST ACC: 0.7635051608085632
			Train time: 510.71 seconds
			Test time: 380.97 seconds
		19 EPOCH BEST TEST ACC: 0.7697260975837708
			Train time: 506.96 seconds
			Test time: 381.18 seconds
		20 EPOCH BEST TEST ACC: 0.7697260975837708
			Train time: 506.01 seconds
			Test time: 381.48 seconds
		21 EPOCH BEST TEST ACC: 0.7697260975837708
			Train time: 509.88 seconds
			Test time: 381.15 seconds
		22 EPOCH BEST TEST ACC: 0.7697260975837708
			Train time: 513.74 seconds
			Test time: 386.31 seconds
		23 EPOCH BEST TEST ACC: 0.7761487364768982
			Train time: 527.80 seconds
			Test time: 390.70 seconds
		24 EPOCH BEST TEST ACC: 0.7761487364768982
			Train time: 519.62 seconds
			Test time: 382.63 seconds
		25 EPOCH BEST TEST ACC: 0.7761487364768982
			Train time: 527.11 seconds
			Test time: 396.51 seconds
		26 EPOCH BEST TEST ACC: 0.7847906947135925
			Train time: 533.26 seconds
			Test time: 398.73 seconds
		27 EPOCH BEST TEST ACC: 0.7847906947135925
			Train time: 532.00 seconds
			Test time: 399.03 seconds
		28 EPOCH BEST TEST ACC: 0.7847906947135925
			Train time: 531.10 seconds
			Test time: 394.51 seconds
		29 EPOCH BEST TEST ACC: 0.7847906947135925
			Train time: 528.74 seconds
			Test time: 391.33 seconds
		30 EPOCH BEST TEST ACC: 0.7847906947135925
			Train time: 519.69 seconds
			Test time: 394.66 seconds
		31 EPOCH BEST TEST ACC: 0.8378868699073792
			Train time: 529.53 seconds
			Test time: 396.72 seconds
		32 EPOCH BEST TEST ACC: 0.838878870010376
			Train time: 518.10 seconds
			Test time: 389.69 seconds
		33 EPOCH BEST TEST ACC: 0.8410141468048096
			Train time: 522.05 seconds
			Test time: 389.43 seconds
		34 EPOCH BEST TEST ACC: 0.8416194319725037
			Train time: 522.15 seconds
			Test time: 391.66 seconds
		35 EPOCH BEST TEST ACC: 0.8416194319725037
			Train time: 521.82 seconds
			Test time: 387.99 seconds
		36 EPOCH BEST TEST ACC: 0.8416194319725037
			Train time: 511.25 seconds
			Test time: 385.55 seconds
		37 EPOCH BEST TEST ACC: 0.8416194319725037
			Train time: 509.00 seconds
			Test time: 391.56 seconds
		38 EPOCH BEST TEST ACC: 0.8416194319725037
			Train time: 568.23 seconds
			Test time: 421.18 seconds
		39 EPOCH BEST TEST ACC: 0.8416194319725037
			Train time: 566.71 seconds
			Test time: 423.10 seconds
		40 EPOCH BEST TEST ACC: 0.8416194319725037
			Train time: 565.45 seconds
			Test time: 426.52 seconds
		41 EPOCH BEST TEST ACC: 0.8416194319725037
			Train time: 563.50 seconds
			Test time: 432.91 seconds
		42 EPOCH BEST TEST ACC: 0.8419556617736816
			Train time: 567.52 seconds
			Test time: 433.41 seconds
		43 EPOCH BEST TEST ACC: 0.8419556617736816
			Train time: 567.01 seconds
			Test time: 430.62 seconds
		44 EPOCH BEST TEST ACC: 0.8419556617736816
			Train time: 564.81 seconds
			Test time: 431.09 seconds
		45 EPOCH BEST TEST ACC: 0.8419556617736816
			Train time: 566.85 seconds
			Test time: 430.07 seconds
		46 EPOCH BEST TEST ACC: 0.8419556617736816
			Train time: 547.31 seconds
			Test time: 382.70 seconds
		47 EPOCH BEST TEST ACC: 0.8419556617736816
			Train time: 508.27 seconds
			Test time: 388.29 seconds
		48 EPOCH BEST TEST ACC: 0.8419556617736816
			Train time: 504.44 seconds
			Test time: 386.35 seconds
		49 EPOCH BEST TEST ACC: 0.8419556617736816
			Train time: 506.17 seconds
			Test time: 387.07 seconds
		50 EPOCH BEST TEST ACC: 0.8419556617736816
			Train time: 510.57 seconds
			Test time: 386.31 seconds
		51 EPOCH BEST TEST ACC: 0.8425273299217224
			Train time: 506.47 seconds
			Test time: 385.01 seconds
		52 EPOCH BEST TEST ACC: 0.8438555598258972
			Train time: 502.88 seconds
			Test time: 382.04 seconds
		53 EPOCH BEST TEST ACC: 0.8438555598258972
			Train time: 501.86 seconds
			Test time: 383.00 seconds
		54 EPOCH BEST TEST ACC: 0.8438555598258972
			Train time: 513.58 seconds
			Test time: 381.90 seconds
		55 EPOCH BEST TEST ACC: 0.8438555598258972
			Train time: 513.63 seconds
			Test time: 383.27 seconds
		56 EPOCH BEST TEST ACC: 0.8438555598258972
			Train time: 509.19 seconds
			Test time: 378.21 seconds
		57 EPOCH BEST TEST ACC: 0.8438555598258972
			Train time: 505.17 seconds
			Test time: 380.93 seconds
		58 EPOCH BEST TEST ACC: 0.8438555598258972
			Train time: 507.89 seconds
			Test time: 381.38 seconds
		59 EPOCH BEST TEST ACC: 0.8438555598258972
			Train time: 503.49 seconds
			Test time: 379.48 seconds
		60 EPOCH BEST TEST ACC: 0.8438555598258972
			Train time: 495.09 seconds
			Test time: 376.88 seconds
	Best train ACC: 0.9759308099746704
	Best test ACC: 0.8438555598258972

+-------------------- Job Report: 5759329 (FAILED) --------------------+
| Memory (RAM)  [#############       ] 69.3% (11.8 GB peak / 17 GB)    |
| CPU           [##########          ] 52.4% average                   |
| GPU           [###                 ] 15.2% average                   |
| Time          [-------------->     ] 72.9% (0-15:18:51 / 0-21:00:00) |
|                                                                      |
| Lustre Filesystem:                                                   |
|   Path    Total Read    Total Write      Total IOPS                  |
|   ------  ------------  -------------  ------------                  |
|   /apps   16.3 MB       0 B                    177                   |
|   /fred   338.2 GB      26.4 MB                275                   |
|   /home   0 B           0 B                      1                   |
|   OS      1.8 MB        0 B                     34                   |
|                                                                      |
| Warnings:                                                            |
|   - CPU usage is low                                                 |
|   - GPU usage is low                                                 |
+----------------------------------------------------------------------+
