Concatenating ntu120 flowpose.
	DILATION: 1


Flow data samples: 2000
Flow data samples: 4000
Flow data samples: 6000
Flow data samples: 8000
Flow data samples: 10000
Flow data samples: 12000
Flow data samples: 14000
Flow data samples: 16000
Flow data samples: 18000
Flow data samples: 20000
Flow data samples: 22000
Flow data samples: 24000
Flow data samples: 26000
Flow data samples: 28000
Flow data samples: 30000
Flow data samples: 32000
Flow data samples: 34000
Flow data samples: 36000
Flow data samples: 38000
Flow data samples: 40000
Flow data samples: 42000
Flow data samples: 44000
Flow data samples: 46000
Flow data samples: 48000
Flow data samples: 50000
Flow data samples: 52000
Flow data samples: 54000
Flow data samples: 56000
Flow data samples: 57367
Saved flowpose file to: ./data/ntu120/flow_data/flow_data_D1.pkl

+------------------ Job Report: 4362541 (COMPLETED) -------------------+
| Memory (RAM)  [############        ] 64.5% (38.7 GB peak / 60 GB)    |
| CPU           [#                   ]  5.4% average                   |
| Time          [---->               ] 24.5% (0-00:02:27 / 0-00:10:00) |
|                                                                      |
| Lustre Filesystem:                                                   |
|   Path    Total Read    Total Write      Total IOPS                  |
|   ------  ------------  -------------  ------------                  |
|   /apps   4.3 MB        0 B                    256                   |
|   /fred   27.5 GB       27.9 GB                 70                   |
|   /home   0 B           0 B                      2                   |
|   OS      0 B           0 B                      1                   |
|                                                                      |
| Warnings:                                                            |
|   - CPU usage is low                                                 |
|   - Too much time requested                                          |
+----------------------------------------------------------------------+
