Copying file: ./data/ntu120/aligned_data/ntu120_CSet-pose_dilation3_aligned.npz to /var/tmp/jobfs/data
Dataset copied to JOBFS: ntu120_CSet-pose_dilation3_aligned.npz
Data path: /var/tmp/jobfs/data/ntu120_CSet-pose_dilation3_aligned.npz

### Libraries loaded
feeder: feeders.ntu_rgb_d.Feeder
feeder_args:
  data_paths: {'CSet': './data/ntu120/aligned_data/NTU120_CSet-pose_aligned.npz', 'CSub': './data/ntu120/aligned_data/NTU120_CSub-pose_aligned.npz'}
  label_path: ./data/ntu120/statistics/ntu_rgbd120-annotations.yaml
  p_interval: [0.5, 1]
  random_choose: True
  random_shift: True
  window_size: 64
  random_move: True
  random_rot: True
  average_flow: False
  absolute_flow: False
  no_flow: True
extractor:
  preprocessed: True
  pose: {'weights': 'pretrained_models/yolo11x-pose.pt'}
  flow: {'weights': 'pretrained_models/raft_large.pt', 'imsize': [1080, 1920], 'minibatch_size': 3}
  flowpose: {'window_size': 5, 'threshold': 0.05, 'loop': False, 'norm': False, 'match_pose': False, 'ntu': True, 'dilation': 3}
model: model.infogcn2.sode.SODE
model_args:
  num_class: 120
  num_point: 25
  num_person: 2
  graph: graph.ntu_rgb_d.Graph
  pose_channels: 3
  flow_channels: 0
  embed_channels: 64
  num_head: 3
  ode_method: euler
  depth: 4
  device: 0
  T: 64
  n_step: 3
  SAGC_proj: True
  num_cls: 10
  n_sample: 1
  backbone: transformer
  cnn: False
ignore_weights: []
phase: train
optim:
  base_lr: 0.1
  nesterov: True
  weight_decay: 0.0003
  step: [50, 60]
  gamma: 0.1
lambda_1: 1
lambda_2: 0.1
lambda_3: 0.001
lambda_4: 0.0
lambda_5: 0.0
num_epoch: 70
device: 0
batch_size: 256
forward_batch_size: 128
test_batch_size: 256
half: False
checkpoint_freq: 10
save_location: ./results/ntu120/
dataset: ntu120
model_type: base
evaluation: CSet
run_name: ntu120_CSet_base_D3
description: train ntu120 CSet base_D3 re-running to check that base model still performs as expected after the dilation3 extraction
data_path_overwrite: /var/tmp/jobfs/data/ntu120_CSet-pose_dilation3_aligned.npz
verbose: True
### Arguments loaded
	Output device: cuda:0
	Temporal encoder: transformer
	Model total number of params: 691147
	Loading weights from ./results/ntu120/CSet/train/ntu120_CSet_base_D3.pt
	Checkpoint file does not yet exist
	([Errno 2] No such file or directory: './results/ntu120/CSet/train/ntu120_CSet_base_D3.pt')
### Model created
	Loaded data using mmap mode
	Self.data assigned
	Self.labels assigned
	Assigned self.data to unique split (train)
	Using memory-mapped data - skipping NaN filtering to preserve memory efficiency
	Finished loading data!
	Loaded data using mmap mode
	Assigned self.data to unique split (test)
	Using memory-mapped data - skipping NaN filtering to preserve memory efficiency
	Finished loading data!
### Dataloaders created
	Tracking:
		epoch
		train_time
		train_loss
		lr
		test_time
		test_loss
		train_ACC
		test_ACC
		train_AUC
		test_AUC
		train_cls_loss
		test_cls_loss
		train_feature_loss
		test_feature_loss
		train_recon_loss
		test_recon_loss
	Created new checkpoint file: ./results/ntu120/CSet/train/ntu120_CSet_base_D3.pt
		1 EPOCH BEST TEST AUC: 0.00840661022812128
			Train time: 216.73 seconds
			Test time: 91.23 seconds
		2 EPOCH BEST TEST AUC: 0.00840661022812128
			Train time: 208.44 seconds
			Test time: 89.90 seconds
		3 EPOCH BEST TEST AUC: 0.00840661022812128
			Train time: 207.96 seconds
			Test time: 90.49 seconds
		4 EPOCH BEST TEST AUC: 0.00840661022812128
			Train time: 208.33 seconds
			Test time: 91.47 seconds
		5 EPOCH BEST TEST AUC: 0.00840661022812128
			Train time: 208.27 seconds
			Test time: 90.03 seconds
		6 EPOCH BEST TEST AUC: 0.00840661022812128
			Train time: 208.52 seconds
			Test time: 90.83 seconds
		7 EPOCH BEST TEST AUC: 0.00840661022812128
			Train time: 208.83 seconds
			Test time: 94.55 seconds
		8 EPOCH BEST TEST AUC: 0.00840661022812128
			Train time: 208.61 seconds
			Test time: 93.23 seconds
		9 EPOCH BEST TEST AUC: 0.00840661022812128
			Train time: 209.41 seconds
			Test time: 94.06 seconds
		10 EPOCH BEST TEST AUC: 0.00840661022812128
			Train time: 209.57 seconds
			Test time: 91.55 seconds
		11 EPOCH BEST TEST AUC: 0.00840661022812128
			Train time: 208.48 seconds
			Test time: 89.37 seconds
		12 EPOCH BEST TEST AUC: 0.00840661022812128
			Train time: 208.26 seconds
			Test time: 93.80 seconds
		13 EPOCH BEST TEST AUC: 0.00840661022812128
			Train time: 217.39 seconds
			Test time: 99.50 seconds
		14 EPOCH BEST TEST AUC: 0.00840661022812128
			Train time: 215.07 seconds
			Test time: 95.40 seconds
		15 EPOCH BEST TEST AUC: 0.00840661022812128
			Train time: 213.75 seconds
			Test time: 99.22 seconds
		16 EPOCH BEST TEST AUC: 0.00840661022812128
			Train time: 217.27 seconds
			Test time: 99.69 seconds
		17 EPOCH BEST TEST AUC: 0.00840661022812128
			Train time: 211.03 seconds
			Test time: 89.80 seconds
		18 EPOCH BEST TEST AUC: 0.00840661022812128
			Train time: 207.67 seconds
			Test time: 93.75 seconds
		19 EPOCH BEST TEST AUC: 0.00840661022812128
			Train time: 209.83 seconds
			Test time: 94.36 seconds
		20 EPOCH BEST TEST AUC: 0.00840661022812128
			Train time: 210.39 seconds
			Test time: 95.56 seconds
		21 EPOCH BEST TEST AUC: 0.00840661022812128
			Train time: 210.05 seconds
			Test time: 95.59 seconds
		22 EPOCH BEST TEST AUC: 0.00840661022812128
			Train time: 209.68 seconds
			Test time: 93.18 seconds
		23 EPOCH BEST TEST AUC: 0.00840661022812128
			Train time: 209.51 seconds
			Test time: 93.63 seconds
		24 EPOCH BEST TEST AUC: 0.00840661022812128
			Train time: 209.23 seconds
			Test time: 94.82 seconds
		25 EPOCH BEST TEST AUC: 0.00840661022812128
			Train time: 209.21 seconds
			Test time: 91.15 seconds
		26 EPOCH BEST TEST AUC: 0.00840661022812128
			Train time: 209.60 seconds
			Test time: 94.15 seconds
		27 EPOCH BEST TEST AUC: 0.00840661022812128
			Train time: 210.03 seconds
			Test time: 94.63 seconds
		28 EPOCH BEST TEST AUC: 0.00840661022812128
			Train time: 209.91 seconds
			Test time: 95.41 seconds
		29 EPOCH BEST TEST AUC: 0.00840661022812128
			Train time: 209.76 seconds
			Test time: 92.34 seconds
		30 EPOCH BEST TEST AUC: 0.00840661022812128
			Train time: 209.04 seconds
			Test time: 93.85 seconds
		31 EPOCH BEST TEST AUC: 0.00840661022812128
			Train time: 209.05 seconds
			Test time: 95.24 seconds
		32 EPOCH BEST TEST AUC: 0.00840661022812128
			Train time: 208.91 seconds
			Test time: 93.76 seconds
		33 EPOCH BEST TEST AUC: 0.00840661022812128
			Train time: 209.09 seconds
			Test time: 92.97 seconds
		34 EPOCH BEST TEST AUC: 0.00840661022812128
			Train time: 209.78 seconds
			Test time: 93.78 seconds
		35 EPOCH BEST TEST AUC: 0.00840661022812128
			Train time: 208.75 seconds
			Test time: 92.48 seconds
		36 EPOCH BEST TEST AUC: 0.00840661022812128
			Train time: 209.15 seconds
			Test time: 92.91 seconds
		37 EPOCH BEST TEST AUC: 0.00840661022812128
			Train time: 209.54 seconds
			Test time: 93.26 seconds
		38 EPOCH BEST TEST AUC: 0.00840661022812128
			Train time: 208.87 seconds
			Test time: 91.74 seconds
		39 EPOCH BEST TEST AUC: 0.00840661022812128
			Train time: 209.66 seconds
			Test time: 92.48 seconds
		40 EPOCH BEST TEST AUC: 0.00840661022812128
			Train time: 209.40 seconds
			Test time: 93.80 seconds
		41 EPOCH BEST TEST AUC: 0.00840661022812128
			Train time: 209.26 seconds
			Test time: 92.01 seconds
		42 EPOCH BEST TEST AUC: 0.00840661022812128
			Train time: 209.20 seconds
			Test time: 94.88 seconds
		43 EPOCH BEST TEST AUC: 0.00840661022812128
			Train time: 209.09 seconds
			Test time: 92.11 seconds
		44 EPOCH BEST TEST AUC: 0.00840661022812128
			Train time: 209.57 seconds
			Test time: 90.10 seconds
		45 EPOCH BEST TEST AUC: 0.00840661022812128
			Train time: 208.15 seconds
			Test time: 93.66 seconds
		46 EPOCH BEST TEST AUC: 0.00840661022812128
			Train time: 209.70 seconds
			Test time: 94.94 seconds
		47 EPOCH BEST TEST AUC: 0.00840661022812128
			Train time: 209.04 seconds
			Test time: 90.82 seconds
		48 EPOCH BEST TEST AUC: 0.00840661022812128
			Train time: 209.33 seconds
			Test time: 93.69 seconds
		49 EPOCH BEST TEST AUC: 0.00840661022812128
			Train time: 209.54 seconds
			Test time: 92.83 seconds
		50 EPOCH BEST TEST AUC: 0.00840661022812128
			Train time: 209.23 seconds
			Test time: 97.42 seconds
		51 EPOCH BEST TEST AUC: 0.00840661022812128
			Train time: 216.29 seconds
			Test time: 97.25 seconds
		52 EPOCH BEST TEST AUC: 0.00840661022812128
			Train time: 213.20 seconds
			Test time: 94.80 seconds
		53 EPOCH BEST TEST AUC: 0.00840661022812128
			Train time: 208.88 seconds
			Test time: 92.56 seconds
		54 EPOCH BEST TEST AUC: 0.00840661022812128
			Train time: 209.29 seconds
			Test time: 93.32 seconds
		55 EPOCH BEST TEST AUC: 0.00840661022812128
			Train time: 209.75 seconds
			Test time: 93.72 seconds
		56 EPOCH BEST TEST AUC: 0.00840661022812128
			Train time: 209.01 seconds
			Test time: 92.33 seconds
		57 EPOCH BEST TEST AUC: 0.00840661022812128
			Train time: 209.02 seconds
			Test time: 94.33 seconds
		58 EPOCH BEST TEST AUC: 0.00840661022812128
			Train time: 209.42 seconds
			Test time: 91.88 seconds
		59 EPOCH BEST TEST AUC: 0.00840661022812128
			Train time: 209.31 seconds
			Test time: 91.38 seconds
		60 EPOCH BEST TEST AUC: 0.00840661022812128
			Train time: 209.45 seconds
			Test time: 90.99 seconds
		61 EPOCH BEST TEST AUC: 0.00840661022812128
			Train time: 209.01 seconds
			Test time: 92.96 seconds
		62 EPOCH BEST TEST AUC: 0.00840661022812128
			Train time: 207.87 seconds
			Test time: 94.28 seconds
		63 EPOCH BEST TEST AUC: 0.00840661022812128
			Train time: 208.66 seconds
			Test time: 91.74 seconds
		64 EPOCH BEST TEST AUC: 0.00840661022812128
			Train time: 208.86 seconds
			Test time: 92.49 seconds
		65 EPOCH BEST TEST AUC: 0.00840661022812128
			Train time: 208.61 seconds
			Test time: 90.51 seconds
		66 EPOCH BEST TEST AUC: 0.00840661022812128
			Train time: 209.52 seconds
			Test time: 92.94 seconds
		67 EPOCH BEST TEST AUC: 0.00840661022812128
			Train time: 208.95 seconds
			Test time: 94.08 seconds
		68 EPOCH BEST TEST AUC: 0.00840661022812128
			Train time: 209.42 seconds
			Test time: 91.57 seconds
		69 EPOCH BEST TEST AUC: 0.00840661022812128
			Train time: 208.78 seconds
			Test time: 94.01 seconds
		70 EPOCH BEST TEST AUC: 0.00840661022812128
			Train time: 208.89 seconds
			Test time: 93.49 seconds
	Training time:         5:53:38
	Best train AUC: 0.008104529231786728
	Best test AUC: 0.00840661022812128

+------------------ Job Report: 3109804 (COMPLETED) -------------------+
| Memory (RAM)  [######              ] 30.4% (1.5 GB peak / 5 GB)      |
| CPU           [###############     ] 78.6% average                   |
| Time          [---------------->   ] 85.0% (0-05:56:59 / 0-07:00:00) |
|                                                                      |
| Lustre Filesystem:                                                   |
|   No data available                                                  |
|                                                                      |
| Warnings:                                                            |
|   - Too much memory requested                                        |
+----------------------------------------------------------------------+
