Copying file: ./data/ntu/aligned_data/ntu_CV-flowpose_D2_aligned.npz to /var/tmp/jobfs/data
Dataset copied to JOBFS: ntu_CV-flowpose_D2_aligned.npz
Data path: /var/tmp/jobfs/data/ntu_CV-flowpose_D2_aligned.npz
Run name: ntu_CV_abs_D2

### Libraries loaded
feeder: feeders.ntu_rgb_d.Feeder
feeder_args:
  data_paths: {'CS': './data/ntu/aligned_data/ntu_CS-flowpose_D3_aligned.npz', 'CV': './data/ntu/aligned_data/ntu_CV-flowpose_D3_aligned.npz'}
  label_path: ./data/ntu/statistics/ntu_rgbd-annotations.yaml
  p_interval: [0.5, 1]
  random_choose: True
  random_shift: True
  window_size: 64
  random_move: True
  random_rot: True
  average_flow: False
  absolute_flow: {'window_mean': True}
  no_flow: False
extractor:
  preprocessed: True
  pose: {'weights': 'pretrained_models/yolo11x-pose.pt'}
  flow: {'weights': 'pretrained_models/raft_large.pt', 'imsize': [1080, 1920], 'minibatch_size': 3}
  flowpose: {'window_size': 5, 'threshold': 0.05, 'loop': False, 'norm': False, 'match_pose': False, 'ntu': True, 'dilation': 1}
model: model.infogcn2.sode.SODE
model_args:
  num_class: 60
  num_point: 25
  num_person: 2
  graph: graph.ntu_rgb_d.Graph
  pose_channels: 3
  flow_channels: 1
  embed_channels: 64
  num_head: 3
  ode_method: euler
  depth: 4
  device: 0
  T: 64
  n_step: 3
  SAGC_proj: True
  num_cls: 10
  n_sample: 1
  backbone: transformer
  cnn: False
  use_mask: True
ignore_weights: []
phase: train
optim:
  base_lr: 0.1
  nesterov: True
  weight_decay: 0.0003
  step: [50, 60]
  gamma: 0.1
lambda_1: 1
lambda_2: 0.1
lambda_3: 0.001
lambda_4: 0.0
lambda_5: 0.0
num_epoch: 70
device: 0
batch_size: 256
forward_batch_size: 128
test_batch_size: 256
half: False
checkpoint_freq: 10
save_location: ./results/ntu/
dataset: ntu
model_type: abs
evaluation: CV
run_name: ntu_CV_abs_D2
description: train ntu CV abs with dilation 2 TESTING n_step = 4
data_path_overwrite: /var/tmp/jobfs/data/ntu_CV-flowpose_D2_aligned.npz
verbose: True
### Arguments loaded
	Output device: cuda:0
	Temporal encoder: transformer
	Model total number of params: 613811
	Loading weights from ./results/ntu/CV/train/ntu_CV_abs_D2.pt
	Checkpoint file does not yet exist
	([Errno 2] No such file or directory: './results/ntu/CV/train/ntu_CV_abs_D2.pt')
### Model created
	Loaded data using mmap mode
	Self.data assigned
	Self.labels assigned
	Assigned self.data to unique split (train)
	Using memory-mapped data - skipping NaN filtering to preserve memory efficiency
	Finished loading data!
	Loaded data using mmap mode
	Assigned self.data to unique split (test)
	Using memory-mapped data - skipping NaN filtering to preserve memory efficiency
	Finished loading data!
### Dataloaders created
	Tracking:
		epoch
		train_time
		train_loss
		lr
		test_time
		test_loss
		train_ACC
		test_ACC
		train_AUC
		test_AUC
		train_cls_loss
		test_cls_loss
		train_feature_loss
		test_feature_loss
		train_recon_loss
		test_recon_loss
	Created new checkpoint file: ./results/ntu/CV/train/ntu_CV_abs_D2.pt
		1 EPOCH BEST TEST AUC: 0.034192271530628204
			Train time: 368.91 seconds
			Test time: 122.46 seconds
		2 EPOCH BEST TEST AUC: 0.081852987408638
			Train time: 361.15 seconds
			Test time: 122.71 seconds
		3 EPOCH BEST TEST AUC: 0.190804585814476
			Train time: 361.74 seconds
			Test time: 122.95 seconds
		4 EPOCH BEST TEST AUC: 0.24537736177444458
			Train time: 361.99 seconds
			Test time: 122.79 seconds
		5 EPOCH BEST TEST AUC: 0.35803139209747314
			Train time: 362.84 seconds
			Test time: 122.72 seconds
		6 EPOCH BEST TEST AUC: 0.4137645959854126
			Train time: 362.97 seconds
			Test time: 123.29 seconds
		7 EPOCH BEST TEST AUC: 0.4830223023891449
			Train time: 362.56 seconds
			Test time: 122.88 seconds
		8 EPOCH BEST TEST AUC: 0.5206429958343506
			Train time: 363.65 seconds
			Test time: 123.31 seconds
		9 EPOCH BEST TEST AUC: 0.5325506925582886
			Train time: 365.49 seconds
			Test time: 123.28 seconds
		10 EPOCH BEST TEST AUC: 0.5707912445068359
			Train time: 366.03 seconds
			Test time: 123.82 seconds
		11 EPOCH BEST TEST AUC: 0.5751628875732422
			Train time: 364.43 seconds
			Test time: 123.32 seconds
		12 EPOCH BEST TEST AUC: 0.5848547220230103
			Train time: 365.66 seconds
			Test time: 123.02 seconds
		13 EPOCH BEST TEST AUC: 0.6120259761810303
			Train time: 365.86 seconds
			Test time: 123.23 seconds
		14 EPOCH BEST TEST AUC: 0.6238065958023071
			Train time: 362.98 seconds
			Test time: 122.95 seconds
		15 EPOCH BEST TEST AUC: 0.6254068613052368
			Train time: 363.63 seconds
			Test time: 122.85 seconds
		16 EPOCH BEST TEST AUC: 0.6338425278663635
			Train time: 363.31 seconds
			Test time: 123.09 seconds
		17 EPOCH BEST TEST AUC: 0.6338425278663635
			Train time: 363.58 seconds
			Test time: 123.11 seconds
		18 EPOCH BEST TEST AUC: 0.6338425278663635
			Train time: 365.32 seconds
			Test time: 122.86 seconds
		19 EPOCH BEST TEST AUC: 0.6384271383285522
			Train time: 362.99 seconds
			Test time: 123.14 seconds
		20 EPOCH BEST TEST AUC: 0.6639890670776367
			Train time: 364.34 seconds
			Test time: 122.88 seconds
		21 EPOCH BEST TEST AUC: 0.6687222719192505
			Train time: 363.78 seconds
			Test time: 122.84 seconds
		22 EPOCH BEST TEST AUC: 0.6687222719192505
			Train time: 364.15 seconds
			Test time: 123.66 seconds
		23 EPOCH BEST TEST AUC: 0.6804393529891968
			Train time: 363.37 seconds
			Test time: 124.00 seconds
		24 EPOCH BEST TEST AUC: 0.6804393529891968
			Train time: 366.43 seconds
			Test time: 124.12 seconds
		25 EPOCH BEST TEST AUC: 0.6804393529891968
			Train time: 366.59 seconds
			Test time: 123.72 seconds
		26 EPOCH BEST TEST AUC: 0.6804393529891968
			Train time: 363.53 seconds
			Test time: 123.52 seconds
		27 EPOCH BEST TEST AUC: 0.6804393529891968
			Train time: 365.25 seconds
			Test time: 124.17 seconds
		28 EPOCH BEST TEST AUC: 0.6842696666717529
			Train time: 367.56 seconds
			Test time: 123.41 seconds
		29 EPOCH BEST TEST AUC: 0.6842696666717529
			Train time: 364.32 seconds
			Test time: 123.75 seconds
		30 EPOCH BEST TEST AUC: 0.6842696666717529
			Train time: 364.15 seconds
			Test time: 123.63 seconds
		31 EPOCH BEST TEST AUC: 0.6932986974716187
			Train time: 364.96 seconds
			Test time: 124.74 seconds
		32 EPOCH BEST TEST AUC: 0.6932986974716187
			Train time: 365.58 seconds
			Test time: 123.51 seconds
		33 EPOCH BEST TEST AUC: 0.6978932619094849
			Train time: 362.64 seconds
			Test time: 123.83 seconds
		34 EPOCH BEST TEST AUC: 0.7000160217285156
			Train time: 362.59 seconds
			Test time: 124.56 seconds
		35 EPOCH BEST TEST AUC: 0.7000160217285156
			Train time: 364.17 seconds
			Test time: 124.79 seconds
		36 EPOCH BEST TEST AUC: 0.7000160217285156
			Train time: 363.33 seconds
			Test time: 123.34 seconds
		37 EPOCH BEST TEST AUC: 0.7000160217285156
			Train time: 362.72 seconds
			Test time: 123.40 seconds
		38 EPOCH BEST TEST AUC: 0.7033313512802124
			Train time: 362.17 seconds
			Test time: 123.47 seconds
		39 EPOCH BEST TEST AUC: 0.7033313512802124
			Train time: 363.43 seconds
			Test time: 123.61 seconds
		40 EPOCH BEST TEST AUC: 0.7033313512802124
			Train time: 369.66 seconds
			Test time: 127.37 seconds
		41 EPOCH BEST TEST AUC: 0.7033313512802124
			Train time: 366.72 seconds
			Test time: 125.00 seconds
		42 EPOCH BEST TEST AUC: 0.7033313512802124
			Train time: 365.47 seconds
			Test time: 123.73 seconds
		43 EPOCH BEST TEST AUC: 0.7033313512802124
			Train time: 365.73 seconds
			Test time: 129.12 seconds
		44 EPOCH BEST TEST AUC: 0.7033313512802124
			Train time: 374.13 seconds
			Test time: 125.47 seconds
		45 EPOCH BEST TEST AUC: 0.7057305574417114
			Train time: 367.22 seconds
			Test time: 125.11 seconds
		46 EPOCH BEST TEST AUC: 0.7057305574417114
			Train time: 367.47 seconds
			Test time: 124.79 seconds
		47 EPOCH BEST TEST AUC: 0.7057305574417114
			Train time: 371.07 seconds
			Test time: 128.74 seconds
		48 EPOCH BEST TEST AUC: 0.7057305574417114
			Train time: 385.25 seconds
			Test time: 128.06 seconds
		49 EPOCH BEST TEST AUC: 0.7141595482826233
			Train time: 368.91 seconds
			Test time: 127.32 seconds
		50 EPOCH BEST TEST AUC: 0.7141595482826233
			Train time: 367.37 seconds
			Test time: 129.28 seconds
		51 EPOCH BEST TEST AUC: 0.7462893724441528
			Train time: 367.65 seconds
			Test time: 124.37 seconds
		52 EPOCH BEST TEST AUC: 0.7473614811897278
			Train time: 365.68 seconds
			Test time: 124.42 seconds
		53 EPOCH BEST TEST AUC: 0.7492638826370239
			Train time: 368.19 seconds
			Test time: 124.64 seconds
		54 EPOCH BEST TEST AUC: 0.7492638826370239
			Train time: 368.73 seconds
			Test time: 124.46 seconds
		55 EPOCH BEST TEST AUC: 0.7505975365638733
			Train time: 366.55 seconds
			Test time: 124.83 seconds
		56 EPOCH BEST TEST AUC: 0.7505975365638733
			Train time: 368.43 seconds
			Test time: 124.87 seconds
		57 EPOCH BEST TEST AUC: 0.7505975365638733
			Train time: 368.38 seconds
			Test time: 125.24 seconds
		58 EPOCH BEST TEST AUC: 0.7507890462875366
			Train time: 366.23 seconds
			Test time: 126.90 seconds
		59 EPOCH BEST TEST AUC: 0.7507890462875366
			Train time: 369.71 seconds
			Test time: 125.61 seconds
		60 EPOCH BEST TEST AUC: 0.7507890462875366
			Train time: 366.35 seconds
			Test time: 124.59 seconds
		61 EPOCH BEST TEST AUC: 0.7514228820800781
			Train time: 368.54 seconds
			Test time: 131.55 seconds
		62 EPOCH BEST TEST AUC: 0.7520607709884644
			Train time: 395.59 seconds
			Test time: 135.22 seconds
		63 EPOCH BEST TEST AUC: 0.7520607709884644
			Train time: 398.38 seconds
			Test time: 135.27 seconds
		64 EPOCH BEST TEST AUC: 0.752173900604248
			Train time: 395.66 seconds
			Test time: 135.27 seconds
		65 EPOCH BEST TEST AUC: 0.752173900604248
			Train time: 395.31 seconds
			Test time: 136.23 seconds
		66 EPOCH BEST TEST AUC: 0.752173900604248
			Train time: 395.65 seconds
			Test time: 135.14 seconds
		67 EPOCH BEST TEST AUC: 0.752173900604248
			Train time: 395.71 seconds
			Test time: 135.08 seconds
		68 EPOCH BEST TEST AUC: 0.752173900604248
			Train time: 396.26 seconds
			Test time: 135.13 seconds
		69 EPOCH BEST TEST AUC: 0.752173900604248
			Train time: 394.91 seconds
			Test time: 135.94 seconds
		70 EPOCH BEST TEST AUC: 0.752173900604248
			Train time: 382.79 seconds
			Test time: 124.66 seconds
	Training time:         9:37:40
	Best train AUC: 0.8265498876571655
	Best test AUC: 0.752173900604248

+------------------ Job Report: 3690705 (COMPLETED) -------------------+
| Memory (RAM)  [######              ] 30.7% (1.5 GB peak / 5 GB)      |
| CPU           [###########         ] 57.4% average                   |
| GPU           [#####               ] 28.3% average                   |
| Time          [---------------->   ] 81.0% (0-09:43:08 / 0-12:00:00) |
|                                                                      |
| Lustre Filesystem:                                                   |
|   Path    Total Read    Total Write      Total IOPS                  |
|   ------  ------------  -------------  ------------                  |
|   /apps   13.2 MB       0 B                    199                   |
|   /fred   171.7 GB      36.5 MB                318                   |
|   /home   0 B           0 B                      3                   |
|   OS      3.9 MB        0 B                    150                   |
|                                                                      |
| Warnings:                                                            |
|   - Too much memory requested                                        |
|   - CPU usage is low                                                 |
|   - GPU usage is low                                                 |
+----------------------------------------------------------------------+
