Copying file: ./data/ntu/aligned_data/ntu_CV-flowpose_D4_aligned.npz to /var/tmp/jobfs/data
Dataset copied to JOBFS: ntu_CV-flowpose_D4_aligned.npz
Data path: /var/tmp/jobfs/data/ntu_CV-flowpose_D4_aligned.npz
Run name: ntu_CV_abs_D4

### Libraries loaded
feeder: feeders.ntu_rgb_d.Feeder
feeder_args:
  data_paths: {'CS': './data/ntu/aligned_data/ntu_CS-flowpose_D3_aligned.npz', 'CV': './data/ntu/aligned_data/ntu_CV-flowpose_D3_aligned.npz'}
  label_path: ./data/ntu/statistics/ntu_rgbd-annotations.yaml
  p_interval: [0.5, 1]
  random_choose: True
  random_shift: True
  window_size: 64
  random_move: True
  random_rot: True
  average_flow: False
  absolute_flow: {'window_mean': True}
  no_flow: False
extractor:
  preprocessed: True
  pose: {'weights': 'pretrained_models/yolo11x-pose.pt'}
  flow: {'weights': 'pretrained_models/raft_large.pt', 'imsize': [1080, 1920], 'minibatch_size': 3}
  flowpose: {'window_size': 5, 'threshold': 0.05, 'loop': False, 'norm': False, 'match_pose': False, 'ntu': True, 'dilation': 1}
model: model.infogcn2.sode.SODE
model_args:
  num_class: 60
  num_point: 25
  num_person: 2
  graph: graph.ntu_rgb_d.Graph
  pose_channels: 3
  flow_channels: 1
  embed_channels: 64
  num_head: 3
  ode_method: euler
  depth: 4
  device: 0
  T: 64
  n_step: 3
  SAGC_proj: True
  num_cls: 10
  n_sample: 1
  backbone: transformer
  cnn: False
  use_mask: True
ignore_weights: []
phase: train
optim:
  base_lr: 0.1
  nesterov: True
  weight_decay: 0.0003
  step: [50, 60]
  gamma: 0.1
lambda_1: 1
lambda_2: 0.1
lambda_3: 0.001
lambda_4: 0.0
lambda_5: 0.0
num_epoch: 70
device: 0
batch_size: 256
forward_batch_size: 128
test_batch_size: 256
half: False
checkpoint_freq: 10
save_location: ./results/ntu/
dataset: ntu
model_type: abs
evaluation: CV
run_name: ntu_CV_abs_D4
description: train ntu CV abs with dilation 4 TESTING n_step = 4
data_path_overwrite: /var/tmp/jobfs/data/ntu_CV-flowpose_D4_aligned.npz
verbose: True
### Arguments loaded
	Output device: cuda:0
	Temporal encoder: transformer
	Model total number of params: 613811
	Loading weights from ./results/ntu/CV/train/ntu_CV_abs_D4.pt
	Checkpoint file does not yet exist
	([Errno 2] No such file or directory: './results/ntu/CV/train/ntu_CV_abs_D4.pt')
### Model created
	Loaded data using mmap mode
	Self.data assigned
	Self.labels assigned
	Assigned self.data to unique split (train)
	Using memory-mapped data - skipping NaN filtering to preserve memory efficiency
	Finished loading data!
	Loaded data using mmap mode
	Assigned self.data to unique split (test)
	Using memory-mapped data - skipping NaN filtering to preserve memory efficiency
	Finished loading data!
### Dataloaders created
	Tracking:
		epoch
		train_time
		train_loss
		lr
		test_time
		test_loss
		train_ACC
		test_ACC
		train_AUC
		test_AUC
		train_cls_loss
		test_cls_loss
		train_feature_loss
		test_feature_loss
		train_recon_loss
		test_recon_loss
	Created new checkpoint file: ./results/ntu/CV/train/ntu_CV_abs_D4.pt
		1 EPOCH BEST TEST AUC: 0.03385554254055023
			Train time: 366.05 seconds
			Test time: 122.36 seconds
		2 EPOCH BEST TEST AUC: 0.08155504614114761
			Train time: 363.19 seconds
			Test time: 122.04 seconds
		3 EPOCH BEST TEST AUC: 0.13872593641281128
			Train time: 361.11 seconds
			Test time: 123.24 seconds
		4 EPOCH BEST TEST AUC: 0.20463617146015167
			Train time: 361.62 seconds
			Test time: 122.19 seconds
		5 EPOCH BEST TEST AUC: 0.3418055474758148
			Train time: 362.48 seconds
			Test time: 123.60 seconds
		6 EPOCH BEST TEST AUC: 0.37573951482772827
			Train time: 357.58 seconds
			Test time: 120.04 seconds
		7 EPOCH BEST TEST AUC: 0.4458142817020416
			Train time: 354.82 seconds
			Test time: 119.47 seconds
		8 EPOCH BEST TEST AUC: 0.4828762114048004
			Train time: 353.87 seconds
			Test time: 119.80 seconds
		9 EPOCH BEST TEST AUC: 0.5242958068847656
			Train time: 352.12 seconds
			Test time: 119.03 seconds
		10 EPOCH BEST TEST AUC: 0.5242958068847656
			Train time: 352.39 seconds
			Test time: 118.66 seconds
		11 EPOCH BEST TEST AUC: 0.559320867061615
			Train time: 353.20 seconds
			Test time: 118.97 seconds
		12 EPOCH BEST TEST AUC: 0.5894739627838135
			Train time: 352.54 seconds
			Test time: 120.96 seconds
		13 EPOCH BEST TEST AUC: 0.6042877435684204
			Train time: 362.82 seconds
			Test time: 126.83 seconds
		14 EPOCH BEST TEST AUC: 0.6042877435684204
			Train time: 368.92 seconds
			Test time: 130.00 seconds
		15 EPOCH BEST TEST AUC: 0.6061405539512634
			Train time: 376.31 seconds
			Test time: 128.67 seconds
		16 EPOCH BEST TEST AUC: 0.6149252653121948
			Train time: 358.31 seconds
			Test time: 120.96 seconds
		17 EPOCH BEST TEST AUC: 0.6386046409606934
			Train time: 360.14 seconds
			Test time: 119.89 seconds
		18 EPOCH BEST TEST AUC: 0.6432503461837769
			Train time: 354.00 seconds
			Test time: 119.68 seconds
		19 EPOCH BEST TEST AUC: 0.6432503461837769
			Train time: 354.41 seconds
			Test time: 119.95 seconds
		20 EPOCH BEST TEST AUC: 0.6609832048416138
			Train time: 355.69 seconds
			Test time: 122.23 seconds
		21 EPOCH BEST TEST AUC: 0.6609832048416138
			Train time: 364.94 seconds
			Test time: 120.67 seconds
		22 EPOCH BEST TEST AUC: 0.6634352803230286
			Train time: 357.29 seconds
			Test time: 123.65 seconds
		23 EPOCH BEST TEST AUC: 0.6821164488792419
			Train time: 367.83 seconds
			Test time: 124.33 seconds
		24 EPOCH BEST TEST AUC: 0.6821164488792419
			Train time: 364.65 seconds
			Test time: 123.28 seconds
		25 EPOCH BEST TEST AUC: 0.6821164488792419
			Train time: 366.85 seconds
			Test time: 123.19 seconds
		26 EPOCH BEST TEST AUC: 0.682348370552063
			Train time: 365.19 seconds
			Test time: 123.94 seconds
		27 EPOCH BEST TEST AUC: 0.682348370552063
			Train time: 360.21 seconds
			Test time: 119.78 seconds
		28 EPOCH BEST TEST AUC: 0.682348370552063
			Train time: 352.36 seconds
			Test time: 119.85 seconds
		29 EPOCH BEST TEST AUC: 0.6845362186431885
			Train time: 351.21 seconds
			Test time: 119.41 seconds
		30 EPOCH BEST TEST AUC: 0.6913576126098633
			Train time: 354.65 seconds
			Test time: 119.84 seconds
		31 EPOCH BEST TEST AUC: 0.6913576126098633
			Train time: 353.11 seconds
			Test time: 119.62 seconds
		32 EPOCH BEST TEST AUC: 0.6945400238037109
			Train time: 352.40 seconds
			Test time: 119.36 seconds
		33 EPOCH BEST TEST AUC: 0.6948214769363403
			Train time: 352.46 seconds
			Test time: 119.48 seconds
		34 EPOCH BEST TEST AUC: 0.6948214769363403
			Train time: 351.47 seconds
			Test time: 119.56 seconds
		35 EPOCH BEST TEST AUC: 0.6948214769363403
			Train time: 351.28 seconds
			Test time: 119.41 seconds
		36 EPOCH BEST TEST AUC: 0.6948214769363403
			Train time: 349.60 seconds
			Test time: 119.58 seconds
		37 EPOCH BEST TEST AUC: 0.6948214769363403
			Train time: 350.63 seconds
			Test time: 119.73 seconds
		38 EPOCH BEST TEST AUC: 0.6991602182388306
			Train time: 352.84 seconds
			Test time: 119.69 seconds
		39 EPOCH BEST TEST AUC: 0.7085292339324951
			Train time: 353.52 seconds
			Test time: 119.60 seconds
		40 EPOCH BEST TEST AUC: 0.7085292339324951
			Train time: 352.66 seconds
			Test time: 119.64 seconds
		41 EPOCH BEST TEST AUC: 0.7085292339324951
			Train time: 353.33 seconds
			Test time: 119.44 seconds
		42 EPOCH BEST TEST AUC: 0.7085292339324951
			Train time: 350.22 seconds
			Test time: 119.59 seconds
		43 EPOCH BEST TEST AUC: 0.7085292339324951
			Train time: 350.60 seconds
			Test time: 119.85 seconds
		44 EPOCH BEST TEST AUC: 0.7085292339324951
			Train time: 350.85 seconds
			Test time: 119.83 seconds
		45 EPOCH BEST TEST AUC: 0.7129290103912354
			Train time: 351.34 seconds
			Test time: 120.43 seconds
		46 EPOCH BEST TEST AUC: 0.7129290103912354
			Train time: 350.45 seconds
			Test time: 119.45 seconds
		47 EPOCH BEST TEST AUC: 0.7129290103912354
			Train time: 349.89 seconds
			Test time: 119.61 seconds
		48 EPOCH BEST TEST AUC: 0.7129290103912354
			Train time: 348.67 seconds
			Test time: 119.55 seconds
		49 EPOCH BEST TEST AUC: 0.7129290103912354
			Train time: 348.59 seconds
			Test time: 119.56 seconds
		50 EPOCH BEST TEST AUC: 0.7129290103912354
			Train time: 350.50 seconds
			Test time: 120.27 seconds
		51 EPOCH BEST TEST AUC: 0.7434477806091309
			Train time: 353.09 seconds
			Test time: 121.56 seconds
		52 EPOCH BEST TEST AUC: 0.7457504272460938
			Train time: 354.68 seconds
			Test time: 119.76 seconds
		53 EPOCH BEST TEST AUC: 0.7457504272460938
			Train time: 355.46 seconds
			Test time: 119.59 seconds
		54 EPOCH BEST TEST AUC: 0.7479912042617798
			Train time: 352.97 seconds
			Test time: 119.81 seconds
		55 EPOCH BEST TEST AUC: 0.7479912042617798
			Train time: 352.49 seconds
			Test time: 119.63 seconds
		56 EPOCH BEST TEST AUC: 0.7482247352600098
			Train time: 350.92 seconds
			Test time: 119.65 seconds
		57 EPOCH BEST TEST AUC: 0.7482247352600098
			Train time: 352.80 seconds
			Test time: 119.81 seconds
		58 EPOCH BEST TEST AUC: 0.7482247352600098
			Train time: 357.28 seconds
			Test time: 119.53 seconds
		59 EPOCH BEST TEST AUC: 0.7482247352600098
			Train time: 355.53 seconds
			Test time: 119.52 seconds
		60 EPOCH BEST TEST AUC: 0.7492234110832214
			Train time: 351.36 seconds
			Test time: 119.54 seconds
		61 EPOCH BEST TEST AUC: 0.7507807612419128
			Train time: 351.65 seconds
			Test time: 119.80 seconds
		62 EPOCH BEST TEST AUC: 0.7507807612419128
			Train time: 350.58 seconds
			Test time: 119.53 seconds
		63 EPOCH BEST TEST AUC: 0.7507807612419128
			Train time: 348.69 seconds
			Test time: 119.55 seconds
		64 EPOCH BEST TEST AUC: 0.7507807612419128
			Train time: 348.66 seconds
			Test time: 119.62 seconds
		65 EPOCH BEST TEST AUC: 0.7507807612419128
			Train time: 349.01 seconds
			Test time: 119.57 seconds
		66 EPOCH BEST TEST AUC: 0.7507807612419128
			Train time: 348.72 seconds
			Test time: 119.59 seconds
		67 EPOCH BEST TEST AUC: 0.7507807612419128
			Train time: 348.84 seconds
			Test time: 120.33 seconds
		68 EPOCH BEST TEST AUC: 0.7507807612419128
			Train time: 350.57 seconds
			Test time: 120.53 seconds
		69 EPOCH BEST TEST AUC: 0.7507807612419128
			Train time: 350.23 seconds
			Test time: 120.35 seconds
		70 EPOCH BEST TEST AUC: 0.7507807612419128
			Train time: 350.58 seconds
			Test time: 120.62 seconds
	Training time:         9:14:52
	Best train AUC: 0.8221536874771118
	Best test AUC: 0.7507807612419128

+------------------ Job Report: 3594158 (COMPLETED) -------------------+
| Memory (RAM)  [#####               ] 28.1% (1.4 GB peak / 5 GB)      |
| CPU           [###########         ] 56.8% average                   |
| GPU           [######              ] 34.3% average                   |
| Time          [--------------->    ] 77.8% (0-09:20:09 / 0-12:00:00) |
|                                                                      |
| Lustre Filesystem:                                                   |
|   Path    Total Read    Total Write    Total IOPS                    |
|   ------  ------------  -------------  ------------                  |
|   /apps   65.4 MB       0 B            51                            |
|   /fred   179.4 GB      36.5 MB        3.2 K                         |
|   /home   0 B           0 B            3                             |
|   OS      703.1 MB      0 B            925                           |
|                                                                      |
| Warnings:                                                            |
|   - Too much memory requested                                        |
|   - CPU usage is low                                                 |
|   - GPU usage is low                                                 |
+----------------------------------------------------------------------+
