Dataset copied to JOBFS: NTU60_CV-flowpose_aligned.npz
### Libraries loaded
feeder: feeders.ntu_rgb_d.Feeder
feeder_args:
  data_paths: {'CS': './data/ntu/aligned_data/NTU60_CS-flowpose_aligned.npz', 'CV': './data/ntu/aligned_data/NTU60_CV-flowpose_aligned.npz'}
  label_path: ./data/ntu/statistics/ntu-rgbd-annotations.yaml
  p_interval: [0.5, 1]
  random_choose: True
  random_shift: True
  window_size: 64
  random_move: True
  random_rot: True
  average_flow: True
  absolute_flow: False
  no_flow: False
extractor:
  preprocessed: True
  pose: {'weights': 'pretrained_models/yolo11x-pose.pt'}
  flow: {'weights': 'pretrained_models/raft_large.pt', 'imsize': [1080, 1920], 'minibatch_size': 3}
  flowpose: {'window_size': 5, 'threshold': 0.05, 'loop': False, 'norm': False, 'match_pose': False, 'ntu': True, 'dilation': 1}
model: model.infogcn2.sode.SODE
model_args:
  num_class: 60
  num_point: 25
  num_person: 2
  graph: graph.ntu_rgb_d.Graph
  pose_channels: 3
  flow_channels: 2
  embed_channels: 64
  num_head: 3
  ode_method: euler
  depth: 4
  device: 0
  T: 64
  n_step: 3
  SAGC_proj: True
  num_cls: 10
  n_sample: 1
  backbone: transformer
  cnn: False
  use_mask: True
ignore_weights: []
phase: train
optim:
  base_lr: 0.1
  nesterov: True
  weight_decay: 0.0003
  step: [50, 60]
  gamma: 0.1
lambda_1: 1
lambda_2: 0.1
lambda_3: 0.001
lambda_4: 0.0
lambda_5: 0.0
num_epoch: 70
device: 0
batch_size: 256
forward_batch_size: 128
test_batch_size: 256
half: False
checkpoint_freq: 10
save_location: ./results/ntu/
dataset: ntu
model_type: avg
evaluation: CV
run_name: ntu_CV_avg
description: train ntu {evaluation} {model_type}
data_path_overwrite: /var/tmp/jobfs/data
verbose: True
### Arguments loaded
	Output device: cuda:0
	Temporal encoder: transformer
	Model total number of params: 613875
	Loading weights from ./results/ntu/CV/train/ntu_CV_avg.pt
	Total number of weights removed: 0
	Pretrained model loaded
### Model created
	Loaded data using mmap mode
	Self.data assigned
	Self.labels assigned
	Assigned self.data to unique split (train)
	Using memory-mapped data - skipping NaN filtering to preserve memory efficiency
	Finished loading data!
	Loaded data using mmap mode
	Assigned self.data to unique split (test)
	Using memory-mapped data - skipping NaN filtering to preserve memory efficiency
	Finished loading data!
### Dataloaders created
	Tracking:
		epoch
		train_time
		train_loss
		lr
		test_time
		test_loss
		train_ACC
		test_ACC
		train_AUC
		test_AUC
		train_cls_loss
		test_cls_loss
		train_feature_loss
		test_feature_loss
		train_recon_loss
		test_recon_loss
	Resuming from checkpoint at epoch 30
		1 EPOCH BEST TEST ACC: 0.027470026165246964
			Train time: 372.44 seconds
			Test time: 130.36 seconds
		2 EPOCH BEST TEST ACC: 0.06182488799095154
			Train time: 372.67 seconds
			Test time: 129.40 seconds
		3 EPOCH BEST TEST ACC: 0.11900898814201355
			Train time: 373.88 seconds
			Test time: 131.43 seconds
		4 EPOCH BEST TEST ACC: 0.15688715875148773
			Train time: 374.94 seconds
			Test time: 131.16 seconds
		5 EPOCH BEST TEST ACC: 0.2737676203250885
			Train time: 371.22 seconds
			Test time: 129.36 seconds
		6 EPOCH BEST TEST ACC: 0.34325069189071655
			Train time: 373.34 seconds
			Test time: 130.65 seconds
		7 EPOCH BEST TEST ACC: 0.4028315246105194
			Train time: 373.04 seconds
			Test time: 130.87 seconds
		8 EPOCH BEST TEST ACC: 0.48309576511383057
			Train time: 372.98 seconds
			Test time: 130.00 seconds
		9 EPOCH BEST TEST ACC: 0.49299386143684387
			Train time: 368.09 seconds
			Test time: 129.88 seconds
		10 EPOCH BEST TEST ACC: 0.5253819823265076
			Train time: 369.14 seconds
			Test time: 129.23 seconds
		11 EPOCH BEST TEST ACC: 0.5363826751708984
			Train time: 370.03 seconds
			Test time: 130.52 seconds
		12 EPOCH BEST TEST ACC: 0.5601710081100464
			Train time: 372.59 seconds
			Test time: 129.33 seconds
		13 EPOCH BEST TEST ACC: 0.5786284804344177
			Train time: 368.70 seconds
			Test time: 129.67 seconds
		14 EPOCH BEST TEST ACC: 0.5863633155822754
			Train time: 368.85 seconds
			Test time: 129.78 seconds
		15 EPOCH BEST TEST ACC: 0.6055108308792114
			Train time: 366.48 seconds
			Test time: 129.63 seconds
		16 EPOCH BEST TEST ACC: 0.609044075012207
			Train time: 366.30 seconds
			Test time: 129.57 seconds
		17 EPOCH BEST TEST ACC: 0.6175299882888794
			Train time: 367.34 seconds
			Test time: 129.64 seconds
		18 EPOCH BEST TEST ACC: 0.635219931602478
			Train time: 366.21 seconds
			Test time: 129.92 seconds
		19 EPOCH BEST TEST ACC: 0.6391667127609253
			Train time: 367.01 seconds
			Test time: 129.27 seconds
		20 EPOCH BEST TEST ACC: 0.6339093446731567
			Train time: 367.69 seconds
			Test time: 129.51 seconds
		21 EPOCH BEST TEST ACC: 0.6355913877487183
			Train time: 367.07 seconds
			Test time: 130.32 seconds
		22 EPOCH BEST TEST ACC: 0.6499255299568176
			Train time: 366.38 seconds
			Test time: 130.32 seconds
		23 EPOCH BEST TEST ACC: 0.6636638641357422
			Train time: 365.60 seconds
			Test time: 130.05 seconds
		24 EPOCH BEST TEST ACC: 0.6304075717926025
			Train time: 365.68 seconds
			Test time: 128.87 seconds
		25 EPOCH BEST TEST ACC: 0.661168098449707
			Train time: 367.36 seconds
			Test time: 129.70 seconds
		26 EPOCH BEST TEST ACC: 0.6609906554222107
			Train time: 384.06 seconds
			Test time: 135.89 seconds
		27 EPOCH BEST TEST ACC: 0.6595735549926758
			Train time: 370.27 seconds
			Test time: 130.60 seconds
		28 EPOCH BEST TEST ACC: 0.6604253053665161
			Train time: 374.40 seconds
			Test time: 130.66 seconds
		29 EPOCH BEST TEST ACC: 0.6641351580619812
			Train time: 375.72 seconds
			Test time: 131.48 seconds
		30 EPOCH BEST TEST ACC: 0.6683236360549927
			Train time: 375.20 seconds
			Test time: 131.97 seconds
		31 EPOCH BEST TEST AUC: 0.6683236360549927
			Train time: 366.44 seconds
			Test time: 127.93 seconds
		32 EPOCH BEST TEST AUC: 0.6683236360549927
			Train time: 371.90 seconds
			Test time: 125.46 seconds
		33 EPOCH BEST TEST AUC: 0.6683236360549927
			Train time: 385.65 seconds
			Test time: 130.71 seconds
		34 EPOCH BEST TEST AUC: 0.6799821257591248
			Train time: 368.96 seconds
			Test time: 130.10 seconds
		35 EPOCH BEST TEST AUC: 0.6799821257591248
			Train time: 366.65 seconds
			Test time: 140.77 seconds
		36 EPOCH BEST TEST AUC: 0.6799821257591248
			Train time: 465.90 seconds
			Test time: 163.46 seconds
		37 EPOCH BEST TEST AUC: 0.6799821257591248
			Train time: 469.39 seconds
			Test time: 162.05 seconds
		38 EPOCH BEST TEST AUC: 0.6832958459854126
			Train time: 367.63 seconds
			Test time: 134.94 seconds
		39 EPOCH BEST TEST AUC: 0.6832958459854126
			Train time: 379.91 seconds
			Test time: 133.28 seconds
		40 EPOCH BEST TEST AUC: 0.6840476989746094
			Train time: 373.68 seconds
			Test time: 134.16 seconds
		41 EPOCH BEST TEST AUC: 0.6844974756240845
			Train time: 381.48 seconds
			Test time: 128.53 seconds
		42 EPOCH BEST TEST AUC: 0.6844974756240845
			Train time: 383.79 seconds
			Test time: 150.47 seconds
		43 EPOCH BEST TEST AUC: 0.6844974756240845
			Train time: 434.27 seconds
			Test time: 148.76 seconds
		44 EPOCH BEST TEST AUC: 0.6844974756240845
			Train time: 427.08 seconds
			Test time: 149.40 seconds
		45 EPOCH BEST TEST AUC: 0.6844974756240845
			Train time: 429.28 seconds
			Test time: 150.11 seconds
		46 EPOCH BEST TEST AUC: 0.6844974756240845
			Train time: 423.12 seconds
			Test time: 143.89 seconds
		47 EPOCH BEST TEST AUC: 0.6844974756240845
			Train time: 439.46 seconds
			Test time: 151.94 seconds
		48 EPOCH BEST TEST AUC: 0.6844974756240845
			Train time: 437.89 seconds
			Test time: 151.91 seconds
		49 EPOCH BEST TEST AUC: 0.6844974756240845
			Train time: 435.88 seconds
			Test time: 152.60 seconds
		50 EPOCH BEST TEST AUC: 0.6853071451187134
			Train time: 444.38 seconds
			Test time: 152.44 seconds
		51 EPOCH BEST TEST AUC: 0.7183414697647095
			Train time: 440.21 seconds
			Test time: 152.38 seconds
		52 EPOCH BEST TEST AUC: 0.7191147804260254
			Train time: 434.97 seconds
			Test time: 145.65 seconds
		53 EPOCH BEST TEST AUC: 0.7203255891799927
			Train time: 430.06 seconds
			Test time: 148.71 seconds
		54 EPOCH BEST TEST AUC: 0.720781147480011
			Train time: 429.05 seconds
			Test time: 148.49 seconds
		55 EPOCH BEST TEST AUC: 0.720781147480011
			Train time: 429.33 seconds
			Test time: 148.68 seconds
		56 EPOCH BEST TEST AUC: 0.7240387201309204
			Train time: 427.36 seconds
			Test time: 149.06 seconds
		57 EPOCH BEST TEST AUC: 0.7240387201309204
			Train time: 428.83 seconds
			Test time: 147.87 seconds
		58 EPOCH BEST TEST AUC: 0.7240387201309204
			Train time: 428.73 seconds
			Test time: 145.97 seconds
		59 EPOCH BEST TEST AUC: 0.7240387201309204
			Train time: 429.93 seconds
			Test time: 146.90 seconds
		60 EPOCH BEST TEST AUC: 0.7240387201309204
			Train time: 425.41 seconds
			Test time: 146.45 seconds
		61 EPOCH BEST TEST AUC: 0.7250009775161743
			Train time: 428.84 seconds
			Test time: 146.58 seconds
		62 EPOCH BEST TEST AUC: 0.7250009775161743
			Train time: 426.68 seconds
			Test time: 147.92 seconds
		63 EPOCH BEST TEST AUC: 0.7250389456748962
			Train time: 427.28 seconds
			Test time: 146.60 seconds
		64 EPOCH BEST TEST AUC: 0.7250389456748962
			Train time: 428.59 seconds
			Test time: 147.25 seconds
		65 EPOCH BEST TEST AUC: 0.7250389456748962
			Train time: 426.55 seconds
			Test time: 147.25 seconds
		66 EPOCH BEST TEST AUC: 0.7250389456748962
			Train time: 428.92 seconds
			Test time: 146.98 seconds
		67 EPOCH BEST TEST AUC: 0.7250389456748962
			Train time: 439.50 seconds
			Test time: 152.68 seconds
		68 EPOCH BEST TEST AUC: 0.7250389456748962
			Train time: 444.46 seconds
			Test time: 154.21 seconds
		69 EPOCH BEST TEST AUC: 0.7250389456748962
			Train time: 435.50 seconds
			Test time: 153.41 seconds
		70 EPOCH BEST TEST AUC: 0.7250389456748962
			Train time: 434.96 seconds
			Test time: 143.75 seconds
	Training time: 10:27:11
	Best train AUC: 0.8064033389091492
	Best test AUC: 0.7250389456748962

+------------------ Job Report: 2452989 (COMPLETED) -------------------+
| Memory (RAM)  [################### ] 99.9% (5 GB peak / 5 GB)        |
| CPU           [###########         ] 55.7% average                   |
| GPU           [#####               ] 29.4% average                   |
| Time          [---------->         ] 53.0% (0-06:21:27 / 0-12:00:00) |
|                                                                      |
| Lustre Filesystem:                                                   |
|   Path    Total Read    Total Write      Total IOPS                  |
|   ------  ------------  -------------  ------------                  |
|   /apps   16.4 MB       0 B                    221                   |
|   /fred   168.5 GB      19.7 MB                159                   |
|   /home   0 B           0 B                      3                   |
|   OS      2.2 MB        0 B                     48                   |
|                                                                      |
| Warnings:                                                            |
|   - CPU usage is low                                                 |
|   - GPU usage is low                                                 |
|   - Too much time requested                                          |
+----------------------------------------------------------------------+
