Copying file: ./data/ntu/aligned_data/ntu_CV-pose_D3_aligned.npz to /var/tmp/jobfs/data
Dataset copied to JOBFS: ntu_CV-pose_D3_aligned.npz
Data path: /var/tmp/jobfs/data/ntu_CV-pose_D3_aligned.npz
Run name: ntu_CV_base_SA-GC

### Libraries loaded
feeder: feeders.ntu_rgb_d.Feeder
feeder_args:
  data_paths: {'CS': './data/ntu/aligned_data/ntu_CS-pose_dilation3_aligned.npz', 'CV': './data/ntu/aligned_data/ntu_CV-pose_dilation3_aligned.npz'}
  label_path: ./data/ntu/statistics/ntu_rgbd-annotations.yaml
  p_interval: [0.5, 1]
  random_choose: True
  random_shift: True
  window_size: 64
  random_move: True
  random_rot: True
  average_flow: False
  absolute_flow: False
  no_flow: True
  no_Z: False
extractor:
  preprocessed: True
  pose: {'weights': 'pretrained_models/yolo11x-pose.pt'}
  flow: {'weights': 'pretrained_models/raft_large.pt', 'imsize': [1080, 1920], 'minibatch_size': 3}
  flowpose: {'window_size': 5, 'threshold': 0.05, 'loop': False, 'norm': False, 'match_pose': False, 'ntu': True, 'dilation': 3}
model: model.infogcn2.sode.SODE
model_args:
  num_class: 60
  num_point: 25
  num_person: 2
  graph: graph.ntu_rgb_d.Graph
  pose_channels: 3
  flow_channels: 0
  embed_channels: 64
  num_head: 3
  ode_method: euler
  depth: 4
  device: 0
  T: 64
  n_step: 3
  SAGC_proj: True
  num_cls: 10
  n_sample: 1
  backbone: transformer
  cnn: False
  use_mask: True
ignore_weights: []
phase: train
optim:
  base_lr: 0.1
  nesterov: True
  weight_decay: 0.0003
  step: [50, 60]
  gamma: 0.1
lambda_1: 1
lambda_2: 0.1
lambda_3: 0.001
lambda_4: 0.0
lambda_5: 0.0
num_epoch: 70
device: 0
batch_size: 256
forward_batch_size: 128
test_batch_size: 256
half: False
checkpoint_freq: 10
save_location: ./results/ntu/
dataset: ntu
model_type: base
evaluation: CV
run_name: ntu_CV_base_SA-GC
description: train ntu CV base SA-GC cls and recon heads
data_path_overwrite: /var/tmp/jobfs/data/ntu_CV-pose_D3_aligned.npz
verbose: True
### Arguments loaded
	Output device: cuda:0
	Temporal encoder: transformer
	Model total number of params: 682739
	Loading weights from ./results/ntu/CV/train/ntu_CV_base_SA-GC.pt
	Checkpoint file does not yet exist
		([Errno 2] No such file or directory: './results/ntu/CV/train/ntu_CV_base_SA-GC.pt')
### Model created
	Loaded data using mmap mode
	Self.data assigned
	Self.labels assigned
	Assigned self.data to unique split (train)
	Using memory-mapped data - skipping NaN filtering to preserve memory efficiency
	Finished loading data!
	Loaded data using mmap mode
	Assigned self.data to unique split (test)
	Using memory-mapped data - skipping NaN filtering to preserve memory efficiency
	Finished loading data!
### Dataloaders created
	Tracking:
		epoch
		train_time
		train_loss
		lr
		test_time
		test_loss
		train_ACC
		test_ACC
		train_AUC
		test_AUC
		train_cls_loss
		test_cls_loss
		train_feature_loss
		test_feature_loss
		train_recon_loss
		test_recon_loss
	Created new checkpoint file: ./results/ntu/CV/train/ntu_CV_base_SA-GC.pt
		1 EPOCH BEST TEST AUC: 0.025811951607465744
			Train time: 205.20 seconds
			Test time: 31.12 seconds
		2 EPOCH BEST TEST AUC: 0.059058405458927155
			Train time: 199.33 seconds
			Test time: 30.61 seconds
		3 EPOCH BEST TEST AUC: 0.09965765476226807
			Train time: 199.30 seconds
			Test time: 31.11 seconds
		4 EPOCH BEST TEST AUC: 0.10853730142116547
			Train time: 199.14 seconds
			Test time: 31.27 seconds
		5 EPOCH BEST TEST AUC: 0.2335571050643921
			Train time: 199.31 seconds
			Test time: 31.47 seconds
		6 EPOCH BEST TEST AUC: 0.285373330116272
			Train time: 198.84 seconds
			Test time: 31.61 seconds
		7 EPOCH BEST TEST AUC: 0.4030403196811676
			Train time: 199.32 seconds
			Test time: 32.14 seconds
		8 EPOCH BEST TEST AUC: 0.41859763860702515
			Train time: 198.64 seconds
			Test time: 30.54 seconds
		9 EPOCH BEST TEST AUC: 0.48821771144866943
			Train time: 198.37 seconds
			Test time: 30.45 seconds
		10 EPOCH BEST TEST AUC: 0.5042165517807007
			Train time: 198.24 seconds
			Test time: 30.54 seconds
		11 EPOCH BEST TEST AUC: 0.52431321144104
			Train time: 198.59 seconds
			Test time: 31.03 seconds
		12 EPOCH BEST TEST AUC: 0.5364487171173096
			Train time: 198.78 seconds
			Test time: 31.07 seconds
		13 EPOCH BEST TEST AUC: 0.5549400448799133
			Train time: 198.75 seconds
			Test time: 31.12 seconds
		14 EPOCH BEST TEST AUC: 0.5620988607406616
			Train time: 198.67 seconds
			Test time: 31.08 seconds
		15 EPOCH BEST TEST AUC: 0.5744102597236633
			Train time: 198.77 seconds
			Test time: 31.31 seconds
		16 EPOCH BEST TEST AUC: 0.5870879888534546
			Train time: 198.61 seconds
			Test time: 31.27 seconds
		17 EPOCH BEST TEST AUC: 0.5935205817222595
			Train time: 198.68 seconds
			Test time: 31.11 seconds
		18 EPOCH BEST TEST AUC: 0.6167418360710144
			Train time: 198.74 seconds
			Test time: 31.02 seconds
		19 EPOCH BEST TEST AUC: 0.6167418360710144
			Train time: 198.65 seconds
			Test time: 31.06 seconds
		20 EPOCH BEST TEST AUC: 0.618252158164978
			Train time: 198.64 seconds
			Test time: 30.99 seconds
		21 EPOCH BEST TEST AUC: 0.6216409206390381
			Train time: 198.77 seconds
			Test time: 30.86 seconds
		22 EPOCH BEST TEST AUC: 0.6368483304977417
			Train time: 198.74 seconds
			Test time: 30.89 seconds
		23 EPOCH BEST TEST AUC: 0.6368483304977417
			Train time: 198.58 seconds
			Test time: 30.91 seconds
		24 EPOCH BEST TEST AUC: 0.6394662261009216
			Train time: 198.70 seconds
			Test time: 30.99 seconds
		25 EPOCH BEST TEST AUC: 0.6597113609313965
			Train time: 198.82 seconds
			Test time: 31.05 seconds
		26 EPOCH BEST TEST AUC: 0.6597113609313965
			Train time: 198.75 seconds
			Test time: 30.90 seconds
		27 EPOCH BEST TEST AUC: 0.6597113609313965
			Train time: 198.64 seconds
			Test time: 30.82 seconds
		28 EPOCH BEST TEST AUC: 0.6597113609313965
			Train time: 198.62 seconds
			Test time: 30.72 seconds
		29 EPOCH BEST TEST AUC: 0.6597113609313965
			Train time: 198.73 seconds
			Test time: 30.73 seconds
		30 EPOCH BEST TEST AUC: 0.6597113609313965
			Train time: 198.67 seconds
			Test time: 30.76 seconds
		31 EPOCH BEST TEST AUC: 0.6597113609313965
			Train time: 198.65 seconds
			Test time: 30.69 seconds
		32 EPOCH BEST TEST AUC: 0.6700320839881897
			Train time: 198.66 seconds
			Test time: 30.72 seconds
		33 EPOCH BEST TEST AUC: 0.6700320839881897
			Train time: 198.64 seconds
			Test time: 30.79 seconds
		34 EPOCH BEST TEST AUC: 0.6700320839881897
			Train time: 198.66 seconds
			Test time: 30.87 seconds
		35 EPOCH BEST TEST AUC: 0.6764876842498779
			Train time: 198.63 seconds
			Test time: 30.70 seconds
		36 EPOCH BEST TEST AUC: 0.6764876842498779
			Train time: 198.68 seconds
			Test time: 30.71 seconds
		37 EPOCH BEST TEST AUC: 0.6764876842498779
			Train time: 198.58 seconds
			Test time: 30.88 seconds
		38 EPOCH BEST TEST AUC: 0.6764876842498779
			Train time: 198.63 seconds
			Test time: 31.07 seconds
		39 EPOCH BEST TEST AUC: 0.6863189935684204
			Train time: 198.55 seconds
			Test time: 30.88 seconds
		40 EPOCH BEST TEST AUC: 0.6863189935684204
			Train time: 198.64 seconds
			Test time: 30.73 seconds
		41 EPOCH BEST TEST AUC: 0.6867696046829224
			Train time: 198.61 seconds
			Test time: 30.43 seconds
		42 EPOCH BEST TEST AUC: 0.6867696046829224
			Train time: 198.43 seconds
			Test time: 30.43 seconds
		43 EPOCH BEST TEST AUC: 0.6867696046829224
			Train time: 198.55 seconds
			Test time: 30.35 seconds
		44 EPOCH BEST TEST AUC: 0.6867696046829224
			Train time: 198.38 seconds
			Test time: 30.37 seconds
		45 EPOCH BEST TEST AUC: 0.6867696046829224
			Train time: 198.49 seconds
			Test time: 31.98 seconds
		46 EPOCH BEST TEST AUC: 0.6916901469230652
			Train time: 199.09 seconds
			Test time: 31.69 seconds
		47 EPOCH BEST TEST AUC: 0.6916901469230652
			Train time: 199.08 seconds
			Test time: 31.64 seconds
		48 EPOCH BEST TEST AUC: 0.6916901469230652
			Train time: 199.13 seconds
			Test time: 31.66 seconds
		49 EPOCH BEST TEST AUC: 0.6916901469230652
			Train time: 199.09 seconds
			Test time: 31.65 seconds
		50 EPOCH BEST TEST AUC: 0.6916901469230652
			Train time: 199.07 seconds
			Test time: 31.48 seconds
		51 EPOCH BEST TEST AUC: 0.7335364818572998
			Train time: 199.23 seconds
			Test time: 31.73 seconds
		52 EPOCH BEST TEST AUC: 0.7345962524414062
			Train time: 198.95 seconds
			Test time: 31.87 seconds
		53 EPOCH BEST TEST AUC: 0.7358316779136658
			Train time: 199.22 seconds
			Test time: 31.65 seconds
		54 EPOCH BEST TEST AUC: 0.7358316779136658
			Train time: 199.12 seconds
			Test time: 31.52 seconds
		55 EPOCH BEST TEST AUC: 0.7358605861663818
			Train time: 199.33 seconds
			Test time: 31.60 seconds
		56 EPOCH BEST TEST AUC: 0.7362014651298523
			Train time: 199.56 seconds
			Test time: 31.59 seconds
		57 EPOCH BEST TEST AUC: 0.7362014651298523
			Train time: 199.39 seconds
			Test time: 31.70 seconds
		58 EPOCH BEST TEST AUC: 0.7380303144454956
			Train time: 199.39 seconds
			Test time: 31.64 seconds
		59 EPOCH BEST TEST AUC: 0.7380303144454956
			Train time: 199.37 seconds
			Test time: 31.62 seconds
		60 EPOCH BEST TEST AUC: 0.7380303144454956
			Train time: 199.29 seconds
			Test time: 31.68 seconds
		61 EPOCH BEST TEST AUC: 0.7409090995788574
			Train time: 199.31 seconds
			Test time: 31.67 seconds
		62 EPOCH BEST TEST AUC: 0.7410634160041809
			Train time: 199.24 seconds
			Test time: 32.11 seconds

+-------------------- Job Report: 4425265 (TIMEOUT) --------------------+
| Memory (RAM)  [##########          ] 50.1% (1.5 GB peak / 3 GB)       |
| CPU           [###############     ] 77.5% average                    |
| GPU           [##################  ] 94.5% average                    |
| Time          [------------------->] 100.2% (0-04:00:25 / 0-04:00:00) |
|                                                                       |
| Lustre Filesystem:                                                    |
|   Path    Total Read    Total Write      Total IOPS                   |
|   ------  ------------  -------------  ------------                   |
|   /apps   6.3 MB        0 B                    203                    |
|   /fred   9.7 GB        11.9 MB                 73                    |
|   /home   0 B           0 B                      1                    |
|   OS      1.1 MB        0 B                      9                    |
+-----------------------------------------------------------------------+
