Copying file: ./data/ntu/aligned_data/ntu_CV-flowpose_D3_aligned.npz to /var/tmp/jobfs/data
Dataset copied to JOBFS: ntu_CV-flowpose_D3_aligned.npz
Data path: /var/tmp/jobfs/data/ntu_CV-flowpose_D3_aligned.npz
Run name: ntu_CV_cnn_SA-GC

### Libraries loaded
feeder: feeders.ntu_rgb_d.Feeder
feeder_args:
  data_paths: {'CS': './data/ntu/aligned_data/ntu_CS-flowpose_D3_aligned.npz', 'CV': './data/ntu/aligned_data/ntu_CV-flowpose_D3_aligned.npz'}
  label_path: ./data/ntu/statistics/ntu_rgbd-annotations.yaml
  p_interval: [0.5, 1]
  random_choose: True
  random_shift: True
  window_size: 64
  random_move: True
  random_rot: True
  average_flow: False
  absolute_flow: False
  no_flow: False
  no_Z: True
extractor:
  preprocessed: True
  pose: {'weights': 'pretrained_models/yolo11x-pose.pt'}
  flow: {'weights': 'pretrained_models/raft_large.pt', 'imsize': [1080, 1920], 'minibatch_size': 3}
  flowpose: {'window_size': 5, 'threshold': 0.05, 'loop': False, 'norm': False, 'match_pose': False, 'ntu': True, 'dilation': 3}
model: model.infogcn2.sode.SODE
model_args:
  num_class: 60
  num_point: 25
  num_person: 2
  graph: graph.ntu_rgb_d.Graph
  pose_channels: 2
  flow_channels: 50
  embed_channels: 64
  num_head: 3
  ode_method: euler
  depth: 4
  device: 0
  T: 64
  n_step: 3
  SAGC_proj: True
  num_cls: 10
  n_sample: 1
  backbone: transformer
  cnn: True
  use_mask: True
ignore_weights: []
phase: train
optim:
  base_lr: 0.1
  nesterov: True
  weight_decay: 0.0003
  step: [50, 60]
  gamma: 0.1
lambda_1: 1
lambda_2: 0.1
lambda_3: 0.001
lambda_4: 0.0
lambda_5: 0.0
num_epoch: 70
device: 0
batch_size: 256
forward_batch_size: 128
test_batch_size: 256
half: False
checkpoint_freq: 10
save_location: ./results/ntu/
dataset: ntu
model_type: cnn
evaluation: CV
run_name: ntu_CV_cnn_SA-GC
description: train ntu CV cnn SA-GC cls and recon heads
data_path_overwrite: /var/tmp/jobfs/data/ntu_CV-flowpose_D3_aligned.npz
verbose: True
### Arguments loaded
	Output device: cuda:0
	Temporal encoder: transformer
	Model total number of params: 689408
	Loading weights from ./results/ntu/CV/train/ntu_CV_cnn_SA-GC.pt
	Checkpoint file does not yet exist
		([Errno 2] No such file or directory: './results/ntu/CV/train/ntu_CV_cnn_SA-GC.pt')
### Model created
	Loaded data using mmap mode
	Self.data assigned
	Self.labels assigned
	Assigned self.data to unique split (train)
	Using memory-mapped data - skipping NaN filtering to preserve memory efficiency
	Finished loading data!
	Loaded data using mmap mode
	Assigned self.data to unique split (test)
	Using memory-mapped data - skipping NaN filtering to preserve memory efficiency
	Finished loading data!
### Dataloaders created
	Tracking:
		epoch
		train_time
		train_loss
		lr
		test_time
		test_loss
		train_ACC
		test_ACC
		train_AUC
		test_AUC
		train_cls_loss
		test_cls_loss
		train_feature_loss
		test_feature_loss
		train_recon_loss
		test_recon_loss
	Created new checkpoint file: ./results/ntu/CV/train/ntu_CV_cnn_SA-GC.pt
		1 EPOCH BEST TEST AUC: 0.044588860124349594
			Train time: 549.87 seconds
			Test time: 191.53 seconds
		2 EPOCH BEST TEST AUC: 0.10865697264671326
			Train time: 556.82 seconds
			Test time: 189.75 seconds
		3 EPOCH BEST TEST AUC: 0.1786913424730301
			Train time: 556.05 seconds
			Test time: 191.81 seconds
		4 EPOCH BEST TEST AUC: 0.26688361167907715
			Train time: 557.67 seconds
			Test time: 192.15 seconds
		5 EPOCH BEST TEST AUC: 0.34162646532058716
			Train time: 557.30 seconds
			Test time: 187.84 seconds
		6 EPOCH BEST TEST AUC: 0.42255011200904846
			Train time: 548.09 seconds
			Test time: 188.91 seconds
		7 EPOCH BEST TEST AUC: 0.46656370162963867
			Train time: 548.95 seconds
			Test time: 189.86 seconds
		8 EPOCH BEST TEST AUC: 0.4985920190811157
			Train time: 555.26 seconds
			Test time: 186.84 seconds
		9 EPOCH BEST TEST AUC: 0.50373375415802
			Train time: 550.81 seconds
			Test time: 188.47 seconds
		10 EPOCH BEST TEST AUC: 0.5277267098426819
			Train time: 549.63 seconds
			Test time: 189.93 seconds
		11 EPOCH BEST TEST AUC: 0.5433855652809143
			Train time: 550.04 seconds
			Test time: 189.24 seconds
		12 EPOCH BEST TEST AUC: 0.5717320442199707
			Train time: 548.41 seconds
			Test time: 186.32 seconds
		13 EPOCH BEST TEST AUC: 0.5726242065429688
			Train time: 542.41 seconds
			Test time: 187.98 seconds
		14 EPOCH BEST TEST AUC: 0.5883218050003052
			Train time: 551.92 seconds
			Test time: 190.58 seconds
		15 EPOCH BEST TEST AUC: 0.6063551902770996
			Train time: 556.93 seconds
			Test time: 188.29 seconds
		16 EPOCH BEST TEST AUC: 0.6063551902770996
			Train time: 555.33 seconds
			Test time: 189.98 seconds
		17 EPOCH BEST TEST AUC: 0.615619421005249
			Train time: 549.90 seconds
			Test time: 189.44 seconds
		18 EPOCH BEST TEST AUC: 0.6358497142791748
			Train time: 552.92 seconds
			Test time: 188.39 seconds
		19 EPOCH BEST TEST AUC: 0.6358497142791748
			Train time: 547.23 seconds
			Test time: 188.61 seconds
		20 EPOCH BEST TEST AUC: 0.6358497142791748
			Train time: 553.43 seconds
			Test time: 187.45 seconds
		21 EPOCH BEST TEST AUC: 0.6364464163780212
			Train time: 549.48 seconds
			Test time: 184.98 seconds
		22 EPOCH BEST TEST AUC: 0.6581037044525146
			Train time: 548.64 seconds
			Test time: 185.20 seconds
		23 EPOCH BEST TEST AUC: 0.6581037044525146
			Train time: 543.98 seconds
			Test time: 185.04 seconds
		24 EPOCH BEST TEST AUC: 0.6581037044525146
			Train time: 547.57 seconds
			Test time: 187.39 seconds
		25 EPOCH BEST TEST AUC: 0.6581037044525146
			Train time: 555.08 seconds
			Test time: 189.90 seconds
		26 EPOCH BEST TEST AUC: 0.6637126207351685
			Train time: 549.56 seconds
			Test time: 187.25 seconds
		27 EPOCH BEST TEST AUC: 0.6637126207351685
			Train time: 550.33 seconds
			Test time: 188.36 seconds
		28 EPOCH BEST TEST AUC: 0.6705528497695923
			Train time: 555.80 seconds
			Test time: 186.98 seconds
		29 EPOCH BEST TEST AUC: 0.6705528497695923
			Train time: 558.47 seconds
			Test time: 8911.17 seconds
		30 EPOCH BEST TEST AUC: 0.684800386428833
			Train time: 562.65 seconds
			Test time: 192.71 seconds
		31 EPOCH BEST TEST AUC: 0.684800386428833
			Train time: 561.57 seconds
			Test time: 194.51 seconds
		32 EPOCH BEST TEST AUC: 0.684800386428833
			Train time: 557.36 seconds
			Test time: 190.26 seconds
		33 EPOCH BEST TEST AUC: 0.684800386428833
			Train time: 554.24 seconds
			Test time: 191.19 seconds
		34 EPOCH BEST TEST AUC: 0.684800386428833
			Train time: 555.88 seconds
			Test time: 191.35 seconds
		35 EPOCH BEST TEST AUC: 0.684800386428833
			Train time: 549.86 seconds
			Test time: 187.47 seconds
		36 EPOCH BEST TEST AUC: 0.6916150450706482
			Train time: 551.49 seconds
			Test time: 187.17 seconds
		37 EPOCH BEST TEST AUC: 0.6916150450706482
			Train time: 551.94 seconds
			Test time: 188.63 seconds
		38 EPOCH BEST TEST AUC: 0.6935323476791382
			Train time: 554.78 seconds
			Test time: 187.70 seconds
		39 EPOCH BEST TEST AUC: 0.6935323476791382
			Train time: 552.41 seconds
			Test time: 187.04 seconds
		40 EPOCH BEST TEST AUC: 0.6935323476791382
			Train time: 549.91 seconds
			Test time: 188.41 seconds
		41 EPOCH BEST TEST AUC: 0.6984553337097168
			Train time: 559.53 seconds
			Test time: 191.95 seconds
		42 EPOCH BEST TEST AUC: 0.7005120515823364
			Train time: 560.99 seconds
			Test time: 191.20 seconds
		43 EPOCH BEST TEST AUC: 0.7029343247413635
			Train time: 558.53 seconds
			Test time: 190.57 seconds
		44 EPOCH BEST TEST AUC: 0.7029343247413635
			Train time: 562.01 seconds
			Test time: 192.21 seconds
		45 EPOCH BEST TEST AUC: 0.7029343247413635
			Train time: 560.99 seconds
			Test time: 189.29 seconds
		46 EPOCH BEST TEST AUC: 0.7029343247413635
			Train time: 558.01 seconds
			Test time: 188.82 seconds
		47 EPOCH BEST TEST AUC: 0.7029343247413635
			Train time: 555.77 seconds
			Test time: 188.25 seconds
		48 EPOCH BEST TEST AUC: 0.7029343247413635
			Train time: 558.87 seconds
			Test time: 187.50 seconds
		49 EPOCH BEST TEST AUC: 0.7029343247413635
			Train time: 562.03 seconds
			Test time: 188.67 seconds
		50 EPOCH BEST TEST AUC: 0.7029343247413635
			Train time: 552.84 seconds
			Test time: 188.99 seconds
		51 EPOCH BEST TEST AUC: 0.7456175684928894
			Train time: 563.48 seconds
			Test time: 193.46 seconds
		52 EPOCH BEST TEST AUC: 0.7472566366195679
			Train time: 563.58 seconds
			Test time: 193.09 seconds
		53 EPOCH BEST TEST AUC: 0.7505801916122437
			Train time: 554.14 seconds
			Test time: 190.42 seconds
		54 EPOCH BEST TEST AUC: 0.7505801916122437
			Train time: 554.48 seconds
			Test time: 190.90 seconds
		55 EPOCH BEST TEST AUC: 0.7505801916122437
			Train time: 559.90 seconds
			Test time: 192.03 seconds
		56 EPOCH BEST TEST AUC: 0.7524149417877197
			Train time: 557.10 seconds
			Test time: 191.88 seconds
		57 EPOCH BEST TEST AUC: 0.7524149417877197
			Train time: 564.48 seconds
			Test time: 191.01 seconds
		58 EPOCH BEST TEST AUC: 0.753193199634552
			Train time: 556.89 seconds
			Test time: 191.82 seconds
		59 EPOCH BEST TEST AUC: 0.753193199634552
			Train time: 560.11 seconds
			Test time: 191.30 seconds
		60 EPOCH BEST TEST AUC: 0.753193199634552
			Train time: 556.13 seconds
			Test time: 190.85 seconds
		61 EPOCH BEST TEST AUC: 0.7551731467247009
			Train time: 561.71 seconds
			Test time: 192.01 seconds
		62 EPOCH BEST TEST AUC: 0.7555123567581177
			Train time: 561.30 seconds
			Test time: 191.53 seconds
		63 EPOCH BEST TEST AUC: 0.7555123567581177
			Train time: 561.18 seconds
			Test time: 192.15 seconds
		64 EPOCH BEST TEST AUC: 0.7558506727218628
			Train time: 562.05 seconds
			Test time: 192.55 seconds
		65 EPOCH BEST TEST AUC: 0.7558506727218628
			Train time: 558.95 seconds
			Test time: 191.42 seconds
		66 EPOCH BEST TEST AUC: 0.7558506727218628
			Train time: 559.24 seconds
			Test time: 191.64 seconds
		67 EPOCH BEST TEST AUC: 0.7558506727218628
			Train time: 555.26 seconds
			Test time: 191.84 seconds
		68 EPOCH BEST TEST AUC: 0.7558506727218628
			Train time: 562.52 seconds
			Test time: 191.66 seconds
		69 EPOCH BEST TEST AUC: 0.7558506727218628
			Train time: 561.66 seconds
			Test time: 192.39 seconds
		70 EPOCH BEST TEST AUC: 0.7558506727218628
			Train time: 563.02 seconds
			Test time: 191.80 seconds
	Training time:         16:54:56
	Best train AUC: 0.8202606439590454
	Best test AUC: 0.7558506727218628

+------------------ Job Report: 4425263 (COMPLETED) -------------------+
| Memory (RAM)  [###############     ] 75.5% (7.5 GB peak / 10 GB)     |
| CPU           [############        ] 62.5% average                   |
| GPU           [######              ] 30.3% average                   |
| Time          [------------------> ] 91.1% (0-14:34:25 / 0-16:00:00) |
|                                                                      |
| Lustre Filesystem:                                                   |
|   Path    Total Read    Total Write      Total IOPS                  |
|   ------  ------------  -------------  ------------                  |
|   /apps   868 KB        0 B                    207                   |
|   /fred   5.8 GB        34.1 MB                227                   |
|   /home   0 B           0 B                      3                   |
|   OS      2.2 MB        0 B                     27                   |
|                                                                      |
| Warnings:                                                            |
|   - CPU usage is low                                                 |
|   - GPU usage is low                                                 |
+----------------------------------------------------------------------+
