Copying file: ./data/ntu/aligned_data/ntu_CV-flowpose_dilation3_aligned.npz to /var/tmp/jobfs/data
Dataset copied to JOBFS: ntu_CV-flowpose_dilation3_aligned.npz
Data path: /var/tmp/jobfs/data/ntu_CV-flowpose_dilation3_aligned.npz

### Libraries loaded
feeder: feeders.ntu_rgb_d.Feeder
feeder_args:
  data_paths: {'CS': './data/ntu/aligned_data/ntu_CS-flowpose_dilation3_aligned.npz', 'CV': './data/ntu/aligned_data/ntu_CV-flowpose_dilation3_aligned.npz'}
  label_path: ./data/ntu/statistics/ntu_rgbd-annotations.yaml
  p_interval: [0.5, 1]
  random_choose: True
  random_shift: True
  window_size: 64
  random_move: True
  random_rot: True
  average_flow: False
  absolute_flow: False
  no_flow: False
extractor:
  preprocessed: True
  pose: {'weights': 'pretrained_models/yolo11x-pose.pt'}
  flow: {'weights': 'pretrained_models/raft_large.pt', 'imsize': [1080, 1920], 'minibatch_size': 3}
  flowpose: {'window_size': 5, 'threshold': 0.05, 'loop': False, 'norm': False, 'match_pose': False, 'ntu': True, 'dilation': 3}
model: model.infogcn2.sode.SODE
model_args:
  num_class: 60
  num_point: 25
  num_person: 2
  graph: graph.ntu_rgb_d.Graph
  pose_channels: 3
  flow_channels: 50
  embed_channels: 64
  num_head: 3
  ode_method: euler
  depth: 4
  device: 0
  T: 64
  n_step: 3
  SAGC_proj: True
  num_cls: 10
  n_sample: 1
  backbone: transformer
  cnn: True
  use_mask: True
ignore_weights: []
phase: train
optim:
  base_lr: 0.1
  nesterov: True
  weight_decay: 0.0003
  step: [50, 60]
  gamma: 0.1
lambda_1: 1
lambda_2: 0.1
lambda_3: 0.001
lambda_4: 0.0
lambda_5: 0.0
num_epoch: 70
device: 0
batch_size: 256
forward_batch_size: 128
test_batch_size: 256
half: False
checkpoint_freq: 10
save_location: ./results/ntu/
dataset: ntu
model_type: cnn
evaluation: CV
run_name: ntu_CV_cnn_D3
description: train ntu CV cnn_D3 re-running to check that base model still performs as expected after the dilation3 extraction
data_path_overwrite: /var/tmp/jobfs/data/ntu_CV-flowpose_dilation3_aligned.npz
verbose: True
### Arguments loaded
	Output device: cuda:0
	Temporal encoder: transformer
	Model total number of params: 620448
	Loading weights from ./results/ntu/CV/train/ntu_CV_cnn_D3.pt
	Total number of weights removed: 0
	Pretrained model loaded
### Model created
	Loaded data using mmap mode
	Self.data assigned
	Self.labels assigned
	Assigned self.data to unique split (train)
	Using memory-mapped data - skipping NaN filtering to preserve memory efficiency
	Finished loading data!
	Loaded data using mmap mode
	Assigned self.data to unique split (test)
	Using memory-mapped data - skipping NaN filtering to preserve memory efficiency
	Finished loading data!
### Dataloaders created
	Tracking:
		epoch
		train_time
		train_loss
		lr
		test_time
		test_loss
		train_ACC
		test_ACC
		train_AUC
		test_AUC
		train_cls_loss
		test_cls_loss
		train_feature_loss
		test_feature_loss
		train_recon_loss
		test_recon_loss
	Resuming from checkpoint at epoch 60
		1 EPOCH BEST TEST ACC: 0.03184918314218521
			Train time: 550.06 seconds
			Test time: 165.19 seconds
		2 EPOCH BEST TEST ACC: 0.09836850315332413
			Train time: 542.21 seconds
			Test time: 162.53 seconds
		3 EPOCH BEST TEST ACC: 0.11392995715141296
			Train time: 542.39 seconds
			Test time: 165.68 seconds
		4 EPOCH BEST TEST ACC: 0.2643944323062897
			Train time: 543.42 seconds
			Test time: 168.51 seconds
		5 EPOCH BEST TEST ACC: 0.35196855664253235
			Train time: 548.15 seconds
			Test time: 164.95 seconds
		6 EPOCH BEST TEST ACC: 0.4489777684211731
			Train time: 545.82 seconds
			Test time: 175.56 seconds
		7 EPOCH BEST TEST ACC: 0.49726736545562744
			Train time: 546.51 seconds
			Test time: 165.71 seconds
		8 EPOCH BEST TEST ACC: 0.5448191165924072
			Train time: 552.93 seconds
			Test time: 172.79 seconds
		9 EPOCH BEST TEST ACC: 0.559494137763977
			Train time: 556.04 seconds
			Test time: 168.20 seconds
		10 EPOCH BEST TEST ACC: 0.5785591006278992
			Train time: 544.97 seconds
			Test time: 163.67 seconds
		11 EPOCH BEST TEST ACC: 0.5955929756164551
			Train time: 536.96 seconds
			Test time: 166.39 seconds
		12 EPOCH BEST TEST ACC: 0.5909860134124756
			Train time: 565.29 seconds
			Test time: 169.23 seconds
		13 EPOCH BEST TEST ACC: 0.6104536652565002
			Train time: 551.03 seconds
			Test time: 167.24 seconds
		14 EPOCH BEST TEST ACC: 0.6048910617828369
			Train time: 546.01 seconds
			Test time: 168.02 seconds
		15 EPOCH BEST TEST ACC: 0.6415683627128601
			Train time: 547.66 seconds
			Test time: 169.42 seconds
		16 EPOCH BEST TEST ACC: 0.6571999788284302
			Train time: 537.94 seconds
			Test time: 168.50 seconds
		17 EPOCH BEST TEST ACC: 0.6772329807281494
			Train time: 566.99 seconds
			Test time: 181.28 seconds
		18 EPOCH BEST TEST ACC: 0.6553834676742554
			Train time: 573.91 seconds
			Test time: 170.54 seconds
		19 EPOCH BEST TEST ACC: 0.6721259355545044
			Train time: 580.58 seconds
			Test time: 178.45 seconds
		20 EPOCH BEST TEST ACC: 0.6620008945465088
			Train time: 577.41 seconds
			Test time: 180.11 seconds
		21 EPOCH BEST TEST ACC: 0.6755468845367432
			Train time: 561.47 seconds
			Test time: 170.87 seconds
		22 EPOCH BEST TEST ACC: 0.7002867460250854
			Train time: 570.39 seconds
			Test time: 180.76 seconds
		23 EPOCH BEST TEST ACC: 0.6846914291381836
			Train time: 560.48 seconds
			Test time: 172.67 seconds
		24 EPOCH BEST TEST ACC: 0.6889187097549438
			Train time: 565.83 seconds
			Test time: 181.88 seconds
		25 EPOCH BEST TEST ACC: 0.6975507736206055
			Train time: 565.62 seconds
			Test time: 170.49 seconds
		26 EPOCH BEST TEST ACC: 0.695822536945343
			Train time: 543.72 seconds
			Test time: 173.41 seconds
		27 EPOCH BEST TEST ACC: 0.688392162322998
			Train time: 542.66 seconds
			Test time: 170.76 seconds
		28 EPOCH BEST TEST ACC: 0.6947587132453918
			Train time: 546.51 seconds
			Test time: 175.09 seconds
		29 EPOCH BEST TEST ACC: 0.7006069421768188
			Train time: 551.88 seconds
			Test time: 168.22 seconds
		30 EPOCH BEST TEST ACC: 0.718134343624115
			Train time: 542.05 seconds
			Test time: 169.18 seconds
		31 EPOCH BEST TEST ACC: 0.7018606662750244
			Train time: 551.43 seconds
			Test time: 179.22 seconds
		32 EPOCH BEST TEST ACC: 0.689058244228363
			Train time: 546.53 seconds
			Test time: 170.38 seconds
		33 EPOCH BEST TEST ACC: 0.708522617816925
			Train time: 545.91 seconds
			Test time: 172.60 seconds
		34 EPOCH BEST TEST ACC: 0.716245174407959
			Train time: 548.32 seconds
			Test time: 174.43 seconds
		35 EPOCH BEST TEST ACC: 0.7111388444900513
			Train time: 550.74 seconds
			Test time: 169.19 seconds
		36 EPOCH BEST TEST ACC: 0.7099834680557251
			Train time: 584.92 seconds
			Test time: 230.25 seconds
		37 EPOCH BEST TEST ACC: 0.7144492864608765
			Train time: 569.61 seconds
			Test time: 175.60 seconds
		38 EPOCH BEST TEST ACC: 0.7167189121246338
			Train time: 549.92 seconds
			Test time: 207.00 seconds
		39 EPOCH BEST TEST ACC: 0.718329906463623
			Train time: 626.59 seconds
			Test time: 173.14 seconds
		40 EPOCH BEST TEST ACC: 0.7113600969314575
			Train time: 543.29 seconds
			Test time: 180.47 seconds
		41 EPOCH BEST TEST ACC: 0.7009189128875732
			Train time: 581.67 seconds
			Test time: 170.49 seconds
		42 EPOCH BEST TEST ACC: 0.718089759349823
			Train time: 548.00 seconds
			Test time: 172.10 seconds
		43 EPOCH BEST TEST ACC: 0.7320765256881714
			Train time: 547.58 seconds
			Test time: 170.74 seconds
		44 EPOCH BEST TEST ACC: 0.7057890892028809
			Train time: 544.72 seconds
			Test time: 173.86 seconds
		45 EPOCH BEST TEST ACC: 0.7019827365875244
			Train time: 545.83 seconds
			Test time: 171.98 seconds
		46 EPOCH BEST TEST ACC: 0.7094560861587524
			Train time: 547.12 seconds
			Test time: 173.15 seconds
		47 EPOCH BEST TEST ACC: 0.7175632119178772
			Train time: 555.87 seconds
			Test time: 190.00 seconds
		48 EPOCH BEST TEST ACC: 0.716133713722229
			Train time: 557.75 seconds
			Test time: 170.35 seconds
		49 EPOCH BEST TEST ACC: 0.7162600159645081
			Train time: 543.46 seconds
			Test time: 178.14 seconds
		50 EPOCH BEST TEST ACC: 0.7279647588729858
			Train time: 564.26 seconds
			Test time: 177.09 seconds
		51 EPOCH BEST TEST ACC: 0.766545295715332
			Train time: 551.54 seconds
			Test time: 176.78 seconds
		52 EPOCH BEST TEST ACC: 0.7701048851013184
			Train time: 543.53 seconds
			Test time: 174.26 seconds
		53 EPOCH BEST TEST ACC: 0.7703821659088135
			Train time: 551.01 seconds
			Test time: 175.14 seconds
		54 EPOCH BEST TEST ACC: 0.769906759262085
			Train time: 561.83 seconds
			Test time: 173.15 seconds
		55 EPOCH BEST TEST ACC: 0.7719485759735107
			Train time: 556.91 seconds
			Test time: 177.12 seconds
		56 EPOCH BEST TEST ACC: 0.7699447870254517
			Train time: 559.46 seconds
			Test time: 175.91 seconds
		57 EPOCH BEST TEST ACC: 0.7719329595565796
			Train time: 558.97 seconds
			Test time: 173.69 seconds
		58 EPOCH BEST TEST ACC: 0.7725040912628174
			Train time: 558.45 seconds
			Test time: 176.00 seconds
		59 EPOCH BEST TEST ACC: 0.7717546224594116
			Train time: 570.05 seconds
			Test time: 175.62 seconds
		60 EPOCH BEST TEST ACC: 0.7721409201622009
			Train time: 557.21 seconds
			Test time: 172.39 seconds
		61 EPOCH BEST TEST AUC: 0.7747349739074707
			Train time: 430.39 seconds
			Test time: 130.71 seconds
		62 EPOCH BEST TEST AUC: 0.7747802734375
			Train time: 421.28 seconds
			Test time: 133.34 seconds
		63 EPOCH BEST TEST AUC: 0.7747802734375
			Train time: 433.37 seconds
			Test time: 132.06 seconds
		64 EPOCH BEST TEST AUC: 0.7747802734375
			Train time: 423.57 seconds
			Test time: 131.80 seconds
		65 EPOCH BEST TEST AUC: 0.7747802734375
			Train time: 424.72 seconds
			Test time: 131.29 seconds
		66 EPOCH BEST TEST AUC: 0.7747802734375
			Train time: 424.12 seconds
			Test time: 131.58 seconds
		67 EPOCH BEST TEST AUC: 0.7747802734375
			Train time: 423.13 seconds
			Test time: 131.44 seconds
		68 EPOCH BEST TEST AUC: 0.7747802734375
			Train time: 419.25 seconds
			Test time: 131.44 seconds
		69 EPOCH BEST TEST AUC: 0.7747802734375
			Train time: 422.98 seconds
			Test time: 129.85 seconds
		70 EPOCH BEST TEST AUC: 0.7750609517097473
			Train time: 420.92 seconds
			Test time: 130.55 seconds
	Training time:         13:42:22
	Best train AUC: 0.8417050838470459
	Best test AUC: 0.7750609517097473

+------------------ Job Report: 2783068 (COMPLETED) -------------------+
| Memory (RAM)  [################### ] 100.0% (10 GB peak / 10 GB)     |
| CPU           [#########           ] 46.8% average                   |
| Time          [---------->         ] 54.3% (0-01:37:46 / 0-03:00:00) |
|                                                                      |
| Lustre Filesystem:                                                   |
|   No data available                                                  |
|                                                                      |
| Warnings:                                                            |
|   - CPU usage is low                                                 |
|   - Too much time requested                                          |
+----------------------------------------------------------------------+
