Copying file: ./data/ntu/aligned_data/ntu_CV-flowpose_D5_aligned.npz to /var/tmp/jobfs/data
Dataset copied to JOBFS: ntu_CV-flowpose_D5_aligned.npz
Data path: /var/tmp/jobfs/data/ntu_CV-flowpose_D5_aligned.npz
Run name: ntu_CV_cnn_D5

### Libraries loaded
feeder: feeders.ntu_rgb_d.Feeder
feeder_args:
  data_paths: {'CS': './data/ntu/aligned_data/ntu_CS-flowpose_D3_aligned.npz', 'CV': './data/ntu/aligned_data/ntu_CV-flowpose_D3_aligned.npz'}
  label_path: ./data/ntu/statistics/ntu_rgbd-annotations.yaml
  p_interval: [0.5, 1]
  random_choose: True
  random_shift: True
  window_size: 64
  random_move: True
  random_rot: True
  average_flow: False
  absolute_flow: False
  no_flow: False
  no_Z: True
extractor:
  preprocessed: True
  pose: {'weights': 'pretrained_models/yolo11x-pose.pt'}
  flow: {'weights': 'pretrained_models/raft_large.pt', 'imsize': [1080, 1920], 'minibatch_size': 3}
  flowpose: {'window_size': 5, 'threshold': 0.05, 'loop': False, 'norm': False, 'match_pose': False, 'ntu': True, 'dilation': 3}
model: model.infogcn2.sode.SODE
model_args:
  num_class: 60
  num_point: 25
  num_person: 2
  graph: graph.ntu_rgb_d.Graph
  pose_channels: 2
  flow_channels: 50
  embed_channels: 64
  num_head: 3
  ode_method: euler
  depth: 4
  device: 0
  T: 64
  n_step: 3
  SAGC_proj: True
  num_cls: 10
  n_sample: 1
  backbone: transformer
  cnn: True
  use_mask: True
ignore_weights: []
phase: train
optim:
  base_lr: 0.1
  nesterov: True
  weight_decay: 0.0003
  step: [50, 60]
  gamma: 0.1
lambda_1: 1
lambda_2: 0.1
lambda_3: 0.001
lambda_4: 0.0
lambda_5: 0.0
num_epoch: 70
device: 0
batch_size: 256
forward_batch_size: 128
test_batch_size: 256
half: False
checkpoint_freq: 10
save_location: ./results/ntu/
dataset: ntu
model_type: cnn
evaluation: CV
run_name: ntu_CV_cnn_D5
description: train ntu CV cnn with dilation 5 TESTING n_step = 4
data_path_overwrite: /var/tmp/jobfs/data/ntu_CV-flowpose_D5_aligned.npz
verbose: True
### Arguments loaded
	Output device: cuda:0
	Temporal encoder: transformer
	Model total number of params: 620416
	Loading weights from ./results/ntu/CV/train/ntu_CV_cnn_D5.pt
	Checkpoint file does not yet exist
	([Errno 2] No such file or directory: './results/ntu/CV/train/ntu_CV_cnn_D5.pt')
### Model created
	Loaded data using mmap mode
	Self.data assigned
	Self.labels assigned
	Assigned self.data to unique split (train)
	Using memory-mapped data - skipping NaN filtering to preserve memory efficiency
	Finished loading data!
	Loaded data using mmap mode
	Assigned self.data to unique split (test)
	Using memory-mapped data - skipping NaN filtering to preserve memory efficiency
	Finished loading data!
### Dataloaders created
	Tracking:
		epoch
		train_time
		train_loss
		lr
		test_time
		test_loss
		train_ACC
		test_ACC
		train_AUC
		test_AUC
		train_cls_loss
		test_cls_loss
		train_feature_loss
		test_feature_loss
		train_recon_loss
		test_recon_loss
	Created new checkpoint file: ./results/ntu/CV/train/ntu_CV_cnn_D5.pt
		1 EPOCH BEST TEST AUC: 0.04230519384145737
			Train time: 742.82 seconds
			Test time: 264.56 seconds
		2 EPOCH BEST TEST AUC: 0.11713798344135284
			Train time: 727.72 seconds
			Test time: 275.86 seconds
		3 EPOCH BEST TEST AUC: 0.17892324924468994
			Train time: 718.41 seconds
			Test time: 276.16 seconds
		4 EPOCH BEST TEST AUC: 0.29809483885765076
			Train time: 681.20 seconds
			Test time: 237.87 seconds
		5 EPOCH BEST TEST AUC: 0.437324196100235
			Train time: 643.51 seconds
			Test time: 226.48 seconds
		6 EPOCH BEST TEST AUC: 0.437324196100235
			Train time: 656.05 seconds
			Test time: 230.62 seconds
		7 EPOCH BEST TEST AUC: 0.47007298469543457
			Train time: 670.05 seconds
			Test time: 233.78 seconds
		8 EPOCH BEST TEST AUC: 0.5604737997055054
			Train time: 663.87 seconds
			Test time: 230.62 seconds
		9 EPOCH BEST TEST AUC: 0.5616919994354248
			Train time: 649.50 seconds
			Test time: 224.78 seconds
		10 EPOCH BEST TEST AUC: 0.5748798251152039
			Train time: 631.41 seconds
			Test time: 230.40 seconds
		11 EPOCH BEST TEST AUC: 0.5757406949996948
			Train time: 622.32 seconds
			Test time: 229.52 seconds
		12 EPOCH BEST TEST AUC: 0.6097100973129272
			Train time: 624.82 seconds
			Test time: 232.44 seconds
		13 EPOCH BEST TEST AUC: 0.6410847306251526
			Train time: 637.01 seconds
			Test time: 229.04 seconds
		14 EPOCH BEST TEST AUC: 0.6410847306251526
			Train time: 642.00 seconds
			Test time: 241.87 seconds
		15 EPOCH BEST TEST AUC: 0.6559140682220459
			Train time: 648.63 seconds
			Test time: 232.62 seconds
		16 EPOCH BEST TEST AUC: 0.6559140682220459
			Train time: 667.29 seconds
			Test time: 233.44 seconds
		17 EPOCH BEST TEST AUC: 0.6677508354187012
			Train time: 582.31 seconds
			Test time: 182.90 seconds
		18 EPOCH BEST TEST AUC: 0.6677508354187012
			Train time: 524.09 seconds
			Test time: 185.22 seconds
		19 EPOCH BEST TEST AUC: 0.6677508354187012
			Train time: 520.38 seconds
			Test time: 184.51 seconds
		20 EPOCH BEST TEST AUC: 0.6726731061935425
			Train time: 533.76 seconds
			Test time: 184.91 seconds
		21 EPOCH BEST TEST AUC: 0.6894856691360474
			Train time: 530.01 seconds
			Test time: 185.19 seconds
		22 EPOCH BEST TEST AUC: 0.6894856691360474
			Train time: 534.20 seconds
			Test time: 185.27 seconds
		23 EPOCH BEST TEST AUC: 0.6894856691360474
			Train time: 531.90 seconds
			Test time: 185.08 seconds
		24 EPOCH BEST TEST AUC: 0.6894856691360474
			Train time: 536.74 seconds
			Test time: 183.70 seconds
		25 EPOCH BEST TEST AUC: 0.6943634152412415
			Train time: 532.79 seconds
			Test time: 183.05 seconds
		26 EPOCH BEST TEST AUC: 0.6943634152412415
			Train time: 530.42 seconds
			Test time: 182.03 seconds
		27 EPOCH BEST TEST AUC: 0.6997288465499878
			Train time: 535.07 seconds
			Test time: 184.64 seconds
		28 EPOCH BEST TEST AUC: 0.6997288465499878
			Train time: 531.91 seconds
			Test time: 180.59 seconds
		29 EPOCH BEST TEST AUC: 0.6997288465499878
			Train time: 538.08 seconds
			Test time: 184.45 seconds
		30 EPOCH BEST TEST AUC: 0.6997288465499878
			Train time: 534.45 seconds
			Test time: 183.19 seconds
		31 EPOCH BEST TEST AUC: 0.7029838562011719
			Train time: 536.00 seconds
			Test time: 183.82 seconds
		32 EPOCH BEST TEST AUC: 0.7029838562011719
			Train time: 535.15 seconds
			Test time: 183.23 seconds
		33 EPOCH BEST TEST AUC: 0.7029838562011719
			Train time: 535.26 seconds
			Test time: 182.69 seconds
		34 EPOCH BEST TEST AUC: 0.7029838562011719
			Train time: 520.97 seconds
			Test time: 182.50 seconds
		35 EPOCH BEST TEST AUC: 0.7029838562011719
			Train time: 535.83 seconds
			Test time: 183.01 seconds
		36 EPOCH BEST TEST AUC: 0.7029838562011719
			Train time: 532.55 seconds
			Test time: 181.22 seconds
		37 EPOCH BEST TEST AUC: 0.7029838562011719
			Train time: 531.51 seconds
			Test time: 182.92 seconds
		38 EPOCH BEST TEST AUC: 0.7106205224990845
			Train time: 533.07 seconds
			Test time: 183.18 seconds
		39 EPOCH BEST TEST AUC: 0.7106205224990845
			Train time: 530.98 seconds
			Test time: 183.01 seconds
		40 EPOCH BEST TEST AUC: 0.7106205224990845
			Train time: 530.61 seconds
			Test time: 183.12 seconds
		41 EPOCH BEST TEST AUC: 0.7171521186828613
			Train time: 533.66 seconds
			Test time: 183.81 seconds
		42 EPOCH BEST TEST AUC: 0.7171521186828613
			Train time: 530.34 seconds
			Test time: 182.83 seconds
		43 EPOCH BEST TEST AUC: 0.7171521186828613
			Train time: 535.72 seconds
			Test time: 183.46 seconds
		44 EPOCH BEST TEST AUC: 0.7171521186828613
			Train time: 533.36 seconds
			Test time: 183.52 seconds
		45 EPOCH BEST TEST AUC: 0.7202339172363281
			Train time: 532.34 seconds
			Test time: 183.77 seconds
		46 EPOCH BEST TEST AUC: 0.7202339172363281
			Train time: 534.35 seconds
			Test time: 183.25 seconds
		47 EPOCH BEST TEST AUC: 0.7202339172363281
			Train time: 535.83 seconds
			Test time: 183.38 seconds
		48 EPOCH BEST TEST AUC: 0.7202339172363281
			Train time: 535.41 seconds
			Test time: 182.72 seconds
		49 EPOCH BEST TEST AUC: 0.7210642099380493
			Train time: 539.16 seconds
			Test time: 183.74 seconds
		50 EPOCH BEST TEST AUC: 0.7210642099380493
			Train time: 531.87 seconds
			Test time: 182.47 seconds
		51 EPOCH BEST TEST AUC: 0.7521648406982422
			Train time: 535.61 seconds
			Test time: 182.73 seconds
		52 EPOCH BEST TEST AUC: 0.7538748383522034
			Train time: 536.60 seconds
			Test time: 182.59 seconds
		53 EPOCH BEST TEST AUC: 0.7538748383522034
			Train time: 539.69 seconds
			Test time: 184.00 seconds
		54 EPOCH BEST TEST AUC: 0.7543742060661316
			Train time: 533.39 seconds
			Test time: 184.99 seconds
		55 EPOCH BEST TEST AUC: 0.7547026872634888
			Train time: 534.82 seconds
			Test time: 185.39 seconds
		56 EPOCH BEST TEST AUC: 0.7547662258148193
			Train time: 534.04 seconds
			Test time: 183.60 seconds
		57 EPOCH BEST TEST AUC: 0.75722736120224
			Train time: 536.37 seconds
			Test time: 184.74 seconds
		58 EPOCH BEST TEST AUC: 0.75722736120224
			Train time: 535.15 seconds
			Test time: 183.48 seconds
		59 EPOCH BEST TEST AUC: 0.7572339773178101
			Train time: 532.65 seconds
			Test time: 184.99 seconds
		60 EPOCH BEST TEST AUC: 0.7578001022338867
			Train time: 541.51 seconds
			Test time: 184.79 seconds
		61 EPOCH BEST TEST AUC: 0.7598980665206909
			Train time: 539.53 seconds
			Test time: 186.17 seconds
		62 EPOCH BEST TEST AUC: 0.7600408792495728
			Train time: 543.04 seconds
			Test time: 186.98 seconds
		63 EPOCH BEST TEST AUC: 0.7603949308395386
			Train time: 535.59 seconds
			Test time: 187.52 seconds
		64 EPOCH BEST TEST AUC: 0.7603949308395386
			Train time: 544.72 seconds
			Test time: 185.73 seconds
		65 EPOCH BEST TEST AUC: 0.7603949308395386
			Train time: 544.36 seconds
			Test time: 185.69 seconds
		66 EPOCH BEST TEST AUC: 0.7603949308395386
			Train time: 542.22 seconds
			Test time: 185.86 seconds
		67 EPOCH BEST TEST AUC: 0.7603949308395386
			Train time: 538.46 seconds
			Test time: 186.26 seconds
		68 EPOCH BEST TEST AUC: 0.7603949308395386
			Train time: 540.13 seconds
			Test time: 186.60 seconds
		69 EPOCH BEST TEST AUC: 0.7603949308395386
			Train time: 542.37 seconds
			Test time: 185.13 seconds
		70 EPOCH BEST TEST AUC: 0.7607944011688232
			Train time: 539.06 seconds
			Test time: 184.70 seconds
	Training time:         14:48:44
	Best train AUC: 0.8293219804763794
	Best test AUC: 0.7607944011688232

+------------------ Job Report: 3658741 (COMPLETED) -------------------+
| Memory (RAM)  [##############      ] 70.4% (7 GB peak / 10 GB)       |
| CPU           [############        ] 64.0% average                   |
| GPU           [###                 ] 20.0% average                   |
| Time          [------------------> ] 93.2% (0-14:54:49 / 0-16:00:00) |
|                                                                      |
| Lustre Filesystem:                                                   |
|   Path    Total Read    Total Write    Total IOPS                    |
|   ------  ------------  -------------  ------------                  |
|   /apps   14 MB         0 B            218                           |
|   /fred   175 GB        36.8 MB        1.8 K                         |
|   /home   0 B           0 B            2                             |
|   OS      4 MB          0 B            68                            |
|                                                                      |
| Warnings:                                                            |
|   - CPU usage is low                                                 |
|   - GPU usage is low                                                 |
+----------------------------------------------------------------------+
