Dataset copied to JOBFS: NTU60_CV-flowpose_aligned.npz
### Libraries loaded
feeder: feeders.ntu_rgb_d.Feeder
feeder_args:
  data_paths: {'CS': './data/ntu/aligned_data/NTU60_CS-flowpose_aligned.npz', 'CV': './data/ntu/aligned_data/NTU60_CV-flowpose_aligned.npz'}
  label_path: ./data/ntu/statistics/ntu-rgbd-annotations.yaml
  p_interval: [0.5, 1]
  random_choose: True
  random_shift: True
  window_size: 64
  random_move: True
  random_rot: True
  average_flow: False
  absolute_flow: {'window_mean': True}
  no_flow: False
extractor:
  preprocessed: True
  pose: {'weights': 'pretrained_models/yolo11x-pose.pt'}
  flow: {'weights': 'pretrained_models/raft_large.pt', 'imsize': [1080, 1920], 'minibatch_size': 3}
  flowpose: {'window_size': 5, 'threshold': 0.05, 'loop': False, 'norm': False, 'match_pose': False, 'ntu': True, 'dilation': 1}
model: model.infogcn2.sode.SODE
model_args:
  num_class: 60
  num_point: 25
  num_person: 2
  graph: graph.ntu_rgb_d.Graph
  pose_channels: 3
  flow_channels: 1
  embed_channels: 64
  num_head: 3
  ode_method: euler
  depth: 4
  device: 0
  T: 64
  n_step: 3
  SAGC_proj: True
  num_cls: 10
  n_sample: 1
  backbone: transformer
  cnn: False
  use_mask: True
ignore_weights: []
phase: train
optim:
  base_lr: 0.1
  nesterov: True
  weight_decay: 0.0003
  step: [50, 60]
  gamma: 0.1
lambda_1: 1
lambda_2: 0.1
lambda_3: 0.001
lambda_4: 0.0
lambda_5: 0.0
num_epoch: 70
device: 0
batch_size: 256
forward_batch_size: 128
test_batch_size: 256
half: False
checkpoint_freq: 10
save_location: ./results/ntu/
dataset: ntu
model_type: abs
evaluation: CV
run_name: ntu_CV_abs
description: train ntu {evaluation} {model_type}
data_path_overwrite: /var/tmp/jobfs/data
verbose: True
### Arguments loaded
	Output device: cuda:0
	Temporal encoder: transformer
	Model total number of params: 613811
	Loading weights from ./results/ntu/CV/train/ntu_CV_abs.pt
	Total number of weights removed: 0
	Pretrained model loaded
### Model created
	Loaded data using mmap mode
	Self.data assigned
	Self.labels assigned
	Assigned self.data to unique split (train)
	Using memory-mapped data - skipping NaN filtering to preserve memory efficiency
	Finished loading data!
	Loaded data using mmap mode
	Assigned self.data to unique split (test)
	Using memory-mapped data - skipping NaN filtering to preserve memory efficiency
	Finished loading data!
### Dataloaders created
	Tracking:
		epoch
		train_time
		train_loss
		lr
		test_time
		test_loss
		train_ACC
		test_ACC
		train_AUC
		test_AUC
		train_cls_loss
		test_cls_loss
		train_feature_loss
		test_feature_loss
		train_recon_loss
		test_recon_loss
	Resuming from checkpoint at epoch 10
		1 EPOCH BEST TEST ACC: 0.030150670558214188
			Train time: 381.97 seconds
			Test time: 132.69 seconds
		2 EPOCH BEST TEST ACC: 0.06179022416472435
			Train time: 377.36 seconds
			Test time: 129.84 seconds
		3 EPOCH BEST TEST ACC: 0.07186988741159439
			Train time: 375.88 seconds
			Test time: 132.91 seconds
		4 EPOCH BEST TEST ACC: 0.1887577921152115
			Train time: 379.81 seconds
			Test time: 130.27 seconds
		5 EPOCH BEST TEST ACC: 0.26641812920570374
			Train time: 372.88 seconds
			Test time: 129.39 seconds
		6 EPOCH BEST TEST ACC: 0.34157443046569824
			Train time: 373.24 seconds
			Test time: 132.15 seconds
		7 EPOCH BEST TEST ACC: 0.3798883855342865
			Train time: 372.04 seconds
			Test time: 130.16 seconds
		8 EPOCH BEST TEST ACC: 0.31037232279777527
			Train time: 372.93 seconds
			Test time: 140.23 seconds
		9 EPOCH BEST TEST ACC: 0.4442718029022217
			Train time: 389.24 seconds
			Test time: 133.39 seconds
		10 EPOCH BEST TEST ACC: 0.5168646574020386
			Train time: 387.38 seconds
			Test time: 136.24 seconds
		11 EPOCH BEST TEST AUC: 0.5311650037765503
			Train time: 379.74 seconds
			Test time: 129.65 seconds
		12 EPOCH BEST TEST AUC: 0.5311650037765503
			Train time: 373.26 seconds
			Test time: 121.88 seconds
		13 EPOCH BEST TEST AUC: 0.5538077354431152
			Train time: 359.40 seconds
			Test time: 122.35 seconds
		14 EPOCH BEST TEST AUC: 0.568169116973877
			Train time: 358.64 seconds
			Test time: 122.37 seconds
		15 EPOCH BEST TEST AUC: 0.6005523204803467
			Train time: 357.62 seconds
			Test time: 122.10 seconds
		16 EPOCH BEST TEST AUC: 0.6005523204803467
			Train time: 359.86 seconds
			Test time: 122.35 seconds
		17 EPOCH BEST TEST AUC: 0.6005523204803467
			Train time: 357.68 seconds
			Test time: 122.80 seconds
		18 EPOCH BEST TEST AUC: 0.6081485748291016
			Train time: 363.54 seconds
			Test time: 123.57 seconds
		19 EPOCH BEST TEST AUC: 0.6237249374389648
			Train time: 365.90 seconds
			Test time: 123.72 seconds
		20 EPOCH BEST TEST AUC: 0.6275056600570679
			Train time: 365.18 seconds
			Test time: 123.21 seconds
		21 EPOCH BEST TEST AUC: 0.6275056600570679
			Train time: 365.95 seconds
			Test time: 123.29 seconds
		22 EPOCH BEST TEST AUC: 0.6347041130065918
			Train time: 364.54 seconds
			Test time: 123.62 seconds
		23 EPOCH BEST TEST AUC: 0.6351498365402222
			Train time: 361.93 seconds
			Test time: 123.75 seconds
		24 EPOCH BEST TEST AUC: 0.6405301094055176
			Train time: 363.92 seconds
			Test time: 123.94 seconds
		25 EPOCH BEST TEST AUC: 0.6478936672210693
			Train time: 363.85 seconds
			Test time: 123.47 seconds
		26 EPOCH BEST TEST AUC: 0.6478936672210693
			Train time: 364.03 seconds
			Test time: 123.40 seconds
		27 EPOCH BEST TEST AUC: 0.6571438312530518
			Train time: 364.04 seconds
			Test time: 123.25 seconds
		28 EPOCH BEST TEST AUC: 0.6573377847671509
			Train time: 363.46 seconds
			Test time: 123.25 seconds
		29 EPOCH BEST TEST AUC: 0.6573377847671509
			Train time: 364.42 seconds
			Test time: 123.30 seconds
		30 EPOCH BEST TEST AUC: 0.6573377847671509
			Train time: 362.87 seconds
			Test time: 123.54 seconds
		31 EPOCH BEST TEST AUC: 0.6630613803863525
			Train time: 365.05 seconds
			Test time: 123.66 seconds
		32 EPOCH BEST TEST AUC: 0.6630613803863525
			Train time: 365.26 seconds
			Test time: 123.66 seconds
		33 EPOCH BEST TEST AUC: 0.6710926294326782
			Train time: 364.37 seconds
			Test time: 123.19 seconds
		34 EPOCH BEST TEST AUC: 0.6710926294326782
			Train time: 368.03 seconds
			Test time: 126.51 seconds
		35 EPOCH BEST TEST AUC: 0.6710926294326782
			Train time: 372.68 seconds
			Test time: 126.75 seconds
		36 EPOCH BEST TEST AUC: 0.6710926294326782
			Train time: 378.60 seconds
			Test time: 126.32 seconds
		37 EPOCH BEST TEST AUC: 0.6710926294326782
			Train time: 372.95 seconds
			Test time: 126.85 seconds
		38 EPOCH BEST TEST AUC: 0.6710926294326782
			Train time: 370.81 seconds
			Test time: 126.79 seconds
		39 EPOCH BEST TEST AUC: 0.6758093237876892
			Train time: 376.97 seconds
			Test time: 125.04 seconds
		40 EPOCH BEST TEST AUC: 0.6809898614883423
			Train time: 357.71 seconds
			Test time: 121.68 seconds
		41 EPOCH BEST TEST AUC: 0.6809898614883423
			Train time: 355.35 seconds
			Test time: 121.73 seconds
		42 EPOCH BEST TEST AUC: 0.6809898614883423
			Train time: 355.29 seconds
			Test time: 122.52 seconds
		43 EPOCH BEST TEST AUC: 0.6809898614883423
			Train time: 357.91 seconds
			Test time: 122.80 seconds
		44 EPOCH BEST TEST AUC: 0.6809898614883423
			Train time: 356.59 seconds
			Test time: 121.64 seconds
		45 EPOCH BEST TEST AUC: 0.6809898614883423
			Train time: 358.10 seconds
			Test time: 121.60 seconds
		46 EPOCH BEST TEST AUC: 0.6809898614883423
			Train time: 362.03 seconds
			Test time: 121.45 seconds
		47 EPOCH BEST TEST AUC: 0.6825480461120605
			Train time: 359.28 seconds
			Test time: 122.19 seconds
		48 EPOCH BEST TEST AUC: 0.6825480461120605
			Train time: 359.14 seconds
			Test time: 122.26 seconds
		49 EPOCH BEST TEST AUC: 0.6825480461120605
			Train time: 356.86 seconds
			Test time: 121.92 seconds
		50 EPOCH BEST TEST AUC: 0.6825480461120605
			Train time: 356.37 seconds
			Test time: 122.20 seconds
		51 EPOCH BEST TEST AUC: 0.7135909199714661
			Train time: 357.16 seconds
			Test time: 122.26 seconds
		52 EPOCH BEST TEST AUC: 0.7151639461517334
			Train time: 369.23 seconds
			Test time: 128.19 seconds
		53 EPOCH BEST TEST AUC: 0.7159290313720703
			Train time: 377.11 seconds
			Test time: 128.48 seconds
		54 EPOCH BEST TEST AUC: 0.7175483107566833
			Train time: 381.61 seconds
			Test time: 128.89 seconds
		55 EPOCH BEST TEST AUC: 0.7175483107566833
			Train time: 386.66 seconds
			Test time: 131.53 seconds
		56 EPOCH BEST TEST AUC: 0.7175483107566833
			Train time: 376.11 seconds
			Test time: 121.92 seconds
		57 EPOCH BEST TEST AUC: 0.7175483107566833
			Train time: 359.20 seconds
			Test time: 121.79 seconds
		58 EPOCH BEST TEST AUC: 0.7175483107566833
			Train time: 355.21 seconds
			Test time: 122.15 seconds
		59 EPOCH BEST TEST AUC: 0.7175483107566833
			Train time: 374.34 seconds
			Test time: 122.47 seconds
		60 EPOCH BEST TEST AUC: 0.7175483107566833
			Train time: 381.90 seconds
			Test time: 134.59 seconds
		61 EPOCH BEST TEST AUC: 0.7182861566543579
			Train time: 392.86 seconds
			Test time: 135.49 seconds
		62 EPOCH BEST TEST AUC: 0.7200573682785034
			Train time: 400.23 seconds
			Test time: 130.58 seconds
		63 EPOCH BEST TEST AUC: 0.7200573682785034
			Train time: 363.23 seconds
			Test time: 122.64 seconds
		64 EPOCH BEST TEST AUC: 0.7200573682785034
			Train time: 362.40 seconds
			Test time: 122.83 seconds
		65 EPOCH BEST TEST AUC: 0.7200573682785034
			Train time: 360.23 seconds
			Test time: 123.39 seconds
		66 EPOCH BEST TEST AUC: 0.7200573682785034
			Train time: 365.76 seconds
			Test time: 123.36 seconds
		67 EPOCH BEST TEST AUC: 0.7200573682785034
			Train time: 367.26 seconds
			Test time: 124.16 seconds
		68 EPOCH BEST TEST AUC: 0.7200573682785034
			Train time: 375.88 seconds
			Test time: 125.31 seconds
		69 EPOCH BEST TEST AUC: 0.7200573682785034
			Train time: 369.56 seconds
			Test time: 127.83 seconds
		70 EPOCH BEST TEST AUC: 0.7200573682785034
			Train time: 374.45 seconds
			Test time: 124.99 seconds
	Training time: 9:36:12
	Best train AUC: 0.8039031028747559
	Best test AUC: 0.7200573682785034

+------------------ Job Report: 2452995 (COMPLETED) -------------------+
| Memory (RAM)  [################### ] 99.9% (5 GB peak / 5 GB)        |
| CPU           [###########         ] 56.8% average                   |
| GPU           [######              ] 30.0% average                   |
| Time          [------------->      ] 68.9% (0-08:15:48 / 0-12:00:00) |
|                                                                      |
| Lustre Filesystem:                                                   |
|   Path    Total Read    Total Write    Total IOPS                    |
|   ------  ------------  -------------  ------------                  |
|   /apps   95.2 MB       0 B            28                            |
|   /fred   194.6 GB      31.2 MB        2.1 K                         |
|   /home   0 B           0 B            3                             |
|   OS      727.7 MB      0 B            867                           |
|                                                                      |
| Warnings:                                                            |
|   - CPU usage is low                                                 |
|   - GPU usage is low                                                 |
|   - Too much time requested                                          |
+----------------------------------------------------------------------+
