Copying file: ./data/ntu/aligned_data/ntu_CV-flowpose_D3_aligned.npz to /var/tmp/jobfs/data
Dataset copied to JOBFS: ntu_CV-flowpose_D3_aligned.npz
Data path: /var/tmp/jobfs/data/ntu_CV-flowpose_D3_aligned.npz
Run name: ntu_CV_avg_D3

### Libraries loaded
feeder: feeders.ntu_rgb_d.Feeder
feeder_args:
  data_paths: {'CS': './data/ntu/aligned_data/ntu_CS-flowpose_D3_aligned.npz', 'CV': './data/ntu/aligned_data/ntu_CV-flowpose_D3_aligned.npz'}
  label_path: ./data/ntu/statistics/ntu_rgbd-annotations.yaml
  p_interval: [0.5, 1]
  random_choose: True
  random_shift: True
  window_size: 64
  random_move: True
  random_rot: True
  average_flow: True
  absolute_flow: False
  no_flow: False
extractor:
  preprocessed: True
  pose: {'weights': 'pretrained_models/yolo11x-pose.pt'}
  flow: {'weights': 'pretrained_models/raft_large.pt', 'imsize': [1080, 1920], 'minibatch_size': 3}
  flowpose: {'window_size': 5, 'threshold': 0.05, 'loop': False, 'norm': False, 'match_pose': False, 'ntu': True, 'dilation': 1}
model: model.infogcn2.sode.SODE
model_args:
  num_class: 60
  num_point: 25
  num_person: 2
  graph: graph.ntu_rgb_d.Graph
  pose_channels: 3
  flow_channels: 2
  embed_channels: 64
  num_head: 3
  ode_method: euler
  depth: 4
  device: 0
  T: 64
  n_step: 3
  SAGC_proj: True
  num_cls: 10
  n_sample: 1
  backbone: transformer
  cnn: False
  use_mask: True
ignore_weights: []
phase: train
optim:
  base_lr: 0.1
  nesterov: True
  weight_decay: 0.0003
  step: [50, 60]
  gamma: 0.1
lambda_1: 1
lambda_2: 0.1
lambda_3: 0.001
lambda_4: 0.0
lambda_5: 0.0
num_epoch: 70
device: 0
batch_size: 256
forward_batch_size: 128
test_batch_size: 256
half: False
checkpoint_freq: 10
save_location: ./results/ntu/
dataset: ntu
model_type: avg
evaluation: CV
run_name: ntu_CV_avg_D3
description: train ntu CV avg with dilation 3 TESTING n_step = 4
data_path_overwrite: /var/tmp/jobfs/data/ntu_CV-flowpose_D3_aligned.npz
verbose: True
### Arguments loaded
	Output device: cuda:0
	Temporal encoder: transformer
	Model total number of params: 613875
	Loading weights from ./results/ntu/CV/train/ntu_CV_avg_D3.pt
	Total number of weights removed: 0
	Pretrained model loaded
### Model created
	Loaded data using mmap mode
	Self.data assigned
	Self.labels assigned
	Assigned self.data to unique split (train)
	Using memory-mapped data - skipping NaN filtering to preserve memory efficiency
	Finished loading data!
	Loaded data using mmap mode
	Assigned self.data to unique split (test)
	Using memory-mapped data - skipping NaN filtering to preserve memory efficiency
	Finished loading data!
### Dataloaders created
	Tracking:
		epoch
		train_time
		train_loss
		lr
		test_time
		test_loss
		train_ACC
		test_ACC
		train_AUC
		test_AUC
		train_cls_loss
		test_cls_loss
		train_feature_loss
		test_feature_loss
		train_recon_loss
		test_recon_loss
	Resuming from checkpoint at epoch 70
		1 EPOCH BEST TEST ACC: 0.03169402480125427
			Train time: 365.88 seconds
			Test time: 120.37 seconds
		2 EPOCH BEST TEST ACC: 0.10015450417995453
			Train time: 355.45 seconds
			Test time: 120.58 seconds
		3 EPOCH BEST TEST ACC: 0.18863317370414734
			Train time: 359.89 seconds
			Test time: 120.42 seconds
		4 EPOCH BEST TEST ACC: 0.1801513284444809
			Train time: 365.83 seconds
			Test time: 125.64 seconds
		5 EPOCH BEST TEST ACC: 0.3573538064956665
			Train time: 355.71 seconds
			Test time: 122.03 seconds
		6 EPOCH BEST TEST ACC: 0.42726847529411316
			Train time: 358.11 seconds
			Test time: 121.57 seconds
		7 EPOCH BEST TEST ACC: 0.470917284488678
			Train time: 368.84 seconds
			Test time: 121.81 seconds
		8 EPOCH BEST TEST ACC: 0.5546544790267944
			Train time: 366.81 seconds
			Test time: 130.49 seconds
		9 EPOCH BEST TEST ACC: 0.5876294374465942
			Train time: 359.55 seconds
			Test time: 126.70 seconds
		10 EPOCH BEST TEST ACC: 0.5941725969314575
			Train time: 372.04 seconds
			Test time: 123.98 seconds
		11 EPOCH BEST TEST ACC: 0.6199490427970886
			Train time: 365.49 seconds
			Test time: 122.03 seconds
		12 EPOCH BEST TEST ACC: 0.6261678338050842
			Train time: 367.59 seconds
			Test time: 130.71 seconds
		13 EPOCH BEST TEST ACC: 0.64657062292099
			Train time: 379.86 seconds
			Test time: 131.25 seconds
		14 EPOCH BEST TEST ACC: 0.6506237387657166
			Train time: 363.48 seconds
			Test time: 122.05 seconds
		15 EPOCH BEST TEST ACC: 0.6440699100494385
			Train time: 363.58 seconds
			Test time: 123.99 seconds
		16 EPOCH BEST TEST ACC: 0.6621898412704468
			Train time: 364.05 seconds
			Test time: 123.36 seconds
		17 EPOCH BEST TEST ACC: 0.6785436272621155
			Train time: 358.40 seconds
			Test time: 122.30 seconds
		18 EPOCH BEST TEST ACC: 0.6747363805770874
			Train time: 358.32 seconds
			Test time: 122.46 seconds
		19 EPOCH BEST TEST ACC: 0.6809593439102173
			Train time: 357.75 seconds
			Test time: 122.40 seconds
		20 EPOCH BEST TEST ACC: 0.6829096078872681
			Train time: 357.78 seconds
			Test time: 122.25 seconds
		21 EPOCH BEST TEST ACC: 0.6936668157577515
			Train time: 356.74 seconds
			Test time: 122.20 seconds
		22 EPOCH BEST TEST ACC: 0.6914648413658142
			Train time: 357.67 seconds
			Test time: 122.09 seconds
		23 EPOCH BEST TEST ACC: 0.6960346698760986
			Train time: 356.21 seconds
			Test time: 120.83 seconds
		24 EPOCH BEST TEST ACC: 0.6932129263877869
			Train time: 354.30 seconds
			Test time: 121.33 seconds
		25 EPOCH BEST TEST ACC: 0.7048425674438477
			Train time: 356.19 seconds
			Test time: 121.24 seconds
		26 EPOCH BEST TEST ACC: 0.705217182636261
			Train time: 357.97 seconds
			Test time: 127.48 seconds
		27 EPOCH BEST TEST ACC: 0.7060656547546387
			Train time: 370.47 seconds
			Test time: 128.48 seconds
		28 EPOCH BEST TEST ACC: 0.6995967626571655
			Train time: 367.11 seconds
			Test time: 121.98 seconds
		29 EPOCH BEST TEST ACC: 0.7071608304977417
			Train time: 355.91 seconds
			Test time: 125.97 seconds
		30 EPOCH BEST TEST ACC: 0.6980839371681213
			Train time: 375.45 seconds
			Test time: 128.87 seconds
		31 EPOCH BEST TEST ACC: 0.7164614200592041
			Train time: 369.61 seconds
			Test time: 130.18 seconds
		32 EPOCH BEST TEST ACC: 0.7167237997055054
			Train time: 376.84 seconds
			Test time: 130.10 seconds
		33 EPOCH BEST TEST ACC: 0.7128910422325134
			Train time: 376.78 seconds
			Test time: 128.44 seconds
		34 EPOCH BEST TEST ACC: 0.7192378044128418
			Train time: 368.81 seconds
			Test time: 125.26 seconds
		35 EPOCH BEST TEST ACC: 0.7222064733505249
			Train time: 358.63 seconds
			Test time: 127.61 seconds
		36 EPOCH BEST TEST ACC: 0.7187426090240479
			Train time: 369.18 seconds
			Test time: 131.07 seconds
		37 EPOCH BEST TEST ACC: 0.7255687713623047
			Train time: 359.71 seconds
			Test time: 122.48 seconds
		38 EPOCH BEST TEST ACC: 0.7154190540313721
			Train time: 357.34 seconds
			Test time: 122.08 seconds
		39 EPOCH BEST TEST ACC: 0.728661298751831
			Train time: 357.71 seconds
			Test time: 124.17 seconds
		40 EPOCH BEST TEST ACC: 0.7265724539756775
			Train time: 354.29 seconds
			Test time: 121.10 seconds
		41 EPOCH BEST TEST ACC: 0.7218342423439026
			Train time: 351.05 seconds
			Test time: 121.55 seconds
		42 EPOCH BEST TEST ACC: 0.7176952362060547
			Train time: 369.60 seconds
			Test time: 129.14 seconds
		43 EPOCH BEST TEST ACC: 0.7227132320404053
			Train time: 366.53 seconds
			Test time: 127.14 seconds
		44 EPOCH BEST TEST ACC: 0.7277839779853821
			Train time: 365.72 seconds
			Test time: 128.54 seconds
		45 EPOCH BEST TEST ACC: 0.7258915305137634
			Train time: 364.37 seconds
			Test time: 127.04 seconds
		46 EPOCH BEST TEST ACC: 0.7139391899108887
			Train time: 364.64 seconds
			Test time: 127.34 seconds
		47 EPOCH BEST TEST ACC: 0.7200234532356262
			Train time: 368.47 seconds
			Test time: 126.56 seconds
		48 EPOCH BEST TEST ACC: 0.7239140272140503
			Train time: 364.81 seconds
			Test time: 126.82 seconds
		49 EPOCH BEST TEST ACC: 0.7271353006362915
			Train time: 370.70 seconds
			Test time: 126.83 seconds
		50 EPOCH BEST TEST ACC: 0.7116365432739258
			Train time: 372.50 seconds
			Test time: 126.72 seconds
		51 EPOCH BEST TEST ACC: 0.766433835029602
			Train time: 377.20 seconds
			Test time: 126.46 seconds
		52 EPOCH BEST TEST ACC: 0.7679491639137268
			Train time: 366.95 seconds
			Test time: 128.71 seconds
		53 EPOCH BEST TEST ACC: 0.766929030418396
			Train time: 376.57 seconds
			Test time: 128.82 seconds
		54 EPOCH BEST TEST ACC: 0.7676726579666138
			Train time: 369.64 seconds
			Test time: 127.40 seconds
		55 EPOCH BEST TEST ACC: 0.7672005891799927
			Train time: 365.51 seconds
			Test time: 127.26 seconds
		56 EPOCH BEST TEST ACC: 0.7682867050170898
			Train time: 367.93 seconds
			Test time: 129.37 seconds
		57 EPOCH BEST TEST ACC: 0.7679392099380493
			Train time: 375.57 seconds
			Test time: 127.41 seconds
		58 EPOCH BEST TEST ACC: 0.7685887813568115
			Train time: 371.06 seconds
			Test time: 128.49 seconds
		59 EPOCH BEST TEST ACC: 0.7688660621643066
			Train time: 372.08 seconds
			Test time: 127.97 seconds
		60 EPOCH BEST TEST ACC: 0.7691012620925903
			Train time: 373.05 seconds
			Test time: 127.72 seconds
		61 EPOCH BEST TEST ACC: 0.7708162665367126
			Train time: 370.75 seconds
			Test time: 127.64 seconds
		62 EPOCH BEST TEST ACC: 0.7709912061691284
			Train time: 370.95 seconds
			Test time: 128.16 seconds
		63 EPOCH BEST TEST ACC: 0.7706924676895142
			Train time: 373.26 seconds
			Test time: 127.40 seconds
		64 EPOCH BEST TEST ACC: 0.7706652879714966
			Train time: 370.43 seconds
			Test time: 127.92 seconds
		65 EPOCH BEST TEST ACC: 0.7705984115600586
			Train time: 371.72 seconds
			Test time: 129.15 seconds
		66 EPOCH BEST TEST ACC: 0.7704853415489197
			Train time: 370.80 seconds
			Test time: 129.08 seconds
		67 EPOCH BEST TEST ACC: 0.7705456018447876
			Train time: 371.15 seconds
			Test time: 127.90 seconds
		68 EPOCH BEST TEST ACC: 0.7712124586105347
			Train time: 404.70 seconds
			Test time: 133.62 seconds
		69 EPOCH BEST TEST ACC: 0.7707833051681519
			Train time: 386.98 seconds
			Test time: 124.13 seconds
		70 EPOCH BEST TEST ACC: 0.771082878112793
			Train time: 358.43 seconds
			Test time: 122.56 seconds
	Training time:         9:34:08
	Best train AUC: 0.8423886299133301
	Best test AUC: 0.7712124586105347

+------------------ Job Report: 3772457 (COMPLETED) -------------------+
| Memory (RAM)  [                    ]  4.8% (246.8 MB peak / 5 GB)    |
| CPU           [                    ]  3.0% average                   |
| GPU           [#                   ]  9.9% average                   |
| Time          [>                   ]  0.7% (0-00:05:02 / 0-12:00:00) |
|                                                                      |
| Lustre Filesystem:                                                   |
|   Path    Total Read    Total Write    Total IOPS                    |
|   ------  ------------  -------------  ------------                  |
|   /apps   20.5 MB       0 B            186                           |
|   /fred   167.7 GB      327 B          2.5 K                         |
|   /home   0 B           0 B            3                             |
|   OS      9.1 MB        0 B            801                           |
|                                                                      |
| Warnings:                                                            |
|   - Too much memory requested                                        |
|   - CPU usage is low                                                 |
|   - GPU usage is low                                                 |
|   - Too much time requested                                          |
+----------------------------------------------------------------------+
