Thu Nov 20 11:11:27 AM AEDT 2025
Copying file: ./data/ntu/aligned_data/ntu_CV-pose_aligned_mean.npz to /var/tmp/jobfs/data
Dataset copied to JOBFS: ntu_CV-pose_aligned_mean.npz
Data path: /var/tmp/jobfs/data/ntu_CV-pose_aligned_mean.npz
Run name: infogcn2_ntu_CV_base_with_norm

Python script run command arguments:
python main.py -m infogcn2 -d ntu -p train -f base -e CV -o 1.0 -r infogcn2_ntu_CV_base_with_norm --desc infogcn2_train ntu CV base observation ratio 1.0, retraining base model with mean and std norm --data_path_overwrite /var/tmp/jobfs/data/ntu_CV-pose_aligned_mean.npz -v
### Libraries loaded
feeder: feeders.ntu_rgb_d.Feeder
feeder_args:
  data_paths: {'CS': './data/ntu/aligned_data/ntu_CS-pose_aligned_mean.npz', 'CV': './data/ntu/aligned_data/ntu_CV-pose_aligned_mean.npz'}
  label_path: ./data/ntu/statistics/ntu_rgbd-annotations.yaml
  p_interval: [0.5, 1]
  random_choose: True
  random_shift: True
  window_size: 64
  random_move: True
  random_rot: True
  average_flow: False
  absolute_flow: False
  no_flow: True
  no_Z: False
  normalisation: True
extractor:
  preprocessed: True
  pose: {'weights': 'pretrained_models/yolo11x-pose.pt'}
  flow: {'weights': 'pretrained_models/raft_large.pt', 'imsize': [1080, 1920], 'minibatch_size': 3}
  flowpose: {'window_size': 5, 'threshold': 0.05, 'loop': False, 'norm': False, 'match_pose': False, 'ntu': True, 'dilation': 3}
model: models.infogcn2.sode.SODE
model_args:
  num_class: 60
  num_point: 25
  num_person: 2
  graph: graph.ntu_rgb_d.Graph
  pose_channels: 3
  flow_channels: 0
  embed_channels: 64
  num_head: 3
  ode_method: euler
  depth: 4
  device: 0
  T: 64
  n_step: 3
  SAGC_proj: True
  num_cls: 10
  n_sample: 1
  backbone: transformer
  cnn: False
  use_mask: True
ignore_weights: []
phase: train
optimiser: torch.optim.SGD
optim_params:
  lr: 0.1
  momentum: 0.9
  weight_decay: 0.0003
  nesterov: True
lambda_1: 1
lambda_2: 0.1
lambda_3: 0.001
lambda_4: 0.0
lambda_5: 0.0
scheduler: torch.optim.lr_scheduler.MultiStepLR
scheduler_params:
  milestones: [50, 60]
  gamma: 0.1
training_function: training.train_infogcn.train_network
testing_function: training.eval_infogcn.eval_network
num_epoch: 70
device: 0
batch_size: 256
forward_batch_size: 128
test_batch_size: 256
half: False
checkpoint_freq: 10
save_location: ./results/infogcn2/ntu/
model_type: infogcn2
dataset: ntu
flow_embedding: base
evaluation: CV
obs_ratio: 1.0
run_name: infogcn2_ntu_CV_base_with_norm
description: infogcn2_train ntu CV base observation ratio 1.0, retraining base model with mean and std norm
data_path_overwrite: /var/tmp/jobfs/data/ntu_CV-pose_aligned_mean.npz
verbose: True
debug: False
### Arguments loaded
	Output device: cuda:0
	Temporal encoder: transformer
	Model total number of params: 613747
	Loading weights from ./results/infogcn2/ntu/CV/train/infogcn2_ntu_CV_base_with_norm.pt
	Checkpoint file does not yet exist
		([Errno 2] No such file or directory: './results/infogcn2/ntu/CV/train/infogcn2_ntu_CV_base_with_norm.pt')
### Model created
	Loaded data using mmap mode
	Self.data assigned
	Self.labels assigned
	Assigned self.data to unique split (train)
	Using memory-mapped data - skipping NaN filtering to preserve memory efficiency
	Finished loading data!
### Dataloaders created
	Tracking:
		epoch
		train_time
		train_loss
		lr
		test_time
		test_loss
		train_ACC
		test_ACC
		train_AUC
		test_AUC
		train_cls_loss
		test_cls_loss
		train_feature_loss
		test_feature_loss
		train_recon_loss
		test_recon_loss
	Created new checkpoint file: ./results/infogcn2/ntu/CV/train/infogcn2_ntu_CV_base_with_norm.pt
	Loaded data using mmap mode
	Assigned self.data to unique split (test)
	Using memory-mapped data - skipping NaN filtering to preserve memory efficiency
	Finished loading data!
	Loaded data using mmap mode
	Assigned self.data to unique split (test)	Loaded data using mmap mode
	Using memory-mapped data - skipping NaN filtering to preserve memory efficiency
	Finished loading data!

	Assigned self.data to unique split (test)
	Using memory-mapped data - skipping NaN filtering to preserve memory efficiency
	Finished loading data!
		1 EPOCH BEST TEST AUC: 0.02167956531047821
			Train time: 154.91 seconds
			Test time: 27.95 seconds
		2 EPOCH BEST TEST AUC: 0.037919431924819946
			Train time: 144.79 seconds
			Test time: 27.78 seconds
		3 EPOCH BEST TEST AUC: 0.05903199687600136
			Train time: 145.55 seconds
			Test time: 27.58 seconds
		4 EPOCH BEST TEST AUC: 0.08085186779499054
			Train time: 144.44 seconds
			Test time: 27.49 seconds
		5 EPOCH BEST TEST AUC: 0.09499046206474304
			Train time: 144.59 seconds
			Test time: 27.60 seconds
		6 EPOCH BEST TEST AUC: 0.1312064230442047
			Train time: 144.66 seconds
			Test time: 27.78 seconds
		7 EPOCH BEST TEST AUC: 0.16153454780578613
			Train time: 144.91 seconds
			Test time: 27.88 seconds
		8 EPOCH BEST TEST AUC: 0.19832906126976013
			Train time: 145.12 seconds
			Test time: 27.78 seconds
		9 EPOCH BEST TEST AUC: 0.20933720469474792
			Train time: 144.87 seconds
			Test time: 27.55 seconds
		10 EPOCH BEST TEST AUC: 0.27502375841140747
			Train time: 144.71 seconds
			Test time: 27.90 seconds
		11 EPOCH BEST TEST AUC: 0.32851701974868774
			Train time: 144.59 seconds
			Test time: 27.39 seconds
		12 EPOCH BEST TEST AUC: 0.35694772005081177
			Train time: 144.57 seconds
			Test time: 27.56 seconds
		13 EPOCH BEST TEST AUC: 0.4042667746543884
			Train time: 144.55 seconds
			Test time: 28.00 seconds
		14 EPOCH BEST TEST AUC: 0.40691354870796204
			Train time: 144.91 seconds
			Test time: 27.90 seconds
		15 EPOCH BEST TEST AUC: 0.4465075731277466
			Train time: 144.86 seconds
			Test time: 27.78 seconds
		16 EPOCH BEST TEST AUC: 0.44738322496414185
			Train time: 145.19 seconds
			Test time: 28.06 seconds
		17 EPOCH BEST TEST AUC: 0.5039607286453247
			Train time: 144.99 seconds
			Test time: 28.09 seconds
		18 EPOCH BEST TEST AUC: 0.52057945728302
			Train time: 144.72 seconds
			Test time: 27.81 seconds
		19 EPOCH BEST TEST AUC: 0.5427500605583191
			Train time: 144.60 seconds
			Test time: 27.78 seconds
		20 EPOCH BEST TEST AUC: 0.5472431182861328
			Train time: 144.82 seconds
			Test time: 27.69 seconds
		21 EPOCH BEST TEST AUC: 0.5552512407302856
			Train time: 144.78 seconds
			Test time: 27.85 seconds
		22 EPOCH BEST TEST AUC: 0.5552512407302856
			Train time: 144.85 seconds
			Test time: 27.82 seconds
		23 EPOCH BEST TEST AUC: 0.5611225366592407
			Train time: 144.49 seconds
			Test time: 27.63 seconds
		24 EPOCH BEST TEST AUC: 0.5801346898078918
			Train time: 144.83 seconds
			Test time: 28.01 seconds
		25 EPOCH BEST TEST AUC: 0.5801346898078918
			Train time: 144.73 seconds
			Test time: 27.52 seconds
		26 EPOCH BEST TEST AUC: 0.5860464572906494
			Train time: 144.59 seconds
			Test time: 27.60 seconds
		27 EPOCH BEST TEST AUC: 0.6084531545639038
			Train time: 144.55 seconds
			Test time: 27.64 seconds
		28 EPOCH BEST TEST AUC: 0.6084531545639038
			Train time: 144.52 seconds
			Test time: 27.62 seconds
		29 EPOCH BEST TEST AUC: 0.6090415716171265
			Train time: 144.88 seconds
			Test time: 27.81 seconds
		30 EPOCH BEST TEST AUC: 0.6251956224441528
			Train time: 144.68 seconds
			Test time: 27.70 seconds
		31 EPOCH BEST TEST AUC: 0.6324245929718018
			Train time: 144.76 seconds
			Test time: 27.81 seconds
		32 EPOCH BEST TEST AUC: 0.6324245929718018
			Train time: 144.68 seconds
			Test time: 27.60 seconds
		33 EPOCH BEST TEST AUC: 0.6324245929718018
			Train time: 144.73 seconds
			Test time: 27.99 seconds
		34 EPOCH BEST TEST AUC: 0.6324245929718018
			Train time: 145.13 seconds
			Test time: 28.13 seconds
		35 EPOCH BEST TEST AUC: 0.6379625201225281
			Train time: 145.10 seconds
			Test time: 27.98 seconds
		36 EPOCH BEST TEST AUC: 0.6458055973052979
			Train time: 144.96 seconds
			Test time: 27.92 seconds
		37 EPOCH BEST TEST AUC: 0.6458055973052979
			Train time: 145.25 seconds
			Test time: 28.13 seconds
		38 EPOCH BEST TEST AUC: 0.6515836715698242
			Train time: 145.20 seconds
			Test time: 27.98 seconds
		39 EPOCH BEST TEST AUC: 0.6515836715698242
			Train time: 145.07 seconds
			Test time: 28.10 seconds
		40 EPOCH BEST TEST AUC: 0.6559743881225586
			Train time: 145.02 seconds
			Test time: 27.99 seconds
		41 EPOCH BEST TEST AUC: 0.6559743881225586
			Train time: 144.89 seconds
			Test time: 27.92 seconds
		42 EPOCH BEST TEST AUC: 0.6565628051757812
			Train time: 145.22 seconds
			Test time: 28.09 seconds
		43 EPOCH BEST TEST AUC: 0.6565628051757812
			Train time: 145.27 seconds
			Test time: 27.88 seconds
		44 EPOCH BEST TEST AUC: 0.6565628051757812
			Train time: 145.14 seconds
			Test time: 27.94 seconds
		45 EPOCH BEST TEST AUC: 0.6638222932815552
			Train time: 144.95 seconds
			Test time: 27.87 seconds
		46 EPOCH BEST TEST AUC: 0.6781021356582642
			Train time: 145.13 seconds
			Test time: 28.06 seconds
		47 EPOCH BEST TEST AUC: 0.6781021356582642
			Train time: 145.06 seconds
			Test time: 27.76 seconds
		48 EPOCH BEST TEST AUC: 0.6781021356582642
			Train time: 144.68 seconds
			Test time: 27.67 seconds
		49 EPOCH BEST TEST AUC: 0.6781021356582642
			Train time: 144.82 seconds
			Test time: 27.84 seconds
		50 EPOCH BEST TEST AUC: 0.6781021356582642
			Train time: 144.98 seconds
			Test time: 27.99 seconds
		51 EPOCH BEST TEST AUC: 0.7057065963745117
			Train time: 144.73 seconds
			Test time: 27.88 seconds
		52 EPOCH BEST TEST AUC: 0.7064757943153381
			Train time: 144.87 seconds
			Test time: 27.77 seconds
		53 EPOCH BEST TEST AUC: 0.7080092430114746
			Train time: 144.77 seconds
			Test time: 27.73 seconds
		54 EPOCH BEST TEST AUC: 0.7096599340438843
			Train time: 144.84 seconds
			Test time: 28.30 seconds
		55 EPOCH BEST TEST AUC: 0.71076500415802
			Train time: 144.87 seconds
			Test time: 28.17 seconds
		56 EPOCH BEST TEST AUC: 0.71076500415802
			Train time: 145.03 seconds
			Test time: 28.14 seconds
		57 EPOCH BEST TEST AUC: 0.7116720676422119
			Train time: 145.22 seconds
			Test time: 28.37 seconds
		58 EPOCH BEST TEST AUC: 0.7117480039596558
			Train time: 145.30 seconds
			Test time: 28.20 seconds
		59 EPOCH BEST TEST AUC: 0.7117480039596558
			Train time: 145.06 seconds
			Test time: 28.39 seconds
		60 EPOCH BEST TEST AUC: 0.7129908800125122
			Train time: 144.93 seconds
			Test time: 27.80 seconds
		61 EPOCH BEST TEST AUC: 0.7165497541427612
			Train time: 145.09 seconds
			Test time: 28.24 seconds
		62 EPOCH BEST TEST AUC: 0.7168278694152832
			Train time: 145.10 seconds
			Test time: 28.13 seconds
		63 EPOCH BEST TEST AUC: 0.7177869081497192
			Train time: 145.12 seconds
			Test time: 28.12 seconds
		64 EPOCH BEST TEST AUC: 0.7177869081497192
			Train time: 145.32 seconds
			Test time: 27.89 seconds
		65 EPOCH BEST TEST AUC: 0.7177869081497192
			Train time: 144.99 seconds
			Test time: 28.09 seconds
		66 EPOCH BEST TEST AUC: 0.7177869081497192
			Train time: 145.15 seconds
			Test time: 28.04 seconds
		67 EPOCH BEST TEST AUC: 0.7185676097869873
			Train time: 145.33 seconds
			Test time: 28.02 seconds
		68 EPOCH BEST TEST AUC: 0.7185676097869873
			Train time: 145.32 seconds
			Test time: 28.01 seconds
		69 EPOCH BEST TEST AUC: 0.7185676097869873
			Train time: 145.11 seconds
			Test time: 27.90 seconds
		70 EPOCH BEST TEST AUC: 0.7185676097869873
			Train time: 145.04 seconds
			Test time: 28.15 seconds
	Best train AUC: 0.739546537399292
	Best test AUC: 0.7185676097869873
	Training time:         3:21:46

+------------------ Job Report: 7037864 (COMPLETED) -------------------+
| Memory (RAM)  [#                   ]  8.8% (1.3 GB peak / 15 GB)     |
| CPU           [#################   ] 89.4% average                   |
| GPU           [##################  ] 91.4% average                   |
| Time          [----------------->  ] 85.0% (0-03:24:05 / 0-04:00:00) |
|                                                                      |
| Lustre Filesystem:                                                   |
|   Path    Total Read    Total Write    Total IOPS                    |
|   ------  ------------  -------------  ------------                  |
|   /apps   208 KB        0 B            135                           |
|   /fred   9.6 GB        37 MB          4 K                           |
|   /home   0 B           0 B            1                             |
|   OS      432 KB        0 B            74                            |
|                                                                      |
| Warnings:                                                            |
|   - Too much memory requested                                        |
+----------------------------------------------------------------------+
