Copying file: ./data/ntu/aligned_data/ntu_CV-flowpose_D5_aligned.npz to /var/tmp/jobfs/data
Dataset copied to JOBFS: ntu_CV-flowpose_D5_aligned.npz
Data path: /var/tmp/jobfs/data/ntu_CV-flowpose_D5_aligned.npz
Run name: ntu_CV_abs_D5

### Libraries loaded
feeder: feeders.ntu_rgb_d.Feeder
feeder_args:
  data_paths: {'CS': './data/ntu/aligned_data/ntu_CS-flowpose_D3_aligned.npz', 'CV': './data/ntu/aligned_data/ntu_CV-flowpose_D3_aligned.npz'}
  label_path: ./data/ntu/statistics/ntu_rgbd-annotations.yaml
  p_interval: [0.5, 1]
  random_choose: True
  random_shift: True
  window_size: 64
  random_move: True
  random_rot: True
  average_flow: False
  absolute_flow: {'window_mean': True}
  no_flow: False
extractor:
  preprocessed: True
  pose: {'weights': 'pretrained_models/yolo11x-pose.pt'}
  flow: {'weights': 'pretrained_models/raft_large.pt', 'imsize': [1080, 1920], 'minibatch_size': 3}
  flowpose: {'window_size': 5, 'threshold': 0.05, 'loop': False, 'norm': False, 'match_pose': False, 'ntu': True, 'dilation': 1}
model: model.infogcn2.sode.SODE
model_args:
  num_class: 60
  num_point: 25
  num_person: 2
  graph: graph.ntu_rgb_d.Graph
  pose_channels: 3
  flow_channels: 1
  embed_channels: 64
  num_head: 3
  ode_method: euler
  depth: 4
  device: 0
  T: 64
  n_step: 3
  SAGC_proj: True
  num_cls: 10
  n_sample: 1
  backbone: transformer
  cnn: False
  use_mask: True
ignore_weights: []
phase: train
optim:
  base_lr: 0.1
  nesterov: True
  weight_decay: 0.0003
  step: [50, 60]
  gamma: 0.1
lambda_1: 1
lambda_2: 0.1
lambda_3: 0.001
lambda_4: 0.0
lambda_5: 0.0
num_epoch: 70
device: 0
batch_size: 256
forward_batch_size: 128
test_batch_size: 256
half: False
checkpoint_freq: 10
save_location: ./results/ntu/
dataset: ntu
model_type: abs
evaluation: CV
run_name: ntu_CV_abs_D5
description: train ntu CV abs with dilation 5 TESTING n_step = 4
data_path_overwrite: /var/tmp/jobfs/data/ntu_CV-flowpose_D5_aligned.npz
verbose: True
### Arguments loaded
	Output device: cuda:0
	Temporal encoder: transformer
	Model total number of params: 613811
	Loading weights from ./results/ntu/CV/train/ntu_CV_abs_D5.pt
	Checkpoint file does not yet exist
	([Errno 2] No such file or directory: './results/ntu/CV/train/ntu_CV_abs_D5.pt')
### Model created
	Loaded data using mmap mode
	Self.data assigned
	Self.labels assigned
	Assigned self.data to unique split (train)
	Using memory-mapped data - skipping NaN filtering to preserve memory efficiency
	Finished loading data!
	Loaded data using mmap mode
	Assigned self.data to unique split (test)
	Using memory-mapped data - skipping NaN filtering to preserve memory efficiency
	Finished loading data!
### Dataloaders created
	Tracking:
		epoch
		train_time
		train_loss
		lr
		test_time
		test_loss
		train_ACC
		test_ACC
		train_AUC
		test_AUC
		train_cls_loss
		test_cls_loss
		train_feature_loss
		test_feature_loss
		train_recon_loss
		test_recon_loss
	Created new checkpoint file: ./results/ntu/CV/train/ntu_CV_abs_D5.pt
		1 EPOCH BEST TEST AUC: 0.03809274733066559
			Train time: 369.05 seconds
			Test time: 124.65 seconds
		2 EPOCH BEST TEST AUC: 0.10602914541959763
			Train time: 362.41 seconds
			Test time: 124.26 seconds
		3 EPOCH BEST TEST AUC: 0.18455855548381805
			Train time: 359.40 seconds
			Test time: 123.72 seconds
		4 EPOCH BEST TEST AUC: 0.2950947880744934
			Train time: 359.52 seconds
			Test time: 124.89 seconds
		5 EPOCH BEST TEST AUC: 0.3140738904476166
			Train time: 358.82 seconds
			Test time: 124.23 seconds
		6 EPOCH BEST TEST AUC: 0.43661198019981384
			Train time: 359.63 seconds
			Test time: 124.07 seconds
		7 EPOCH BEST TEST AUC: 0.4632517099380493
			Train time: 360.09 seconds
			Test time: 123.91 seconds
		8 EPOCH BEST TEST AUC: 0.4752337336540222
			Train time: 359.88 seconds
			Test time: 124.51 seconds
		9 EPOCH BEST TEST AUC: 0.500150203704834
			Train time: 357.73 seconds
			Test time: 123.04 seconds
		10 EPOCH BEST TEST AUC: 0.5780128240585327
			Train time: 359.73 seconds
			Test time: 125.30 seconds
		11 EPOCH BEST TEST AUC: 0.5943657159805298
			Train time: 360.44 seconds
			Test time: 124.11 seconds
		12 EPOCH BEST TEST AUC: 0.6081147789955139
			Train time: 359.08 seconds
			Test time: 123.99 seconds
		13 EPOCH BEST TEST AUC: 0.6081147789955139
			Train time: 364.45 seconds
			Test time: 125.94 seconds
		14 EPOCH BEST TEST AUC: 0.6237892508506775
			Train time: 365.16 seconds
			Test time: 126.65 seconds
		15 EPOCH BEST TEST AUC: 0.6237892508506775
			Train time: 364.43 seconds
			Test time: 126.29 seconds
		16 EPOCH BEST TEST AUC: 0.6447144746780396
			Train time: 369.54 seconds
			Test time: 127.79 seconds
		17 EPOCH BEST TEST AUC: 0.6467093229293823
			Train time: 370.67 seconds
			Test time: 127.75 seconds
		18 EPOCH BEST TEST AUC: 0.6467093229293823
			Train time: 370.90 seconds
			Test time: 126.91 seconds
		19 EPOCH BEST TEST AUC: 0.649906575679779
			Train time: 374.20 seconds
			Test time: 126.82 seconds
		20 EPOCH BEST TEST AUC: 0.6717420816421509
			Train time: 369.92 seconds
			Test time: 126.20 seconds
		21 EPOCH BEST TEST AUC: 0.6717420816421509
			Train time: 369.48 seconds
			Test time: 126.91 seconds
		22 EPOCH BEST TEST AUC: 0.6717420816421509
			Train time: 366.85 seconds
			Test time: 127.06 seconds
		23 EPOCH BEST TEST AUC: 0.6833833456039429
			Train time: 365.30 seconds
			Test time: 127.62 seconds
		24 EPOCH BEST TEST AUC: 0.6833833456039429
			Train time: 366.85 seconds
			Test time: 125.88 seconds
		25 EPOCH BEST TEST AUC: 0.6833833456039429
			Train time: 368.52 seconds
			Test time: 126.03 seconds
		26 EPOCH BEST TEST AUC: 0.6883715391159058
			Train time: 366.81 seconds
			Test time: 124.82 seconds
		27 EPOCH BEST TEST AUC: 0.6890466213226318
			Train time: 365.31 seconds
			Test time: 123.64 seconds
		28 EPOCH BEST TEST AUC: 0.6890466213226318
			Train time: 369.00 seconds
			Test time: 125.01 seconds
		29 EPOCH BEST TEST AUC: 0.6890466213226318
			Train time: 367.39 seconds
			Test time: 124.94 seconds
		30 EPOCH BEST TEST AUC: 0.6890466213226318
			Train time: 363.27 seconds
			Test time: 124.29 seconds
		31 EPOCH BEST TEST AUC: 0.6993508338928223
			Train time: 363.66 seconds
			Test time: 124.79 seconds
		32 EPOCH BEST TEST AUC: 0.6993508338928223
			Train time: 364.16 seconds
			Test time: 125.01 seconds
		33 EPOCH BEST TEST AUC: 0.6993508338928223
			Train time: 363.71 seconds
			Test time: 125.02 seconds
		34 EPOCH BEST TEST AUC: 0.7000746130943298
			Train time: 366.02 seconds
			Test time: 124.89 seconds
		35 EPOCH BEST TEST AUC: 0.7000746130943298
			Train time: 368.24 seconds
			Test time: 125.42 seconds
		36 EPOCH BEST TEST AUC: 0.7064229846000671
			Train time: 367.29 seconds
			Test time: 123.97 seconds
		37 EPOCH BEST TEST AUC: 0.7064229846000671
			Train time: 366.37 seconds
			Test time: 124.30 seconds
		38 EPOCH BEST TEST AUC: 0.7064229846000671
			Train time: 365.70 seconds
			Test time: 124.78 seconds
		39 EPOCH BEST TEST AUC: 0.7064229846000671
			Train time: 366.52 seconds
			Test time: 124.39 seconds
		40 EPOCH BEST TEST AUC: 0.7064229846000671
			Train time: 365.71 seconds
			Test time: 124.30 seconds
		41 EPOCH BEST TEST AUC: 0.706843912601471
			Train time: 365.26 seconds
			Test time: 125.85 seconds
		42 EPOCH BEST TEST AUC: 0.706843912601471
			Train time: 368.17 seconds
			Test time: 125.53 seconds
		43 EPOCH BEST TEST AUC: 0.706843912601471
			Train time: 370.43 seconds
			Test time: 125.75 seconds
		44 EPOCH BEST TEST AUC: 0.706843912601471
			Train time: 369.52 seconds
			Test time: 125.85 seconds
		45 EPOCH BEST TEST AUC: 0.706843912601471
			Train time: 368.23 seconds
			Test time: 125.18 seconds
		46 EPOCH BEST TEST AUC: 0.706843912601471
			Train time: 369.87 seconds
			Test time: 124.84 seconds
		47 EPOCH BEST TEST AUC: 0.706843912601471
			Train time: 363.00 seconds
			Test time: 124.32 seconds
		48 EPOCH BEST TEST AUC: 0.712257981300354
			Train time: 364.93 seconds
			Test time: 124.54 seconds
		49 EPOCH BEST TEST AUC: 0.712257981300354
			Train time: 368.68 seconds
			Test time: 124.38 seconds
		50 EPOCH BEST TEST AUC: 0.7133293151855469
			Train time: 366.84 seconds
			Test time: 125.08 seconds
		51 EPOCH BEST TEST AUC: 0.7450554370880127
			Train time: 364.59 seconds
			Test time: 125.11 seconds
		52 EPOCH BEST TEST AUC: 0.7484789490699768
			Train time: 368.14 seconds
			Test time: 125.02 seconds
		53 EPOCH BEST TEST AUC: 0.7484789490699768
			Train time: 368.16 seconds
			Test time: 125.73 seconds
		54 EPOCH BEST TEST AUC: 0.7486414909362793
			Train time: 368.59 seconds
			Test time: 125.88 seconds
		55 EPOCH BEST TEST AUC: 0.7489641904830933
			Train time: 367.23 seconds
			Test time: 125.79 seconds
		56 EPOCH BEST TEST AUC: 0.751167893409729
			Train time: 368.95 seconds
			Test time: 126.86 seconds
		57 EPOCH BEST TEST AUC: 0.751167893409729
			Train time: 368.06 seconds
			Test time: 126.06 seconds
		58 EPOCH BEST TEST AUC: 0.751167893409729
			Train time: 365.94 seconds
			Test time: 128.26 seconds
		59 EPOCH BEST TEST AUC: 0.751167893409729
			Train time: 368.90 seconds
			Test time: 125.63 seconds
		60 EPOCH BEST TEST AUC: 0.751167893409729
			Train time: 367.04 seconds
			Test time: 125.79 seconds
		61 EPOCH BEST TEST AUC: 0.7514616250991821
			Train time: 368.38 seconds
			Test time: 127.03 seconds
		62 EPOCH BEST TEST AUC: 0.7514616250991821
			Train time: 367.01 seconds
			Test time: 125.98 seconds
		63 EPOCH BEST TEST AUC: 0.7514954805374146
			Train time: 366.01 seconds
			Test time: 125.24 seconds
		64 EPOCH BEST TEST AUC: 0.7517884969711304
			Train time: 367.62 seconds
			Test time: 125.66 seconds
		65 EPOCH BEST TEST AUC: 0.7520624399185181
			Train time: 366.07 seconds
			Test time: 125.27 seconds
		66 EPOCH BEST TEST AUC: 0.7520624399185181
			Train time: 365.43 seconds
			Test time: 126.45 seconds
		67 EPOCH BEST TEST AUC: 0.7520624399185181
			Train time: 364.90 seconds
			Test time: 126.30 seconds
		68 EPOCH BEST TEST AUC: 0.7521078586578369
			Train time: 365.57 seconds
			Test time: 125.41 seconds
		69 EPOCH BEST TEST AUC: 0.7521078586578369
			Train time: 368.97 seconds
			Test time: 126.66 seconds
		70 EPOCH BEST TEST AUC: 0.7521078586578369
			Train time: 370.76 seconds
			Test time: 126.68 seconds
	Training time:         9:33:22
	Best train AUC: 0.8244426846504211
	Best test AUC: 0.7521078586578369

+------------------ Job Report: 3658766 (COMPLETED) -------------------+
| Memory (RAM)  [######              ] 30.0% (1.5 GB peak / 5 GB)      |
| CPU           [###########         ] 57.2% average                   |
| GPU           [######              ] 32.3% average                   |
| Time          [---------------->   ] 80.4% (0-09:39:04 / 0-12:00:00) |
|                                                                      |
| Lustre Filesystem:                                                   |
|   Path    Total Read    Total Write    Total IOPS                    |
|   ------  ------------  -------------  ------------                  |
|   /apps   12.5 MB       0 B            412                           |
|   /fred   168 GB        36.5 MB        2.6 K                         |
|   /home   0 B           0 B            2                             |
|   OS      3.9 MB        0 B            51                            |
|                                                                      |
| Warnings:                                                            |
|   - Too much memory requested                                        |
|   - CPU usage is low                                                 |
|   - GPU usage is low                                                 |
+----------------------------------------------------------------------+
