Copying file: ./data/ntu/aligned_data/ntu_CV-pose_D3_aligned.npz to /var/tmp/jobfs/data
Dataset copied to JOBFS: ntu_CV-pose_D3_aligned.npz
Data path: /var/tmp/jobfs/data/ntu_CV-pose_D3_aligned.npz
Run name: ntu_CV_base_step4

### Libraries loaded
feeder: feeders.ntu_rgb_d.Feeder
feeder_args:
  data_paths: {'CS': './data/ntu/aligned_data/ntu_CS-pose_dilation3_aligned.npz', 'CV': './data/ntu/aligned_data/ntu_CV-pose_dilation3_aligned.npz'}
  label_path: ./data/ntu/statistics/ntu_rgbd-annotations.yaml
  p_interval: [0.5, 1]
  random_choose: True
  random_shift: True
  window_size: 64
  random_move: True
  random_rot: True
  average_flow: False
  absolute_flow: False
  no_flow: True
  no_Z: False
extractor:
  preprocessed: True
  pose: {'weights': 'pretrained_models/yolo11x-pose.pt'}
  flow: {'weights': 'pretrained_models/raft_large.pt', 'imsize': [1080, 1920], 'minibatch_size': 3}
  flowpose: {'window_size': 5, 'threshold': 0.05, 'loop': False, 'norm': False, 'match_pose': False, 'ntu': True, 'dilation': 3}
model: model.infogcn2.sode.SODE
model_args:
  num_class: 60
  num_point: 25
  num_person: 2
  graph: graph.ntu_rgb_d.Graph
  pose_channels: 3
  flow_channels: 0
  embed_channels: 64
  num_head: 3
  ode_method: euler
  depth: 4
  device: 0
  T: 64
  n_step: 4
  SAGC_proj: True
  num_cls: 10
  n_sample: 1
  backbone: transformer
  cnn: False
  use_mask: True
ignore_weights: []
phase: train
optim:
  base_lr: 0.1
  nesterov: True
  weight_decay: 0.0003
  step: [50, 60]
  gamma: 0.1
lambda_1: 1
lambda_2: 0.1
lambda_3: 0.001
lambda_4: 0.0
lambda_5: 0.0
num_epoch: 70
device: 0
batch_size: 256
forward_batch_size: 128
test_batch_size: 256
half: False
checkpoint_freq: 10
save_location: ./results/ntu/
dataset: ntu
model_type: base
evaluation: CV
run_name: ntu_CV_base_step4
description: train ntu CV base with dilation 3 TESTING n_step = 4
data_path_overwrite: /var/tmp/jobfs/data/ntu_CV-pose_D3_aligned.npz
verbose: True
### Arguments loaded
	Output device: cuda:0
	Temporal encoder: transformer
	Model total number of params: 734739
	Loading weights from ./results/ntu/CV/train/ntu_CV_base_step4.pt
Checkpoint file ./results/ntu/CV/train/ntu_CV_base_step4.pt does not contain a model state dict
### Model created
	Loaded data using mmap mode
	Self.data assigned
	Self.labels assigned
	Assigned self.data to unique split (train)
	Using memory-mapped data - skipping NaN filtering to preserve memory efficiency
	Finished loading data!
	Loaded data using mmap mode
	Assigned self.data to unique split (test)
	Using memory-mapped data - skipping NaN filtering to preserve memory efficiency
	Finished loading data!
### Dataloaders created
	Tracking:
		epoch
		train_time
		train_loss
		lr
		test_time
		test_loss
		train_ACC
		test_ACC
		train_AUC
		test_AUC
		train_cls_loss
		test_cls_loss
		train_feature_loss
		test_feature_loss
		train_recon_loss
		test_recon_loss
	Resuming from checkpoint at epoch 0
Key 'results' did not match... this may cause errors during training
		1 EPOCH BEST TEST AUC: 0.02964722365140915
			Train time: 164.98 seconds
			Test time: 31.82 seconds
		2 EPOCH BEST TEST AUC: 0.06685934960842133
			Train time: 159.81 seconds
			Test time: 32.18 seconds
		3 EPOCH BEST TEST AUC: 0.10840854793787003
			Train time: 159.69 seconds
			Test time: 32.33 seconds
		4 EPOCH BEST TEST AUC: 0.13300232589244843
			Train time: 159.89 seconds
			Test time: 32.25 seconds
		5 EPOCH BEST TEST AUC: 0.2861689329147339
			Train time: 159.78 seconds
			Test time: 32.45 seconds
		6 EPOCH BEST TEST AUC: 0.38045457005500793
			Train time: 159.88 seconds
			Test time: 32.34 seconds
		7 EPOCH BEST TEST AUC: 0.4102065861225128
			Train time: 160.02 seconds
			Test time: 31.95 seconds
		8 EPOCH BEST TEST AUC: 0.4644410014152527
			Train time: 159.83 seconds
			Test time: 32.01 seconds
		9 EPOCH BEST TEST AUC: 0.510834813117981
			Train time: 159.75 seconds
			Test time: 31.99 seconds
		10 EPOCH BEST TEST AUC: 0.551209568977356
			Train time: 159.82 seconds
			Test time: 32.19 seconds
		11 EPOCH BEST TEST AUC: 0.5653449296951294
			Train time: 159.83 seconds
			Test time: 31.97 seconds
		12 EPOCH BEST TEST AUC: 0.5936254262924194
			Train time: 159.80 seconds
			Test time: 32.00 seconds
		13 EPOCH BEST TEST AUC: 0.6108993887901306
			Train time: 159.92 seconds
			Test time: 32.02 seconds
		14 EPOCH BEST TEST AUC: 0.6144986152648926
			Train time: 159.83 seconds
			Test time: 31.97 seconds
		15 EPOCH BEST TEST AUC: 0.62925124168396
			Train time: 159.79 seconds
			Test time: 32.00 seconds
		16 EPOCH BEST TEST AUC: 0.6359281539916992
			Train time: 159.79 seconds
			Test time: 32.32 seconds
		17 EPOCH BEST TEST AUC: 0.6505990028381348
			Train time: 160.07 seconds
			Test time: 32.07 seconds
		18 EPOCH BEST TEST AUC: 0.6505990028381348
			Train time: 159.84 seconds
			Test time: 32.00 seconds
		19 EPOCH BEST TEST AUC: 0.6577372550964355
			Train time: 159.89 seconds
			Test time: 32.06 seconds
		20 EPOCH BEST TEST AUC: 0.6608346700668335
			Train time: 159.83 seconds
			Test time: 32.44 seconds
		21 EPOCH BEST TEST AUC: 0.6657816767692566
			Train time: 160.28 seconds
			Test time: 32.00 seconds
		22 EPOCH BEST TEST AUC: 0.6657816767692566
			Train time: 159.94 seconds
			Test time: 32.45 seconds
		23 EPOCH BEST TEST AUC: 0.6681388020515442
			Train time: 159.92 seconds
			Test time: 32.03 seconds
		24 EPOCH BEST TEST AUC: 0.6713864207267761
			Train time: 159.82 seconds
			Test time: 32.02 seconds
		25 EPOCH BEST TEST AUC: 0.683059811592102
			Train time: 159.94 seconds
			Test time: 32.26 seconds
		26 EPOCH BEST TEST AUC: 0.683059811592102
			Train time: 160.01 seconds
			Test time: 32.06 seconds
		27 EPOCH BEST TEST AUC: 0.683059811592102
			Train time: 159.70 seconds
			Test time: 32.27 seconds
		28 EPOCH BEST TEST AUC: 0.6851106882095337
			Train time: 159.98 seconds
			Test time: 32.62 seconds
		29 EPOCH BEST TEST AUC: 0.6871946454048157
			Train time: 159.88 seconds
			Test time: 32.00 seconds
		30 EPOCH BEST TEST AUC: 0.6940984725952148
			Train time: 159.74 seconds
			Test time: 31.99 seconds
		31 EPOCH BEST TEST AUC: 0.6940984725952148
			Train time: 159.77 seconds
			Test time: 31.96 seconds
		32 EPOCH BEST TEST AUC: 0.6940984725952148
			Train time: 159.76 seconds
			Test time: 32.05 seconds
		33 EPOCH BEST TEST AUC: 0.6940984725952148
			Train time: 159.76 seconds
			Test time: 32.04 seconds
		34 EPOCH BEST TEST AUC: 0.6940984725952148
			Train time: 159.69 seconds
			Test time: 31.98 seconds
		35 EPOCH BEST TEST AUC: 0.6940984725952148
			Train time: 159.77 seconds
			Test time: 31.98 seconds
		36 EPOCH BEST TEST AUC: 0.6940984725952148
			Train time: 159.85 seconds
			Test time: 32.07 seconds
		37 EPOCH BEST TEST AUC: 0.7052229642868042
			Train time: 160.28 seconds
			Test time: 31.95 seconds
		38 EPOCH BEST TEST AUC: 0.7052229642868042
			Train time: 159.70 seconds
			Test time: 32.67 seconds
		39 EPOCH BEST TEST AUC: 0.7052229642868042
			Train time: 159.85 seconds
			Test time: 32.37 seconds
		40 EPOCH BEST TEST AUC: 0.7052229642868042
			Train time: 159.87 seconds
			Test time: 32.10 seconds
		41 EPOCH BEST TEST AUC: 0.7059129476547241
			Train time: 159.59 seconds
			Test time: 32.07 seconds
		42 EPOCH BEST TEST AUC: 0.709444522857666
			Train time: 159.98 seconds
			Test time: 32.11 seconds
		43 EPOCH BEST TEST AUC: 0.709444522857666
			Train time: 159.77 seconds
			Test time: 32.26 seconds
		44 EPOCH BEST TEST AUC: 0.709444522857666
			Train time: 159.76 seconds
			Test time: 32.10 seconds
		45 EPOCH BEST TEST AUC: 0.709444522857666
			Train time: 159.80 seconds
			Test time: 31.96 seconds
		46 EPOCH BEST TEST AUC: 0.709444522857666
			Train time: 159.67 seconds
			Test time: 32.34 seconds
		47 EPOCH BEST TEST AUC: 0.709444522857666
			Train time: 159.95 seconds
			Test time: 32.15 seconds
		48 EPOCH BEST TEST AUC: 0.709444522857666
			Train time: 159.80 seconds
			Test time: 32.36 seconds
		49 EPOCH BEST TEST AUC: 0.7105000615119934
			Train time: 163.90 seconds
			Test time: 32.14 seconds
		50 EPOCH BEST TEST AUC: 0.7105000615119934
			Train time: 159.89 seconds
			Test time: 32.15 seconds
		51 EPOCH BEST TEST AUC: 0.7448945641517639
			Train time: 159.90 seconds
			Test time: 32.17 seconds
		52 EPOCH BEST TEST AUC: 0.745651364326477
			Train time: 159.99 seconds
			Test time: 32.12 seconds
		53 EPOCH BEST TEST AUC: 0.7473176717758179
			Train time: 159.92 seconds
			Test time: 32.15 seconds
		54 EPOCH BEST TEST AUC: 0.7496764659881592
			Train time: 159.79 seconds
			Test time: 32.07 seconds
		55 EPOCH BEST TEST AUC: 0.7496764659881592
			Train time: 159.94 seconds
			Test time: 32.19 seconds
		56 EPOCH BEST TEST AUC: 0.7496764659881592
			Train time: 159.90 seconds
			Test time: 32.12 seconds
		57 EPOCH BEST TEST AUC: 0.7496764659881592
			Train time: 159.96 seconds
			Test time: 32.47 seconds
		58 EPOCH BEST TEST AUC: 0.7498456239700317
			Train time: 160.05 seconds
			Test time: 32.14 seconds
		59 EPOCH BEST TEST AUC: 0.7498456239700317
			Train time: 159.83 seconds
			Test time: 32.27 seconds
		60 EPOCH BEST TEST AUC: 0.750014066696167
			Train time: 160.03 seconds
			Test time: 32.51 seconds
		61 EPOCH BEST TEST AUC: 0.7518949508666992
			Train time: 160.01 seconds
			Test time: 32.30 seconds
		62 EPOCH BEST TEST AUC: 0.7520443201065063
			Train time: 159.59 seconds
			Test time: 32.41 seconds
		63 EPOCH BEST TEST AUC: 0.7521219253540039
			Train time: 159.75 seconds
			Test time: 32.17 seconds
		64 EPOCH BEST TEST AUC: 0.7528102397918701
			Train time: 159.77 seconds
			Test time: 32.15 seconds
		65 EPOCH BEST TEST AUC: 0.7528102397918701
			Train time: 160.09 seconds
			Test time: 32.27 seconds
		66 EPOCH BEST TEST AUC: 0.75297611951828
			Train time: 162.78 seconds
			Test time: 32.54 seconds
		67 EPOCH BEST TEST AUC: 0.75297611951828
			Train time: 159.64 seconds
			Test time: 32.06 seconds
		68 EPOCH BEST TEST AUC: 0.75297611951828
			Train time: 159.48 seconds
			Test time: 32.28 seconds
		69 EPOCH BEST TEST AUC: 0.75297611951828
			Train time: 159.49 seconds
			Test time: 32.12 seconds
		70 EPOCH BEST TEST AUC: 0.75297611951828
			Train time: 159.60 seconds
			Test time: 32.09 seconds
	Training time:         3:44:12
	Best train AUC: 0.8134094476699829
	Best test AUC: 0.75297611951828

+------------------ Job Report: 3348146 (COMPLETED) -------------------+
| Memory (RAM)  [#########           ] 47.2% (1.4 GB peak / 3 GB)      |
| CPU           [################    ] 80.5% average                   |
| GPU           [##################  ] 94.6% average                   |
| Time          [------------------> ] 93.7% (0-03:44:52 / 0-04:00:00) |
|                                                                      |
| Lustre Filesystem:                                                   |
|   Path    Total Read    Total Write      Total IOPS                  |
|   ------  ------------  -------------  ------------                  |
|   /apps   436 KB        0 B                    209                   |
|   /fred   9.7 GB        42.1 MB                152                   |
|   OS      3.8 MB        0 B                     20                   |
|                                                                      |
| Warnings:                                                            |
|   - Too much memory requested                                        |
+----------------------------------------------------------------------+
