Copying file: ./data/ucf101/aligned_data/ucf101_03_D1.npz to /var/tmp/jobfs/data
Dataset copied to JOBFS: ucf101_03_D1.npz
Data path: /var/tmp/jobfs/data/ucf101_03_D1.npz
Run name: ucf101_3_avg_D1

### Libraries loaded
feeder: feeders.ucf101.Feeder
feeder_args:
  data_paths: {1: './data/ucf101/aligned_data/ucf101_01.npz', 2: './data/ucf101/aligned_data/ucf101_02.npz', 3: './data/ucf101/aligned_data/ucf101_03.npz'}
  label_path: ./data/ucf101/statistics/ucf101_annotations.yaml
  p_interval: [0.5, 1]
  random_shift: True
  random_choose: True
  window_size: 64
  random_move: True
  random_rot: True
  average_flow: True
  absolute_flow: False
  no_flow: False
extractor:
  data_paths: {'rgb_path': '../Datasets/UCF-101/', 'pose_path': './data/ucf101/pose/', 'flow_path': './data/ucf101/flow/', 'flowpose_path': './data/ucf101/flowpose/'}
  preprocessed: True
  pose: {'weights': 'pretrained_models/yolo11x-pose.pt'}
  flow: {'weights': 'pretrained_models/raft_large.pt', 'imsize': [240, 320], 'minibatch_size': 16}
  flowpose: {'window_size': 5, 'threshold': 0.05, 'loop': False}
model: model.infogcn2.sode.SODE
model_args:
  num_class: 101
  num_point: 17
  num_person: 2
  graph: graph.yolo_pose.Graph
  pose_channels: 3
  flow_channels: 2
  embed_channels: 64
  num_head: 3
  ode_method: euler
  depth: 4
  device: 0
  T: 64
  n_step: 3
  SAGC_proj: True
  num_cls: 10
  n_sample: 1
  backbone: transformer
  cnn: False
ignore_weights: []
phase: train
optim:
  base_lr: 0.1
  nesterov: True
  weight_decay: 0.0003
  step: [50, 60]
  gamma: 0.1
lambda_1: 1
lambda_2: 0.1
lambda_3: 0.001
lambda_4: 0.0
lambda_5: 0.0
num_epoch: 70
device: 0
batch_size: 256
forward_batch_size: 128
test_batch_size: 256
half: False
checkpoint_freq: 10
save_location: ./results/ucf101/
dataset: ucf101
model_type: avg
evaluation: 3
run_name: ucf101_3_avg_D1
description: train ucf101 3 avg evaluation of ntu120 results!
data_path_overwrite: /var/tmp/jobfs/data/ucf101_03_D1.npz
verbose: True
### Arguments loaded
	Output device: cuda:0
	Temporal encoder: transformer
	Model total number of params: 658189
	Loading weights from ./results/ucf101/3/train/ucf101_3_avg_D1.pt
	Checkpoint file does not yet exist
		([Errno 2] No such file or directory: './results/ucf101/3/train/ucf101_3_avg_D1.pt')
### Model created
	Loaded data using mmap mode
	Self.data assigned
	Self.labels assigned
	Assigned self.data to unique split (train)
	Using memory-mapped data - skipping NaN filtering to preserve memory efficiency
	Finished loading data!
	Loaded data using mmap mode
	Assigned self.data to unique split (test)
	Using memory-mapped data - skipping NaN filtering to preserve memory efficiency
	Finished loading data!
### Dataloaders created
	Tracking:
		epoch
		train_time
		train_loss
		lr
		test_time
		test_loss
		train_ACC
		test_ACC
		train_AUC
		test_AUC
		train_cls_loss
		test_cls_loss
		train_feature_loss
		test_feature_loss
		train_recon_loss
		test_recon_loss
	Created new checkpoint file: ./results/ucf101/3/train/ucf101_3_avg_D1.pt
		1 EPOCH BEST TEST AUC: 0.01224302127957344
			Train time: 67.22 seconds
			Test time: 15.08 seconds
		2 EPOCH BEST TEST AUC: 0.015620702877640724
			Train time: 63.43 seconds
			Test time: 15.03 seconds
		3 EPOCH BEST TEST AUC: 0.024834124371409416
			Train time: 63.70 seconds
			Test time: 15.38 seconds
		4 EPOCH BEST TEST AUC: 0.03178286552429199
			Train time: 63.44 seconds
			Test time: 15.34 seconds
		5 EPOCH BEST TEST AUC: 0.03568911552429199
			Train time: 64.44 seconds
			Test time: 15.23 seconds
		6 EPOCH BEST TEST AUC: 0.05574463680386543
			Train time: 64.36 seconds
			Test time: 15.70 seconds
		7 EPOCH BEST TEST AUC: 0.06506119668483734
			Train time: 64.14 seconds
			Test time: 15.41 seconds
		8 EPOCH BEST TEST AUC: 0.07315301895141602
			Train time: 65.07 seconds
			Test time: 15.30 seconds
		9 EPOCH BEST TEST AUC: 0.10440301895141602
			Train time: 64.69 seconds
			Test time: 15.61 seconds
		10 EPOCH BEST TEST AUC: 0.11273118853569031
			Train time: 64.58 seconds
			Test time: 15.72 seconds
		11 EPOCH BEST TEST AUC: 0.13158348202705383
			Train time: 65.20 seconds
			Test time: 15.38 seconds
		12 EPOCH BEST TEST AUC: 0.15964916348457336
			Train time: 64.85 seconds
			Test time: 15.57 seconds
		13 EPOCH BEST TEST AUC: 0.18031060695648193
			Train time: 64.31 seconds
			Test time: 15.45 seconds
		14 EPOCH BEST TEST AUC: 0.1844961941242218
			Train time: 65.20 seconds
			Test time: 15.46 seconds
		15 EPOCH BEST TEST AUC: 0.20832474529743195
			Train time: 64.83 seconds
			Test time: 15.60 seconds
		16 EPOCH BEST TEST AUC: 0.22654961049556732
			Train time: 64.51 seconds
			Test time: 15.54 seconds
		17 EPOCH BEST TEST AUC: 0.27437859773635864
			Train time: 65.15 seconds
			Test time: 15.45 seconds
		18 EPOCH BEST TEST AUC: 0.28763580322265625
			Train time: 64.56 seconds
			Test time: 15.56 seconds
		19 EPOCH BEST TEST AUC: 0.28763580322265625
			Train time: 64.63 seconds
			Test time: 15.50 seconds
		20 EPOCH BEST TEST AUC: 0.31815093755722046
			Train time: 65.30 seconds
			Test time: 15.45 seconds
		21 EPOCH BEST TEST AUC: 0.34425708651542664
			Train time: 64.83 seconds
			Test time: 15.56 seconds
		22 EPOCH BEST TEST AUC: 0.34425708651542664
			Train time: 64.65 seconds
			Test time: 15.52 seconds
		23 EPOCH BEST TEST AUC: 0.3674754202365875
			Train time: 64.81 seconds
			Test time: 15.52 seconds
		24 EPOCH BEST TEST AUC: 0.3674754202365875
			Train time: 64.85 seconds
			Test time: 15.61 seconds
		25 EPOCH BEST TEST AUC: 0.4103582203388214
			Train time: 64.64 seconds
			Test time: 15.51 seconds
		26 EPOCH BEST TEST AUC: 0.42471981048583984
			Train time: 64.63 seconds
			Test time: 15.56 seconds
		27 EPOCH BEST TEST AUC: 0.42471981048583984
			Train time: 64.64 seconds
			Test time: 16.03 seconds
		28 EPOCH BEST TEST AUC: 0.4293351173400879
			Train time: 88.33 seconds
			Test time: 16.39 seconds
		29 EPOCH BEST TEST AUC: 0.4457293450832367
			Train time: 65.51 seconds
			Test time: 15.50 seconds
		30 EPOCH BEST TEST AUC: 0.4621536135673523
			Train time: 67.76 seconds
			Test time: 17.77 seconds
		31 EPOCH BEST TEST AUC: 0.46829017996788025
			Train time: 70.11 seconds
			Test time: 16.96 seconds
		32 EPOCH BEST TEST AUC: 0.47219645977020264
			Train time: 66.65 seconds
			Test time: 15.44 seconds
		33 EPOCH BEST TEST AUC: 0.4947701692581177
			Train time: 69.34 seconds
			Test time: 17.44 seconds
		34 EPOCH BEST TEST AUC: 0.5027459859848022
			Train time: 69.18 seconds
			Test time: 16.12 seconds
		35 EPOCH BEST TEST AUC: 0.5027459859848022
			Train time: 65.52 seconds
			Test time: 17.26 seconds
		36 EPOCH BEST TEST AUC: 0.5120453834533691
			Train time: 70.04 seconds
			Test time: 17.07 seconds
		37 EPOCH BEST TEST AUC: 0.5120453834533691
			Train time: 67.84 seconds
			Test time: 16.26 seconds
		38 EPOCH BEST TEST AUC: 0.5120453834533691
			Train time: 67.22 seconds
			Test time: 17.06 seconds
		39 EPOCH BEST TEST AUC: 0.5134892463684082
			Train time: 69.37 seconds
			Test time: 17.17 seconds
		40 EPOCH BEST TEST AUC: 0.5134892463684082
			Train time: 66.98 seconds
			Test time: 16.14 seconds
		41 EPOCH BEST TEST AUC: 0.5261404514312744
			Train time: 68.44 seconds
			Test time: 16.68 seconds
		42 EPOCH BEST TEST AUC: 0.5290154218673706
			Train time: 69.09 seconds
			Test time: 15.84 seconds
		43 EPOCH BEST TEST AUC: 0.5330721139907837
			Train time: 65.35 seconds
			Test time: 16.98 seconds
		44 EPOCH BEST TEST AUC: 0.536956787109375
			Train time: 67.24 seconds
			Test time: 15.75 seconds
		45 EPOCH BEST TEST AUC: 0.536956787109375
			Train time: 65.58 seconds
			Test time: 16.36 seconds
		46 EPOCH BEST TEST AUC: 0.5481512546539307
			Train time: 68.52 seconds
			Test time: 16.54 seconds
		47 EPOCH BEST TEST AUC: 0.5547733902931213
			Train time: 68.79 seconds
			Test time: 17.96 seconds
		48 EPOCH BEST TEST AUC: 0.5547733902931213
			Train time: 71.26 seconds
			Test time: 17.05 seconds
		49 EPOCH BEST TEST AUC: 0.5547733902931213
			Train time: 66.20 seconds
			Test time: 15.53 seconds
		50 EPOCH BEST TEST AUC: 0.5551688075065613
			Train time: 68.14 seconds
			Test time: 16.71 seconds
		51 EPOCH BEST TEST AUC: 0.5726158618927002
			Train time: 68.69 seconds
			Test time: 16.39 seconds
		52 EPOCH BEST TEST AUC: 0.5783871412277222
			Train time: 68.11 seconds
			Test time: 16.70 seconds
		53 EPOCH BEST TEST AUC: 0.5783871412277222
			Train time: 69.60 seconds
			Test time: 17.31 seconds
		54 EPOCH BEST TEST AUC: 0.5783871412277222
			Train time: 66.48 seconds
			Test time: 15.93 seconds
		55 EPOCH BEST TEST AUC: 0.5783871412277222
			Train time: 68.31 seconds
			Test time: 17.11 seconds
		56 EPOCH BEST TEST AUC: 0.5783871412277222
			Train time: 69.54 seconds
			Test time: 16.27 seconds
		57 EPOCH BEST TEST AUC: 0.5783871412277222
			Train time: 67.01 seconds
			Test time: 16.63 seconds
		58 EPOCH BEST TEST AUC: 0.5783871412277222
			Train time: 70.67 seconds
			Test time: 16.66 seconds
		59 EPOCH BEST TEST AUC: 0.5783871412277222
			Train time: 66.61 seconds
			Test time: 15.73 seconds
		60 EPOCH BEST TEST AUC: 0.5783871412277222
			Train time: 65.96 seconds
			Test time: 16.11 seconds
		61 EPOCH BEST TEST AUC: 0.5786921977996826
			Train time: 64.93 seconds
			Test time: 15.59 seconds
		62 EPOCH BEST TEST AUC: 0.5789586305618286
			Train time: 64.04 seconds
			Test time: 15.67 seconds
		63 EPOCH BEST TEST AUC: 0.5789586305618286
			Train time: 64.10 seconds
			Test time: 16.04 seconds
		64 EPOCH BEST TEST AUC: 0.5792939066886902
			Train time: 64.85 seconds
			Test time: 15.51 seconds
		65 EPOCH BEST TEST AUC: 0.5792939066886902
			Train time: 64.31 seconds
			Test time: 15.55 seconds
		66 EPOCH BEST TEST AUC: 0.5792939066886902
			Train time: 64.05 seconds
			Test time: 15.57 seconds
		67 EPOCH BEST TEST AUC: 0.5792939066886902
			Train time: 64.27 seconds
			Test time: 15.54 seconds
		68 EPOCH BEST TEST AUC: 0.5792939066886902
			Train time: 64.35 seconds
			Test time: 15.55 seconds
		69 EPOCH BEST TEST AUC: 0.57945716381073
			Train time: 63.73 seconds
			Test time: 15.31 seconds
		70 EPOCH BEST TEST AUC: 0.57945716381073
			Train time: 63.56 seconds
			Test time: 15.36 seconds
	Training time:         1:36:12
	Best train AUC: 0.843262791633606
	Best test AUC: 0.57945716381073

+------------------ Job Report: 4267094 (COMPLETED) -------------------+
| Memory (RAM)  [######              ] 33.5% (1.7 GB peak / 5 GB)      |
| CPU           [############        ] 61.0% average                   |
| GPU           [#####               ] 29.8% average                   |
| Time          [---------------->   ] 81.5% (0-01:37:45 / 0-02:00:00) |
|                                                                      |
| Lustre Filesystem:                                                   |
|   Path    Total Read    Total Write    Total IOPS                    |
|   ------  ------------  -------------  ------------                  |
|   /apps   26 MB         0 B            161                           |
|   /fred   27.5 GB       32.4 MB        4.1 K                         |
|   /home   0 B           0 B            2                             |
|   OS      20.5 MB       0 B            166                           |
|                                                                      |
| Warnings:                                                            |
|   - Too much memory requested                                        |
|   - CPU usage is low                                                 |
|   - GPU usage is low                                                 |
+----------------------------------------------------------------------+
