Copying file: ./data/ucf101/aligned_data/ucf101_01_D1.npz to /var/tmp/jobfs/data
Dataset copied to JOBFS: ucf101_01_D1.npz
Data path: /var/tmp/jobfs/data/ucf101_01_D1.npz
Run name: stgcn2_ucf101_1_base

### Libraries loaded
feeder: feeders.ucf101.Feeder
feeder_args:
  data_paths: {1: './data/ucf101/aligned_data/ucf101_01_D1.npz', 2: './data/ucf101/aligned_data/ucf101_02_D1.npz', 3: './data/ucf101/aligned_data/ucf101_03_D1.npz'}
  label_path: ./data/ucf101/statistics/ucf101_annotations.yaml
  p_interval: [0.5, 1]
  random_shift: True
  random_choose: True
  window_size: 64
  random_move: True
  random_rot: True
  average_flow: False
  absolute_flow: False
  no_flow: True
extractor:
  data_paths: {'rgb_path': '../Datasets/UCF-101/', 'pose_path': './data/ucf101/pose/', 'flow_path': './data/ucf101/flow/', 'flowpose_path': './data/ucf101/flowpose/'}
  pose: {'weights': 'pretrained_models/yolo11x-pose.pt'}
  flow: {'weights': 'pretrained_models/raft_large.pt', 'imsize': [240, 320], 'minibatch_size': 16}
  flowpose: {'window_size': 5, 'threshold': 0.05, 'loop': False, 'norm': False, 'match_pose': False, 'ntu': False, 'dilation': 3}
model: models.stgcn2.stgcn2.TEST_MODEL
model_args:
  num_class: 101
  num_point: 17
  num_person: 2
  graph: graph.yolo_pose.Graph
  pose_channels: 3
  flow_channels: 0
  base_channels: 64
  data_bn_type: MVC
  ch_ratio: 2
  num_stages: 10
  inflate_stages: ['5 8']
  down_stages: [5, 8]
  cnn: False
ignore_weights: []
phase: train
optimiser: torch.optim.SGD
optim_params:
  lr: 0.1
  momentum: 0.9
  weight_decay: 0.0005
  nesterov: True
scheduler: torch.optim.lr_scheduler.CosineAnnealingLR
scheduler_params:
  eta_min: 0
trainer: training.train_msg3d.train_network
num_epoch: 16
device: 0
batch_size: 256
forward_batch_size: 128
test_batch_size: 256
half: False
checkpoint_freq: 1
save_location: ./results/stgcn2/ucf101/
model_type: stgcn2
dataset: ucf101
flow_embedding: base
evaluation: 1
obs_ratio: 1.0
run_name: stgcn2_ucf101_1_base
description: stgcn2_train ucf101 1 base observation ratio 1.0, dilation 1...
data_path_overwrite: /var/tmp/jobfs/data/ucf101_01_D1.npz
verbose: True
### Arguments loaded
	Output device: cuda:0
	Model total number of params: 508943
	Loading weights from ./results/stgcn2/ucf101/1/train/stgcn2_ucf101_1_base.pt
	Checkpoint file does not yet exist
		([Errno 2] No such file or directory: './results/stgcn2/ucf101/1/train/stgcn2_ucf101_1_base.pt')
### Model created
	Loaded data using mmap mode
	Self.data assigned
	Self.labels assigned
	Assigned self.data to unique split (train)
	Using memory-mapped data - skipping NaN filtering to preserve memory efficiency
	Finished loading data!
	Loaded data using mmap mode
	Assigned self.data to unique split (test)
	Using memory-mapped data - skipping NaN filtering to preserve memory efficiency
	Finished loading data!
### Dataloaders created
	Tracking:
		epoch
		train_time
		train_loss
		lr
		test_time
		test_loss
		train_ACC
		test_ACC
		train_cls_loss
		test_cls_loss
	Created new checkpoint file: ./results/stgcn2/ucf101/1/train/stgcn2_ucf101_1_base.pt
		1 EPOCH BEST TEST ACC: 0.07539724558591843
			Train time: 29.59 seconds
			Test time: 23.05 seconds
		2 EPOCH BEST TEST ACC: 0.13821052014827728
			Train time: 23.57 seconds
			Test time: 23.08 seconds
		3 EPOCH BEST TEST ACC: 0.2143542617559433
			Train time: 23.59 seconds
			Test time: 22.97 seconds
		4 EPOCH BEST TEST ACC: 0.22704489529132843
			Train time: 23.66 seconds
			Test time: 23.07 seconds
		5 EPOCH BEST TEST ACC: 0.29455047845840454
			Train time: 23.69 seconds
			Test time: 22.99 seconds
		6 EPOCH BEST TEST ACC: 0.3656819760799408
			Train time: 23.59 seconds
			Test time: 23.09 seconds
		7 EPOCH BEST TEST ACC: 0.3908499479293823
			Train time: 23.63 seconds
			Test time: 23.05 seconds
		8 EPOCH BEST TEST ACC: 0.42508265376091003
			Train time: 23.63 seconds
			Test time: 23.07 seconds
		9 EPOCH BEST TEST ACC: 0.4891756474971771
			Train time: 23.65 seconds
			Test time: 23.06 seconds
		10 EPOCH BEST TEST ACC: 0.5430307984352112
			Train time: 23.79 seconds
			Test time: 23.21 seconds
		11 EPOCH BEST TEST ACC: 0.5543350577354431
			Train time: 23.41 seconds
			Test time: 23.11 seconds
		12 EPOCH BEST TEST ACC: 0.5944331884384155
			Train time: 23.83 seconds
			Test time: 23.06 seconds
		13 EPOCH BEST TEST ACC: 0.6033912897109985
			Train time: 23.79 seconds
			Test time: 23.02 seconds
		14 EPOCH BEST TEST ACC: 0.6223738789558411
			Train time: 23.90 seconds
			Test time: 23.19 seconds
		15 EPOCH BEST TEST ACC: 0.6238669157028198
			Train time: 23.67 seconds
			Test time: 23.21 seconds
		16 EPOCH BEST TEST ACC: 0.6248266696929932
			Train time: 23.70 seconds
			Test time: 23.19 seconds
	Best train ACC: 0.6151220798492432
	Best test ACC: 0.6248266696929932
	Training time:         0:12:34

+------------------ Job Report: 6501034 (COMPLETED) -------------------+
| Memory (RAM)  [####                ] 21.3% (1.1 GB peak / 5 GB)      |
| CPU           [###########         ] 56.2% average                   |
| GPU           [#                   ]  8.4% average                   |
| Time          [-->                 ] 11.2% (0-00:13:30 / 0-02:00:00) |
|                                                                      |
| Lustre Filesystem:                                                   |
|   Path    Total Read    Total Write      Total IOPS                  |
|   ------  ------------  -------------  ------------                  |
|   /apps   284 KB        0 B                    134                   |
|   /fred   26.4 GB       60.4 MB                 73                   |
|   /home   0 B           0 B                      1                   |
|   OS      28 KB         0 B                     11                   |
|                                                                      |
| Warnings:                                                            |
|   - Too much memory requested                                        |
|   - CPU usage is low                                                 |
|   - GPU usage is low                                                 |
|   - Too much time requested                                          |
+----------------------------------------------------------------------+
