Copying file: ./data/ucf101/aligned_data/ucf101_01_D1.npz to /var/tmp/jobfs/data
Dataset copied to JOBFS: ucf101_01_D1.npz
Data path: /var/tmp/jobfs/data/ucf101_01_D1.npz
Run name: stgcn2_ucf101_1_abs_D1

### Libraries loaded
feeder: feeders.ucf101.Feeder
feeder_args:
  data_paths: {1: './data/ucf101/aligned_data/ucf101_01_D1.npz', 2: './data/ucf101/aligned_data/ucf101_02_D1.npz', 3: './data/ucf101/aligned_data/ucf101_03_D1.npz'}
  label_path: ./data/ucf101/statistics/ucf101_annotations.yaml
  p_interval: [0.5, 1]
  random_shift: True
  random_choose: True
  window_size: 64
  random_move: True
  random_rot: True
  average_flow: False
  absolute_flow: {'window_mean': True}
  no_flow: False
extractor:
  data_paths: {'rgb_path': '../Datasets/UCF-101/', 'pose_path': './data/ucf101/pose/', 'flow_path': './data/ucf101/flow/', 'flowpose_path': './data/ucf101/flowpose/'}
  preprocessed: True
  pose: {'weights': 'pretrained_models/yolo11x-pose.pt'}
  flow: {'weights': 'pretrained_models/raft_large.pt', 'imsize': [240, 320], 'minibatch_size': 16}
  flowpose: {'window_size': 5, 'threshold': 0.05, 'loop': False}
model: models.stgcn2.stgcn2.TEST_MODEL
model_args:
  num_class: 101
  num_point: 17
  num_person: 2
  graph: graph.yolo_pose.Graph
  pose_channels: 3
  flow_channels: 1
  base_channels: 64
  data_bn_type: MVC
  ch_ratio: 2
  num_stages: 10
  inflate_stages: ['5 8']
  down_stages: [5, 8]
  cnn: False
ignore_weights: []
phase: train
optimiser: torch.optim.SGD
optim_params:
  lr: 0.1
  momentum: 0.9
  weight_decay: 0.0005
  nesterov: True
scheduler: torch.optim.lr_scheduler.CosineAnnealingLR
scheduler_params:
  eta_min: 0
trainer: training.train_msg3d.train_network
num_epoch: 16
device: 0
batch_size: 256
half: False
checkpoint_freq: 1
save_location: ./results/stgcn/ucf101/
model_type: stgcn2
dataset: ucf101
flow_embedding: abs
evaluation: 1
run_name: stgcn2_ucf101_1_abs_D1
description: stgcn2_train ucf101 1 abs initial testing for ST-GCN++, dilation 1...
data_path_overwrite: /var/tmp/jobfs/data/ucf101_01_D1.npz
verbose: True
### Arguments loaded
	Output device: cuda:0
	Model total number of params: 509203
	Loading weights from ./results/stgcn/ucf101/1/train/stgcn2_ucf101_1_abs_D1.pt
	Checkpoint file does not yet exist
		([Errno 2] No such file or directory: './results/stgcn/ucf101/1/train/stgcn2_ucf101_1_abs_D1.pt')
### Model created
	Loaded data using mmap mode
	Self.data assigned
	Self.labels assigned
	Assigned self.data to unique split (train)
	Using memory-mapped data - skipping NaN filtering to preserve memory efficiency
	Finished loading data!
	Loaded data using mmap mode
	Assigned self.data to unique split (test)
	Using memory-mapped data - skipping NaN filtering to preserve memory efficiency
	Finished loading data!
### Dataloaders created
	Tracking:
		epoch
		train_time
		train_loss
		lr
		test_time
		test_loss
		train_ACC
		test_ACC
		train_cls_loss
		test_cls_loss
	Created new checkpoint file: ./results/stgcn/ucf101/1/train/stgcn2_ucf101_1_abs_D1.pt
		1 EPOCH BEST TEST ACC: 0.09160712361335754
			Train time: 56.24 seconds
			Test time: 52.17 seconds
		2 EPOCH BEST TEST ACC: 0.18950623273849487
			Train time: 52.42 seconds
			Test time: 47.37 seconds
		3 EPOCH BEST TEST ACC: 0.254878968000412
			Train time: 49.83 seconds
			Test time: 48.87 seconds
		4 EPOCH BEST TEST ACC: 0.3056414723396301
			Train time: 54.01 seconds
			Test time: 52.73 seconds
		5 EPOCH BEST TEST ACC: 0.3806121349334717
			Train time: 47.60 seconds
			Test time: 47.15 seconds
		6 EPOCH BEST TEST ACC: 0.4210301637649536
			Train time: 49.87 seconds
			Test time: 48.86 seconds
		7 EPOCH BEST TEST ACC: 0.45110374689102173
			Train time: 49.93 seconds
			Test time: 51.83 seconds
		8 EPOCH BEST TEST ACC: 0.45110374689102173
			Train time: 49.71 seconds
			Test time: 47.98 seconds
		9 EPOCH BEST TEST ACC: 0.5488962531089783
			Train time: 48.34 seconds
			Test time: 48.27 seconds
		10 EPOCH BEST TEST ACC: 0.5926202535629272
			Train time: 49.14 seconds
			Test time: 48.00 seconds
		11 EPOCH BEST TEST ACC: 0.639330267906189
			Train time: 51.83 seconds
			Test time: 47.07 seconds
		12 EPOCH BEST TEST ACC: 0.6543670296669006
			Train time: 49.40 seconds
			Test time: 48.87 seconds
		13 EPOCH BEST TEST ACC: 0.68550705909729
			Train time: 51.09 seconds
			Test time: 47.94 seconds
		14 EPOCH BEST TEST ACC: 0.6969180107116699
			Train time: 49.01 seconds
			Test time: 49.50 seconds
		15 EPOCH BEST TEST ACC: 0.7019302248954773
			Train time: 48.89 seconds
			Test time: 50.09 seconds
		16 EPOCH BEST TEST ACC: 0.7019302248954773
			Train time: 49.88 seconds
			Test time: 50.26 seconds
	Best train ACC: 0.6864668726921082
	Best test ACC: 0.7019302248954773
	Training time:         0:26:34

+------------------ Job Report: 6395825 (COMPLETED) -------------------+
| Memory (RAM)  [#####               ] 25.3% (1.3 GB peak / 5 GB)      |
| CPU           [###############     ] 78.3% average                   |
| GPU           [                    ]  0.9% average                   |
| Time          [---->               ] 22.7% (0-00:27:17 / 0-02:00:00) |
|                                                                      |
| Lustre Filesystem:                                                   |
|   Path    Total Read    Total Write      Total IOPS                  |
|   ------  ------------  -------------  ------------                  |
|   /apps   3.6 MB        0 B                    185                   |
|   /fred   26.4 GB       60.5 MB                 97                   |
|   /home   0 B           0 B                      1                   |
|   OS      28 KB         0 B                     20                   |
|                                                                      |
| Warnings:                                                            |
|   - Too much memory requested                                        |
|   - GPU usage is low                                                 |
|   - Too much time requested                                          |
+----------------------------------------------------------------------+
