Copying file: ./data/ntu/aligned_data/ntu_CS-flowpose_D4_aligned.npz to /var/tmp/jobfs/data
Dataset copied to JOBFS: ntu_CS-flowpose_D4_aligned.npz
Data path: /var/tmp/jobfs/data/ntu_CS-flowpose_D4_aligned.npz
Run name: ntu_CS_avg_D4

### Libraries loaded
feeder: feeders.ntu_rgb_d.Feeder
feeder_args:
  data_paths: {'CS': './data/ntu/aligned_data/ntu_CS-flowpose_D3_aligned.npz', 'CV': './data/ntu/aligned_data/ntu_CV-flowpose_D3_aligned.npz'}
  label_path: ./data/ntu/statistics/ntu_rgbd-annotations.yaml
  p_interval: [0.5, 1]
  random_choose: True
  random_shift: True
  window_size: 64
  random_move: True
  random_rot: True
  average_flow: True
  absolute_flow: False
  no_flow: False
extractor:
  preprocessed: True
  pose: {'weights': 'pretrained_models/yolo11x-pose.pt'}
  flow: {'weights': 'pretrained_models/raft_large.pt', 'imsize': [1080, 1920], 'minibatch_size': 3}
  flowpose: {'window_size': 5, 'threshold': 0.05, 'loop': False, 'norm': False, 'match_pose': False, 'ntu': True, 'dilation': 1}
model: model.infogcn2.sode.SODE
model_args:
  num_class: 60
  num_point: 25
  num_person: 2
  graph: graph.ntu_rgb_d.Graph
  pose_channels: 3
  flow_channels: 2
  embed_channels: 64
  num_head: 3
  ode_method: euler
  depth: 4
  device: 0
  T: 64
  n_step: 3
  SAGC_proj: True
  num_cls: 10
  n_sample: 1
  backbone: transformer
  cnn: False
  use_mask: True
ignore_weights: []
phase: train
optim:
  base_lr: 0.1
  nesterov: True
  weight_decay: 0.0003
  step: [50, 60]
  gamma: 0.1
lambda_1: 1
lambda_2: 0.1
lambda_3: 0.001
lambda_4: 0.0
lambda_5: 0.0
num_epoch: 70
device: 0
batch_size: 256
forward_batch_size: 128
test_batch_size: 256
half: False
checkpoint_freq: 10
save_location: ./results/ntu/
dataset: ntu
model_type: avg
evaluation: CS
run_name: ntu_CS_avg_D4
description: train ntu CS avg with dilation 4 TESTING n_step = 4
data_path_overwrite: /var/tmp/jobfs/data/ntu_CS-flowpose_D4_aligned.npz
verbose: True
### Arguments loaded
	Output device: cuda:0
	Temporal encoder: transformer
	Model total number of params: 613875
	Loading weights from ./results/ntu/CS/train/ntu_CS_avg_D4.pt
	Checkpoint file does not yet exist
	([Errno 2] No such file or directory: './results/ntu/CS/train/ntu_CS_avg_D4.pt')
### Model created
	Loaded data using mmap mode
	Self.data assigned
	Self.labels assigned
	Assigned self.data to unique split (train)
	Using memory-mapped data - skipping NaN filtering to preserve memory efficiency
	Finished loading data!
	Loaded data using mmap mode
	Assigned self.data to unique split (test)
	Using memory-mapped data - skipping NaN filtering to preserve memory efficiency
	Finished loading data!
### Dataloaders created
	Tracking:
		epoch
		train_time
		train_loss
		lr
		test_time
		test_loss
		train_ACC
		test_ACC
		train_AUC
		test_AUC
		train_cls_loss
		test_cls_loss
		train_feature_loss
		test_feature_loss
		train_recon_loss
		test_recon_loss
	Created new checkpoint file: ./results/ntu/CS/train/ntu_CS_avg_D4.pt
		1 EPOCH BEST TEST AUC: 0.032950203865766525
			Train time: 405.90 seconds
			Test time: 117.43 seconds
		2 EPOCH BEST TEST AUC: 0.10586845129728317
			Train time: 410.27 seconds
			Test time: 112.56 seconds
		3 EPOCH BEST TEST AUC: 0.20040126144886017
			Train time: 405.97 seconds
			Test time: 110.97 seconds
		4 EPOCH BEST TEST AUC: 0.27583569288253784
			Train time: 417.08 seconds
			Test time: 118.39 seconds
		5 EPOCH BEST TEST AUC: 0.396525502204895
			Train time: 412.37 seconds
			Test time: 116.37 seconds
		6 EPOCH BEST TEST AUC: 0.42102962732315063
			Train time: 405.94 seconds
			Test time: 111.28 seconds
		7 EPOCH BEST TEST AUC: 0.5248425006866455
			Train time: 403.32 seconds
			Test time: 110.66 seconds
		8 EPOCH BEST TEST AUC: 0.5513832569122314
			Train time: 397.00 seconds
			Test time: 104.90 seconds
		9 EPOCH BEST TEST AUC: 0.5706124305725098
			Train time: 373.87 seconds
			Test time: 104.79 seconds
		10 EPOCH BEST TEST AUC: 0.5891023874282837
			Train time: 371.80 seconds
			Test time: 105.13 seconds
		11 EPOCH BEST TEST AUC: 0.5991785526275635
			Train time: 373.90 seconds
			Test time: 104.82 seconds
		12 EPOCH BEST TEST AUC: 0.6106809973716736
			Train time: 374.04 seconds
			Test time: 104.84 seconds
		13 EPOCH BEST TEST AUC: 0.612991452217102
			Train time: 377.74 seconds
			Test time: 105.73 seconds
		14 EPOCH BEST TEST AUC: 0.6163113117218018
			Train time: 376.83 seconds
			Test time: 103.64 seconds
		15 EPOCH BEST TEST AUC: 0.6344344615936279
			Train time: 375.81 seconds
			Test time: 104.25 seconds
		16 EPOCH BEST TEST AUC: 0.6449427604675293
			Train time: 372.64 seconds
			Test time: 104.27 seconds
		17 EPOCH BEST TEST AUC: 0.6449427604675293
			Train time: 373.02 seconds
			Test time: 104.26 seconds
		18 EPOCH BEST TEST AUC: 0.6449427604675293
			Train time: 372.13 seconds
			Test time: 103.93 seconds
		19 EPOCH BEST TEST AUC: 0.6449427604675293
			Train time: 373.57 seconds
			Test time: 104.07 seconds
		20 EPOCH BEST TEST AUC: 0.6556757092475891
			Train time: 375.97 seconds
			Test time: 103.65 seconds
		21 EPOCH BEST TEST AUC: 0.6556757092475891
			Train time: 372.00 seconds
			Test time: 104.65 seconds
		22 EPOCH BEST TEST AUC: 0.6652647256851196
			Train time: 372.02 seconds
			Test time: 103.44 seconds
		23 EPOCH BEST TEST AUC: 0.6652647256851196
			Train time: 374.49 seconds
			Test time: 104.86 seconds
		24 EPOCH BEST TEST AUC: 0.6652647256851196
			Train time: 372.95 seconds
			Test time: 103.43 seconds
		25 EPOCH BEST TEST AUC: 0.6698715686798096
			Train time: 372.21 seconds
			Test time: 104.38 seconds
		26 EPOCH BEST TEST AUC: 0.6698715686798096
			Train time: 368.54 seconds
			Test time: 105.93 seconds
		27 EPOCH BEST TEST AUC: 0.6700013875961304
			Train time: 375.79 seconds
			Test time: 104.06 seconds
		28 EPOCH BEST TEST AUC: 0.6719062924385071
			Train time: 368.75 seconds
			Test time: 106.18 seconds
		29 EPOCH BEST TEST AUC: 0.6743741631507874
			Train time: 370.38 seconds
			Test time: 104.04 seconds
		30 EPOCH BEST TEST AUC: 0.6743741631507874
			Train time: 366.27 seconds
			Test time: 104.22 seconds
		31 EPOCH BEST TEST AUC: 0.6743741631507874
			Train time: 369.86 seconds
			Test time: 105.92 seconds
		32 EPOCH BEST TEST AUC: 0.6743741631507874
			Train time: 367.57 seconds
			Test time: 104.73 seconds
		33 EPOCH BEST TEST AUC: 0.6789060831069946
			Train time: 368.39 seconds
			Test time: 105.00 seconds
		34 EPOCH BEST TEST AUC: 0.6789060831069946
			Train time: 368.09 seconds
			Test time: 103.48 seconds
		35 EPOCH BEST TEST AUC: 0.6789060831069946
			Train time: 370.19 seconds
			Test time: 103.41 seconds
		36 EPOCH BEST TEST AUC: 0.6789060831069946
			Train time: 371.88 seconds
			Test time: 103.77 seconds
		37 EPOCH BEST TEST AUC: 0.6789060831069946
			Train time: 371.21 seconds
			Test time: 104.59 seconds
		38 EPOCH BEST TEST AUC: 0.681776762008667
			Train time: 379.19 seconds
			Test time: 108.46 seconds
		39 EPOCH BEST TEST AUC: 0.681776762008667
			Train time: 403.30 seconds
			Test time: 114.30 seconds
		40 EPOCH BEST TEST AUC: 0.681776762008667
			Train time: 405.45 seconds
			Test time: 116.61 seconds
		41 EPOCH BEST TEST AUC: 0.681776762008667
			Train time: 407.38 seconds
			Test time: 116.02 seconds
		42 EPOCH BEST TEST AUC: 0.681776762008667
			Train time: 415.74 seconds
			Test time: 116.49 seconds
		43 EPOCH BEST TEST AUC: 0.6865854859352112
			Train time: 416.99 seconds
			Test time: 117.42 seconds
		44 EPOCH BEST TEST AUC: 0.6865854859352112
			Train time: 416.80 seconds
			Test time: 116.26 seconds
		45 EPOCH BEST TEST AUC: 0.6865854859352112
			Train time: 417.16 seconds
			Test time: 117.90 seconds
		46 EPOCH BEST TEST AUC: 0.6865854859352112
			Train time: 417.18 seconds
			Test time: 118.14 seconds
		47 EPOCH BEST TEST AUC: 0.6865854859352112
			Train time: 418.47 seconds
			Test time: 116.49 seconds
		48 EPOCH BEST TEST AUC: 0.6865854859352112
			Train time: 415.76 seconds
			Test time: 117.52 seconds
		49 EPOCH BEST TEST AUC: 0.6865854859352112
			Train time: 413.94 seconds
			Test time: 116.91 seconds
		50 EPOCH BEST TEST AUC: 0.687214732170105
			Train time: 416.83 seconds
			Test time: 116.40 seconds
		51 EPOCH BEST TEST AUC: 0.705583393573761
			Train time: 416.34 seconds
			Test time: 117.98 seconds
		52 EPOCH BEST TEST AUC: 0.7067594528198242
			Train time: 416.27 seconds
			Test time: 116.85 seconds
		53 EPOCH BEST TEST AUC: 0.7081298828125
			Train time: 415.32 seconds
			Test time: 116.00 seconds
		54 EPOCH BEST TEST AUC: 0.7088549137115479
			Train time: 415.53 seconds
			Test time: 117.47 seconds
		55 EPOCH BEST TEST AUC: 0.7088549137115479
			Train time: 414.59 seconds
			Test time: 116.57 seconds
		56 EPOCH BEST TEST AUC: 0.7090766429901123
			Train time: 416.90 seconds
			Test time: 117.42 seconds
		57 EPOCH BEST TEST AUC: 0.7090766429901123
			Train time: 416.69 seconds
			Test time: 117.31 seconds
		58 EPOCH BEST TEST AUC: 0.7090766429901123
			Train time: 414.84 seconds
			Test time: 115.82 seconds
		59 EPOCH BEST TEST AUC: 0.7090766429901123
			Train time: 415.40 seconds
			Test time: 115.95 seconds
		60 EPOCH BEST TEST AUC: 0.7090766429901123
			Train time: 510.11 seconds
			Test time: 177.80 seconds
		61 EPOCH BEST TEST AUC: 0.7091287970542908
			Train time: 641.67 seconds
			Test time: 143.13 seconds
		62 EPOCH BEST TEST AUC: 0.7093439102172852
			Train time: 450.97 seconds
			Test time: 180.66 seconds
		63 EPOCH BEST TEST AUC: 0.7093439102172852
			Train time: 643.17 seconds
			Test time: 175.56 seconds
		64 EPOCH BEST TEST AUC: 0.7093628644943237
			Train time: 512.07 seconds
			Test time: 132.98 seconds
		65 EPOCH BEST TEST AUC: 0.7094624042510986
			Train time: 656.88 seconds
			Test time: 157.32 seconds
		66 EPOCH BEST TEST AUC: 0.7094624042510986
			Train time: 606.21 seconds
			Test time: 175.89 seconds
		67 EPOCH BEST TEST AUC: 0.7094624042510986
			Train time: 660.86 seconds
			Test time: 141.55 seconds
		68 EPOCH BEST TEST AUC: 0.7094624042510986
			Train time: 427.35 seconds
			Test time: 117.07 seconds
		69 EPOCH BEST TEST AUC: 0.7094624042510986
			Train time: 396.93 seconds
			Test time: 107.74 seconds
		70 EPOCH BEST TEST AUC: 0.7094624042510986
			Train time: 382.48 seconds
			Test time: 107.92 seconds
	Training time:         10:18:54
	Best train AUC: 0.8617017269134521
	Best test AUC: 0.7094624042510986

+------------------ Job Report: 3594229 (COMPLETED) -------------------+
| Memory (RAM)  [######              ] 31.0% (1.6 GB peak / 5 GB)      |
| CPU           [###########         ] 57.0% average                   |
| GPU           [######              ] 31.9% average                   |
| Time          [----------------->  ] 86.6% (0-10:23:38 / 0-12:00:00) |
|                                                                      |
| Lustre Filesystem:                                                   |
|   Path    Total Read    Total Write    Total IOPS                    |
|   ------  ------------  -------------  ------------                  |
|   /apps   78 MB         0 B            36                            |
|   /fred   187.1 GB      36.5 MB        2.1 K                         |
|   /home   0 B           0 B            2                             |
|   OS      275.3 MB      0 B            472                           |
|                                                                      |
| Warnings:                                                            |
|   - Too much memory requested                                        |
|   - CPU usage is low                                                 |
|   - GPU usage is low                                                 |
+----------------------------------------------------------------------+
