Copying file: ./data/ntu/aligned_data/ntu_CS-flowpose_D4_aligned.npz to /var/tmp/jobfs/data
Dataset copied to JOBFS: ntu_CS-flowpose_D4_aligned.npz
Data path: /var/tmp/jobfs/data/ntu_CS-flowpose_D4_aligned.npz
Run name: ntu_CS_abs_D4

### Libraries loaded
feeder: feeders.ntu_rgb_d.Feeder
feeder_args:
  data_paths: {'CS': './data/ntu/aligned_data/ntu_CS-flowpose_D3_aligned.npz', 'CV': './data/ntu/aligned_data/ntu_CV-flowpose_D3_aligned.npz'}
  label_path: ./data/ntu/statistics/ntu_rgbd-annotations.yaml
  p_interval: [0.5, 1]
  random_choose: True
  random_shift: True
  window_size: 64
  random_move: True
  random_rot: True
  average_flow: False
  absolute_flow: {'window_mean': True}
  no_flow: False
extractor:
  preprocessed: True
  pose: {'weights': 'pretrained_models/yolo11x-pose.pt'}
  flow: {'weights': 'pretrained_models/raft_large.pt', 'imsize': [1080, 1920], 'minibatch_size': 3}
  flowpose: {'window_size': 5, 'threshold': 0.05, 'loop': False, 'norm': False, 'match_pose': False, 'ntu': True, 'dilation': 1}
model: model.infogcn2.sode.SODE
model_args:
  num_class: 60
  num_point: 25
  num_person: 2
  graph: graph.ntu_rgb_d.Graph
  pose_channels: 3
  flow_channels: 1
  embed_channels: 64
  num_head: 3
  ode_method: euler
  depth: 4
  device: 0
  T: 64
  n_step: 3
  SAGC_proj: True
  num_cls: 10
  n_sample: 1
  backbone: transformer
  cnn: False
  use_mask: True
ignore_weights: []
phase: train
optim:
  base_lr: 0.1
  nesterov: True
  weight_decay: 0.0003
  step: [50, 60]
  gamma: 0.1
lambda_1: 1
lambda_2: 0.1
lambda_3: 0.001
lambda_4: 0.0
lambda_5: 0.0
num_epoch: 70
device: 0
batch_size: 256
forward_batch_size: 128
test_batch_size: 256
half: False
checkpoint_freq: 10
save_location: ./results/ntu/
dataset: ntu
model_type: abs
evaluation: CS
run_name: ntu_CS_abs_D4
description: train ntu CS abs with dilation 4 TESTING n_step = 4
data_path_overwrite: /var/tmp/jobfs/data/ntu_CS-flowpose_D4_aligned.npz
verbose: True
### Arguments loaded
	Output device: cuda:0
	Temporal encoder: transformer
	Model total number of params: 613811
	Loading weights from ./results/ntu/CS/train/ntu_CS_abs_D4.pt
	Checkpoint file does not yet exist
	([Errno 2] No such file or directory: './results/ntu/CS/train/ntu_CS_abs_D4.pt')
### Model created
	Loaded data using mmap mode
	Self.data assigned
	Self.labels assigned
	Assigned self.data to unique split (train)
	Using memory-mapped data - skipping NaN filtering to preserve memory efficiency
	Finished loading data!
	Loaded data using mmap mode
	Assigned self.data to unique split (test)
	Using memory-mapped data - skipping NaN filtering to preserve memory efficiency
	Finished loading data!
### Dataloaders created
	Tracking:
		epoch
		train_time
		train_loss
		lr
		test_time
		test_loss
		train_ACC
		test_ACC
		train_AUC
		test_AUC
		train_cls_loss
		test_cls_loss
		train_feature_loss
		test_feature_loss
		train_recon_loss
		test_recon_loss
	Created new checkpoint file: ./results/ntu/CS/train/ntu_CS_abs_D4.pt
		1 EPOCH BEST TEST AUC: 0.037609174847602844
			Train time: 387.33 seconds
			Test time: 106.95 seconds
		2 EPOCH BEST TEST AUC: 0.10069391131401062
			Train time: 382.49 seconds
			Test time: 107.29 seconds
		3 EPOCH BEST TEST AUC: 0.20757357776165009
			Train time: 385.19 seconds
			Test time: 108.21 seconds
		4 EPOCH BEST TEST AUC: 0.29225677251815796
			Train time: 385.34 seconds
			Test time: 108.50 seconds
		5 EPOCH BEST TEST AUC: 0.3476763963699341
			Train time: 386.60 seconds
			Test time: 108.67 seconds
		6 EPOCH BEST TEST AUC: 0.4358983635902405
			Train time: 385.72 seconds
			Test time: 107.84 seconds
		7 EPOCH BEST TEST AUC: 0.48196208477020264
			Train time: 385.15 seconds
			Test time: 107.77 seconds
		8 EPOCH BEST TEST AUC: 0.5156770944595337
			Train time: 385.15 seconds
			Test time: 109.66 seconds
		9 EPOCH BEST TEST AUC: 0.5341415405273438
			Train time: 387.19 seconds
			Test time: 108.08 seconds
		10 EPOCH BEST TEST AUC: 0.5663391947746277
			Train time: 386.49 seconds
			Test time: 104.83 seconds
		11 EPOCH BEST TEST AUC: 0.5722112655639648
			Train time: 377.46 seconds
			Test time: 106.17 seconds
		12 EPOCH BEST TEST AUC: 0.5843381881713867
			Train time: 374.88 seconds
			Test time: 104.75 seconds
		13 EPOCH BEST TEST AUC: 0.5990003347396851
			Train time: 380.23 seconds
			Test time: 104.97 seconds
		14 EPOCH BEST TEST AUC: 0.6088243722915649
			Train time: 377.80 seconds
			Test time: 104.86 seconds
		15 EPOCH BEST TEST AUC: 0.6124522686004639
			Train time: 380.76 seconds
			Test time: 104.64 seconds
		16 EPOCH BEST TEST AUC: 0.6289472579956055
			Train time: 377.11 seconds
			Test time: 104.93 seconds
		17 EPOCH BEST TEST AUC: 0.6289472579956055
			Train time: 378.59 seconds
			Test time: 104.55 seconds
		18 EPOCH BEST TEST AUC: 0.6289472579956055
			Train time: 381.06 seconds
			Test time: 106.74 seconds
		19 EPOCH BEST TEST AUC: 0.6305166482925415
			Train time: 381.24 seconds
			Test time: 106.47 seconds
		20 EPOCH BEST TEST AUC: 0.6305166482925415
			Train time: 380.10 seconds
			Test time: 106.28 seconds
		21 EPOCH BEST TEST AUC: 0.6386528015136719
			Train time: 380.52 seconds
			Test time: 106.39 seconds
		22 EPOCH BEST TEST AUC: 0.6458118557929993
			Train time: 380.64 seconds
			Test time: 106.57 seconds
		23 EPOCH BEST TEST AUC: 0.6458118557929993
			Train time: 382.41 seconds
			Test time: 106.82 seconds
		24 EPOCH BEST TEST AUC: 0.6458118557929993
			Train time: 381.03 seconds
			Test time: 106.58 seconds
		25 EPOCH BEST TEST AUC: 0.6458118557929993
			Train time: 379.99 seconds
			Test time: 106.26 seconds
		26 EPOCH BEST TEST AUC: 0.6467766761779785
			Train time: 377.24 seconds
			Test time: 105.99 seconds
		27 EPOCH BEST TEST AUC: 0.6576175093650818
			Train time: 376.88 seconds
			Test time: 106.18 seconds
		28 EPOCH BEST TEST AUC: 0.6576175093650818
			Train time: 376.74 seconds
			Test time: 104.84 seconds
		29 EPOCH BEST TEST AUC: 0.6579824090003967
			Train time: 372.60 seconds
			Test time: 104.67 seconds
		30 EPOCH BEST TEST AUC: 0.6579824090003967
			Train time: 374.01 seconds
			Test time: 104.50 seconds
		31 EPOCH BEST TEST AUC: 0.6579824090003967
			Train time: 374.53 seconds
			Test time: 106.47 seconds
		32 EPOCH BEST TEST AUC: 0.6579824090003967
			Train time: 377.01 seconds
			Test time: 105.72 seconds
		33 EPOCH BEST TEST AUC: 0.663306713104248
			Train time: 380.18 seconds
			Test time: 105.27 seconds
		34 EPOCH BEST TEST AUC: 0.663306713104248
			Train time: 376.47 seconds
			Test time: 105.21 seconds
		35 EPOCH BEST TEST AUC: 0.663306713104248
			Train time: 375.51 seconds
			Test time: 105.13 seconds
		36 EPOCH BEST TEST AUC: 0.663306713104248
			Train time: 375.48 seconds
			Test time: 104.93 seconds
		37 EPOCH BEST TEST AUC: 0.6641738414764404
			Train time: 374.80 seconds
			Test time: 104.89 seconds
		38 EPOCH BEST TEST AUC: 0.6641738414764404
			Train time: 375.01 seconds
			Test time: 104.80 seconds
		39 EPOCH BEST TEST AUC: 0.6641738414764404
			Train time: 376.24 seconds
			Test time: 104.73 seconds
		40 EPOCH BEST TEST AUC: 0.6641738414764404
			Train time: 374.67 seconds
			Test time: 104.58 seconds
		41 EPOCH BEST TEST AUC: 0.6641738414764404
			Train time: 376.37 seconds
			Test time: 104.64 seconds
		42 EPOCH BEST TEST AUC: 0.6641738414764404
			Train time: 375.59 seconds
			Test time: 104.45 seconds
		43 EPOCH BEST TEST AUC: 0.6650163531303406
			Train time: 375.07 seconds
			Test time: 104.18 seconds
		44 EPOCH BEST TEST AUC: 0.6650163531303406
			Train time: 376.50 seconds
			Test time: 104.27 seconds
		45 EPOCH BEST TEST AUC: 0.6650163531303406
			Train time: 376.33 seconds
			Test time: 104.29 seconds
		46 EPOCH BEST TEST AUC: 0.6676462888717651
			Train time: 375.26 seconds
			Test time: 104.26 seconds
		47 EPOCH BEST TEST AUC: 0.6676462888717651
			Train time: 376.92 seconds
			Test time: 104.18 seconds
		48 EPOCH BEST TEST AUC: 0.6695938110351562
			Train time: 375.27 seconds
			Test time: 104.25 seconds
		49 EPOCH BEST TEST AUC: 0.671262800693512
			Train time: 376.01 seconds
			Test time: 104.01 seconds
		50 EPOCH BEST TEST AUC: 0.671262800693512
			Train time: 374.40 seconds
			Test time: 104.22 seconds
		51 EPOCH BEST TEST AUC: 0.6947358250617981
			Train time: 375.35 seconds
			Test time: 104.04 seconds
		52 EPOCH BEST TEST AUC: 0.6947358250617981
			Train time: 378.00 seconds
			Test time: 104.11 seconds
		53 EPOCH BEST TEST AUC: 0.6947358250617981
			Train time: 374.39 seconds
			Test time: 104.42 seconds
		54 EPOCH BEST TEST AUC: 0.6965440511703491
			Train time: 376.45 seconds
			Test time: 103.99 seconds
		55 EPOCH BEST TEST AUC: 0.6965440511703491
			Train time: 371.39 seconds
			Test time: 104.11 seconds
		56 EPOCH BEST TEST AUC: 0.6965440511703491
			Train time: 371.84 seconds
			Test time: 104.11 seconds
		57 EPOCH BEST TEST AUC: 0.6965440511703491
			Train time: 372.08 seconds
			Test time: 104.05 seconds
		58 EPOCH BEST TEST AUC: 0.6965440511703491
			Train time: 371.52 seconds
			Test time: 104.00 seconds
		59 EPOCH BEST TEST AUC: 0.6965440511703491
			Train time: 373.01 seconds
			Test time: 104.25 seconds
		60 EPOCH BEST TEST AUC: 0.6965440511703491
			Train time: 371.66 seconds
			Test time: 104.27 seconds
		61 EPOCH BEST TEST AUC: 0.6971003413200378
			Train time: 371.33 seconds
			Test time: 104.27 seconds
		62 EPOCH BEST TEST AUC: 0.6971003413200378
			Train time: 371.17 seconds
			Test time: 104.38 seconds
		63 EPOCH BEST TEST AUC: 0.6975306272506714
			Train time: 372.28 seconds
			Test time: 105.90 seconds
		64 EPOCH BEST TEST AUC: 0.6975306272506714
			Train time: 373.20 seconds
			Test time: 104.84 seconds
		65 EPOCH BEST TEST AUC: 0.6975306272506714
			Train time: 373.74 seconds
			Test time: 104.96 seconds
		66 EPOCH BEST TEST AUC: 0.6975306272506714
			Train time: 373.84 seconds
			Test time: 105.15 seconds
		67 EPOCH BEST TEST AUC: 0.6975306272506714
			Train time: 373.52 seconds
			Test time: 105.12 seconds
		68 EPOCH BEST TEST AUC: 0.6975306272506714
			Train time: 373.81 seconds
			Test time: 104.79 seconds
		69 EPOCH BEST TEST AUC: 0.6975306272506714
			Train time: 373.41 seconds
			Test time: 104.96 seconds
		70 EPOCH BEST TEST AUC: 0.6975306272506714
			Train time: 373.74 seconds
			Test time: 105.10 seconds
	Training time:         9:23:07
	Best train AUC: 0.8372156620025635
	Best test AUC: 0.6975306272506714

+------------------ Job Report: 3594228 (COMPLETED) -------------------+
| Memory (RAM)  [#####               ] 29.0% (1.5 GB peak / 5 GB)      |
| CPU           [###########         ] 57.6% average                   |
| GPU           [######              ] 34.4% average                   |
| Time          [--------------->    ] 78.8% (0-09:27:28 / 0-12:00:00) |
|                                                                      |
| Lustre Filesystem:                                                   |
|   Path    Total Read    Total Write      Total IOPS                  |
|   ------  ------------  -------------  ------------                  |
|   /apps   5.8 MB        0 B                    195                   |
|   /fred   168.1 GB      36.5 MB                226                   |
|   OS      20 MB         0 B                     56                   |
|                                                                      |
| Warnings:                                                            |
|   - Too much memory requested                                        |
|   - CPU usage is low                                                 |
|   - GPU usage is low                                                 |
+----------------------------------------------------------------------+
