Copying file: ./data/ntu/aligned_data/ntu_CS-flowpose_D2_aligned.npz to /var/tmp/jobfs/data
Dataset copied to JOBFS: ntu_CS-flowpose_D2_aligned.npz
Data path: /var/tmp/jobfs/data/ntu_CS-flowpose_D2_aligned.npz
Run name: ntu_CS_abs_D2

### Libraries loaded
feeder: feeders.ntu_rgb_d.Feeder
feeder_args:
  data_paths: {'CS': './data/ntu/aligned_data/ntu_CS-flowpose_D3_aligned.npz', 'CV': './data/ntu/aligned_data/ntu_CV-flowpose_D3_aligned.npz'}
  label_path: ./data/ntu/statistics/ntu_rgbd-annotations.yaml
  p_interval: [0.5, 1]
  random_choose: True
  random_shift: True
  window_size: 64
  random_move: True
  random_rot: True
  average_flow: False
  absolute_flow: {'window_mean': True}
  no_flow: False
extractor:
  preprocessed: True
  pose: {'weights': 'pretrained_models/yolo11x-pose.pt'}
  flow: {'weights': 'pretrained_models/raft_large.pt', 'imsize': [1080, 1920], 'minibatch_size': 3}
  flowpose: {'window_size': 5, 'threshold': 0.05, 'loop': False, 'norm': False, 'match_pose': False, 'ntu': True, 'dilation': 1}
model: model.infogcn2.sode.SODE
model_args:
  num_class: 60
  num_point: 25
  num_person: 2
  graph: graph.ntu_rgb_d.Graph
  pose_channels: 3
  flow_channels: 1
  embed_channels: 64
  num_head: 3
  ode_method: euler
  depth: 4
  device: 0
  T: 64
  n_step: 3
  SAGC_proj: True
  num_cls: 10
  n_sample: 1
  backbone: transformer
  cnn: False
  use_mask: True
ignore_weights: []
phase: train
optim:
  base_lr: 0.1
  nesterov: True
  weight_decay: 0.0003
  step: [50, 60]
  gamma: 0.1
lambda_1: 1
lambda_2: 0.1
lambda_3: 0.001
lambda_4: 0.0
lambda_5: 0.0
num_epoch: 70
device: 0
batch_size: 256
forward_batch_size: 128
test_batch_size: 256
half: False
checkpoint_freq: 10
save_location: ./results/ntu/
dataset: ntu
model_type: abs
evaluation: CS
run_name: ntu_CS_abs_D2
description: train ntu CS abs with dilation 2 TESTING n_step = 4
data_path_overwrite: /var/tmp/jobfs/data/ntu_CS-flowpose_D2_aligned.npz
verbose: True
### Arguments loaded
	Output device: cuda:0
	Temporal encoder: transformer
	Model total number of params: 613811
	Loading weights from ./results/ntu/CS/train/ntu_CS_abs_D2.pt
	Checkpoint file does not yet exist
	([Errno 2] No such file or directory: './results/ntu/CS/train/ntu_CS_abs_D2.pt')
### Model created
	Loaded data using mmap mode
	Self.data assigned
	Self.labels assigned
	Assigned self.data to unique split (train)
	Using memory-mapped data - skipping NaN filtering to preserve memory efficiency
	Finished loading data!
	Loaded data using mmap mode
	Assigned self.data to unique split (test)
	Using memory-mapped data - skipping NaN filtering to preserve memory efficiency
	Finished loading data!
### Dataloaders created
	Tracking:
		epoch
		train_time
		train_loss
		lr
		test_time
		test_loss
		train_ACC
		test_ACC
		train_AUC
		test_AUC
		train_cls_loss
		test_cls_loss
		train_feature_loss
		test_feature_loss
		train_recon_loss
		test_recon_loss
	Created new checkpoint file: ./results/ntu/CS/train/ntu_CS_abs_D2.pt
		1 EPOCH BEST TEST AUC: 0.037776924669742584
			Train time: 414.26 seconds
			Test time: 112.16 seconds
		2 EPOCH BEST TEST AUC: 0.1090158075094223
			Train time: 411.24 seconds
			Test time: 112.16 seconds
		3 EPOCH BEST TEST AUC: 0.21390148997306824
			Train time: 410.80 seconds
			Test time: 112.60 seconds
		4 EPOCH BEST TEST AUC: 0.27722030878067017
			Train time: 401.99 seconds
			Test time: 112.36 seconds
		5 EPOCH BEST TEST AUC: 0.40709254145622253
			Train time: 401.50 seconds
			Test time: 112.70 seconds
		6 EPOCH BEST TEST AUC: 0.4347118139266968
			Train time: 409.82 seconds
			Test time: 112.87 seconds
		7 EPOCH BEST TEST AUC: 0.49446627497673035
			Train time: 407.42 seconds
			Test time: 112.99 seconds
		8 EPOCH BEST TEST AUC: 0.5105594396591187
			Train time: 407.10 seconds
			Test time: 112.62 seconds
		9 EPOCH BEST TEST AUC: 0.5517775416374207
			Train time: 406.40 seconds
			Test time: 112.75 seconds
		10 EPOCH BEST TEST AUC: 0.5716283917427063
			Train time: 404.19 seconds
			Test time: 111.29 seconds
		11 EPOCH BEST TEST AUC: 0.5735664367675781
			Train time: 405.41 seconds
			Test time: 112.73 seconds
		12 EPOCH BEST TEST AUC: 0.586857259273529
			Train time: 406.57 seconds
			Test time: 112.72 seconds
		13 EPOCH BEST TEST AUC: 0.5942200422286987
			Train time: 406.61 seconds
			Test time: 112.57 seconds
		14 EPOCH BEST TEST AUC: 0.6023002862930298
			Train time: 407.31 seconds
			Test time: 112.76 seconds
		15 EPOCH BEST TEST AUC: 0.6065204739570618
			Train time: 406.29 seconds
			Test time: 112.58 seconds
		16 EPOCH BEST TEST AUC: 0.6142092943191528
			Train time: 401.94 seconds
			Test time: 112.01 seconds
		17 EPOCH BEST TEST AUC: 0.6148224472999573
			Train time: 403.33 seconds
			Test time: 112.86 seconds
		18 EPOCH BEST TEST AUC: 0.6176854968070984
			Train time: 405.82 seconds
			Test time: 112.38 seconds
		19 EPOCH BEST TEST AUC: 0.6312236785888672
			Train time: 406.77 seconds
			Test time: 112.65 seconds
		20 EPOCH BEST TEST AUC: 0.6411519050598145
			Train time: 407.06 seconds
			Test time: 112.42 seconds
		21 EPOCH BEST TEST AUC: 0.6442556977272034
			Train time: 407.05 seconds
			Test time: 112.47 seconds
		22 EPOCH BEST TEST AUC: 0.6442556977272034
			Train time: 406.24 seconds
			Test time: 112.64 seconds
		23 EPOCH BEST TEST AUC: 0.6442556977272034
			Train time: 405.40 seconds
			Test time: 112.50 seconds
		24 EPOCH BEST TEST AUC: 0.6491440534591675
			Train time: 406.00 seconds
			Test time: 112.65 seconds
		25 EPOCH BEST TEST AUC: 0.6491440534591675
			Train time: 406.62 seconds
			Test time: 112.55 seconds
		26 EPOCH BEST TEST AUC: 0.6534504890441895
			Train time: 405.70 seconds
			Test time: 112.61 seconds
		27 EPOCH BEST TEST AUC: 0.654251217842102
			Train time: 405.43 seconds
			Test time: 113.02 seconds
		28 EPOCH BEST TEST AUC: 0.654251217842102
			Train time: 410.23 seconds
			Test time: 111.91 seconds
		29 EPOCH BEST TEST AUC: 0.654251217842102
			Train time: 406.96 seconds
			Test time: 112.59 seconds
		30 EPOCH BEST TEST AUC: 0.6577653884887695
			Train time: 406.39 seconds
			Test time: 113.14 seconds
		31 EPOCH BEST TEST AUC: 0.6577653884887695
			Train time: 408.97 seconds
			Test time: 112.55 seconds
		32 EPOCH BEST TEST AUC: 0.6581501960754395
			Train time: 407.88 seconds
			Test time: 112.29 seconds
		33 EPOCH BEST TEST AUC: 0.6581501960754395
			Train time: 406.04 seconds
			Test time: 112.70 seconds
		34 EPOCH BEST TEST AUC: 0.6581501960754395
			Train time: 405.95 seconds
			Test time: 112.51 seconds
		35 EPOCH BEST TEST AUC: 0.6581501960754395
			Train time: 405.56 seconds
			Test time: 112.72 seconds
		36 EPOCH BEST TEST AUC: 0.6581501960754395
			Train time: 405.68 seconds
			Test time: 112.97 seconds
		37 EPOCH BEST TEST AUC: 0.665176510810852
			Train time: 406.52 seconds
			Test time: 112.86 seconds
		38 EPOCH BEST TEST AUC: 0.6680898070335388
			Train time: 405.99 seconds
			Test time: 112.79 seconds
		39 EPOCH BEST TEST AUC: 0.6686025261878967
			Train time: 399.23 seconds
			Test time: 109.53 seconds
		40 EPOCH BEST TEST AUC: 0.6686025261878967
			Train time: 396.23 seconds
			Test time: 109.50 seconds
		41 EPOCH BEST TEST AUC: 0.6686025261878967
			Train time: 396.49 seconds
			Test time: 109.96 seconds
		42 EPOCH BEST TEST AUC: 0.6686025261878967
			Train time: 395.46 seconds
			Test time: 109.58 seconds
		43 EPOCH BEST TEST AUC: 0.6686025261878967
			Train time: 395.08 seconds
			Test time: 109.51 seconds
		44 EPOCH BEST TEST AUC: 0.6686025261878967
			Train time: 394.31 seconds
			Test time: 110.12 seconds
		45 EPOCH BEST TEST AUC: 0.6686025261878967
			Train time: 395.14 seconds
			Test time: 109.90 seconds
		46 EPOCH BEST TEST AUC: 0.6686025261878967
			Train time: 394.71 seconds
			Test time: 110.21 seconds
		47 EPOCH BEST TEST AUC: 0.6686025261878967
			Train time: 402.07 seconds
			Test time: 112.81 seconds
		48 EPOCH BEST TEST AUC: 0.6700032949447632
			Train time: 408.86 seconds
			Test time: 113.18 seconds
		49 EPOCH BEST TEST AUC: 0.6700080633163452
			Train time: 407.56 seconds
			Test time: 113.49 seconds
		50 EPOCH BEST TEST AUC: 0.6700080633163452
			Train time: 413.20 seconds
			Test time: 113.19 seconds
		51 EPOCH BEST TEST AUC: 0.6974661946296692
			Train time: 406.94 seconds
			Test time: 113.61 seconds
		52 EPOCH BEST TEST AUC: 0.698400616645813
			Train time: 405.91 seconds
			Test time: 113.81 seconds
		53 EPOCH BEST TEST AUC: 0.698400616645813
			Train time: 405.28 seconds
			Test time: 113.71 seconds
		54 EPOCH BEST TEST AUC: 0.698971152305603
			Train time: 410.97 seconds
			Test time: 113.66 seconds
		55 EPOCH BEST TEST AUC: 0.698971152305603
			Train time: 408.05 seconds
			Test time: 113.36 seconds
		56 EPOCH BEST TEST AUC: 0.698971152305603
			Train time: 407.72 seconds
			Test time: 113.15 seconds
		57 EPOCH BEST TEST AUC: 0.698971152305603
			Train time: 403.76 seconds
			Test time: 113.14 seconds
		58 EPOCH BEST TEST AUC: 0.6991550326347351
			Train time: 403.42 seconds
			Test time: 113.12 seconds
		59 EPOCH BEST TEST AUC: 0.6991550326347351
			Train time: 403.08 seconds
			Test time: 113.45 seconds
		60 EPOCH BEST TEST AUC: 0.6991550326347351
			Train time: 403.12 seconds
			Test time: 113.57 seconds
		61 EPOCH BEST TEST AUC: 0.6997009515762329
			Train time: 403.64 seconds
			Test time: 113.49 seconds
		62 EPOCH BEST TEST AUC: 0.6998279094696045
			Train time: 402.70 seconds
			Test time: 112.73 seconds
		63 EPOCH BEST TEST AUC: 0.6998279094696045
			Train time: 402.55 seconds
			Test time: 113.02 seconds
		64 EPOCH BEST TEST AUC: 0.6998279094696045
			Train time: 402.52 seconds
			Test time: 113.15 seconds
		65 EPOCH BEST TEST AUC: 0.6998279094696045
			Train time: 403.02 seconds
			Test time: 112.94 seconds
		66 EPOCH BEST TEST AUC: 0.6998279094696045
			Train time: 403.24 seconds
			Test time: 112.92 seconds
		67 EPOCH BEST TEST AUC: 0.6998279094696045
			Train time: 403.33 seconds
			Test time: 113.29 seconds
		68 EPOCH BEST TEST AUC: 0.7000202536582947
			Train time: 403.20 seconds
			Test time: 113.22 seconds
		69 EPOCH BEST TEST AUC: 0.7000202536582947
			Train time: 403.22 seconds
			Test time: 113.46 seconds
		70 EPOCH BEST TEST AUC: 0.7000202536582947
			Train time: 403.07 seconds
			Test time: 113.01 seconds
	Training time:         10:03:31
	Best train AUC: 0.8436840772628784
	Best test AUC: 0.7000202536582947

+------------------ Job Report: 3690713 (COMPLETED) -------------------+
| Memory (RAM)  [#####               ] 29.8% (1.5 GB peak / 5 GB)      |
| CPU           [###########         ] 58.7% average                   |
| GPU           [######              ] 34.3% average                   |
| Time          [---------------->   ] 84.4% (0-10:07:25 / 0-12:00:00) |
|                                                                      |
| Lustre Filesystem:                                                   |
|   Path    Total Read    Total Write    Total IOPS                    |
|   ------  ------------  -------------  ------------                  |
|   /apps   4 KB          0 B            22                            |
|   /fred   119.5 GB      36.5 MB        2.8 K                         |
|   /home   0 B           0 B            1                             |
|   OS      3.9 MB        0 B            220                           |
|                                                                      |
| Warnings:                                                            |
|   - Too much memory requested                                        |
|   - CPU usage is low                                                 |
|   - GPU usage is low                                                 |
+----------------------------------------------------------------------+
