Tue Nov 25 16:19:44 AEDT 2025
Copying file: ./data/ntu/aligned_data/ntu_CS-pose_aligned_mean.npz to /var/tmp/jobfs/data
Dataset copied to JOBFS: ntu_CS-pose_aligned_mean.npz
Data path: /var/tmp/jobfs/data/ntu_CS-pose_aligned_mean.npz
Run name: infogcn2_ntu_CS_base

Python script run command arguments:
python main.py -m infogcn2 -d ntu -p train -f base -e CS -o 1.0 -r infogcn2_ntu_CS_base --desc infogcn2_train ntu CS base observation ratio 1.0, retraining model with mean and std norm --data_path_overwrite /var/tmp/jobfs/data/ntu_CS-pose_aligned_mean.npz -v
### Libraries loaded
feeder: feeders.ntu_rgb_d.Feeder
feeder_args:
  data_paths: {'CS': './data/ntu/aligned_data/ntu_CS-pose_aligned_mean.npz', 'CV': './data/ntu/aligned_data/ntu_CV-pose_aligned_mean.npz'}
  label_path: ./data/ntu/statistics/ntu_rgbd-annotations.yaml
  p_interval: [0.5, 1]
  random_choose: True
  random_shift: True
  window_size: 64
  random_move: True
  random_rot: True
  average_flow: False
  absolute_flow: False
  no_flow: True
  no_Z: False
  normalisation: False
extractor:
  preprocessed: True
  pose: {'weights': 'pretrained_models/yolo11x-pose.pt'}
  flow: {'weights': 'pretrained_models/raft_large.pt', 'imsize': [1080, 1920], 'minibatch_size': 3}
  flowpose: {'window_size': 5, 'threshold': 0.05, 'loop': False, 'norm': False, 'match_pose': False, 'ntu': True, 'dilation': 3}
model: models.infogcn2.sode.SODE
model_args:
  num_class: 60
  num_point: 25
  num_person: 2
  graph: graph.ntu_rgb_d.Graph
  pose_channels: 3
  flow_channels: 0
  embed_channels: 64
  num_head: 3
  ode_method: euler
  depth: 4
  device: 0
  T: 64
  n_step: 3
  SAGC_proj: True
  num_cls: 10
  n_sample: 1
  backbone: transformer
  cnn: False
  use_mask: True
ignore_weights: []
phase: train
optimiser: torch.optim.SGD
optim_params:
  lr: 0.1
  momentum: 0.9
  weight_decay: 0.0003
  nesterov: True
lambda_1: 1
lambda_2: 0.1
lambda_3: 0.001
lambda_4: 0.0
lambda_5: 0.0
scheduler: torch.optim.lr_scheduler.MultiStepLR
scheduler_params:
  milestones: [50, 60]
  gamma: 0.1
training_function: training.train_infogcn.train_network
testing_function: training.eval_infogcn.eval_network
num_epoch: 70
device: 0
batch_size: 256
forward_batch_size: 128
test_batch_size: 256
half: False
checkpoint_freq: 10
save_location: ./results/infogcn2/ntu/
model_type: infogcn2
dataset: ntu
flow_embedding: base
evaluation: CS
obs_ratio: 1.0
run_name: infogcn2_ntu_CS_base
description: infogcn2_train ntu CS base observation ratio 1.0, retraining model with mean and std norm
data_path_overwrite: /var/tmp/jobfs/data/ntu_CS-pose_aligned_mean.npz
verbose: True
debug: False
### Arguments loaded
	Output device: cuda:0
	Temporal encoder: transformer
	Model total number of params: 613747
	Loading weights from ./results/infogcn2/ntu/CS/train/infogcn2_ntu_CS_base.pt
	Checkpoint file does not yet exist
		([Errno 2] No such file or directory: './results/infogcn2/ntu/CS/train/infogcn2_ntu_CS_base.pt')
### Model created
	Loaded data using mmap mode
	Self.data assigned
	Self.labels assigned
	Assigned self.data to unique split (train)
	Using memory-mapped data - skipping NaN filtering to preserve memory efficiency
	Finished loading data!
### Dataloaders created
	Tracking:
		epoch
		train_time
		train_loss
		lr
		test_time
		test_loss
		train_ACC
		test_ACC
		train_AUC
		test_AUC
		train_cls_loss
		test_cls_loss
		train_feature_loss
		test_feature_loss
		train_recon_loss
		test_recon_loss
	Created new checkpoint file: ./results/infogcn2/ntu/CS/train/infogcn2_ntu_CS_base.pt
		1 EPOCH BEST TRAIN AUC: 0.01974492520093918
			Train time: 166.31 seconds
		2 EPOCH BEST TRAIN AUC: 0.05110522359609604
			Train time: 153.62 seconds
		3 EPOCH BEST TRAIN AUC: 0.11152752488851547
			Train time: 153.71 seconds
		4 EPOCH BEST TRAIN AUC: 0.19109885394573212
			Train time: 153.73 seconds
		5 EPOCH BEST TRAIN AUC: 0.2806166708469391
			Train time: 153.96 seconds
		6 EPOCH BEST TRAIN AUC: 0.3631593585014343
			Train time: 153.81 seconds
		7 EPOCH BEST TRAIN AUC: 0.4253607988357544
			Train time: 153.70 seconds
		8 EPOCH BEST TRAIN AUC: 0.4720986485481262
			Train time: 153.81 seconds
		9 EPOCH BEST TRAIN AUC: 0.5096534490585327
			Train time: 154.04 seconds
		10 EPOCH BEST TRAIN AUC: 0.5366981625556946
			Train time: 153.69 seconds
		11 EPOCH BEST TRAIN AUC: 0.5578269958496094
			Train time: 153.73 seconds
		12 EPOCH BEST TRAIN AUC: 0.5767912864685059
			Train time: 153.77 seconds
		13 EPOCH BEST TRAIN AUC: 0.590846836566925
			Train time: 153.68 seconds
		14 EPOCH BEST TRAIN AUC: 0.6047160625457764
			Train time: 153.74 seconds
		15 EPOCH BEST TRAIN AUC: 0.6157702207565308
			Train time: 153.64 seconds
		16 EPOCH BEST TRAIN AUC: 0.6277304887771606
			Train time: 153.67 seconds
		17 EPOCH BEST TRAIN AUC: 0.6392694711685181
			Train time: 153.70 seconds
		18 EPOCH BEST TRAIN AUC: 0.648161768913269
			Train time: 153.58 seconds
		19 EPOCH BEST TRAIN AUC: 0.6557962894439697
			Train time: 153.84 seconds
		20 EPOCH BEST TRAIN AUC: 0.6611665487289429
			Train time: 153.81 seconds
		21 EPOCH BEST TRAIN AUC: 0.6696842908859253
			Train time: 154.06 seconds
		22 EPOCH BEST TRAIN AUC: 0.675238847732544
			Train time: 153.92 seconds
		23 EPOCH BEST TRAIN AUC: 0.6799242496490479
			Train time: 153.66 seconds
		24 EPOCH BEST TRAIN AUC: 0.6843478083610535
			Train time: 153.81 seconds
		25 EPOCH BEST TRAIN AUC: 0.687430202960968
			Train time: 153.83 seconds
		26 EPOCH BEST TRAIN AUC: 0.6919885873794556
			Train time: 154.37 seconds
		27 EPOCH BEST TRAIN AUC: 0.6980506181716919
			Train time: 153.90 seconds
		28 EPOCH BEST TRAIN AUC: 0.7017457485198975
			Train time: 153.76 seconds
		29 EPOCH BEST TRAIN AUC: 0.7043651342391968
			Train time: 153.73 seconds
		30 EPOCH BEST TRAIN AUC: 0.7069826126098633
			Train time: 153.84 seconds
		31 EPOCH BEST TRAIN AUC: 0.7102124094963074
			Train time: 153.88 seconds
		32 EPOCH BEST TRAIN AUC: 0.7154185175895691
			Train time: 153.69 seconds
		33 EPOCH BEST TRAIN AUC: 0.7154185175895691
			Train time: 153.78 seconds
		34 EPOCH BEST TRAIN AUC: 0.719495952129364
			Train time: 153.75 seconds
		35 EPOCH BEST TRAIN AUC: 0.7230768799781799
			Train time: 153.73 seconds
		36 EPOCH BEST TRAIN AUC: 0.7230768799781799
			Train time: 153.87 seconds
		37 EPOCH BEST TRAIN AUC: 0.7254309058189392
			Train time: 153.83 seconds
		38 EPOCH BEST TRAIN AUC: 0.7275460362434387
			Train time: 153.95 seconds
		39 EPOCH BEST TRAIN AUC: 0.7317126989364624
			Train time: 153.82 seconds
		40 EPOCH BEST TRAIN AUC: 0.7333191633224487
			Train time: 153.92 seconds
		41 EPOCH BEST TRAIN AUC: 0.7338192462921143
			Train time: 153.68 seconds
		42 EPOCH BEST TRAIN AUC: 0.7368919253349304
			Train time: 153.84 seconds
		43 EPOCH BEST TRAIN AUC: 0.7395943403244019
			Train time: 153.92 seconds
		44 EPOCH BEST TRAIN AUC: 0.7403407096862793
			Train time: 153.84 seconds
		45 EPOCH BEST TRAIN AUC: 0.742029070854187
			Train time: 153.69 seconds
		46 EPOCH BEST TRAIN AUC: 0.7449708580970764
			Train time: 153.70 seconds
		47 EPOCH BEST TRAIN AUC: 0.7449708580970764
			Train time: 153.79 seconds
		48 EPOCH BEST TRAIN AUC: 0.747407078742981
			Train time: 153.84 seconds
		49 EPOCH BEST TRAIN AUC: 0.747800350189209
			Train time: 153.93 seconds
		50 EPOCH BEST TRAIN AUC: 0.7504189610481262
			Train time: 153.87 seconds
		51 EPOCH BEST TRAIN AUC: 0.7893023490905762
			Train time: 154.07 seconds
		52 EPOCH BEST TRAIN AUC: 0.8021875619888306
			Train time: 153.52 seconds
		53 EPOCH BEST TRAIN AUC: 0.8049741387367249
			Train time: 155.52 seconds
		54 EPOCH BEST TRAIN AUC: 0.8087472319602966
			Train time: 153.50 seconds
		55 EPOCH BEST TRAIN AUC: 0.8113775253295898
			Train time: 153.42 seconds
		56 EPOCH BEST TRAIN AUC: 0.8118393421173096
			Train time: 153.42 seconds
		57 EPOCH BEST TRAIN AUC: 0.8133722543716431
			Train time: 153.36 seconds
		58 EPOCH BEST TRAIN AUC: 0.8146899938583374
			Train time: 160.02 seconds
		59 EPOCH BEST TRAIN AUC: 0.8155555725097656
			Train time: 154.44 seconds
		60 EPOCH BEST TRAIN AUC: 0.8175307512283325
			Train time: 155.44 seconds
		61 EPOCH BEST TRAIN AUC: 0.8232455253601074
			Train time: 153.70 seconds
		62 EPOCH BEST TRAIN AUC: 0.8252662420272827
			Train time: 153.99 seconds
		63 EPOCH BEST TRAIN AUC: 0.8254229426383972
			Train time: 154.05 seconds
		64 EPOCH BEST TRAIN AUC: 0.8254229426383972
			Train time: 154.34 seconds
		65 EPOCH BEST TRAIN AUC: 0.8263528943061829
			Train time: 154.38 seconds
		66 EPOCH BEST TRAIN AUC: 0.8263528943061829
			Train time: 154.23 seconds
		67 EPOCH BEST TRAIN AUC: 0.8263528943061829
			Train time: 154.22 seconds
		68 EPOCH BEST TRAIN AUC: 0.8263528943061829
			Train time: 154.27 seconds
		69 EPOCH BEST TRAIN AUC: 0.8263528943061829
			Train time: 154.03 seconds
	Loaded data using mmap mode
	Assigned self.data to unique split (test)
	Using memory-mapped data - skipping NaN filtering to preserve memory efficiency
	Finished loading data!
	Loaded data using mmap mode
	Assigned self.data to unique split (test)
	Using memory-mapped data - skipping NaN filtering to preserve memory efficiency
	Finished loading data!
	Loaded data using mmap mode
	Assigned self.data to unique split (test)
	Using memory-mapped data - skipping NaN filtering to preserve memory efficiency
	Finished loading data!
		70 EPOCH BEST TEST AUC: 0.6631673574447632
			Train time: 153.76 seconds
			Test time: 23.54 seconds
	Best train AUC: 0.8264822959899902
	Best test AUC: 0.6631673574447632
	Training time:         3:00:13

+------------------ Job Report: 7193184 (COMPLETED) -------------------+
| Memory (RAM)  [#                   ]  9.3% (1.4 GB peak / 15 GB)     |
| CPU           [#################   ] 89.8% average                   |
| GPU           [##################  ] 93.9% average                   |
| Time          [--------------->    ] 76.6% (0-03:03:57 / 0-04:00:00) |
|                                                                      |
| Lustre Filesystem:                                                   |
|   Path    Total Read    Total Write    Total IOPS                    |
|   ------  ------------  -------------  ------------                  |
|   /apps   12.8 MB       0 B            255                           |
|   /fred   9.8 GB        33.1 MB        7.2 K                         |
|   /home   0 B           0 B            2                             |
|   OS      5.3 MB        0 B            605                           |
|                                                                      |
| Warnings:                                                            |
|   - Too much memory requested                                        |
+----------------------------------------------------------------------+
