Dataset copied to JOBFS: NTU60_CS-flowpose_aligned.npz
### Libraries loaded
feeder: feeders.ntu_rgb_d.Feeder
feeder_args:
  data_paths: {'CS': './data/ntu/aligned_data/NTU60_CS-flowpose_aligned.npz', 'CV': './data/ntu/aligned_data/NTU60_CV-flowpose_aligned.npz'}
  label_path: ./data/ntu/statistics/ntu-rgbd-annotations.yaml
  p_interval: [0.5, 1]
  random_choose: True
  random_shift: True
  window_size: 64
  random_move: True
  random_rot: True
  average_flow: False
  absolute_flow: False
  no_flow: False
extractor:
  preprocessed: True
  pose: {'weights': 'pretrained_models/yolo11x-pose.pt'}
  flow: {'weights': 'pretrained_models/raft_large.pt', 'imsize': [1080, 1920], 'minibatch_size': 3, 'dilation': 3}
  flowpose: {'window_size': 5, 'threshold': 0.05, 'loop': False, 'norm': False, 'match_pose': False, 'ntu': True}
model: model.infogcn2.sode.SODE
model_args:
  num_class: 60
  num_point: 25
  num_person: 2
  graph: graph.ntu_rgb_d.Graph
  pose_channels: 3
  flow_channels: 50
  embed_channels: 64
  num_head: 3
  ode_method: euler
  depth: 4
  device: 0
  T: 64
  n_step: 3
  SAGC_proj: True
  num_cls: 10
  n_sample: 1
  backbone: transformer
  cnn: True
  use_mask: True
ignore_weights: []
phase: train
optim:
  base_lr: 0.1
  nesterov: True
  weight_decay: 0.0003
  step: [50, 60]
  gamma: 0.1
lambda_1: 1
lambda_2: 0.1
lambda_3: 0.001
lambda_4: 0.0
lambda_5: 0.0
num_epoch: 70
device: 0
batch_size: 256
forward_batch_size: 128
test_batch_size: 256
half: False
checkpoint_freq: 10
save_location: ./results/ntu/
dataset: ntu
model_type: cnn
evaluation: CS
run_name: ntu_CS_cnn
description: train ntu {evaluation} {model_type}
data_path_overwrite: /var/tmp/jobfs/data
verbose: True
### Arguments loaded
	Output device: cuda:0
	Temporal encoder: transformer
	Model total number of params: 620448
	Loading weights from ./results/ntu/CS/train/ntu_CS_cnn.pt
	Checkpoint file does not yet exist
	([Errno 2] No such file or directory: './results/ntu/CS/train/ntu_CS_cnn.pt')
### Model created
	Loaded data using mmap mode
	Self.data assigned
	Self.labels assigned
	Assigned self.data to unique split (train)
	Using memory-mapped data - skipping NaN filtering to preserve memory efficiency
	Finished loading data!
	Loaded data using mmap mode
	Assigned self.data to unique split (test)
	Using memory-mapped data - skipping NaN filtering to preserve memory efficiency
	Finished loading data!
### Dataloaders created
	Tracking:
		epoch
		train_time
		train_loss
		lr
		test_time
		test_loss
		train_ACC
		test_ACC
		train_AUC
		test_AUC
		train_cls_loss
		test_cls_loss
		train_feature_loss
		test_feature_loss
		train_recon_loss
		test_recon_loss
	Created new checkpoint file: ./results/ntu/CS/train/ntu_CS_cnn.pt
		1 EPOCH BEST TEST AUC: 0.021799372509121895
			Train time: 501.99 seconds
			Test time: 125.54 seconds
		2 EPOCH BEST TEST AUC: 0.054614052176475525
			Train time: 497.96 seconds
			Test time: 124.98 seconds
		3 EPOCH BEST TEST AUC: 0.114814892411232
			Train time: 493.16 seconds
			Test time: 125.88 seconds
		4 EPOCH BEST TEST AUC: 0.1801770031452179
			Train time: 492.02 seconds
			Test time: 122.56 seconds
		5 EPOCH BEST TEST AUC: 0.2789091467857361
			Train time: 484.14 seconds
			Test time: 128.64 seconds
		6 EPOCH BEST TEST AUC: 0.3391696810722351
			Train time: 505.44 seconds
			Test time: 124.39 seconds
		7 EPOCH BEST TEST AUC: 0.3586481213569641
			Train time: 486.96 seconds
			Test time: 123.07 seconds
		8 EPOCH BEST TEST AUC: 0.42250901460647583
			Train time: 486.44 seconds
			Test time: 117.85 seconds
		9 EPOCH BEST TEST AUC: 0.4388135075569153
			Train time: 465.47 seconds
			Test time: 123.11 seconds
		10 EPOCH BEST TEST AUC: 0.43986833095550537
			Train time: 481.05 seconds
			Test time: 122.56 seconds
		11 EPOCH BEST TEST AUC: 0.48691487312316895
			Train time: 482.54 seconds
			Test time: 123.04 seconds
		12 EPOCH BEST TEST AUC: 0.4887354373931885
			Train time: 490.64 seconds
			Test time: 123.57 seconds
		13 EPOCH BEST TEST AUC: 0.4887354373931885
			Train time: 492.76 seconds
			Test time: 123.05 seconds
		14 EPOCH BEST TEST AUC: 0.5266677737236023
			Train time: 490.91 seconds
			Test time: 124.43 seconds
		15 EPOCH BEST TEST AUC: 0.5309808254241943
			Train time: 493.61 seconds
			Test time: 122.42 seconds
		16 EPOCH BEST TEST AUC: 0.5309808254241943
			Train time: 481.41 seconds
			Test time: 123.00 seconds
		17 EPOCH BEST TEST AUC: 0.5309808254241943
			Train time: 489.22 seconds
			Test time: 123.76 seconds
		18 EPOCH BEST TEST AUC: 0.5309808254241943
			Train time: 488.78 seconds
			Test time: 121.34 seconds
		19 EPOCH BEST TEST AUC: 0.5309808254241943
			Train time: 495.42 seconds
			Test time: 124.44 seconds
		20 EPOCH BEST TEST AUC: 0.5394724011421204
			Train time: 502.56 seconds
			Test time: 122.20 seconds
		21 EPOCH BEST TEST AUC: 0.5394724011421204
			Train time: 494.34 seconds
			Test time: 121.56 seconds
		22 EPOCH BEST TEST AUC: 0.5528939962387085
			Train time: 496.72 seconds
			Test time: 123.60 seconds
		23 EPOCH BEST TEST AUC: 0.5528939962387085
			Train time: 493.84 seconds
			Test time: 122.72 seconds
		24 EPOCH BEST TEST AUC: 0.5706030130386353
			Train time: 498.53 seconds
			Test time: 123.74 seconds
		25 EPOCH BEST TEST AUC: 0.5706030130386353
			Train time: 486.78 seconds
			Test time: 122.60 seconds
		26 EPOCH BEST TEST AUC: 0.5751007795333862
			Train time: 495.50 seconds
			Test time: 125.01 seconds
		27 EPOCH BEST TEST AUC: 0.575757622718811
			Train time: 504.06 seconds
			Test time: 124.38 seconds
		28 EPOCH BEST TEST AUC: 0.5826598405838013
			Train time: 502.56 seconds
			Test time: 124.14 seconds
		29 EPOCH BEST TEST AUC: 0.5826598405838013
			Train time: 490.54 seconds
			Test time: 117.43 seconds
		30 EPOCH BEST TEST AUC: 0.5826598405838013
			Train time: 471.38 seconds
			Test time: 124.31 seconds
		31 EPOCH BEST TEST AUC: 0.5826598405838013
			Train time: 492.17 seconds
			Test time: 123.10 seconds
		32 EPOCH BEST TEST AUC: 0.5826598405838013
			Train time: 486.34 seconds
			Test time: 122.89 seconds
		33 EPOCH BEST TEST AUC: 0.5826598405838013
			Train time: 505.79 seconds
			Test time: 124.60 seconds
		34 EPOCH BEST TEST AUC: 0.5826598405838013
			Train time: 490.35 seconds
			Test time: 123.73 seconds
		35 EPOCH BEST TEST AUC: 0.5908651351928711
			Train time: 498.28 seconds
			Test time: 121.73 seconds
		36 EPOCH BEST TEST AUC: 0.5908651351928711
			Train time: 488.63 seconds
			Test time: 123.28 seconds
		37 EPOCH BEST TEST AUC: 0.5908651351928711
			Train time: 503.29 seconds
			Test time: 124.85 seconds
		38 EPOCH BEST TEST AUC: 0.5908651351928711
			Train time: 494.74 seconds
			Test time: 122.62 seconds
		39 EPOCH BEST TEST AUC: 0.5908651351928711
			Train time: 502.56 seconds
			Test time: 126.74 seconds
		40 EPOCH BEST TEST AUC: 0.5908651351928711
			Train time: 504.18 seconds
			Test time: 124.78 seconds
		41 EPOCH BEST TEST AUC: 0.5908651351928711
			Train time: 501.86 seconds
			Test time: 126.33 seconds
		42 EPOCH BEST TEST AUC: 0.5908651351928711
			Train time: 497.04 seconds
			Test time: 125.29 seconds
		43 EPOCH BEST TEST AUC: 0.5908651351928711
			Train time: 502.88 seconds
			Test time: 125.59 seconds
		44 EPOCH BEST TEST AUC: 0.5908651351928711
			Train time: 502.03 seconds
			Test time: 121.78 seconds
		45 EPOCH BEST TEST AUC: 0.5908651351928711
			Train time: 491.64 seconds
			Test time: 123.28 seconds
		46 EPOCH BEST TEST AUC: 0.6011592149734497
			Train time: 490.40 seconds
			Test time: 123.67 seconds
		47 EPOCH BEST TEST AUC: 0.6011592149734497
			Train time: 496.20 seconds
			Test time: 122.25 seconds
		48 EPOCH BEST TEST AUC: 0.6011592149734497
			Train time: 488.95 seconds
			Test time: 122.91 seconds
		49 EPOCH BEST TEST AUC: 0.6011592149734497
			Train time: 486.93 seconds
			Test time: 123.80 seconds
		50 EPOCH BEST TEST AUC: 0.6011592149734497
			Train time: 472.14 seconds
			Test time: 116.98 seconds
		51 EPOCH BEST TEST AUC: 0.6332602500915527
			Train time: 486.82 seconds
			Test time: 119.27 seconds
		52 EPOCH BEST TEST AUC: 0.6344553828239441
			Train time: 482.10 seconds
			Test time: 117.30 seconds
		53 EPOCH BEST TEST AUC: 0.6344553828239441
			Train time: 464.03 seconds
			Test time: 117.54 seconds
		54 EPOCH BEST TEST AUC: 0.6344553828239441
			Train time: 471.23 seconds
			Test time: 117.20 seconds
		55 EPOCH BEST TEST AUC: 0.6344553828239441
			Train time: 471.58 seconds
			Test time: 117.58 seconds
		56 EPOCH BEST TEST AUC: 0.6344553828239441
			Train time: 484.01 seconds
			Test time: 119.82 seconds
		57 EPOCH BEST TEST AUC: 0.6387655735015869
			Train time: 460.03 seconds
			Test time: 119.23 seconds
		58 EPOCH BEST TEST AUC: 0.6387655735015869
			Train time: 480.30 seconds
			Test time: 122.14 seconds
		59 EPOCH BEST TEST AUC: 0.6387655735015869
			Train time: 485.90 seconds
			Test time: 121.02 seconds
		60 EPOCH BEST TEST AUC: 0.6387655735015869
			Train time: 487.01 seconds
			Test time: 122.44 seconds
		61 EPOCH BEST TEST AUC: 0.6405738592147827
			Train time: 489.96 seconds
			Test time: 124.09 seconds
		62 EPOCH BEST TEST AUC: 0.6405738592147827
			Train time: 485.40 seconds
			Test time: 123.25 seconds
		63 EPOCH BEST TEST AUC: 0.6405738592147827
			Train time: 487.03 seconds
			Test time: 121.96 seconds
		64 EPOCH BEST TEST AUC: 0.6405738592147827
			Train time: 480.82 seconds
			Test time: 123.13 seconds
		65 EPOCH BEST TEST AUC: 0.6405738592147827
			Train time: 491.96 seconds
			Test time: 122.69 seconds
		66 EPOCH BEST TEST AUC: 0.6408069133758545
			Train time: 486.67 seconds
			Test time: 121.10 seconds
		67 EPOCH BEST TEST AUC: 0.6408069133758545
			Train time: 485.01 seconds
			Test time: 122.80 seconds
		68 EPOCH BEST TEST AUC: 0.6408069133758545
			Train time: 484.31 seconds
			Test time: 122.82 seconds
		69 EPOCH BEST TEST AUC: 0.6408069133758545
			Train time: 476.48 seconds
			Test time: 121.09 seconds
		70 EPOCH BEST TEST AUC: 0.6408069133758545
			Train time: 479.57 seconds
			Test time: 121.55 seconds
	Training time: 11:54:00
	Best train AUC: 0.782679557800293
	Best test AUC: 0.6408069133758545

+------------------ Job Report: 2234979 (COMPLETED) -------------------+
| Memory (RAM)  [################### ] 100.0% (10 GB peak / 10 GB)     |
| CPU           [##########          ] 50.1% average                   |
| GPU           [#####               ] 27.1% average                   |
| Time          [------------------> ] 92.2% (0-11:59:24 / 0-13:00:00) |
|                                                                      |
| Lustre Filesystem:                                                   |
|   Path    Total Read    Total Write    Total IOPS                    |
|   ------  ------------  -------------  ------------                  |
|   /apps   33.5 MB       0 B            126                           |
|   /fred   177.2 GB      36.7 MB        1.8 K                         |
|   /home   0 B           0 B            6                             |
|   OS      4 MB          0 B            44                            |
|                                                                      |
| Warnings:                                                            |
|   - CPU usage is low                                                 |
|   - GPU usage is low                                                 |
+----------------------------------------------------------------------+
