SLURM_ARRAY_TASK_ID: 96

+------------------ Job Report: 4032434 (COMPLETED) -------------------+
| Memory (RAM)  [#                   ]  6.9% (424.8 MB peak / 6 GB)    |
| CPU           [                    ]  4.8% average                   |
| Time          [----->              ] 27.7% (0-00:01:23 / 0-00:05:00) |
|                                                                      |
| Lustre Filesystem:                                                   |
|   Path    Total Read    Total Write      Total IOPS                  |
|   ------  ------------  -------------  ------------                  |
|   /apps   0 B           0 B                     15                   |
|   /fred   13.6 GB       342.2 MB              1017                   |
|   OS      44 KB         0 B                     46                   |
|                                                                      |
| Warnings:                                                            |
|   - Too much memory requested                                        |
|   - CPU usage is low                                                 |
|   - Too much time requested                                          |
+----------------------------------------------------------------------+
SLURM_ARRAY_TASK_ID: 92
Extracting flowpose samples with a dilation of 1
Processing: PlayingCello
	Total videos: 164
Processed PlayingCello class
Processing time: 85.55s
Extracting flowpose samples with a dilation of 1
Processing: StillRings
	Total videos: 112
Processed StillRings class
Processing time: 46.10s
Extracting flowpose samples with a dilation of 1
Processing: SkateBoarding
	Total videos: 120
Processed SkateBoarding class
Processing time: 46.66s

+------------------ Job Report: 4032464 (COMPLETED) -------------------+
| Memory (RAM)  [#                   ]  5.7% (350.1 MB peak / 6 GB)    |
| CPU           [#                   ]  5.4% average                   |
| Time          [--->                ] 18.7% (0-00:00:56 / 0-00:05:00) |
|                                                                      |
| Lustre Filesystem:                                                   |
|   Path    Total Read    Total Write    Total IOPS                    |
|   ------  ------------  -------------  ------------                  |
|   /apps   0 B           0 B            15                            |
|   /fred   6.7 GB        297.7 MB       1.6 K                         |
|   OS      3.3 MB        0 B            191                           |
+----------------------------------------------------------------------+

+------------------ Job Report: 4032455 (COMPLETED) -------------------+
| Memory (RAM)  [                    ]  4.7% (288.5 MB peak / 6 GB)    |
| CPU           [#                   ]  5.4% average                   |
| Time          [--->                ] 18.7% (0-00:00:56 / 0-00:05:00) |
|                                                                      |
| Lustre Filesystem:                                                   |
|   Path    Total Read    Total Write    Total IOPS                    |
|   ------  ------------  -------------  ------------                  |
|   /apps   0 B           0 B            18                            |
|   /fred   6.3 GB        316 MB         1.4 K                         |
|   OS      1.6 MB        0 B            160                           |
+----------------------------------------------------------------------+

+------------------ Job Report: 4032421 (COMPLETED) -------------------+
| Memory (RAM)  [#                   ]  6.3% (387.8 MB peak / 6 GB)    |
| CPU           [                    ]  4.2% average                   |
| Time          [------>             ] 31.7% (0-00:01:35 / 0-00:05:00) |
|                                                                      |
| Lustre Filesystem:                                                   |
|   Path    Total Read    Total Write    Total IOPS                    |
|   ------  ------------  -------------  ------------                  |
|   /apps   0 B           0 B            15                            |
|   /fred   17.2 GB       561.8 MB       1.4 K                         |
|   OS      0 B           0 B            1                             |
|                                                                      |
| Warnings:                                                            |
|   - Too much memory requested                                        |
|   - CPU usage is low                                                 |
|   - Too much time requested                                          |
+----------------------------------------------------------------------+
Extracting flowpose samples with a dilation of 1
Processing: PlayingDaf
	Total videos: 151
Processed PlayingDaf class
Processing time: 82.19s
Extracting flowpose samples with a dilation of 1
Processing: Punch
	Total videos: 160
Processed Punch class
Processing time: 89.65s

+------------------ Job Report: 4032422 (COMPLETED) -------------------+
| Memory (RAM)  [#                   ]  7.1% (438.1 MB peak / 6 GB)    |
| CPU           [#                   ]  5.1% average                   |
| Time          [------>             ] 33.0% (0-00:01:39 / 0-00:05:00) |
|                                                                      |
| Lustre Filesystem:                                                   |
|   Path    Total Read    Total Write      Total IOPS                  |
|   ------  ------------  -------------  ------------                  |
|   /apps   4.4 MB        0 B                    159                   |
|   /fred   12 GB         323.5 MB               798                   |
|   OS      0 B           0 B                      4                   |
|                                                                      |
| Warnings:                                                            |
|   - Too much memory requested                                        |
|   - CPU usage is low                                                 |
|   - Too much time requested                                          |
+----------------------------------------------------------------------+

+------------------ Job Report: 4032436 (COMPLETED) -------------------+
| Memory (RAM)  [#                   ]  8.7% (532.5 MB peak / 6 GB)    |
| CPU           [#                   ]  5.0% average                   |
| Time          [------>             ] 33.3% (0-00:01:40 / 0-00:05:00) |
|                                                                      |
| Lustre Filesystem:                                                   |
|   Path    Total Read    Total Write    Total IOPS                    |
|   ------  ------------  -------------  ------------                  |
|   /apps   0 B           0 B            15                            |
|   /fred   18.5 GB       496.6 MB       2 K                           |
|   OS      1.1 MB        0 B            155                           |
|                                                                      |
| Warnings:                                                            |
|   - Too much memory requested                                        |
|   - CPU usage is low                                                 |
|   - Too much time requested                                          |
+----------------------------------------------------------------------+
Extracting flowpose samples with a dilation of 1
Processing: Skijet
	Total videos: 100
Processed Skijet class
Processing time: 51.63s
Extracting flowpose samples with a dilation of 1
Processing: PlayingGuitar
	Total videos: 160
Processed PlayingGuitar class
Processing time: 90.61s
Extracting flowpose samples with a dilation of 1
Processing: Shotput
	Total videos: 144
Processed Shotput class
Processing time: 52.08s

+------------------ Job Report: 4032457 (COMPLETED) -------------------+
| Memory (RAM)  [#                   ]  5.7% (350.3 MB peak / 6 GB)    |
| CPU           [                    ]  4.8% average                   |
| Time          [---->               ] 20.7% (0-00:01:02 / 0-00:05:00) |
|                                                                      |
| Lustre Filesystem:                                                   |
|   Path    Total Read    Total Write      Total IOPS                  |
|   ------  ------------  -------------  ------------                  |
|   /apps   280 KB        0 B                     15                   |
|   /fred   7.5 GB        239.4 MB               609                   |
|   OS      3.2 MB        0 B                      1                   |
|                                                                      |
| Warnings:                                                            |
|   - Too much memory requested                                        |
|   - CPU usage is low                                                 |
|   - Too much time requested                                          |
+----------------------------------------------------------------------+

+------------------ Job Report: 4032425 (COMPLETED) -------------------+
| Memory (RAM)  [#                   ]  6.2% (380.6 MB peak / 6 GB)    |
| CPU           [                    ]  4.0% average                   |
| Time          [------>             ] 33.7% (0-00:01:41 / 0-00:05:00) |
|                                                                      |
| Lustre Filesystem:                                                   |
|   Path    Total Read    Total Write    Total IOPS                    |
|   ------  ------------  -------------  ------------                  |
|   /apps   0 B           0 B            15                            |
|   /fred   17.2 GB       492 MB         1.7 K                         |
|   OS      860 KB        0 B            114                           |
|                                                                      |
| Warnings:                                                            |
|   - Too much memory requested                                        |
|   - CPU usage is low                                                 |
|   - Too much time requested                                          |
+----------------------------------------------------------------------+
Extracting flowpose samples with a dilation of 1
Processing: PlayingFlute
	Total videos: 155
Processed PlayingFlute class
Processing time: 88.15s

+------------------ Job Report: 4032454 (COMPLETED) -------------------+
| Memory (RAM)  [                    ]  4.5% (278.3 MB peak / 6 GB)    |
| CPU           [                    ]  4.8% average                   |
| Time          [---->               ] 20.7% (0-00:01:02 / 0-00:05:00) |
|                                                                      |
| Lustre Filesystem:                                                   |
|   Path    Total Read    Total Write    Total IOPS                    |
|   ------  ------------  -------------  ------------                  |
|   /apps   0 B           0 B            15                            |
|   /fred   5.2 GB        408 MB         1.7 K                         |
|   OS      0 B           0 B            133                           |
|                                                                      |
| Warnings:                                                            |
|   - Too much memory requested                                        |
|   - CPU usage is low                                                 |
|   - Too much time requested                                          |
+----------------------------------------------------------------------+

+------------------ Job Report: 4032424 (COMPLETED) -------------------+
| Memory (RAM)  [#                   ]  7.3% (451.5 MB peak / 6 GB)    |
| CPU           [                    ]  2.9% average                   |
| Time          [------>             ] 34.0% (0-00:01:42 / 0-00:05:00) |
|                                                                      |
| Lustre Filesystem:                                                   |
|   Path    Total Read    Total Write    Total IOPS                    |
|   ------  ------------  -------------  ------------                  |
|   /apps   0 B           0 B            17                            |
|   /fred   15.9 GB       459.1 MB       2 K                           |
|   OS      6.3 MB        0 B            249                           |
|                                                                      |
| Warnings:                                                            |
|   - Too much memory requested                                        |
|   - CPU usage is low                                                 |
|   - Too much time requested                                          |
+----------------------------------------------------------------------+
Extracting flowpose samples with a dilation of 1
Processing: SkyDiving
	Total videos: 110
Processed SkyDiving class
Processing time: 56.63s
Extracting flowpose samples with a dilation of 1
Processing: SoccerPenalty
	Total videos: 137
Processed SoccerPenalty class
Processing time: 56.95s
Extracting flowpose samples with a dilation of 1
Processing: RopeClimbing
	Total videos: 119
Processed RopeClimbing class
Processing time: 53.72s

+------------------ Job Report: 4032461 (COMPLETED) -------------------+
| Memory (RAM)  [#                   ]  8.7% (533.6 MB peak / 6 GB)    |
| CPU           [                    ]  4.5% average                   |
| Time          [---->               ] 22.0% (0-00:01:06 / 0-00:05:00) |
|                                                                      |
| Lustre Filesystem:                                                   |
|   Path    Total Read    Total Write      Total IOPS                  |
|   ------  ------------  -------------  ------------                  |
|   /apps   0 B           0 B                     15                   |
|   /fred   6.1 GB        236 MB                 608                   |
|   OS      0 B           0 B                      1                   |
|                                                                      |
| Warnings:                                                            |
|   - Too much memory requested                                        |
|   - CPU usage is low                                                 |
|   - Too much time requested                                          |
+----------------------------------------------------------------------+

+------------------ Job Report: 4032463 (COMPLETED) -------------------+
| Memory (RAM)  [#                   ]  6.2% (382.2 MB peak / 6 GB)    |
| CPU           [                    ]  3.0% average                   |
| Time          [---->               ] 22.0% (0-00:01:06 / 0-00:05:00) |
|                                                                      |
| Lustre Filesystem:                                                   |
|   Path    Total Read    Total Write      Total IOPS                  |
|   ------  ------------  -------------  ------------                  |
|   /apps   0 B           0 B                     15                   |
|   /fred   4.7 GB        338 MB                 970                   |
|   OS      1.1 MB        0 B                      1                   |
|                                                                      |
| Warnings:                                                            |
|   - Too much memory requested                                        |
|   - CPU usage is low                                                 |
|   - Too much time requested                                          |
+----------------------------------------------------------------------+

+------------------ Job Report: 4032450 (COMPLETED) -------------------+
| Memory (RAM)  [#                   ]  5.5% (335.1 MB peak / 6 GB)    |
| CPU           [                    ]  4.5% average                   |
| Time          [---->               ] 22.0% (0-00:01:06 / 0-00:05:00) |
|                                                                      |
| Lustre Filesystem:                                                   |
|   Path    Total Read    Total Write      Total IOPS                  |
|   ------  ------------  -------------  ------------                  |
|   /apps   64 KB         0 B                     15                   |
|   /fred   5.7 GB        260 MB                 664                   |
|   OS      1.7 MB        0 B                     11                   |
|                                                                      |
| Warnings:                                                            |
|   - Too much memory requested                                        |
|   - CPU usage is low                                                 |
|   - Too much time requested                                          |
+----------------------------------------------------------------------+
Extracting flowpose samples with a dilation of 1
Processing: SumoWrestling
	Total videos: 116
Processed SumoWrestling class
Processing time: 55.88s

+------------------ Job Report: 4032465 (COMPLETED) -------------------+
| Memory (RAM)  [#                   ]  7.5% (461 MB peak / 6 GB)      |
| CPU           [#                   ]  5.8% average                   |
| Time          [---->               ] 23.0% (0-00:01:09 / 0-00:05:00) |
|                                                                      |
| Lustre Filesystem:                                                   |
|   Path    Total Read    Total Write      Total IOPS                  |
|   ------  ------------  -------------  ------------                  |
|   /apps   0 B           0 B                     22                   |
|   /fred   6.1 GB        218.2 MB               541                   |
|   OS      7.1 MB        0 B                    288                   |
|                                                                      |
| Warnings:                                                            |
|   - Too much memory requested                                        |
|   - CPU usage is low                                                 |
|   - Too much time requested                                          |
+----------------------------------------------------------------------+
Extracting flowpose samples with a dilation of 1
Processing: PlayingSitar
	Total videos: 157
Processed PlayingSitar class
Processing time: 100.83s
Extracting flowpose samples with a dilation of 1
Processing: Skiing
	Total videos: 135
Processed Skiing class
Processing time: 62.77s

+------------------ Job Report: 4032427 (COMPLETED) -------------------+
| Memory (RAM)  [#                   ]  8.5% (519.5 MB peak / 6 GB)    |
| CPU           [                    ]  3.6% average                   |
| Time          [------->            ] 37.0% (0-00:01:51 / 0-00:05:00) |
|                                                                      |
| Lustre Filesystem:                                                   |
|   Path    Total Read    Total Write    Total IOPS                    |
|   ------  ------------  -------------  ------------                  |
|   /apps   0 B           0 B            15                            |
|   /fred   20.7 GB       554.6 MB       2.2 K                         |
|   OS      3.3 MB        0 B            159                           |
|                                                                      |
| Warnings:                                                            |
|   - Too much memory requested                                        |
|   - CPU usage is low                                                 |
|   - Too much time requested                                          |
+----------------------------------------------------------------------+
Extracting flowpose samples with a dilation of 1
Processing: SalsaSpin
	Total videos: 133
Processed SalsaSpin class
Processing time: 62.80s

+------------------ Job Report: 4032456 (COMPLETED) -------------------+
| Memory (RAM)  [#                   ]  7.3% (449.4 MB peak / 6 GB)    |
| CPU           [                    ]  4.2% average                   |
| Time          [---->               ] 24.0% (0-00:01:12 / 0-00:05:00) |
|                                                                      |
| Lustre Filesystem:                                                   |
|   Path    Total Read    Total Write    Total IOPS                    |
|   ------  ------------  -------------  ------------                  |
|   /apps   0 B           0 B            16                            |
|   /fred   13.7 GB       445.2 MB       1.9 K                         |
|   OS      1.7 MB        0 B            224                           |
|                                                                      |
| Warnings:                                                            |
|   - Too much memory requested                                        |
|   - CPU usage is low                                                 |
|   - Too much time requested                                          |
+----------------------------------------------------------------------+

+------------------ Job Report: 4032452 (COMPLETED) -------------------+
| Memory (RAM)  [#                   ]  9.1% (562.2 MB peak / 6 GB)    |
| CPU           [#                   ]  6.8% average                   |
| Time          [---->               ] 24.3% (0-00:01:13 / 0-00:05:00) |
|                                                                      |
| Lustre Filesystem:                                                   |
|   Path    Total Read    Total Write    Total IOPS                    |
|   ------  ------------  -------------  ------------                  |
|   /apps   0 B           0 B            16                            |
|   /fred   12.8 GB       432.6 MB       1.7 K                         |
|   OS      1.2 MB        0 B            162                           |
|                                                                      |
| Warnings:                                                            |
|   - Too much memory requested                                        |
|   - CPU usage is low                                                 |
|   - Too much time requested                                          |
+----------------------------------------------------------------------+
Extracting flowpose samples with a dilation of 1
Processing: Surfing
	Total videos: 126
Processed Surfing class
Processing time: 62.15s

+------------------ Job Report: 4032466 (COMPLETED) -------------------+
| Memory (RAM)  [#                   ]  6.5% (402.1 MB peak / 6 GB)    |
| CPU           [                    ]  4.0% average                   |
| Time          [----->              ] 25.0% (0-00:01:15 / 0-00:05:00) |
|                                                                      |
| Lustre Filesystem:                                                   |
|   Path    Total Read    Total Write      Total IOPS                  |
|   ------  ------------  -------------  ------------                  |
|   /apps   0 B           0 B                     17                   |
|   /fred   11.4 GB       383.3 MB               962                   |
|   OS      2.1 MB        0 B                    249                   |
|                                                                      |
| Warnings:                                                            |
|   - Too much memory requested                                        |
|   - CPU usage is low                                                 |
|   - Too much time requested                                          |
+----------------------------------------------------------------------+
Extracting flowpose samples with a dilation of 1
Processing: PlayingDhol
	Total videos: 164
Processed PlayingDhol class
Processing time: 107.69s

+------------------ Job Report: 4032423 (COMPLETED) -------------------+
| Memory (RAM)  [#                   ]  6.8% (419.3 MB peak / 6 GB)    |
| CPU           [#                   ]  5.0% average                   |
| Time          [------->            ] 39.7% (0-00:01:59 / 0-00:05:00) |
|                                                                      |
| Lustre Filesystem:                                                   |
|   Path    Total Read    Total Write    Total IOPS                    |
|   ------  ------------  -------------  ------------                  |
|   /apps   0 B           0 B            17                            |
|   /fred   20.3 GB       537.2 MB       2.1 K                         |
|   OS      3.3 MB        0 B            151                           |
|                                                                      |
| Warnings:                                                            |
|   - Too much memory requested                                        |
|   - CPU usage is low                                                 |
|   - Too much time requested                                          |
+----------------------------------------------------------------------+
Extracting flowpose samples with a dilation of 1
Processing: Rowing
	Total videos: 137
Processed Rowing class
Processing time: 73.09s

+------------------ Job Report: 4032451 (COMPLETED) -------------------+
| Memory (RAM)  [#                   ]  6.8% (420.2 MB peak / 6 GB)    |
| CPU           [                    ]  3.5% average                   |
| Time          [----->              ] 28.7% (0-00:01:26 / 0-00:05:00) |
|                                                                      |
| Lustre Filesystem:                                                   |
|   Path    Total Read    Total Write      Total IOPS                  |
|   ------  ------------  -------------  ------------                  |
|   /apps   18.7 MB       0 B                     17                   |
|   /fred   13 GB         336.7 MB               849                   |
|   OS      19.3 MB       0 B                     17                   |
|                                                                      |
| Warnings:                                                            |
|   - Too much memory requested                                        |
|   - CPU usage is low                                                 |
|   - Too much time requested                                          |
+----------------------------------------------------------------------+
Extracting flowpose samples with a dilation of 1
Processing: ShavingBeard
	Total videos: 161
Processed ShavingBeard class
Processing time: 77.80s

+------------------ Job Report: 4032453 (COMPLETED) -------------------+
| Memory (RAM)  [#                   ]  5.9% (365.1 MB peak / 6 GB)    |
| CPU           [                    ]  3.4% average                   |
| Time          [----->              ] 29.3% (0-00:01:28 / 0-00:05:00) |
|                                                                      |
| Lustre Filesystem:                                                   |
|   Path    Total Read    Total Write    Total IOPS                    |
|   ------  ------------  -------------  ------------                  |
|   /apps   0 B           0 B            16                            |
|   /fred   12.1 GB       416.4 MB       1.6 K                         |
|   OS      1.8 MB        0 B            108                           |
|                                                                      |
| Warnings:                                                            |
|   - Too much memory requested                                        |
|   - CPU usage is low                                                 |
|   - Too much time requested                                          |
+----------------------------------------------------------------------+
Extracting flowpose samples with a dilation of 1
Processing: SoccerJuggling
	Total videos: 147
Processed SoccerJuggling class
Processing time: 82.04s
Extracting flowpose samples with a dilation of 1
Processing: TaiChi
	Total videos: 100
Processed TaiChi class
Processing time: 42.84s

+------------------ Job Report: 4032462 (COMPLETED) -------------------+
| Memory (RAM)  [#                   ]  8.5% (522.5 MB peak / 6 GB)    |
| CPU           [                    ]  4.5% average                   |
| Time          [----->              ] 29.7% (0-00:01:29 / 0-00:05:00) |
|                                                                      |
| Lustre Filesystem:                                                   |
|   Path    Total Read    Total Write    Total IOPS                    |
|   ------  ------------  -------------  ------------                  |
|   /apps   0 B           0 B            15                            |
|   /fred   14.1 GB       381.1 MB       1.8 K                         |
|   OS      1.2 MB        0 B            159                           |
|                                                                      |
| Warnings:                                                            |
|   - Too much memory requested                                        |
|   - CPU usage is low                                                 |
|   - Too much time requested                                          |
+----------------------------------------------------------------------+
Extracting flowpose samples with a dilation of 1
Processing: RockClimbingIndoor
	Total videos: 144
Processed RockClimbingIndoor class
Processing time: 82.37s

+------------------ Job Report: 4032470 (COMPLETED) -------------------+
| Memory (RAM)  [#                   ]  5.4% (332.4 MB peak / 6 GB)    |
| CPU           [#                   ]  5.8% average                   |
| Time          [--->                ] 17.3% (0-00:00:52 / 0-00:05:00) |
|                                                                      |
| Lustre Filesystem:                                                   |
|   Path    Total Read    Total Write      Total IOPS                  |
|   ------  ------------  -------------  ------------                  |
|   /apps   0 B           0 B                     15                   |
|   /fred   2.6 GB        105.5 MB               269                   |
|   OS      0 B           0 B                      1                   |
+----------------------------------------------------------------------+
Extracting flowpose samples with a dilation of 1
Processing: VolleyballSpiking
	Total videos: 116
Processed VolleyballSpiking class
Processing time: 39.45s

+------------------ Job Report: 4032449 (COMPLETED) -------------------+
| Memory (RAM)  [#                   ]  8.1% (499.6 MB peak / 6 GB)    |
| CPU           [                    ]  4.4% average                   |
| Time          [------>             ] 30.3% (0-00:01:31 / 0-00:05:00) |
|                                                                      |
| Lustre Filesystem:                                                   |
|   Path    Total Read    Total Write    Total IOPS                    |
|   ------  ------------  -------------  ------------                  |
|   /apps   0 B           0 B            17                            |
|   /fred   14.8 GB       367.9 MB       1.8 K                         |
|   OS      3.3 MB        0 B            191                           |
|                                                                      |
| Warnings:                                                            |
|   - Too much memory requested                                        |
|   - CPU usage is low                                                 |
|   - Too much time requested                                          |
+----------------------------------------------------------------------+

+------------------ Job Report: 4032476 (COMPLETED) -------------------+
| Memory (RAM)  [                    ]  4.6% (281.3 MB peak / 6 GB)    |
| CPU           [#                   ]  5.7% average                   |
| Time          [--->                ] 17.7% (0-00:00:53 / 0-00:05:00) |
|                                                                      |
| Lustre Filesystem:                                                   |
|   Path    Total Read    Total Write      Total IOPS                  |
|   ------  ------------  -------------  ------------                  |
|   /apps   8 KB          0 B                     15                   |
|   /fred   5.3 GB        362.7 MB               890                   |
|   OS      1.3 MB        0 B                     23                   |
+----------------------------------------------------------------------+
Extracting flowpose samples with a dilation of 1
Processing: UnevenBars
	Total videos: 104
Processed UnevenBars class
Processing time: 42.55s

+------------------ Job Report: 4032475 (COMPLETED) -------------------+
| Memory (RAM)  [#                   ]  6.7% (409 MB peak / 6 GB)      |
| CPU           [#                   ]  5.5% average                   |
| Time          [--->                ] 18.3% (0-00:00:55 / 0-00:05:00) |
|                                                                      |
| Lustre Filesystem:                                                   |
|   Path    Total Read    Total Write    Total IOPS                    |
|   ------  ------------  -------------  ------------                  |
|   /apps   28 KB         0 B            15                            |
|   /fred   6.6 GB        288 MB         1.2 K                         |
|   OS      3.6 MB        0 B            594                           |
+----------------------------------------------------------------------+
Extracting flowpose samples with a dilation of 1
Processing: WallPushups
	Total videos: 130
Processed WallPushups class
Processing time: 49.38s

+------------------ Job Report: 4032483 (COMPLETED) -------------------+
| Memory (RAM)  [#                   ]  6.0% (369.7 MB peak / 6 GB)    |
| CPU           [#                   ]  5.1% average                   |
| Time          [--->                ] 19.7% (0-00:00:59 / 0-00:05:00) |
|                                                                      |
| Lustre Filesystem:                                                   |
|   Path    Total Read    Total Write      Total IOPS                  |
|   ------  ------------  -------------  ------------                  |
|   /apps   0 B           0 B                     15                   |
|   /fred   6.2 GB        384 MB                 976                   |
|   OS      556 KB        0 B                      1                   |
+----------------------------------------------------------------------+
Extracting flowpose samples with a dilation of 1
Processing: YoYo
	Total videos: 128
Processed YoYo class
Processing time: 55.31s
Extracting flowpose samples with a dilation of 1
Processing: ThrowDiscus
	Total videos: 130
Processed ThrowDiscus class
Processing time: 48.40s
Extracting flowpose samples with a dilation of 1
Processing: Swing
	Total videos: 131
Processed Swing class
Processing time: 55.92s

+------------------ Job Report: 4032468 (COMPLETED) -------------------+
| Memory (RAM)  [#                   ]  5.1% (314.2 MB peak / 6 GB)    |
| CPU           [                    ]  4.6% average                   |
| Time          [---->               ] 21.7% (0-00:01:05 / 0-00:05:00) |
|                                                                      |
| Lustre Filesystem:                                                   |
|   Path    Total Read    Total Write      Total IOPS                  |
|   ------  ------------  -------------  ------------                  |
|   /apps   0 B           0 B                     15                   |
|   /fred   7.2 GB        317.4 MB               801                   |
|   OS      1.7 MB        0 B                      1                   |
|                                                                      |
| Warnings:                                                            |
|   - Too much memory requested                                        |
|   - CPU usage is low                                                 |
|   - Too much time requested                                          |
+----------------------------------------------------------------------+

+------------------ Job Report: 4032472 (COMPLETED) -------------------+
| Memory (RAM)  [                    ]  4.9% (302.3 MB peak / 6 GB)    |
| CPU           [#                   ]  6.2% average                   |
| Time          [---->               ] 21.7% (0-00:01:05 / 0-00:05:00) |
|                                                                      |
| Lustre Filesystem:                                                   |
|   Path    Total Read    Total Write      Total IOPS                  |
|   ------  ------------  -------------  ------------                  |
|   /apps   4 MB          0 B                    187                   |
|   /fred   1.1 GB        72 MB                  187                   |
|   OS      0 B           0 B                      4                   |
|                                                                      |
| Warnings:                                                            |
|   - Too much memory requested                                        |
|   - CPU usage is low                                                 |
|   - Too much time requested                                          |
+----------------------------------------------------------------------+
Extracting flowpose samples with a dilation of 1
Processing: TableTennisShot
	Total videos: 140
Processed TableTennisShot class
Processing time: 59.35s

+------------------ Job Report: 4032469 (COMPLETED) -------------------+
| Memory (RAM)  [#                   ]  6.6% (404.7 MB peak / 6 GB)    |
| CPU           [                    ]  4.4% average                   |
| Time          [---->               ] 22.7% (0-00:01:08 / 0-00:05:00) |
|                                                                      |
| Lustre Filesystem:                                                   |
|   Path    Total Read    Total Write      Total IOPS                  |
|   ------  ------------  -------------  ------------                  |
|   /apps   0 B           0 B                     15                   |
|   /fred   6.9 GB        333.5 MB               840                   |
|   OS      0 B           0 B                      1                   |
|                                                                      |
| Warnings:                                                            |
|   - Too much memory requested                                        |
|   - CPU usage is low                                                 |
|   - Too much time requested                                          |
+----------------------------------------------------------------------+
Extracting flowpose samples with a dilation of 1
Processing: WritingOnBoard
	Total videos: 152
Processed WritingOnBoard class
Processing time: 62.21s

+------------------ Job Report: 4032484 (COMPLETED) -------------------+
| Memory (RAM)  [#                   ]  5.8% (355.1 MB peak / 6 GB)    |
| CPU           [                    ]  4.2% average                   |
| Time          [---->               ] 24.0% (0-00:01:12 / 0-00:05:00) |
|                                                                      |
| Lustre Filesystem:                                                   |
|   Path    Total Read    Total Write      Total IOPS                  |
|   ------  ------------  -------------  ------------                  |
|   /apps   0 B           0 B                     15                   |
|   /fred   6.8 GB        336 MB                 850                   |
|   OS      612 KB        0 B                      1                   |
|                                                                      |
| Warnings:                                                            |
|   - Too much memory requested                                        |
|   - CPU usage is low                                                 |
|   - Too much time requested                                          |
+----------------------------------------------------------------------+
Extracting flowpose samples with a dilation of 1
Processing: TrampolineJumping
	Total videos: 119
Processed TrampolineJumping class
Processing time: 66.74s

+------------------ Job Report: 4032473 (COMPLETED) -------------------+
| Memory (RAM)  [#                   ]  7.9% (483.2 MB peak / 6 GB)    |
| CPU           [                    ]  3.9% average                   |
| Time          [----->              ] 25.7% (0-00:01:17 / 0-00:05:00) |
|                                                                      |
| Lustre Filesystem:                                                   |
|   Path    Total Read    Total Write      Total IOPS                  |
|   ------  ------------  -------------  ------------                  |
|   /apps   0 B           0 B                     15                   |
|   /fred   10.6 GB       376.4 MB               941                   |
|   OS      2.9 MB        0 B                      1                   |
|                                                                      |
| Warnings:                                                            |
|   - Too much memory requested                                        |
|   - CPU usage is low                                                 |
|   - Too much time requested                                          |
+----------------------------------------------------------------------+
Extracting flowpose samples with a dilation of 1
Processing: Typing
	Total videos: 136
Processed Typing class
Processing time: 68.48s

+------------------ Job Report: 4032474 (COMPLETED) -------------------+
| Memory (RAM)  [#                   ]  6.3% (385.2 MB peak / 6 GB)    |
| CPU           [                    ]  4.9% average                   |
| Time          [----->              ] 27.0% (0-00:01:21 / 0-00:05:00) |
|                                                                      |
| Lustre Filesystem:                                                   |
|   Path    Total Read    Total Write    Total IOPS                    |
|   ------  ------------  -------------  ------------                  |
|   /apps   4 KB          0 B            15                            |
|   /fred   10.6 GB       380.1 MB       1.9 K                         |
|   OS      3 MB          0 B            224                           |
|                                                                      |
| Warnings:                                                            |
|   - Too much memory requested                                        |
|   - CPU usage is low                                                 |
|   - Too much time requested                                          |
+----------------------------------------------------------------------+
Extracting flowpose samples with a dilation of 1
Processing: TennisSwing
	Total videos: 166
Processed TennisSwing class
Processing time: 74.17s

+------------------ Job Report: 4032471 (COMPLETED) -------------------+
| Memory (RAM)  [                    ]  4.6% (285.5 MB peak / 6 GB)    |
| CPU           [                    ]  3.6% average                   |
| Time          [----->              ] 27.7% (0-00:01:23 / 0-00:05:00) |
|                                                                      |
| Lustre Filesystem:                                                   |
|   Path    Total Read    Total Write    Total IOPS                    |
|   ------  ------------  -------------  ------------                  |
|   /apps   0 B           0 B            15                            |
|   /fred   11.1 GB       506.2 MB       1.2 K                         |
|   OS      0 B           0 B            1                             |
|                                                                      |
| Warnings:                                                            |
|   - Too much memory requested                                        |
|   - CPU usage is low                                                 |
|   - Too much time requested                                          |
+----------------------------------------------------------------------+
Extracting flowpose samples with a dilation of 1
Processing: WalkingWithDog
	Total videos: 123
Processed WalkingWithDog class
Processing time: 71.29s

+------------------ Job Report: 4032482 (COMPLETED) -------------------+
| Memory (RAM)  [#                   ]  8.0% (494.2 MB peak / 6 GB)    |
| CPU           [                    ]  4.7% average                   |
| Time          [----->              ] 28.3% (0-00:01:25 / 0-00:05:00) |
|                                                                      |
| Lustre Filesystem:                                                   |
|   Path    Total Read    Total Write      Total IOPS                  |
|   ------  ------------  -------------  ------------                  |
|   /apps   336 KB        0 B                     38                   |
|   /fred   10.6 GB       341.7 MB               848                   |
|   OS      4 MB          0 B                     28                   |
|                                                                      |
| Warnings:                                                            |
|   - Too much memory requested                                        |
|   - CPU usage is low                                                 |
|   - Too much time requested                                          |
+----------------------------------------------------------------------+
