SLURM_ARRAY_TASK_ID: 100
Ensured flow path exists: ./data/ucf101/flow/
Processing: ThrowDiscus
	Total videos: 117
Processed ThrowDiscus class
Processing time: 112.74s

+------------------ Job Report: 3951631 (COMPLETED) -------------------+
| Memory (RAM)  [####                ] 20.3% (1.2 GB peak / 6 GB)      |
| CPU           [###########         ] 56.0% average                   |
| GPU           [#########           ] 48.0% average                   |
| Time          [->                  ]  7.4% (0-00:02:14 / 0-00:30:00) |
|                                                                      |
| Lustre Filesystem:                                                   |
|   Path    Total Read    Total Write    Total IOPS                    |
|   ------  ------------  -------------  ------------                  |
|   /apps   812 KB        0 B            17                            |
|   /fred   229.1 MB      5.9 GB         2.6 K                         |
|   /home   0 B           0 B            1                             |
|   OS      21.1 MB       0 B            888                           |
|                                                                      |
| Warnings:                                                            |
|   - Too much memory requested                                        |
|   - CPU usage is low                                                 |
|   - GPU usage is low                                                 |
|   - Too much time requested                                          |
+----------------------------------------------------------------------+
Ensured flow path exists: ./data/ucf101/flow/
Processing: TaiChi
	Total videos: 94
Processed TaiChi class
Processing time: 125.29s
Ensured flow path exists: ./data/ucf101/flow/
Processing: Swing
	Total videos: 126
Processed Swing class
Processing time: 162.80s

+------------------ Job Report: 3951629 (COMPLETED) -------------------+
| Memory (RAM)  [####                ] 24.7% (1.5 GB peak / 6 GB)      |
| CPU           [#############       ] 69.9% average                   |
| GPU           [####                ] 22.8% average                   |
| Time          [->                  ]  7.9% (0-00:02:23 / 0-00:30:00) |
|                                                                      |
| Lustre Filesystem:                                                   |
|   Path    Total Read    Total Write    Total IOPS                    |
|   ------  ------------  -------------  ------------                  |
|   /apps   0 B           0 B            3                             |
|   /fred   69.4 MB       8.3 GB         2.4 K                         |
|   /home   0 B           0 B            1                             |
|   OS      3.6 MB        0 B            221                           |
|                                                                      |
| Warnings:                                                            |
|   - Too much memory requested                                        |
|   - CPU usage is low                                                 |
|   - GPU usage is low                                                 |
|   - Too much time requested                                          |
+----------------------------------------------------------------------+

+------------------ Job Report: 3951624 (COMPLETED) -------------------+
| Memory (RAM)  [####                ] 22.6% (1.4 GB peak / 6 GB)      |
| CPU           [#############       ] 69.9% average                   |
| GPU           [#############       ] 65.0% average                   |
| Time          [->                  ]  9.8% (0-00:02:56 / 0-00:30:00) |
|                                                                      |
| Lustre Filesystem:                                                   |
|   Path    Total Read    Total Write    Total IOPS                    |
|   ------  ------------  -------------  ------------                  |
|   /apps   0 B           0 B            2                             |
|   /fred   53.9 MB       10.5 GB        2.1 K                         |
|   /home   0 B           0 B            1                             |
|   OS      0 B           0 B            64                            |
|                                                                      |
| Warnings:                                                            |
|   - Too much memory requested                                        |
|   - CPU usage is low                                                 |
|   - GPU usage is low                                                 |
|   - Too much time requested                                          |
+----------------------------------------------------------------------+
Ensured flow path exists: ./data/ucf101/flow/
Processing: TableTennisShot
	Total videos: 135
Processed TableTennisShot class
Processing time: 163.54s

+------------------ Job Report: 3951625 (COMPLETED) -------------------+
| Memory (RAM)  [#####               ] 27.0% (1.6 GB peak / 6 GB)      |
| CPU           [##############      ] 72.1% average                   |
| GPU           [###########         ] 55.0% average                   |
| Time          [->                  ]  9.9% (0-00:02:59 / 0-00:30:00) |
|                                                                      |
| Lustre Filesystem:                                                   |
|   Path    Total Read    Total Write    Total IOPS                    |
|   ------  ------------  -------------  ------------                  |
|   /apps   0 B           0 B            3                             |
|   /fred   33.5 MB       11 GB          2.7 K                         |
|   /home   0 B           0 B            1                             |
|   OS      0 B           0 B            220                           |
|                                                                      |
| Warnings:                                                            |
|   - Too much memory requested                                        |
|   - CPU usage is low                                                 |
|   - GPU usage is low                                                 |
|   - Too much time requested                                          |
+----------------------------------------------------------------------+
Ensured flow path exists: ./data/ucf101/flow/
Processing: JumpRope
	Total videos: 140
Processed JumpRope class
Processing time: 668.08s

+------------------ Job Report: 3951574 (COMPLETED) -------------------+
| Memory (RAM)  [#####               ] 27.6% (1.7 GB peak / 6 GB)      |
| CPU           [#######             ] 36.1% average                   |
| GPU           [##                  ] 13.5% average                   |
| Time          [------->            ] 38.0% (0-00:11:24 / 0-00:30:00) |
|                                                                      |
| Lustre Filesystem:                                                   |
|   Path    Total Read    Total Write    Total IOPS                    |
|   ------  ------------  -------------  ------------                  |
|   /apps   0 B           0 B            9                             |
|   /fred   180.4 MB      22.9 GB        2.8 K                         |
|   /home   0 B           0 B            1                             |
|   OS      3.6 MB        0 B            222                           |
|                                                                      |
| Warnings:                                                            |
|   - Too much memory requested                                        |
|   - CPU usage is low                                                 |
|   - GPU usage is low                                                 |
|   - Too much time requested                                          |
+----------------------------------------------------------------------+
Ensured flow path exists: ./data/ucf101/flow/
Processing: VolleyballSpiking
	Total videos: 107
Processed VolleyballSpiking class
Processing time: 91.07s

+------------------ Job Report: 3951646 (COMPLETED) -------------------+
| Memory (RAM)  [#####               ] 26.0% (1.6 GB peak / 6 GB)      |
| CPU           [#############       ] 65.4% average                   |
| GPU           [#################   ] 89.5% average                   |
| Time          [->                  ]  5.9% (0-00:01:47 / 0-00:30:00) |
|                                                                      |
| Lustre Filesystem:                                                   |
|   Path    Total Read    Total Write    Total IOPS                    |
|   ------  ------------  -------------  ------------                  |
|   /apps   0 B           0 B            9                             |
|   /fred   63.3 MB       4.9 GB         2.5 K                         |
|   /home   0 B           0 B            1                             |
|   OS      19.9 MB       0 B            221                           |
|                                                                      |
| Warnings:                                                            |
|   - Too much memory requested                                        |
|   - CPU usage is low                                                 |
|   - Too much time requested                                          |
+----------------------------------------------------------------------+
Ensured flow path exists: ./data/ucf101/flow/
Processing: UnevenBars
	Total videos: 97
Processed UnevenBars class
Processing time: 107.43s

+------------------ Job Report: 3951645 (COMPLETED) -------------------+
| Memory (RAM)  [#####               ] 26.8% (1.6 GB peak / 6 GB)      |
| CPU           [##############      ] 70.7% average                   |
| GPU           [###############     ] 75.2% average                   |
| Time          [->                  ]  6.8% (0-00:02:03 / 0-00:30:00) |
|                                                                      |
| Lustre Filesystem:                                                   |
|   Path    Total Read    Total Write    Total IOPS                    |
|   ------  ------------  -------------  ------------                  |
|   /apps   0 B           0 B            9                             |
|   /fred   90.4 MB       6.8 GB         2.4 K                         |
|   /home   0 B           0 B            1                             |
|   OS      3.6 MB        0 B            222                           |
|                                                                      |
| Warnings:                                                            |
|   - Too much memory requested                                        |
|   - CPU usage is low                                                 |
|   - Too much time requested                                          |
+----------------------------------------------------------------------+
Ensured flow path exists: ./data/ucf101/flow/
Processing: SoccerJuggling
	Total videos: 144
Processed SoccerJuggling class
Processing time: 264.37s

+------------------ Job Report: 3951613 (COMPLETED) -------------------+
| Memory (RAM)  [#####               ] 28.5% (1.7 GB peak / 6 GB)      |
| CPU           [##############      ] 73.5% average                   |
| GPU           [#######             ] 37.8% average                   |
| Time          [--->                ] 15.7% (0-00:04:43 / 0-00:30:00) |
|                                                                      |
| Lustre Filesystem:                                                   |
|   Path    Total Read    Total Write    Total IOPS                    |
|   ------  ------------  -------------  ------------                  |
|   /apps   0 B           0 B            9                             |
|   /fred   123.9 MB      18.9 GB        2.8 K                         |
|   /home   0 B           0 B            1                             |
|   OS      3.6 MB        0 B            222                           |
|                                                                      |
| Warnings:                                                            |
|   - Too much memory requested                                        |
|   - CPU usage is low                                                 |
|   - GPU usage is low                                                 |
|   - Too much time requested                                          |
+----------------------------------------------------------------------+
Ensured flow path exists: ./data/ucf101/flow/
Processing: TennisSwing
	Total videos: 154
Processed TennisSwing class
Processing time: 181.03s

+------------------ Job Report: 3951630 (COMPLETED) -------------------+
| Memory (RAM)  [#####               ] 28.0% (1.7 GB peak / 6 GB)      |
| CPU           [##############      ] 70.7% average                   |
| GPU           [#######             ] 39.3% average                   |
| Time          [-->                 ] 11.0% (0-00:03:18 / 0-00:30:00) |
|                                                                      |
| Lustre Filesystem:                                                   |
|   Path    Total Read    Total Write    Total IOPS                    |
|   ------  ------------  -------------  ------------                  |
|   /apps   0 B           0 B            9                             |
|   /fred   89.5 MB       13.2 GB        2.9 K                         |
|   /home   0 B           0 B            1                             |
|   OS      3.6 MB        0 B            222                           |
|                                                                      |
| Warnings:                                                            |
|   - Too much memory requested                                        |
|   - CPU usage is low                                                 |
|   - GPU usage is low                                                 |
|   - Too much time requested                                          |
+----------------------------------------------------------------------+
Ensured flow path exists: ./data/ucf101/flow/
Processing: TrampolineJumping
	Total videos: 113
Processed TrampolineJumping class
Processing time: 160.21s

+------------------ Job Report: 3951632 (COMPLETED) -------------------+
| Memory (RAM)  [####                ] 24.4% (1.5 GB peak / 6 GB)      |
| CPU           [#############       ] 68.9% average                   |
| GPU           [#############       ] 68.7% average                   |
| Time          [-->                 ] 10.2% (0-00:03:03 / 0-00:30:00) |
|                                                                      |
| Lustre Filesystem:                                                   |
|   Path    Total Read    Total Write    Total IOPS                    |
|   ------  ------------  -------------  ------------                  |
|   /apps   3.5 MB        0 B            8                             |
|   /fred   415.1 MB      10.5 GB        2.4 K                         |
|   /home   0 B           0 B            1                             |
|   OS      27.4 MB       0 B            316                           |
|                                                                      |
| Warnings:                                                            |
|   - Too much memory requested                                        |
|   - CPU usage is low                                                 |
|   - GPU usage is low                                                 |
|   - Too much time requested                                          |
+----------------------------------------------------------------------+
Ensured flow path exists: ./data/ucf101/flow/
Processing: WallPushups
	Total videos: 120
Processed WallPushups class
Processing time: 104.78s

+------------------ Job Report: 3951648 (COMPLETED) -------------------+
| Memory (RAM)  [###                 ] 18.6% (1.1 GB peak / 6 GB)      |
| CPU           [#############       ] 66.9% average                   |
| GPU           [#############       ] 65.8% average                   |
| Time          [->                  ]  6.9% (0-00:02:04 / 0-00:30:00) |
|                                                                      |
| Lustre Filesystem:                                                   |
|   Path    Total Read    Total Write    Total IOPS                    |
|   ------  ------------  -------------  ------------                  |
|   /apps   0 B           0 B            9                             |
|   /fred   63.4 MB       5.3 GB         2.5 K                         |
|   /home   0 B           0 B            1                             |
|   OS      3.6 MB        0 B            221                           |
|                                                                      |
| Warnings:                                                            |
|   - Too much memory requested                                        |
|   - CPU usage is low                                                 |
|   - GPU usage is low                                                 |
|   - Too much time requested                                          |
+----------------------------------------------------------------------+
Ensured flow path exists: ./data/ucf101/flow/
Processing: Typing
	Total videos: 129
Processed Typing class
Processing time: 186.14s

+------------------ Job Report: 3951644 (COMPLETED) -------------------+
| Memory (RAM)  [#####               ] 26.8% (1.6 GB peak / 6 GB)      |
| CPU           [##############      ] 72.3% average                   |
| GPU           [##################  ] 94.4% average                   |
| Time          [-->                 ] 11.2% (0-00:03:22 / 0-00:30:00) |
|                                                                      |
| Lustre Filesystem:                                                   |
|   Path    Total Read    Total Write    Total IOPS                    |
|   ------  ------------  -------------  ------------                  |
|   /apps   0 B           0 B            2                             |
|   /fred   56.9 MB       13.1 GB        2.1 K                         |
|   /home   0 B           0 B            1                             |
|   OS      0 B           0 B            64                            |
|                                                                      |
| Warnings:                                                            |
|   - Too much memory requested                                        |
|   - CPU usage is low                                                 |
|   - Too much time requested                                          |
+----------------------------------------------------------------------+
Ensured flow path exists: ./data/ucf101/flow/
Processing: WalkingWithDog
	Total videos: 119
Processed WalkingWithDog class
Processing time: 199.29s

+------------------ Job Report: 3951647 (COMPLETED) -------------------+
| Memory (RAM)  [#####               ] 25.9% (1.6 GB peak / 6 GB)      |
| CPU           [###############     ] 75.6% average                   |
| GPU           [###########         ] 57.3% average                   |
| Time          [-->                 ] 11.8% (0-00:03:33 / 0-00:30:00) |
|                                                                      |
| Lustre Filesystem:                                                   |
|   Path    Total Read    Total Write    Total IOPS                    |
|   ------  ------------  -------------  ------------                  |
|   /apps   0 B           0 B            3                             |
|   /fred   57.5 MB       14.5 GB        2.7 K                         |
|   /home   0 B           0 B            1                             |
|   OS      0 B           0 B            221                           |
|                                                                      |
| Warnings:                                                            |
|   - Too much memory requested                                        |
|   - GPU usage is low                                                 |
|   - Too much time requested                                          |
+----------------------------------------------------------------------+
Ensured flow path exists: ./data/ucf101/flow/
Processing: YoYo
	Total videos: 122
Processed YoYo class
Processing time: 161.09s
Ensured flow path exists: ./data/ucf101/flow/
Processing: WritingOnBoard
	Total videos: 144
Processed WritingOnBoard class
Processing time: 210.06s

+------------------ Job Report: 3951649 (COMPLETED) -------------------+
| Memory (RAM)  [####                ] 21.6% (1.3 GB peak / 6 GB)      |
| CPU           [############        ] 61.7% average                   |
| GPU           [#####               ] 26.9% average                   |
| Time          [-->                 ] 12.6% (0-00:03:47 / 0-00:30:00) |
|                                                                      |
| Lustre Filesystem:                                                   |
|   Path    Total Read    Total Write    Total IOPS                    |
|   ------  ------------  -------------  ------------                  |
|   /apps   0 B           0 B            3                             |
|   /fred   50 MB         12.4 GB        2.7 K                         |
|   /home   0 B           0 B            1                             |
|   OS      0 B           0 B            210                           |
|                                                                      |
| Warnings:                                                            |
|   - Too much memory requested                                        |
|   - CPU usage is low                                                 |
|   - GPU usage is low                                                 |
|   - Too much time requested                                          |
+----------------------------------------------------------------------+
