Combined data shape: (13096, 300, 1802)
Combined data size: 28318.790544 MB
Processing evaluations...
	Processed evaluation 1.
		Saved to: ./data/ucf101/aligned_data/ucf101_01_D1.npz
	Processed evaluation 2.
		Saved to: ./data/ucf101/aligned_data/ucf101_02_D1.npz
	Processed evaluation 3.
		Saved to: ./data/ucf101/aligned_data/ucf101_03_D1.npz
Completed processing all evaluations.

+------------------ Job Report: 4263586 (COMPLETED) -------------------+
| Memory (RAM)  [####                ] 21.1% (52.8 GB peak / 250 GB)   |
| CPU           [                    ]  2.0% average                   |
| Time          [->                  ]  8.1% (0-00:04:52 / 0-01:00:00) |
|                                                                      |
| Lustre Filesystem:                                                   |
|   Path    Total Read    Total Write    Total IOPS                    |
|   ------  ------------  -------------  ------------                  |
|   /apps   16.6 MB       0 B            248                           |
|   /fred   52.8 GB       72.4 GB        39.1 K                        |
|   /home   0 B           0 B            2                             |
|   OS      4.8 MB        0 B            406                           |
|                                                                      |
| Warnings:                                                            |
|   - Too much memory requested                                        |
|   - CPU usage is low                                                 |
|   - Too much time requested                                          |
+----------------------------------------------------------------------+
